[2019-10-04 18:26:26,489] {taskinstance.py:620} INFO - Dependencies all met for <TaskInstance: capstone_project_dag.Load_country_codes_dim_table 2019-10-04T23:25:27.701945+00:00 [queued]>
[2019-10-04 18:26:26,505] {taskinstance.py:620} INFO - Dependencies all met for <TaskInstance: capstone_project_dag.Load_country_codes_dim_table 2019-10-04T23:25:27.701945+00:00 [queued]>
[2019-10-04 18:26:26,505] {taskinstance.py:838} INFO - 
--------------------------------------------------------------------------------
[2019-10-04 18:26:26,505] {taskinstance.py:839} INFO - Starting attempt 1 of 4
[2019-10-04 18:26:26,505] {taskinstance.py:840} INFO - 
--------------------------------------------------------------------------------
[2019-10-04 18:26:26,694] {taskinstance.py:859} INFO - Executing <Task(LoadDimFileDataOperator): Load_country_codes_dim_table> on 2019-10-04T23:25:27.701945+00:00
[2019-10-04 18:26:26,694] {base_task_runner.py:133} INFO - Running: ['airflow', 'run', 'capstone_project_dag', 'Load_country_codes_dim_table', '2019-10-04T23:25:27.701945+00:00', '--job_id', '925', '--pool', 'default_pool', '--raw', '-sd', 'DAGS_FOLDER/project_dag.py', '--cfg_path', '/var/folders/dr/9yvjlnm11xv25k2gknf2n3z00000gn/T/tmptgn0tp3k']
[2019-10-04 18:26:28,967] {base_task_runner.py:115} INFO - Job 925: Subtask Load_country_codes_dim_table /usr/local/lib/python3.7/site-packages/airflow/configuration.py:627: DeprecationWarning: You have two airflow.cfg files: /Users/victorialemay/airflow/airflow.cfg and /Users/victorialemay/Courses/Udacity/Data Engineering Nanodegree/capstone/project-archive/airflow/airflow.cfg. Airflow used to look at ~/airflow/airflow.cfg, even when AIRFLOW_HOME was set to a different value. Airflow will now only read /Users/victorialemay/Courses/Udacity/Data Engineering Nanodegree/capstone/project-archive/airflow/airflow.cfg, and you should remove the other file
[2019-10-04 18:26:28,967] {base_task_runner.py:115} INFO - Job 925: Subtask Load_country_codes_dim_table   category=DeprecationWarning,
[2019-10-04 18:26:29,525] {base_task_runner.py:115} INFO - Job 925: Subtask Load_country_codes_dim_table [2019-10-04 18:26:29,524] {settings.py:213} INFO - settings.configure_orm(): Using pool settings. pool_size=5, max_overflow=10, pool_recycle=1800, pid=75430
[2019-10-04 18:26:30,577] {base_task_runner.py:115} INFO - Job 925: Subtask Load_country_codes_dim_table [2019-10-04 18:26:30,576] {__init__.py:51} INFO - Using executor LocalExecutor
[2019-10-04 18:26:32,683] {base_task_runner.py:115} INFO - Job 925: Subtask Load_country_codes_dim_table [2019-10-04 18:26:32,682] {dagbag.py:90} INFO - Filling up the DagBag from /Users/victorialemay/Courses/Udacity/Data Engineering Nanodegree/capstone/project-archive/airflow/dags/project_dag.py
[2019-10-04 18:26:32,799] {base_task_runner.py:115} INFO - Job 925: Subtask Load_country_codes_dim_table [2019-10-04 18:26:32,798] {cli.py:516} INFO - Running <TaskInstance: capstone_project_dag.Load_country_codes_dim_table 2019-10-04T23:25:27.701945+00:00 [running]> on host 1.0.0.0.0.0.0.0.0.0.0.0.0.0.0.0.0.0.0.0.0.0.0.0.0.0.0.0.0.0.0.0.ip6.arpa
[2019-10-04 18:26:32,872] {load_dim_file_data.py:35} INFO - Using data file country_codes.csv from S3 bucket project-capstone
[2019-10-04 18:26:32,984] {logging_mixin.py:95} INFO - [[34m2019-10-04 18:26:32,983[0m] {[34mbase_hook.py:[0m84} INFO[0m - Using connection to: [1mid: redshift. Host: redshift-cluster-1.c4i0rfzboubh.us-west-2.redshift.amazonaws.com, Port: 5439, Schema: dev, Login: awsuser, Password: XXXXXXXX, extra: {}[0m[0m
[2019-10-04 18:26:33,744] {load_dim_file_data.py:46} INFO - Inserting into destination Redshift table country_codes
[2019-10-04 18:26:33,760] {logging_mixin.py:95} INFO - [[34m2019-10-04 18:26:33,759[0m] {[34mbase_hook.py:[0m84} INFO[0m - Using connection to: [1mid: redshift. Host: redshift-cluster-1.c4i0rfzboubh.us-west-2.redshift.amazonaws.com, Port: 5439, Schema: dev, Login: awsuser, Password: XXXXXXXX, extra: {}[0m[0m
[2019-10-04 18:26:34,317] {logging_mixin.py:95} INFO - [[34m2019-10-04 18:26:34,317[0m] {[34mdbapi_hook.py:[0m171} INFO[0m - 
        COPY country_codes 
        FROM 's3://project-capstone/country_codes.csv'
        ACCESS_KEY_ID 'AKIASZIXFGD4JFXXFSEI'
        SECRET_ACCESS_KEY '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'
        CSV DELIMITER ',' IGNOREHEADER 1
    [0m
[2019-10-04 18:26:53,687] {load_dim_file_data.py:61} INFO - Data copy complete
[2019-10-04 18:26:56,376] {logging_mixin.py:95} INFO - [[34m2019-10-04 18:26:56,374[0m] {[34mlocal_task_job.py:[0m105} INFO[0m - Task exited with return code 0[0m
