[2019-10-04 19:46:15,165] {taskinstance.py:620} INFO - Dependencies all met for <TaskInstance: capstone_project_dag.Run_staging_tables_quality_checks 2019-10-05T00:44:32.721770+00:00 [queued]>
[2019-10-04 19:46:15,187] {taskinstance.py:620} INFO - Dependencies all met for <TaskInstance: capstone_project_dag.Run_staging_tables_quality_checks 2019-10-05T00:44:32.721770+00:00 [queued]>
[2019-10-04 19:46:15,187] {taskinstance.py:838} INFO - 
--------------------------------------------------------------------------------
[2019-10-04 19:46:15,187] {taskinstance.py:839} INFO - Starting attempt 1 of 4
[2019-10-04 19:46:15,187] {taskinstance.py:840} INFO - 
--------------------------------------------------------------------------------
[2019-10-04 19:46:15,195] {taskinstance.py:859} INFO - Executing <Task(DataQualityCheckOperator): Run_staging_tables_quality_checks> on 2019-10-05T00:44:32.721770+00:00
[2019-10-04 19:46:15,195] {base_task_runner.py:133} INFO - Running: ['airflow', 'run', 'capstone_project_dag', 'Run_staging_tables_quality_checks', '2019-10-05T00:44:32.721770+00:00', '--job_id', '1008', '--pool', 'default_pool', '--raw', '-sd', 'DAGS_FOLDER/project_dag.py', '--cfg_path', '/var/folders/dr/9yvjlnm11xv25k2gknf2n3z00000gn/T/tmpen1_fo2s']
[2019-10-04 19:46:15,705] {base_task_runner.py:115} INFO - Job 1008: Subtask Run_staging_tables_quality_checks /usr/local/lib/python3.7/site-packages/airflow/configuration.py:627: DeprecationWarning: You have two airflow.cfg files: /Users/victorialemay/airflow/airflow.cfg and /Users/victorialemay/Courses/Udacity/Data Engineering Nanodegree/capstone/project-archive/airflow/airflow.cfg. Airflow used to look at ~/airflow/airflow.cfg, even when AIRFLOW_HOME was set to a different value. Airflow will now only read /Users/victorialemay/Courses/Udacity/Data Engineering Nanodegree/capstone/project-archive/airflow/airflow.cfg, and you should remove the other file
[2019-10-04 19:46:15,705] {base_task_runner.py:115} INFO - Job 1008: Subtask Run_staging_tables_quality_checks   category=DeprecationWarning,
[2019-10-04 19:46:15,820] {base_task_runner.py:115} INFO - Job 1008: Subtask Run_staging_tables_quality_checks [2019-10-04 19:46:15,820] {settings.py:213} INFO - settings.configure_orm(): Using pool settings. pool_size=5, max_overflow=10, pool_recycle=1800, pid=98355
[2019-10-04 19:46:16,054] {base_task_runner.py:115} INFO - Job 1008: Subtask Run_staging_tables_quality_checks [2019-10-04 19:46:16,053] {__init__.py:51} INFO - Using executor LocalExecutor
[2019-10-04 19:46:16,432] {base_task_runner.py:115} INFO - Job 1008: Subtask Run_staging_tables_quality_checks [2019-10-04 19:46:16,432] {dagbag.py:90} INFO - Filling up the DagBag from /Users/victorialemay/Courses/Udacity/Data Engineering Nanodegree/capstone/project-archive/airflow/dags/project_dag.py
[2019-10-04 19:46:16,478] {base_task_runner.py:115} INFO - Job 1008: Subtask Run_staging_tables_quality_checks [2019-10-04 19:46:16,478] {cli.py:516} INFO - Running <TaskInstance: capstone_project_dag.Run_staging_tables_quality_checks 2019-10-05T00:44:32.721770+00:00 [running]> on host 1.0.0.0.0.0.0.0.0.0.0.0.0.0.0.0.0.0.0.0.0.0.0.0.0.0.0.0.0.0.0.0.ip6.arpa
[2019-10-04 19:46:16,513] {data_quality_check.py:42} INFO - Checking data in cicid column of i94_immigration_staging table
[2019-10-04 19:46:16,526] {logging_mixin.py:95} INFO - [[34m2019-10-04 19:46:16,526[0m] {[34mbase_hook.py:[0m84} INFO[0m - Using connection to: [1mid: redshift. Host: redshift-cluster-1.c4i0rfzboubh.us-west-2.redshift.amazonaws.com, Port: 5439, Schema: dev, Login: awsuser, Password: XXXXXXXX, extra: {}[0m[0m
[2019-10-04 19:46:17,259] {data_quality_check.py:51} INFO - Found records in i94_immigration_staging
[2019-10-04 19:46:17,260] {data_quality_check.py:42} INFO - Checking data in dt column of land_temp_staging table
[2019-10-04 19:46:17,273] {logging_mixin.py:95} INFO - [[34m2019-10-04 19:46:17,273[0m] {[34mbase_hook.py:[0m84} INFO[0m - Using connection to: [1mid: redshift. Host: redshift-cluster-1.c4i0rfzboubh.us-west-2.redshift.amazonaws.com, Port: 5439, Schema: dev, Login: awsuser, Password: XXXXXXXX, extra: {}[0m[0m
[2019-10-04 19:46:18,081] {data_quality_check.py:51} INFO - Found records in land_temp_staging
[2019-10-04 19:46:18,082] {data_quality_check.py:42} INFO - Checking data in City column of demographic_staging table
[2019-10-04 19:46:18,094] {logging_mixin.py:95} INFO - [[34m2019-10-04 19:46:18,094[0m] {[34mbase_hook.py:[0m84} INFO[0m - Using connection to: [1mid: redshift. Host: redshift-cluster-1.c4i0rfzboubh.us-west-2.redshift.amazonaws.com, Port: 5439, Schema: dev, Login: awsuser, Password: XXXXXXXX, extra: {}[0m[0m
[2019-10-04 19:46:18,819] {data_quality_check.py:51} INFO - Found records in demographic_staging
[2019-10-04 19:46:18,819] {data_quality_check.py:42} INFO - Checking data in name column of port_code_staging table
[2019-10-04 19:46:18,834] {logging_mixin.py:95} INFO - [[34m2019-10-04 19:46:18,833[0m] {[34mbase_hook.py:[0m84} INFO[0m - Using connection to: [1mid: redshift. Host: redshift-cluster-1.c4i0rfzboubh.us-west-2.redshift.amazonaws.com, Port: 5439, Schema: dev, Login: awsuser, Password: XXXXXXXX, extra: {}[0m[0m
[2019-10-04 19:46:19,568] {data_quality_check.py:51} INFO - Found records in port_code_staging
[2019-10-04 19:46:19,568] {data_quality_check.py:42} INFO - Checking data in id column of travel_modes table
[2019-10-04 19:46:19,581] {logging_mixin.py:95} INFO - [[34m2019-10-04 19:46:19,581[0m] {[34mbase_hook.py:[0m84} INFO[0m - Using connection to: [1mid: redshift. Host: redshift-cluster-1.c4i0rfzboubh.us-west-2.redshift.amazonaws.com, Port: 5439, Schema: dev, Login: awsuser, Password: XXXXXXXX, extra: {}[0m[0m
[2019-10-04 19:46:20,308] {data_quality_check.py:51} INFO - Found records in travel_modes
[2019-10-04 19:46:20,309] {data_quality_check.py:42} INFO - Checking data in id column of visa_types table
[2019-10-04 19:46:20,321] {logging_mixin.py:95} INFO - [[34m2019-10-04 19:46:20,321[0m] {[34mbase_hook.py:[0m84} INFO[0m - Using connection to: [1mid: redshift. Host: redshift-cluster-1.c4i0rfzboubh.us-west-2.redshift.amazonaws.com, Port: 5439, Schema: dev, Login: awsuser, Password: XXXXXXXX, extra: {}[0m[0m
[2019-10-04 19:46:21,028] {data_quality_check.py:51} INFO - Found records in visa_types
[2019-10-04 19:46:21,028] {data_quality_check.py:42} INFO - Checking data in id column of us_states table
[2019-10-04 19:46:21,040] {logging_mixin.py:95} INFO - [[34m2019-10-04 19:46:21,040[0m] {[34mbase_hook.py:[0m84} INFO[0m - Using connection to: [1mid: redshift. Host: redshift-cluster-1.c4i0rfzboubh.us-west-2.redshift.amazonaws.com, Port: 5439, Schema: dev, Login: awsuser, Password: XXXXXXXX, extra: {}[0m[0m
[2019-10-04 19:46:21,780] {data_quality_check.py:51} INFO - Found records in us_states
[2019-10-04 19:46:21,780] {data_quality_check.py:42} INFO - Checking data in id column of country_codes table
[2019-10-04 19:46:21,794] {logging_mixin.py:95} INFO - [[34m2019-10-04 19:46:21,794[0m] {[34mbase_hook.py:[0m84} INFO[0m - Using connection to: [1mid: redshift. Host: redshift-cluster-1.c4i0rfzboubh.us-west-2.redshift.amazonaws.com, Port: 5439, Schema: dev, Login: awsuser, Password: XXXXXXXX, extra: {}[0m[0m
[2019-10-04 19:46:22,548] {data_quality_check.py:51} INFO - Found records in country_codes
[2019-10-04 19:46:22,549] {data_quality_check.py:26} INFO - Data quality check complete
[2019-10-04 19:46:25,174] {logging_mixin.py:95} INFO - [[34m2019-10-04 19:46:25,173[0m] {[34mlocal_task_job.py:[0m105} INFO[0m - Task exited with return code 0[0m
