[2019-10-03 14:03:40,870] {taskinstance.py:620} INFO - Dependencies all met for <TaskInstance: capstone_project_dag.Stage_dim_data_files 2019-10-03T18:58:01.889035+00:00 [queued]>
[2019-10-03 14:03:40,894] {taskinstance.py:620} INFO - Dependencies all met for <TaskInstance: capstone_project_dag.Stage_dim_data_files 2019-10-03T18:58:01.889035+00:00 [queued]>
[2019-10-03 14:03:40,894] {taskinstance.py:838} INFO - 
--------------------------------------------------------------------------------
[2019-10-03 14:03:40,894] {taskinstance.py:839} INFO - Starting attempt 2 of 4
[2019-10-03 14:03:40,894] {taskinstance.py:840} INFO - 
--------------------------------------------------------------------------------
[2019-10-03 14:03:40,903] {taskinstance.py:859} INFO - Executing <Task(LoadLocalFilesToS3Operator): Stage_dim_data_files> on 2019-10-03T18:58:01.889035+00:00
[2019-10-03 14:03:40,903] {base_task_runner.py:133} INFO - Running: ['airflow', 'run', 'capstone_project_dag', 'Stage_dim_data_files', '2019-10-03T18:58:01.889035+00:00', '--job_id', '264', '--pool', 'default_pool', '--raw', '-sd', 'DAGS_FOLDER/project_dag.py', '--cfg_path', '/var/folders/dr/9yvjlnm11xv25k2gknf2n3z00000gn/T/tmp3f99s458']
[2019-10-03 14:03:41,640] {base_task_runner.py:115} INFO - Job 264: Subtask Stage_dim_data_files /usr/local/lib/python3.7/site-packages/airflow/configuration.py:627: DeprecationWarning: You have two airflow.cfg files: /Users/victorialemay/airflow/airflow.cfg and /Users/victorialemay/Courses/Udacity/Data Engineering Nanodegree/capstone/project-archive/airflow/airflow.cfg. Airflow used to look at ~/airflow/airflow.cfg, even when AIRFLOW_HOME was set to a different value. Airflow will now only read /Users/victorialemay/Courses/Udacity/Data Engineering Nanodegree/capstone/project-archive/airflow/airflow.cfg, and you should remove the other file
[2019-10-03 14:03:41,640] {base_task_runner.py:115} INFO - Job 264: Subtask Stage_dim_data_files   category=DeprecationWarning,
[2019-10-03 14:03:41,751] {base_task_runner.py:115} INFO - Job 264: Subtask Stage_dim_data_files [2019-10-03 14:03:41,750] {settings.py:213} INFO - settings.configure_orm(): Using pool settings. pool_size=5, max_overflow=10, pool_recycle=1800, pid=84607
[2019-10-03 14:03:42,105] {base_task_runner.py:115} INFO - Job 264: Subtask Stage_dim_data_files [2019-10-03 14:03:42,104] {__init__.py:51} INFO - Using executor LocalExecutor
[2019-10-03 14:03:42,678] {base_task_runner.py:115} INFO - Job 264: Subtask Stage_dim_data_files [2019-10-03 14:03:42,677] {dagbag.py:90} INFO - Filling up the DagBag from /Users/victorialemay/Courses/Udacity/Data Engineering Nanodegree/capstone/project-archive/airflow/dags/project_dag.py
[2019-10-03 14:03:42,734] {base_task_runner.py:115} INFO - Job 264: Subtask Stage_dim_data_files [2019-10-03 14:03:42,733] {cli.py:516} INFO - Running <TaskInstance: capstone_project_dag.Stage_dim_data_files 2019-10-03T18:58:01.889035+00:00 [running]> on host 1.0.0.0.0.0.0.0.0.0.0.0.0.0.0.0.0.0.0.0.0.0.0.0.0.0.0.0.0.0.0.0.ip6.arpa
[2019-10-03 14:03:43,994] {load_files_to_s3.py:49} INFO - Loading to S3 bucket project-capstone
[2019-10-03 14:03:43,994] {load_files_to_s3.py:50} INFO - Checking /Users/victorialemay/Courses/Udacity/Data Engineering Nanodegree/capstone/project-archive/airflow/data/dim_table_data directory for files
[2019-10-03 14:03:43,995] {load_files_to_s3.py:55} INFO - Found file /Users/victorialemay/Courses/Udacity/Data Engineering Nanodegree/capstone/project-archive/airflow/data/dim_table_data/visa_types.json
[2019-10-03 14:03:43,995] {load_files_to_s3.py:58} INFO -   Using S3 key visa_types.json
[2019-10-03 14:03:45,260] {logging_mixin.py:95} INFO - [[34m2019-10-03 14:03:45,259[0m] {[34mS3_hook.py:[0m201} INFO[0m - Not Found[0m
[2019-10-03 14:03:47,419] {logging_mixin.py:95} INFO - [[34m2019-10-03 14:03:47,419[0m] {[34mS3_hook.py:[0m201} INFO[0m - Not Found[0m
[2019-10-03 14:03:48,570] {load_files_to_s3.py:63} INFO -   Uploaded new S3 key visa_types.json to project-capstone bucket
[2019-10-03 14:03:48,570] {load_files_to_s3.py:55} INFO - Found file /Users/victorialemay/Courses/Udacity/Data Engineering Nanodegree/capstone/project-archive/airflow/data/dim_table_data/port_codes.csv
[2019-10-03 14:03:48,570] {load_files_to_s3.py:58} INFO -   Using S3 key port_codes.csv
[2019-10-03 14:03:51,384] {logging_mixin.py:95} INFO - [[34m2019-10-03 14:03:51,384[0m] {[34mS3_hook.py:[0m201} INFO[0m - Not Found[0m
[2019-10-03 14:03:53,631] {logging_mixin.py:95} INFO - [[34m2019-10-03 14:03:53,631[0m] {[34mS3_hook.py:[0m201} INFO[0m - Not Found[0m
[2019-10-03 14:03:55,389] {load_files_to_s3.py:63} INFO -   Uploaded new S3 key port_codes.csv to project-capstone bucket
[2019-10-03 14:03:55,390] {load_files_to_s3.py:55} INFO - Found file /Users/victorialemay/Courses/Udacity/Data Engineering Nanodegree/capstone/project-archive/airflow/data/dim_table_data/travel_modes.json
[2019-10-03 14:03:55,390] {load_files_to_s3.py:58} INFO -   Using S3 key travel_modes.json
[2019-10-03 14:03:57,480] {logging_mixin.py:95} INFO - [[34m2019-10-03 14:03:57,480[0m] {[34mS3_hook.py:[0m201} INFO[0m - Not Found[0m
[2019-10-03 14:03:59,688] {logging_mixin.py:95} INFO - [[34m2019-10-03 14:03:59,688[0m] {[34mS3_hook.py:[0m201} INFO[0m - Not Found[0m
[2019-10-03 14:04:00,865] {load_files_to_s3.py:63} INFO -   Uploaded new S3 key travel_modes.json to project-capstone bucket
[2019-10-03 14:04:00,865] {load_files_to_s3.py:55} INFO - Found file /Users/victorialemay/Courses/Udacity/Data Engineering Nanodegree/capstone/project-archive/airflow/data/dim_table_data/us_states.csv
[2019-10-03 14:04:00,865] {load_files_to_s3.py:58} INFO -   Using S3 key us_states.csv
[2019-10-03 14:04:02,630] {logging_mixin.py:95} INFO - [[34m2019-10-03 14:04:02,630[0m] {[34mS3_hook.py:[0m201} INFO[0m - Not Found[0m
[2019-10-03 14:04:03,502] {logging_mixin.py:95} INFO - [[34m2019-10-03 14:04:03,502[0m] {[34mS3_hook.py:[0m201} INFO[0m - Not Found[0m
[2019-10-03 14:04:05,670] {load_files_to_s3.py:63} INFO -   Uploaded new S3 key us_states.csv to project-capstone bucket
[2019-10-03 14:04:05,670] {load_files_to_s3.py:55} INFO - Found file /Users/victorialemay/Courses/Udacity/Data Engineering Nanodegree/capstone/project-archive/airflow/data/dim_table_data/country_codes.csv
[2019-10-03 14:04:05,670] {load_files_to_s3.py:58} INFO -   Using S3 key country_codes.csv
[2019-10-03 14:04:07,266] {logging_mixin.py:95} INFO - [[34m2019-10-03 14:04:07,266[0m] {[34mS3_hook.py:[0m201} INFO[0m - Not Found[0m
[2019-10-03 14:04:08,136] {logging_mixin.py:95} INFO - [[34m2019-10-03 14:04:08,136[0m] {[34mS3_hook.py:[0m201} INFO[0m - Not Found[0m
[2019-10-03 14:04:09,456] {load_files_to_s3.py:63} INFO -   Uploaded new S3 key country_codes.csv to project-capstone bucket
[2019-10-03 14:04:09,457] {load_files_to_s3.py:67} INFO - S3 file load complete!
[2019-10-03 14:04:10,945] {logging_mixin.py:95} INFO - [[34m2019-10-03 14:04:10,944[0m] {[34mlocal_task_job.py:[0m105} INFO[0m - Task exited with return code 0[0m
