[2019-10-02 18:02:17,150] {taskinstance.py:620} INFO - Dependencies all met for <TaskInstance: capstone_project_dag.Stage_dim_data_files 2019-10-02T23:02:02.410710+00:00 [queued]>
[2019-10-02 18:02:17,159] {taskinstance.py:620} INFO - Dependencies all met for <TaskInstance: capstone_project_dag.Stage_dim_data_files 2019-10-02T23:02:02.410710+00:00 [queued]>
[2019-10-02 18:02:17,159] {taskinstance.py:838} INFO - 
--------------------------------------------------------------------------------
[2019-10-02 18:02:17,159] {taskinstance.py:839} INFO - Starting attempt 1 of 4
[2019-10-02 18:02:17,159] {taskinstance.py:840} INFO - 
--------------------------------------------------------------------------------
[2019-10-02 18:02:17,178] {taskinstance.py:859} INFO - Executing <Task(LoadLocalFilesToS3Operator): Stage_dim_data_files> on 2019-10-02T23:02:02.410710+00:00
[2019-10-02 18:02:17,178] {base_task_runner.py:133} INFO - Running: ['airflow', 'run', 'capstone_project_dag', 'Stage_dim_data_files', '2019-10-02T23:02:02.410710+00:00', '--job_id', '141', '--pool', 'default_pool', '--raw', '-sd', 'DAGS_FOLDER/project_dag.py', '--cfg_path', '/var/folders/dr/9yvjlnm11xv25k2gknf2n3z00000gn/T/tmp89x5fzev']
[2019-10-02 18:02:17,669] {base_task_runner.py:115} INFO - Job 141: Subtask Stage_dim_data_files /usr/local/lib/python3.7/site-packages/airflow/configuration.py:627: DeprecationWarning: You have two airflow.cfg files: /Users/victorialemay/airflow/airflow.cfg and /Users/victorialemay/Courses/Udacity/Data Engineering Nanodegree/capstone/project-archive/airflow/airflow.cfg. Airflow used to look at ~/airflow/airflow.cfg, even when AIRFLOW_HOME was set to a different value. Airflow will now only read /Users/victorialemay/Courses/Udacity/Data Engineering Nanodegree/capstone/project-archive/airflow/airflow.cfg, and you should remove the other file
[2019-10-02 18:02:17,669] {base_task_runner.py:115} INFO - Job 141: Subtask Stage_dim_data_files   category=DeprecationWarning,
[2019-10-02 18:02:17,763] {base_task_runner.py:115} INFO - Job 141: Subtask Stage_dim_data_files [2019-10-02 18:02:17,763] {settings.py:213} INFO - settings.configure_orm(): Using pool settings. pool_size=5, max_overflow=10, pool_recycle=1800, pid=21648
[2019-10-02 18:02:18,012] {base_task_runner.py:115} INFO - Job 141: Subtask Stage_dim_data_files [2019-10-02 18:02:18,012] {__init__.py:51} INFO - Using executor LocalExecutor
[2019-10-02 18:02:18,385] {base_task_runner.py:115} INFO - Job 141: Subtask Stage_dim_data_files [2019-10-02 18:02:18,385] {dagbag.py:90} INFO - Filling up the DagBag from /Users/victorialemay/Courses/Udacity/Data Engineering Nanodegree/capstone/project-archive/airflow/dags/project_dag.py
[2019-10-02 18:02:18,430] {base_task_runner.py:115} INFO - Job 141: Subtask Stage_dim_data_files [2019-10-02 18:02:18,429] {cli.py:516} INFO - Running <TaskInstance: capstone_project_dag.Stage_dim_data_files 2019-10-02T23:02:02.410710+00:00 [running]> on host 1.0.0.0.0.0.0.0.0.0.0.0.0.0.0.0.0.0.0.0.0.0.0.0.0.0.0.0.0.0.0.0.ip6.arpa
[2019-10-02 18:02:18,942] {logging_mixin.py:95} INFO - [[34m2019-10-02 18:02:18,942[0m] {[34mS3_hook.py:[0m59} INFO[0m - Not Found[0m
[2019-10-02 18:02:19,476] {load_files_to_s3.py:33} INFO - Checking /Users/victorialemay/Courses/Udacity/Data Engineering Nanodegree/capstone/project-archive/airflow/dim_table_data directory for files
[2019-10-02 18:02:19,478] {load_files_to_s3.py:37} INFO - Found files:
[2019-10-02 18:02:19,478] {load_files_to_s3.py:39} INFO -   /Users/victorialemay/Courses/Udacity/Data Engineering Nanodegree/capstone/project-archive/airflow/dim_table_data/visa_types.json
[2019-10-02 18:02:19,478] {load_files_to_s3.py:42} INFO -     visa_types.json
[2019-10-02 18:02:19,786] {logging_mixin.py:95} INFO - [[34m2019-10-02 18:02:19,785[0m] {[34mS3_hook.py:[0m201} INFO[0m - Not Found[0m
[2019-10-02 18:02:20,141] {logging_mixin.py:95} INFO - [[34m2019-10-02 18:02:20,141[0m] {[34mS3_hook.py:[0m201} INFO[0m - Not Found[0m
[2019-10-02 18:02:20,519] {load_files_to_s3.py:39} INFO -   /Users/victorialemay/Courses/Udacity/Data Engineering Nanodegree/capstone/project-archive/airflow/dim_table_data/port_codes.csv
[2019-10-02 18:02:20,519] {load_files_to_s3.py:42} INFO -     port_codes.csv
[2019-10-02 18:02:21,127] {logging_mixin.py:95} INFO - [[34m2019-10-02 18:02:21,126[0m] {[34mS3_hook.py:[0m201} INFO[0m - Not Found[0m
[2019-10-02 18:02:21,422] {logging_mixin.py:95} INFO - [[34m2019-10-02 18:02:21,422[0m] {[34mS3_hook.py:[0m201} INFO[0m - Not Found[0m
[2019-10-02 18:02:22,132] {load_files_to_s3.py:39} INFO -   /Users/victorialemay/Courses/Udacity/Data Engineering Nanodegree/capstone/project-archive/airflow/dim_table_data/travel_modes.json
[2019-10-02 18:02:22,132] {load_files_to_s3.py:42} INFO -     travel_modes.json
[2019-10-02 18:02:22,417] {logging_mixin.py:95} INFO - [[34m2019-10-02 18:02:22,417[0m] {[34mS3_hook.py:[0m201} INFO[0m - Not Found[0m
[2019-10-02 18:02:22,732] {logging_mixin.py:95} INFO - [[34m2019-10-02 18:02:22,732[0m] {[34mS3_hook.py:[0m201} INFO[0m - Not Found[0m
[2019-10-02 18:02:23,100] {load_files_to_s3.py:39} INFO -   /Users/victorialemay/Courses/Udacity/Data Engineering Nanodegree/capstone/project-archive/airflow/dim_table_data/us_states.csv
[2019-10-02 18:02:23,100] {load_files_to_s3.py:42} INFO -     us_states.csv
[2019-10-02 18:02:23,383] {logging_mixin.py:95} INFO - [[34m2019-10-02 18:02:23,383[0m] {[34mS3_hook.py:[0m201} INFO[0m - Not Found[0m
[2019-10-02 18:02:23,662] {logging_mixin.py:95} INFO - [[34m2019-10-02 18:02:23,662[0m] {[34mS3_hook.py:[0m201} INFO[0m - Not Found[0m
[2019-10-02 18:02:24,013] {load_files_to_s3.py:39} INFO -   /Users/victorialemay/Courses/Udacity/Data Engineering Nanodegree/capstone/project-archive/airflow/dim_table_data/country_codes.csv
[2019-10-02 18:02:24,013] {load_files_to_s3.py:42} INFO -     country_codes.csv
[2019-10-02 18:02:24,375] {logging_mixin.py:95} INFO - [[34m2019-10-02 18:02:24,375[0m] {[34mS3_hook.py:[0m201} INFO[0m - Not Found[0m
[2019-10-02 18:02:24,659] {logging_mixin.py:95} INFO - [[34m2019-10-02 18:02:24,659[0m] {[34mS3_hook.py:[0m201} INFO[0m - Not Found[0m
[2019-10-02 18:02:27,154] {logging_mixin.py:95} INFO - [[34m2019-10-02 18:02:27,153[0m] {[34mlocal_task_job.py:[0m105} INFO[0m - Task exited with return code 0[0m
