[2019-10-04 14:18:39,482] {taskinstance.py:620} INFO - Dependencies all met for <TaskInstance: capstone_project_dag.Load_port_codes_final_table 2019-10-04T19:18:35.294805+00:00 [queued]>
[2019-10-04 14:18:39,489] {taskinstance.py:620} INFO - Dependencies all met for <TaskInstance: capstone_project_dag.Load_port_codes_final_table 2019-10-04T19:18:35.294805+00:00 [queued]>
[2019-10-04 14:18:39,489] {taskinstance.py:838} INFO - 
--------------------------------------------------------------------------------
[2019-10-04 14:18:39,489] {taskinstance.py:839} INFO - Starting attempt 1 of 4
[2019-10-04 14:18:39,490] {taskinstance.py:840} INFO - 
--------------------------------------------------------------------------------
[2019-10-04 14:18:39,511] {taskinstance.py:859} INFO - Executing <Task(LoadFinalTableOperator): Load_port_codes_final_table> on 2019-10-04T19:18:35.294805+00:00
[2019-10-04 14:18:39,511] {base_task_runner.py:133} INFO - Running: ['airflow', 'run', 'capstone_project_dag', 'Load_port_codes_final_table', '2019-10-04T19:18:35.294805+00:00', '--job_id', '688', '--pool', 'default_pool', '--raw', '-sd', 'DAGS_FOLDER/project_dag.py', '--cfg_path', '/var/folders/dr/9yvjlnm11xv25k2gknf2n3z00000gn/T/tmpcgxauyxv']
[2019-10-04 14:18:40,112] {base_task_runner.py:115} INFO - Job 688: Subtask Load_port_codes_final_table /usr/local/lib/python3.7/site-packages/airflow/configuration.py:627: DeprecationWarning: You have two airflow.cfg files: /Users/victorialemay/airflow/airflow.cfg and /Users/victorialemay/Courses/Udacity/Data Engineering Nanodegree/capstone/project-archive/airflow/airflow.cfg. Airflow used to look at ~/airflow/airflow.cfg, even when AIRFLOW_HOME was set to a different value. Airflow will now only read /Users/victorialemay/Courses/Udacity/Data Engineering Nanodegree/capstone/project-archive/airflow/airflow.cfg, and you should remove the other file
[2019-10-04 14:18:40,112] {base_task_runner.py:115} INFO - Job 688: Subtask Load_port_codes_final_table   category=DeprecationWarning,
[2019-10-04 14:18:40,229] {base_task_runner.py:115} INFO - Job 688: Subtask Load_port_codes_final_table [2019-10-04 14:18:40,228] {settings.py:213} INFO - settings.configure_orm(): Using pool settings. pool_size=5, max_overflow=10, pool_recycle=1800, pid=3952
[2019-10-04 14:18:40,556] {base_task_runner.py:115} INFO - Job 688: Subtask Load_port_codes_final_table [2019-10-04 14:18:40,556] {__init__.py:51} INFO - Using executor LocalExecutor
[2019-10-04 14:18:40,971] {base_task_runner.py:115} INFO - Job 688: Subtask Load_port_codes_final_table [2019-10-04 14:18:40,970] {dagbag.py:90} INFO - Filling up the DagBag from /Users/victorialemay/Courses/Udacity/Data Engineering Nanodegree/capstone/project-archive/airflow/dags/project_dag.py
[2019-10-04 14:18:41,020] {base_task_runner.py:115} INFO - Job 688: Subtask Load_port_codes_final_table [2019-10-04 14:18:41,020] {cli.py:516} INFO - Running <TaskInstance: capstone_project_dag.Load_port_codes_final_table 2019-10-04T19:18:35.294805+00:00 [running]> on host 1.0.0.0.0.0.0.0.0.0.0.0.0.0.0.0.0.0.0.0.0.0.0.0.0.0.0.0.0.0.0.0.ip6.arpa
[2019-10-04 14:18:41,059] {load_final_table.py:24} INFO - Loading data into port_codes table
[2019-10-04 14:18:41,059] {taskinstance.py:1051} ERROR - 'Logger' object is not callable
Traceback (most recent call last):
  File "/usr/local/lib/python3.7/site-packages/airflow/models/taskinstance.py", line 926, in _run_raw_task
    result = task_copy.execute(context=context)
  File "/Users/victorialemay/Courses/Udacity/Data Engineering Nanodegree/capstone/project-archive/airflow/plugins/operators/load_final_table.py", line 34, in execute
    self.log("Using columns: {}".format(", ".join(self.columns)))
TypeError: 'Logger' object is not callable
[2019-10-04 14:18:41,061] {taskinstance.py:1074} INFO - Marking task as UP_FOR_RETRY
[2019-10-04 14:18:41,098] {base_task_runner.py:115} INFO - Job 688: Subtask Load_port_codes_final_table Traceback (most recent call last):
[2019-10-04 14:18:41,098] {base_task_runner.py:115} INFO - Job 688: Subtask Load_port_codes_final_table   File "/usr/local/bin/airflow", line 32, in <module>
[2019-10-04 14:18:41,098] {base_task_runner.py:115} INFO - Job 688: Subtask Load_port_codes_final_table     args.func(args)
[2019-10-04 14:18:41,098] {base_task_runner.py:115} INFO - Job 688: Subtask Load_port_codes_final_table   File "/usr/local/lib/python3.7/site-packages/airflow/utils/cli.py", line 74, in wrapper
[2019-10-04 14:18:41,098] {base_task_runner.py:115} INFO - Job 688: Subtask Load_port_codes_final_table     return f(*args, **kwargs)
[2019-10-04 14:18:41,098] {base_task_runner.py:115} INFO - Job 688: Subtask Load_port_codes_final_table   File "/usr/local/lib/python3.7/site-packages/airflow/bin/cli.py", line 522, in run
[2019-10-04 14:18:41,098] {base_task_runner.py:115} INFO - Job 688: Subtask Load_port_codes_final_table     _run(args, dag, ti)
[2019-10-04 14:18:41,098] {base_task_runner.py:115} INFO - Job 688: Subtask Load_port_codes_final_table   File "/usr/local/lib/python3.7/site-packages/airflow/bin/cli.py", line 440, in _run
[2019-10-04 14:18:41,098] {base_task_runner.py:115} INFO - Job 688: Subtask Load_port_codes_final_table     pool=args.pool,
[2019-10-04 14:18:41,099] {base_task_runner.py:115} INFO - Job 688: Subtask Load_port_codes_final_table   File "/usr/local/lib/python3.7/site-packages/airflow/utils/db.py", line 74, in wrapper
[2019-10-04 14:18:41,099] {base_task_runner.py:115} INFO - Job 688: Subtask Load_port_codes_final_table     return func(*args, **kwargs)
[2019-10-04 14:18:41,099] {base_task_runner.py:115} INFO - Job 688: Subtask Load_port_codes_final_table   File "/usr/local/lib/python3.7/site-packages/airflow/models/taskinstance.py", line 926, in _run_raw_task
[2019-10-04 14:18:41,099] {base_task_runner.py:115} INFO - Job 688: Subtask Load_port_codes_final_table     result = task_copy.execute(context=context)
[2019-10-04 14:18:41,099] {base_task_runner.py:115} INFO - Job 688: Subtask Load_port_codes_final_table   File "/Users/victorialemay/Courses/Udacity/Data Engineering Nanodegree/capstone/project-archive/airflow/plugins/operators/load_final_table.py", line 34, in execute
[2019-10-04 14:18:41,099] {base_task_runner.py:115} INFO - Job 688: Subtask Load_port_codes_final_table     self.log("Using columns: {}".format(", ".join(self.columns)))
[2019-10-04 14:18:41,099] {base_task_runner.py:115} INFO - Job 688: Subtask Load_port_codes_final_table TypeError: 'Logger' object is not callable
[2019-10-04 14:18:44,472] {logging_mixin.py:95} INFO - [[34m2019-10-04 14:18:44,471[0m] {[34mlocal_task_job.py:[0m105} INFO[0m - Task exited with return code 1[0m
