[2019-10-04 14:29:18,419] {taskinstance.py:620} INFO - Dependencies all met for <TaskInstance: capstone_project_dag.Load_port_codes_final_table 2019-10-04T19:18:35.294805+00:00 [queued]>
[2019-10-04 14:29:18,435] {taskinstance.py:620} INFO - Dependencies all met for <TaskInstance: capstone_project_dag.Load_port_codes_final_table 2019-10-04T19:18:35.294805+00:00 [queued]>
[2019-10-04 14:29:18,436] {taskinstance.py:838} INFO - 
--------------------------------------------------------------------------------
[2019-10-04 14:29:18,436] {taskinstance.py:839} INFO - Starting attempt 3 of 4
[2019-10-04 14:29:18,436] {taskinstance.py:840} INFO - 
--------------------------------------------------------------------------------
[2019-10-04 14:29:18,467] {taskinstance.py:859} INFO - Executing <Task(LoadFinalTableOperator): Load_port_codes_final_table> on 2019-10-04T19:18:35.294805+00:00
[2019-10-04 14:29:18,467] {base_task_runner.py:133} INFO - Running: ['airflow', 'run', 'capstone_project_dag', 'Load_port_codes_final_table', '2019-10-04T19:18:35.294805+00:00', '--job_id', '741', '--pool', 'default_pool', '--raw', '-sd', 'DAGS_FOLDER/project_dag.py', '--cfg_path', '/var/folders/dr/9yvjlnm11xv25k2gknf2n3z00000gn/T/tmpgp1z9w3t']
[2019-10-04 14:29:19,258] {base_task_runner.py:115} INFO - Job 741: Subtask Load_port_codes_final_table /usr/local/lib/python3.7/site-packages/airflow/configuration.py:627: DeprecationWarning: You have two airflow.cfg files: /Users/victorialemay/airflow/airflow.cfg and /Users/victorialemay/Courses/Udacity/Data Engineering Nanodegree/capstone/project-archive/airflow/airflow.cfg. Airflow used to look at ~/airflow/airflow.cfg, even when AIRFLOW_HOME was set to a different value. Airflow will now only read /Users/victorialemay/Courses/Udacity/Data Engineering Nanodegree/capstone/project-archive/airflow/airflow.cfg, and you should remove the other file
[2019-10-04 14:29:19,259] {base_task_runner.py:115} INFO - Job 741: Subtask Load_port_codes_final_table   category=DeprecationWarning,
[2019-10-04 14:29:19,388] {base_task_runner.py:115} INFO - Job 741: Subtask Load_port_codes_final_table [2019-10-04 14:29:19,388] {settings.py:213} INFO - settings.configure_orm(): Using pool settings. pool_size=5, max_overflow=10, pool_recycle=1800, pid=8167
[2019-10-04 14:29:19,677] {base_task_runner.py:115} INFO - Job 741: Subtask Load_port_codes_final_table [2019-10-04 14:29:19,676] {__init__.py:51} INFO - Using executor LocalExecutor
[2019-10-04 14:29:20,264] {base_task_runner.py:115} INFO - Job 741: Subtask Load_port_codes_final_table [2019-10-04 14:29:20,264] {dagbag.py:90} INFO - Filling up the DagBag from /Users/victorialemay/Courses/Udacity/Data Engineering Nanodegree/capstone/project-archive/airflow/dags/project_dag.py
[2019-10-04 14:29:20,327] {base_task_runner.py:115} INFO - Job 741: Subtask Load_port_codes_final_table [2019-10-04 14:29:20,326] {cli.py:516} INFO - Running <TaskInstance: capstone_project_dag.Load_port_codes_final_table 2019-10-04T19:18:35.294805+00:00 [running]> on host 1.0.0.0.0.0.0.0.0.0.0.0.0.0.0.0.0.0.0.0.0.0.0.0.0.0.0.0.0.0.0.0.ip6.arpa
[2019-10-04 14:29:20,372] {load_final_table.py:24} INFO - Loading data into port_codes table
[2019-10-04 14:29:20,372] {load_final_table.py:34} INFO - Using columns: city, state_id, i94_port_code
[2019-10-04 14:29:20,386] {logging_mixin.py:95} INFO - [[34m2019-10-04 14:29:20,385[0m] {[34mbase_hook.py:[0m84} INFO[0m - Using connection to: [1mid: redshift. Host: redshift-cluster-1.c4i0rfzboubh.us-west-2.redshift.amazonaws.com, Port: 5439, Schema: dev, Login: awsuser, Password: XXXXXXXX, extra: {}[0m[0m
[2019-10-04 14:29:20,948] {logging_mixin.py:95} INFO - [[34m2019-10-04 14:29:20,948[0m] {[34mdbapi_hook.py:[0m171} INFO[0m - INSERT INTO port_codes (city, state_id, i94_port_code) 
            SELECT
                port_code_staging.name,
                us_states.id,
                port_code_staging.i94_port_code
            FROM
                port_code_staging
            LEFT JOIN
                us_states ON port_code_staging.state_code = us_states.state_code
        [0m
[2019-10-04 14:29:21,106] {taskinstance.py:1051} ERROR - relation "port_codes" does not exist
Traceback (most recent call last):
  File "/usr/local/lib/python3.7/site-packages/airflow/models/taskinstance.py", line 926, in _run_raw_task
    result = task_copy.execute(context=context)
  File "/Users/victorialemay/Courses/Udacity/Data Engineering Nanodegree/capstone/project-archive/airflow/plugins/operators/load_final_table.py", line 36, in execute
    redshift_hook.run("INSERT INTO {} {} {}".format(self.table, columns, self.select_sql))
  File "/usr/local/lib/python3.7/site-packages/airflow/hooks/dbapi_hook.py", line 172, in run
    cur.execute(s)
psycopg2.errors.UndefinedTable: relation "port_codes" does not exist

[2019-10-04 14:29:21,110] {taskinstance.py:1074} INFO - Marking task as UP_FOR_RETRY
[2019-10-04 14:29:21,136] {base_task_runner.py:115} INFO - Job 741: Subtask Load_port_codes_final_table Traceback (most recent call last):
[2019-10-04 14:29:21,136] {base_task_runner.py:115} INFO - Job 741: Subtask Load_port_codes_final_table   File "/usr/local/bin/airflow", line 32, in <module>
[2019-10-04 14:29:21,136] {base_task_runner.py:115} INFO - Job 741: Subtask Load_port_codes_final_table     args.func(args)
[2019-10-04 14:29:21,136] {base_task_runner.py:115} INFO - Job 741: Subtask Load_port_codes_final_table   File "/usr/local/lib/python3.7/site-packages/airflow/utils/cli.py", line 74, in wrapper
[2019-10-04 14:29:21,136] {base_task_runner.py:115} INFO - Job 741: Subtask Load_port_codes_final_table     return f(*args, **kwargs)
[2019-10-04 14:29:21,136] {base_task_runner.py:115} INFO - Job 741: Subtask Load_port_codes_final_table   File "/usr/local/lib/python3.7/site-packages/airflow/bin/cli.py", line 522, in run
[2019-10-04 14:29:21,136] {base_task_runner.py:115} INFO - Job 741: Subtask Load_port_codes_final_table     _run(args, dag, ti)
[2019-10-04 14:29:21,136] {base_task_runner.py:115} INFO - Job 741: Subtask Load_port_codes_final_table   File "/usr/local/lib/python3.7/site-packages/airflow/bin/cli.py", line 440, in _run
[2019-10-04 14:29:21,136] {base_task_runner.py:115} INFO - Job 741: Subtask Load_port_codes_final_table     pool=args.pool,
[2019-10-04 14:29:21,137] {base_task_runner.py:115} INFO - Job 741: Subtask Load_port_codes_final_table   File "/usr/local/lib/python3.7/site-packages/airflow/utils/db.py", line 74, in wrapper
[2019-10-04 14:29:21,137] {base_task_runner.py:115} INFO - Job 741: Subtask Load_port_codes_final_table     return func(*args, **kwargs)
[2019-10-04 14:29:21,137] {base_task_runner.py:115} INFO - Job 741: Subtask Load_port_codes_final_table   File "/usr/local/lib/python3.7/site-packages/airflow/models/taskinstance.py", line 926, in _run_raw_task
[2019-10-04 14:29:21,137] {base_task_runner.py:115} INFO - Job 741: Subtask Load_port_codes_final_table     result = task_copy.execute(context=context)
[2019-10-04 14:29:21,137] {base_task_runner.py:115} INFO - Job 741: Subtask Load_port_codes_final_table   File "/Users/victorialemay/Courses/Udacity/Data Engineering Nanodegree/capstone/project-archive/airflow/plugins/operators/load_final_table.py", line 36, in execute
[2019-10-04 14:29:21,137] {base_task_runner.py:115} INFO - Job 741: Subtask Load_port_codes_final_table     redshift_hook.run("INSERT INTO {} {} {}".format(self.table, columns, self.select_sql))
[2019-10-04 14:29:21,137] {base_task_runner.py:115} INFO - Job 741: Subtask Load_port_codes_final_table   File "/usr/local/lib/python3.7/site-packages/airflow/hooks/dbapi_hook.py", line 172, in run
[2019-10-04 14:29:21,137] {base_task_runner.py:115} INFO - Job 741: Subtask Load_port_codes_final_table     cur.execute(s)
[2019-10-04 14:29:21,137] {base_task_runner.py:115} INFO - Job 741: Subtask Load_port_codes_final_table psycopg2.errors.UndefinedTable: relation "port_codes" does not exist
[2019-10-04 14:29:21,137] {base_task_runner.py:115} INFO - Job 741: Subtask Load_port_codes_final_table 
[2019-10-04 14:29:23,410] {logging_mixin.py:95} INFO - [[34m2019-10-04 14:29:23,409[0m] {[34mlocal_task_job.py:[0m105} INFO[0m - Task exited with return code 1[0m
