[2019-10-02 19:40:05,865] {taskinstance.py:620} INFO - Dependencies all met for <TaskInstance: capstone_project_dag.Stage_staging_data_files 2019-10-03T00:39:44.525076+00:00 [queued]>
[2019-10-02 19:40:05,909] {taskinstance.py:620} INFO - Dependencies all met for <TaskInstance: capstone_project_dag.Stage_staging_data_files 2019-10-03T00:39:44.525076+00:00 [queued]>
[2019-10-02 19:40:05,909] {taskinstance.py:838} INFO - 
--------------------------------------------------------------------------------
[2019-10-02 19:40:05,910] {taskinstance.py:839} INFO - Starting attempt 1 of 4
[2019-10-02 19:40:05,910] {taskinstance.py:840} INFO - 
--------------------------------------------------------------------------------
[2019-10-02 19:40:05,928] {taskinstance.py:859} INFO - Executing <Task(LoadLocalFilesToS3Operator): Stage_staging_data_files> on 2019-10-03T00:39:44.525076+00:00
[2019-10-02 19:40:05,928] {base_task_runner.py:133} INFO - Running: ['airflow', 'run', 'capstone_project_dag', 'Stage_staging_data_files', '2019-10-03T00:39:44.525076+00:00', '--job_id', '185', '--pool', 'default_pool', '--raw', '-sd', 'DAGS_FOLDER/project_dag.py', '--cfg_path', '/var/folders/dr/9yvjlnm11xv25k2gknf2n3z00000gn/T/tmpxcym4ijx']
[2019-10-02 19:40:06,962] {base_task_runner.py:115} INFO - Job 185: Subtask Stage_staging_data_files /usr/local/lib/python3.7/site-packages/airflow/configuration.py:627: DeprecationWarning: You have two airflow.cfg files: /Users/victorialemay/airflow/airflow.cfg and /Users/victorialemay/Courses/Udacity/Data Engineering Nanodegree/capstone/project-archive/airflow/airflow.cfg. Airflow used to look at ~/airflow/airflow.cfg, even when AIRFLOW_HOME was set to a different value. Airflow will now only read /Users/victorialemay/Courses/Udacity/Data Engineering Nanodegree/capstone/project-archive/airflow/airflow.cfg, and you should remove the other file
[2019-10-02 19:40:06,963] {base_task_runner.py:115} INFO - Job 185: Subtask Stage_staging_data_files   category=DeprecationWarning,
[2019-10-02 19:40:07,137] {base_task_runner.py:115} INFO - Job 185: Subtask Stage_staging_data_files [2019-10-02 19:40:07,137] {settings.py:213} INFO - settings.configure_orm(): Using pool settings. pool_size=5, max_overflow=10, pool_recycle=1800, pid=31688
[2019-10-02 19:40:07,493] {base_task_runner.py:115} INFO - Job 185: Subtask Stage_staging_data_files [2019-10-02 19:40:07,493] {__init__.py:51} INFO - Using executor LocalExecutor
[2019-10-02 19:40:08,244] {base_task_runner.py:115} INFO - Job 185: Subtask Stage_staging_data_files [2019-10-02 19:40:08,243] {dagbag.py:90} INFO - Filling up the DagBag from /Users/victorialemay/Courses/Udacity/Data Engineering Nanodegree/capstone/project-archive/airflow/dags/project_dag.py
[2019-10-02 19:40:08,335] {base_task_runner.py:115} INFO - Job 185: Subtask Stage_staging_data_files [2019-10-02 19:40:08,334] {cli.py:516} INFO - Running <TaskInstance: capstone_project_dag.Stage_staging_data_files 2019-10-03T00:39:44.525076+00:00 [running]> on host 1.0.0.0.0.0.0.0.0.0.0.0.0.0.0.0.0.0.0.0.0.0.0.0.0.0.0.0.0.0.0.0.ip6.arpa
[2019-10-02 19:40:09,084] {load_files_to_s3.py:49} INFO - Loading to S3 bucket project-capstone
[2019-10-02 19:40:09,084] {load_files_to_s3.py:50} INFO - Checking /Users/victorialemay/Courses/Udacity/Data Engineering Nanodegree/capstone/project-archive/airflow/data/staging_data directory for files
[2019-10-02 19:40:09,085] {load_files_to_s3.py:55} INFO - Found file /Users/victorialemay/Courses/Udacity/Data Engineering Nanodegree/capstone/project-archive/airflow/data/staging_data/us-cities-demographics.csv
[2019-10-02 19:40:09,085] {load_files_to_s3.py:58} INFO -   Using S3 key us-cities-demographics.csv
[2019-10-02 19:40:09,546] {load_files_to_s3.py:65} INFO -   File already exists in bucket
[2019-10-02 19:40:09,547] {load_files_to_s3.py:55} INFO - Found file /Users/victorialemay/Courses/Udacity/Data Engineering Nanodegree/capstone/project-archive/airflow/data/staging_data/GlobalLandTemperaturesByCity.csv
[2019-10-02 19:40:09,547] {load_files_to_s3.py:58} INFO -   Using S3 key GlobalLandTemperaturesByCity.csv
[2019-10-02 19:40:10,031] {logging_mixin.py:95} INFO - [[34m2019-10-02 19:40:10,031[0m] {[34mS3_hook.py:[0m201} INFO[0m - Not Found[0m
[2019-10-02 19:40:10,433] {logging_mixin.py:95} INFO - [[34m2019-10-02 19:40:10,433[0m] {[34mS3_hook.py:[0m201} INFO[0m - Not Found[0m
[2019-10-02 19:52:23,198] {load_files_to_s3.py:63} INFO -   Uploaded new S3 key GlobalLandTemperaturesByCity.csv to project-capstone bucket
[2019-10-02 19:52:23,200] {load_files_to_s3.py:67} INFO - S3 file load complete!
[2019-10-02 19:52:23,301] {logging_mixin.py:95} INFO - [[34m2019-10-02 19:52:23,299[0m] {[34mlocal_task_job.py:[0m172} [33mWARNING[0m - [33mState of this instance has been externally set to [1msuccess[0m. Taking the poison pill.[0m
[2019-10-02 19:52:23,310] {helpers.py:307} INFO - Sending Signals.SIGTERM to GPID 31688
[2019-10-02 19:52:23,325] {helpers.py:285} INFO - Process psutil.Process(pid=31688, status='terminated') (31688) terminated with exit code -15
[2019-10-02 19:52:23,328] {logging_mixin.py:95} INFO - [[34m2019-10-02 19:52:23,326[0m] {[34mlocal_task_job.py:[0m105} INFO[0m - Task exited with return code 0[0m
