[2019-10-02 19:39:04,674] {taskinstance.py:620} INFO - Dependencies all met for <TaskInstance: capstone_project_dag.Stage_sas_data_parquet_files 2019-10-02T23:28:32.903419+00:00 [queued]>
[2019-10-02 19:39:04,688] {taskinstance.py:620} INFO - Dependencies all met for <TaskInstance: capstone_project_dag.Stage_sas_data_parquet_files 2019-10-02T23:28:32.903419+00:00 [queued]>
[2019-10-02 19:39:04,688] {taskinstance.py:838} INFO - 
--------------------------------------------------------------------------------
[2019-10-02 19:39:04,688] {taskinstance.py:839} INFO - Starting attempt 1 of 4
[2019-10-02 19:39:04,688] {taskinstance.py:840} INFO - 
--------------------------------------------------------------------------------
[2019-10-02 19:39:04,708] {taskinstance.py:859} INFO - Executing <Task(LoadLocalFilesToS3Operator): Stage_sas_data_parquet_files> on 2019-10-02T23:28:32.903419+00:00
[2019-10-02 19:39:04,709] {base_task_runner.py:133} INFO - Running: ['airflow', 'run', 'capstone_project_dag', 'Stage_sas_data_parquet_files', '2019-10-02T23:28:32.903419+00:00', '--job_id', '182', '--pool', 'default_pool', '--raw', '-sd', 'DAGS_FOLDER/project_dag.py', '--cfg_path', '/var/folders/dr/9yvjlnm11xv25k2gknf2n3z00000gn/T/tmp0_10o8zy']
[2019-10-02 19:39:05,310] {base_task_runner.py:115} INFO - Job 182: Subtask Stage_sas_data_parquet_files /usr/local/lib/python3.7/site-packages/airflow/configuration.py:627: DeprecationWarning: You have two airflow.cfg files: /Users/victorialemay/airflow/airflow.cfg and /Users/victorialemay/Courses/Udacity/Data Engineering Nanodegree/capstone/project-archive/airflow/airflow.cfg. Airflow used to look at ~/airflow/airflow.cfg, even when AIRFLOW_HOME was set to a different value. Airflow will now only read /Users/victorialemay/Courses/Udacity/Data Engineering Nanodegree/capstone/project-archive/airflow/airflow.cfg, and you should remove the other file
[2019-10-02 19:39:05,311] {base_task_runner.py:115} INFO - Job 182: Subtask Stage_sas_data_parquet_files   category=DeprecationWarning,
[2019-10-02 19:39:05,414] {base_task_runner.py:115} INFO - Job 182: Subtask Stage_sas_data_parquet_files [2019-10-02 19:39:05,414] {settings.py:213} INFO - settings.configure_orm(): Using pool settings. pool_size=5, max_overflow=10, pool_recycle=1800, pid=31276
[2019-10-02 19:39:05,683] {base_task_runner.py:115} INFO - Job 182: Subtask Stage_sas_data_parquet_files [2019-10-02 19:39:05,683] {__init__.py:51} INFO - Using executor LocalExecutor
[2019-10-02 19:39:06,106] {base_task_runner.py:115} INFO - Job 182: Subtask Stage_sas_data_parquet_files [2019-10-02 19:39:06,105] {dagbag.py:90} INFO - Filling up the DagBag from /Users/victorialemay/Courses/Udacity/Data Engineering Nanodegree/capstone/project-archive/airflow/dags/project_dag.py
[2019-10-02 19:39:06,164] {base_task_runner.py:115} INFO - Job 182: Subtask Stage_sas_data_parquet_files [2019-10-02 19:39:06,164] {cli.py:516} INFO - Running <TaskInstance: capstone_project_dag.Stage_sas_data_parquet_files 2019-10-02T23:28:32.903419+00:00 [running]> on host 1.0.0.0.0.0.0.0.0.0.0.0.0.0.0.0.0.0.0.0.0.0.0.0.0.0.0.0.0.0.0.0.ip6.arpa
[2019-10-02 19:39:06,701] {logging_mixin.py:95} INFO - [[34m2019-10-02 19:39:06,700[0m] {[34mS3_hook.py:[0m59} INFO[0m - Not Found[0m
[2019-10-02 19:39:07,308] {load_files_to_s3.py:49} INFO - Loading to S3 bucket project-capstone-parquet
[2019-10-02 19:39:07,308] {load_files_to_s3.py:50} INFO - Checking /Users/victorialemay/Courses/Udacity/Data Engineering Nanodegree/capstone/project-archive/airflow/data/sas_data directory for files
[2019-10-02 19:39:07,309] {load_files_to_s3.py:55} INFO - Found file /Users/victorialemay/Courses/Udacity/Data Engineering Nanodegree/capstone/project-archive/airflow/data/sas_data/part-00003-b9542815-7a8d-45fc-9c67-c9c5007ad0d4-c000.snappy.parquet
[2019-10-02 19:39:07,309] {load_files_to_s3.py:58} INFO -   Using S3 key part-00003-b9542815-7a8d-45fc-9c67-c9c5007ad0d4-c000.snappy.parquet
[2019-10-02 19:39:07,633] {logging_mixin.py:95} INFO - [[34m2019-10-02 19:39:07,633[0m] {[34mS3_hook.py:[0m201} INFO[0m - Not Found[0m
[2019-10-02 19:39:07,996] {logging_mixin.py:95} INFO - [[34m2019-10-02 19:39:07,995[0m] {[34mS3_hook.py:[0m201} INFO[0m - Not Found[0m
[2019-10-02 19:39:22,033] {load_files_to_s3.py:63} INFO -   Uploaded new S3 key part-00003-b9542815-7a8d-45fc-9c67-c9c5007ad0d4-c000.snappy.parquet to project-capstone-parquet bucket
[2019-10-02 19:39:22,034] {load_files_to_s3.py:55} INFO - Found file /Users/victorialemay/Courses/Udacity/Data Engineering Nanodegree/capstone/project-archive/airflow/data/sas_data/part-00008-b9542815-7a8d-45fc-9c67-c9c5007ad0d4-c000.snappy.parquet
[2019-10-02 19:39:22,034] {load_files_to_s3.py:58} INFO -   Using S3 key part-00008-b9542815-7a8d-45fc-9c67-c9c5007ad0d4-c000.snappy.parquet
[2019-10-02 19:39:23,664] {logging_mixin.py:95} INFO - [[34m2019-10-02 19:39:23,663[0m] {[34mS3_hook.py:[0m201} INFO[0m - Not Found[0m
[2019-10-02 19:39:25,399] {logging_mixin.py:95} INFO - [[34m2019-10-02 19:39:25,398[0m] {[34mS3_hook.py:[0m201} INFO[0m - Not Found[0m
[2019-10-02 19:39:42,862] {load_files_to_s3.py:63} INFO -   Uploaded new S3 key part-00008-b9542815-7a8d-45fc-9c67-c9c5007ad0d4-c000.snappy.parquet to project-capstone-parquet bucket
[2019-10-02 19:39:42,862] {load_files_to_s3.py:55} INFO - Found file /Users/victorialemay/Courses/Udacity/Data Engineering Nanodegree/capstone/project-archive/airflow/data/sas_data/part-00004-b9542815-7a8d-45fc-9c67-c9c5007ad0d4-c000.snappy.parquet
[2019-10-02 19:39:42,862] {load_files_to_s3.py:58} INFO -   Using S3 key part-00004-b9542815-7a8d-45fc-9c67-c9c5007ad0d4-c000.snappy.parquet
[2019-10-02 19:39:43,434] {logging_mixin.py:95} INFO - [[34m2019-10-02 19:39:43,433[0m] {[34mS3_hook.py:[0m201} INFO[0m - Not Found[0m
[2019-10-02 19:39:43,906] {logging_mixin.py:95} INFO - [[34m2019-10-02 19:39:43,906[0m] {[34mS3_hook.py:[0m201} INFO[0m - Not Found[0m
[2019-10-02 19:40:35,559] {load_files_to_s3.py:63} INFO -   Uploaded new S3 key part-00004-b9542815-7a8d-45fc-9c67-c9c5007ad0d4-c000.snappy.parquet to project-capstone-parquet bucket
[2019-10-02 19:40:35,560] {load_files_to_s3.py:55} INFO - Found file /Users/victorialemay/Courses/Udacity/Data Engineering Nanodegree/capstone/project-archive/airflow/data/sas_data/part-00013-b9542815-7a8d-45fc-9c67-c9c5007ad0d4-c000.snappy.parquet
[2019-10-02 19:40:35,560] {load_files_to_s3.py:58} INFO -   Using S3 key part-00013-b9542815-7a8d-45fc-9c67-c9c5007ad0d4-c000.snappy.parquet
[2019-10-02 19:40:36,185] {logging_mixin.py:95} INFO - [[34m2019-10-02 19:40:36,185[0m] {[34mS3_hook.py:[0m201} INFO[0m - Not Found[0m
[2019-10-02 19:40:36,636] {logging_mixin.py:95} INFO - [[34m2019-10-02 19:40:36,636[0m] {[34mS3_hook.py:[0m201} INFO[0m - Not Found[0m
[2019-10-02 19:41:20,195] {load_files_to_s3.py:63} INFO -   Uploaded new S3 key part-00013-b9542815-7a8d-45fc-9c67-c9c5007ad0d4-c000.snappy.parquet to project-capstone-parquet bucket
[2019-10-02 19:41:20,195] {load_files_to_s3.py:55} INFO - Found file /Users/victorialemay/Courses/Udacity/Data Engineering Nanodegree/capstone/project-archive/airflow/data/sas_data/part-00005-b9542815-7a8d-45fc-9c67-c9c5007ad0d4-c000.snappy.parquet
[2019-10-02 19:41:20,195] {load_files_to_s3.py:58} INFO -   Using S3 key part-00005-b9542815-7a8d-45fc-9c67-c9c5007ad0d4-c000.snappy.parquet
[2019-10-02 19:41:20,814] {logging_mixin.py:95} INFO - [[34m2019-10-02 19:41:20,814[0m] {[34mS3_hook.py:[0m201} INFO[0m - Not Found[0m
[2019-10-02 19:41:21,202] {logging_mixin.py:95} INFO - [[34m2019-10-02 19:41:21,202[0m] {[34mS3_hook.py:[0m201} INFO[0m - Not Found[0m
[2019-10-02 19:42:52,237] {load_files_to_s3.py:63} INFO -   Uploaded new S3 key part-00005-b9542815-7a8d-45fc-9c67-c9c5007ad0d4-c000.snappy.parquet to project-capstone-parquet bucket
[2019-10-02 19:42:52,237] {load_files_to_s3.py:55} INFO - Found file /Users/victorialemay/Courses/Udacity/Data Engineering Nanodegree/capstone/project-archive/airflow/data/sas_data/part-00012-b9542815-7a8d-45fc-9c67-c9c5007ad0d4-c000.snappy.parquet
[2019-10-02 19:42:52,238] {load_files_to_s3.py:58} INFO -   Using S3 key part-00012-b9542815-7a8d-45fc-9c67-c9c5007ad0d4-c000.snappy.parquet
[2019-10-02 19:42:53,218] {logging_mixin.py:95} INFO - [[34m2019-10-02 19:42:53,218[0m] {[34mS3_hook.py:[0m201} INFO[0m - Not Found[0m
[2019-10-02 19:42:53,624] {logging_mixin.py:95} INFO - [[34m2019-10-02 19:42:53,624[0m] {[34mS3_hook.py:[0m201} INFO[0m - Not Found[0m
[2019-10-02 19:43:45,591] {load_files_to_s3.py:63} INFO -   Uploaded new S3 key part-00012-b9542815-7a8d-45fc-9c67-c9c5007ad0d4-c000.snappy.parquet to project-capstone-parquet bucket
[2019-10-02 19:43:45,591] {load_files_to_s3.py:55} INFO - Found file /Users/victorialemay/Courses/Udacity/Data Engineering Nanodegree/capstone/project-archive/airflow/data/sas_data/part-00002-b9542815-7a8d-45fc-9c67-c9c5007ad0d4-c000.snappy.parquet
[2019-10-02 19:43:45,591] {load_files_to_s3.py:58} INFO -   Using S3 key part-00002-b9542815-7a8d-45fc-9c67-c9c5007ad0d4-c000.snappy.parquet
[2019-10-02 19:43:46,092] {logging_mixin.py:95} INFO - [[34m2019-10-02 19:43:46,092[0m] {[34mS3_hook.py:[0m201} INFO[0m - Not Found[0m
[2019-10-02 19:43:46,544] {logging_mixin.py:95} INFO - [[34m2019-10-02 19:43:46,543[0m] {[34mS3_hook.py:[0m201} INFO[0m - Not Found[0m
[2019-10-02 19:44:41,518] {load_files_to_s3.py:63} INFO -   Uploaded new S3 key part-00002-b9542815-7a8d-45fc-9c67-c9c5007ad0d4-c000.snappy.parquet to project-capstone-parquet bucket
[2019-10-02 19:44:41,518] {load_files_to_s3.py:55} INFO - Found file /Users/victorialemay/Courses/Udacity/Data Engineering Nanodegree/capstone/project-archive/airflow/data/sas_data/part-00009-b9542815-7a8d-45fc-9c67-c9c5007ad0d4-c000.snappy.parquet
[2019-10-02 19:44:41,519] {load_files_to_s3.py:58} INFO -   Using S3 key part-00009-b9542815-7a8d-45fc-9c67-c9c5007ad0d4-c000.snappy.parquet
[2019-10-02 19:44:42,102] {logging_mixin.py:95} INFO - [[34m2019-10-02 19:44:42,101[0m] {[34mS3_hook.py:[0m201} INFO[0m - Not Found[0m
[2019-10-02 19:44:43,053] {logging_mixin.py:95} INFO - [[34m2019-10-02 19:44:43,053[0m] {[34mS3_hook.py:[0m201} INFO[0m - Not Found[0m
[2019-10-02 19:45:49,977] {load_files_to_s3.py:63} INFO -   Uploaded new S3 key part-00009-b9542815-7a8d-45fc-9c67-c9c5007ad0d4-c000.snappy.parquet to project-capstone-parquet bucket
[2019-10-02 19:45:49,978] {load_files_to_s3.py:55} INFO - Found file /Users/victorialemay/Courses/Udacity/Data Engineering Nanodegree/capstone/project-archive/airflow/data/sas_data/part-00007-b9542815-7a8d-45fc-9c67-c9c5007ad0d4-c000.snappy.parquet
[2019-10-02 19:45:49,978] {load_files_to_s3.py:58} INFO -   Using S3 key part-00007-b9542815-7a8d-45fc-9c67-c9c5007ad0d4-c000.snappy.parquet
[2019-10-02 19:45:50,439] {logging_mixin.py:95} INFO - [[34m2019-10-02 19:45:50,439[0m] {[34mS3_hook.py:[0m201} INFO[0m - Not Found[0m
[2019-10-02 19:45:51,829] {logging_mixin.py:95} INFO - [[34m2019-10-02 19:45:51,829[0m] {[34mS3_hook.py:[0m201} INFO[0m - Not Found[0m
[2019-10-02 19:46:12,358] {load_files_to_s3.py:63} INFO -   Uploaded new S3 key part-00007-b9542815-7a8d-45fc-9c67-c9c5007ad0d4-c000.snappy.parquet to project-capstone-parquet bucket
[2019-10-02 19:46:12,359] {load_files_to_s3.py:55} INFO - Found file /Users/victorialemay/Courses/Udacity/Data Engineering Nanodegree/capstone/project-archive/airflow/data/sas_data/part-00010-b9542815-7a8d-45fc-9c67-c9c5007ad0d4-c000.snappy.parquet
[2019-10-02 19:46:12,359] {load_files_to_s3.py:58} INFO -   Using S3 key part-00010-b9542815-7a8d-45fc-9c67-c9c5007ad0d4-c000.snappy.parquet
[2019-10-02 19:46:12,929] {logging_mixin.py:95} INFO - [[34m2019-10-02 19:46:12,929[0m] {[34mS3_hook.py:[0m201} INFO[0m - Not Found[0m
[2019-10-02 19:46:13,839] {logging_mixin.py:95} INFO - [[34m2019-10-02 19:46:13,838[0m] {[34mS3_hook.py:[0m201} INFO[0m - Not Found[0m
[2019-10-02 19:47:10,340] {load_files_to_s3.py:63} INFO -   Uploaded new S3 key part-00010-b9542815-7a8d-45fc-9c67-c9c5007ad0d4-c000.snappy.parquet to project-capstone-parquet bucket
[2019-10-02 19:47:10,340] {load_files_to_s3.py:55} INFO - Found file /Users/victorialemay/Courses/Udacity/Data Engineering Nanodegree/capstone/project-archive/airflow/data/sas_data/SUCCESS.crc
[2019-10-02 19:47:10,340] {load_files_to_s3.py:58} INFO -   Using S3 key SUCCESS.crc
[2019-10-02 19:47:10,932] {logging_mixin.py:95} INFO - [[34m2019-10-02 19:47:10,931[0m] {[34mS3_hook.py:[0m201} INFO[0m - Not Found[0m
[2019-10-02 19:47:11,335] {logging_mixin.py:95} INFO - [[34m2019-10-02 19:47:11,334[0m] {[34mS3_hook.py:[0m201} INFO[0m - Not Found[0m
[2019-10-02 19:47:12,165] {load_files_to_s3.py:63} INFO -   Uploaded new S3 key SUCCESS.crc to project-capstone-parquet bucket
[2019-10-02 19:47:12,165] {load_files_to_s3.py:55} INFO - Found file /Users/victorialemay/Courses/Udacity/Data Engineering Nanodegree/capstone/project-archive/airflow/data/sas_data/part-00000-b9542815-7a8d-45fc-9c67-c9c5007ad0d4-c000.snappy.parquet
[2019-10-02 19:47:12,165] {load_files_to_s3.py:58} INFO -   Using S3 key part-00000-b9542815-7a8d-45fc-9c67-c9c5007ad0d4-c000.snappy.parquet
[2019-10-02 19:47:12,696] {logging_mixin.py:95} INFO - [[34m2019-10-02 19:47:12,696[0m] {[34mS3_hook.py:[0m201} INFO[0m - Not Found[0m
[2019-10-02 19:47:14,539] {logging_mixin.py:95} INFO - [[34m2019-10-02 19:47:14,539[0m] {[34mS3_hook.py:[0m201} INFO[0m - Not Found[0m
[2019-10-02 19:48:14,126] {load_files_to_s3.py:63} INFO -   Uploaded new S3 key part-00000-b9542815-7a8d-45fc-9c67-c9c5007ad0d4-c000.snappy.parquet to project-capstone-parquet bucket
[2019-10-02 19:48:14,127] {load_files_to_s3.py:55} INFO - Found file /Users/victorialemay/Courses/Udacity/Data Engineering Nanodegree/capstone/project-archive/airflow/data/sas_data/part-00001-b9542815-7a8d-45fc-9c67-c9c5007ad0d4-c000.snappy.parquet
[2019-10-02 19:48:14,127] {load_files_to_s3.py:58} INFO -   Using S3 key part-00001-b9542815-7a8d-45fc-9c67-c9c5007ad0d4-c000.snappy.parquet
[2019-10-02 19:48:14,685] {logging_mixin.py:95} INFO - [[34m2019-10-02 19:48:14,685[0m] {[34mS3_hook.py:[0m201} INFO[0m - Not Found[0m
[2019-10-02 19:48:15,178] {logging_mixin.py:95} INFO - [[34m2019-10-02 19:48:15,177[0m] {[34mS3_hook.py:[0m201} INFO[0m - Not Found[0m
[2019-10-02 19:48:57,081] {load_files_to_s3.py:63} INFO -   Uploaded new S3 key part-00001-b9542815-7a8d-45fc-9c67-c9c5007ad0d4-c000.snappy.parquet to project-capstone-parquet bucket
[2019-10-02 19:48:57,083] {load_files_to_s3.py:55} INFO - Found file /Users/victorialemay/Courses/Udacity/Data Engineering Nanodegree/capstone/project-archive/airflow/data/sas_data/_SUCCESS
[2019-10-02 19:48:57,083] {load_files_to_s3.py:58} INFO -   Using S3 key _SUCCESS
[2019-10-02 19:48:57,619] {logging_mixin.py:95} INFO - [[34m2019-10-02 19:48:57,618[0m] {[34mS3_hook.py:[0m201} INFO[0m - Not Found[0m
[2019-10-02 19:48:58,543] {logging_mixin.py:95} INFO - [[34m2019-10-02 19:48:58,543[0m] {[34mS3_hook.py:[0m201} INFO[0m - Not Found[0m
[2019-10-02 19:48:59,264] {load_files_to_s3.py:63} INFO -   Uploaded new S3 key _SUCCESS to project-capstone-parquet bucket
[2019-10-02 19:48:59,264] {load_files_to_s3.py:55} INFO - Found file /Users/victorialemay/Courses/Udacity/Data Engineering Nanodegree/capstone/project-archive/airflow/data/sas_data/part-00006-b9542815-7a8d-45fc-9c67-c9c5007ad0d4-c000.snappy.parquet
[2019-10-02 19:48:59,264] {load_files_to_s3.py:58} INFO -   Using S3 key part-00006-b9542815-7a8d-45fc-9c67-c9c5007ad0d4-c000.snappy.parquet
[2019-10-02 19:48:59,709] {logging_mixin.py:95} INFO - [[34m2019-10-02 19:48:59,709[0m] {[34mS3_hook.py:[0m201} INFO[0m - Not Found[0m
[2019-10-02 19:49:00,128] {logging_mixin.py:95} INFO - [[34m2019-10-02 19:49:00,128[0m] {[34mS3_hook.py:[0m201} INFO[0m - Not Found[0m
[2019-10-02 19:49:30,669] {load_files_to_s3.py:63} INFO -   Uploaded new S3 key part-00006-b9542815-7a8d-45fc-9c67-c9c5007ad0d4-c000.snappy.parquet to project-capstone-parquet bucket
[2019-10-02 19:49:30,670] {load_files_to_s3.py:55} INFO - Found file /Users/victorialemay/Courses/Udacity/Data Engineering Nanodegree/capstone/project-archive/airflow/data/sas_data/part-00011-b9542815-7a8d-45fc-9c67-c9c5007ad0d4-c000.snappy.parquet
[2019-10-02 19:49:30,670] {load_files_to_s3.py:58} INFO -   Using S3 key part-00011-b9542815-7a8d-45fc-9c67-c9c5007ad0d4-c000.snappy.parquet
[2019-10-02 19:49:31,346] {logging_mixin.py:95} INFO - [[34m2019-10-02 19:49:31,346[0m] {[34mS3_hook.py:[0m201} INFO[0m - Not Found[0m
[2019-10-02 19:49:31,780] {logging_mixin.py:95} INFO - [[34m2019-10-02 19:49:31,780[0m] {[34mS3_hook.py:[0m201} INFO[0m - Not Found[0m
[2019-10-02 19:50:10,196] {load_files_to_s3.py:63} INFO -   Uploaded new S3 key part-00011-b9542815-7a8d-45fc-9c67-c9c5007ad0d4-c000.snappy.parquet to project-capstone-parquet bucket
[2019-10-02 19:50:10,196] {load_files_to_s3.py:67} INFO - S3 file load complete!
[2019-10-02 19:50:12,003] {logging_mixin.py:95} INFO - [[34m2019-10-02 19:50:12,000[0m] {[34mlocal_task_job.py:[0m105} INFO[0m - Task exited with return code 0[0m
