[2019-10-04 14:18:49,205] {taskinstance.py:620} INFO - Dependencies all met for <TaskInstance: capstone_project_dag.Stage_sas_data_parquet_files 2019-10-04T19:18:35.294805+00:00 [queued]>
[2019-10-04 14:18:49,252] {taskinstance.py:620} INFO - Dependencies all met for <TaskInstance: capstone_project_dag.Stage_sas_data_parquet_files 2019-10-04T19:18:35.294805+00:00 [queued]>
[2019-10-04 14:18:49,252] {taskinstance.py:838} INFO - 
--------------------------------------------------------------------------------
[2019-10-04 14:18:49,252] {taskinstance.py:839} INFO - Starting attempt 1 of 4
[2019-10-04 14:18:49,252] {taskinstance.py:840} INFO - 
--------------------------------------------------------------------------------
[2019-10-04 14:18:49,267] {taskinstance.py:859} INFO - Executing <Task(LoadLocalFilesToS3Operator): Stage_sas_data_parquet_files> on 2019-10-04T19:18:35.294805+00:00
[2019-10-04 14:18:49,267] {base_task_runner.py:133} INFO - Running: ['airflow', 'run', 'capstone_project_dag', 'Stage_sas_data_parquet_files', '2019-10-04T19:18:35.294805+00:00', '--job_id', '690', '--pool', 'default_pool', '--raw', '-sd', 'DAGS_FOLDER/project_dag.py', '--cfg_path', '/var/folders/dr/9yvjlnm11xv25k2gknf2n3z00000gn/T/tmp1sw376jx']
[2019-10-04 14:18:50,047] {base_task_runner.py:115} INFO - Job 690: Subtask Stage_sas_data_parquet_files /usr/local/lib/python3.7/site-packages/airflow/configuration.py:627: DeprecationWarning: You have two airflow.cfg files: /Users/victorialemay/airflow/airflow.cfg and /Users/victorialemay/Courses/Udacity/Data Engineering Nanodegree/capstone/project-archive/airflow/airflow.cfg. Airflow used to look at ~/airflow/airflow.cfg, even when AIRFLOW_HOME was set to a different value. Airflow will now only read /Users/victorialemay/Courses/Udacity/Data Engineering Nanodegree/capstone/project-archive/airflow/airflow.cfg, and you should remove the other file
[2019-10-04 14:18:50,047] {base_task_runner.py:115} INFO - Job 690: Subtask Stage_sas_data_parquet_files   category=DeprecationWarning,
[2019-10-04 14:18:50,194] {base_task_runner.py:115} INFO - Job 690: Subtask Stage_sas_data_parquet_files [2019-10-04 14:18:50,194] {settings.py:213} INFO - settings.configure_orm(): Using pool settings. pool_size=5, max_overflow=10, pool_recycle=1800, pid=4036
[2019-10-04 14:18:50,560] {base_task_runner.py:115} INFO - Job 690: Subtask Stage_sas_data_parquet_files [2019-10-04 14:18:50,559] {__init__.py:51} INFO - Using executor LocalExecutor
[2019-10-04 14:18:51,077] {base_task_runner.py:115} INFO - Job 690: Subtask Stage_sas_data_parquet_files [2019-10-04 14:18:51,076] {dagbag.py:90} INFO - Filling up the DagBag from /Users/victorialemay/Courses/Udacity/Data Engineering Nanodegree/capstone/project-archive/airflow/dags/project_dag.py
[2019-10-04 14:18:51,146] {base_task_runner.py:115} INFO - Job 690: Subtask Stage_sas_data_parquet_files [2019-10-04 14:18:51,145] {cli.py:516} INFO - Running <TaskInstance: capstone_project_dag.Stage_sas_data_parquet_files 2019-10-04T19:18:35.294805+00:00 [running]> on host 1.0.0.0.0.0.0.0.0.0.0.0.0.0.0.0.0.0.0.0.0.0.0.0.0.0.0.0.0.0.0.0.ip6.arpa
[2019-10-04 14:18:52,269] {load_files_to_s3.py:49} INFO - Loading to S3 bucket project-capstone-parquet
[2019-10-04 14:18:52,270] {load_files_to_s3.py:50} INFO - Checking /Users/victorialemay/Courses/Udacity/Data Engineering Nanodegree/capstone/project-archive/airflow/data/sas_data directory for files
[2019-10-04 14:18:52,271] {load_files_to_s3.py:55} INFO - Found file /Users/victorialemay/Courses/Udacity/Data Engineering Nanodegree/capstone/project-archive/airflow/data/sas_data/part-00003-b9542815-7a8d-45fc-9c67-c9c5007ad0d4-c000.snappy.parquet
[2019-10-04 14:18:52,271] {load_files_to_s3.py:58} INFO -   Using S3 key part-00003-b9542815-7a8d-45fc-9c67-c9c5007ad0d4-c000.snappy.parquet
[2019-10-04 14:18:53,527] {load_files_to_s3.py:65} INFO -   File already exists in bucket
[2019-10-04 14:18:53,527] {load_files_to_s3.py:55} INFO - Found file /Users/victorialemay/Courses/Udacity/Data Engineering Nanodegree/capstone/project-archive/airflow/data/sas_data/part-00008-b9542815-7a8d-45fc-9c67-c9c5007ad0d4-c000.snappy.parquet
[2019-10-04 14:18:53,527] {load_files_to_s3.py:58} INFO -   Using S3 key part-00008-b9542815-7a8d-45fc-9c67-c9c5007ad0d4-c000.snappy.parquet
[2019-10-04 14:18:54,709] {load_files_to_s3.py:65} INFO -   File already exists in bucket
[2019-10-04 14:18:54,709] {load_files_to_s3.py:55} INFO - Found file /Users/victorialemay/Courses/Udacity/Data Engineering Nanodegree/capstone/project-archive/airflow/data/sas_data/part-00004-b9542815-7a8d-45fc-9c67-c9c5007ad0d4-c000.snappy.parquet
[2019-10-04 14:18:54,709] {load_files_to_s3.py:58} INFO -   Using S3 key part-00004-b9542815-7a8d-45fc-9c67-c9c5007ad0d4-c000.snappy.parquet
[2019-10-04 14:18:55,888] {load_files_to_s3.py:65} INFO -   File already exists in bucket
[2019-10-04 14:18:55,888] {load_files_to_s3.py:55} INFO - Found file /Users/victorialemay/Courses/Udacity/Data Engineering Nanodegree/capstone/project-archive/airflow/data/sas_data/part-00013-b9542815-7a8d-45fc-9c67-c9c5007ad0d4-c000.snappy.parquet
[2019-10-04 14:18:55,888] {load_files_to_s3.py:58} INFO -   Using S3 key part-00013-b9542815-7a8d-45fc-9c67-c9c5007ad0d4-c000.snappy.parquet
[2019-10-04 14:18:57,120] {load_files_to_s3.py:65} INFO -   File already exists in bucket
[2019-10-04 14:18:57,120] {load_files_to_s3.py:55} INFO - Found file /Users/victorialemay/Courses/Udacity/Data Engineering Nanodegree/capstone/project-archive/airflow/data/sas_data/part-00005-b9542815-7a8d-45fc-9c67-c9c5007ad0d4-c000.snappy.parquet
[2019-10-04 14:18:57,120] {load_files_to_s3.py:58} INFO -   Using S3 key part-00005-b9542815-7a8d-45fc-9c67-c9c5007ad0d4-c000.snappy.parquet
[2019-10-04 14:18:58,301] {load_files_to_s3.py:65} INFO -   File already exists in bucket
[2019-10-04 14:18:58,302] {load_files_to_s3.py:55} INFO - Found file /Users/victorialemay/Courses/Udacity/Data Engineering Nanodegree/capstone/project-archive/airflow/data/sas_data/part-00012-b9542815-7a8d-45fc-9c67-c9c5007ad0d4-c000.snappy.parquet
[2019-10-04 14:18:58,302] {load_files_to_s3.py:58} INFO -   Using S3 key part-00012-b9542815-7a8d-45fc-9c67-c9c5007ad0d4-c000.snappy.parquet
[2019-10-04 14:18:59,500] {load_files_to_s3.py:65} INFO -   File already exists in bucket
[2019-10-04 14:18:59,501] {load_files_to_s3.py:55} INFO - Found file /Users/victorialemay/Courses/Udacity/Data Engineering Nanodegree/capstone/project-archive/airflow/data/sas_data/part-00002-b9542815-7a8d-45fc-9c67-c9c5007ad0d4-c000.snappy.parquet
[2019-10-04 14:18:59,501] {load_files_to_s3.py:58} INFO -   Using S3 key part-00002-b9542815-7a8d-45fc-9c67-c9c5007ad0d4-c000.snappy.parquet
[2019-10-04 14:19:00,679] {load_files_to_s3.py:65} INFO -   File already exists in bucket
[2019-10-04 14:19:00,680] {load_files_to_s3.py:55} INFO - Found file /Users/victorialemay/Courses/Udacity/Data Engineering Nanodegree/capstone/project-archive/airflow/data/sas_data/part-00009-b9542815-7a8d-45fc-9c67-c9c5007ad0d4-c000.snappy.parquet
[2019-10-04 14:19:00,680] {load_files_to_s3.py:58} INFO -   Using S3 key part-00009-b9542815-7a8d-45fc-9c67-c9c5007ad0d4-c000.snappy.parquet
[2019-10-04 14:19:01,843] {load_files_to_s3.py:65} INFO -   File already exists in bucket
[2019-10-04 14:19:01,843] {load_files_to_s3.py:55} INFO - Found file /Users/victorialemay/Courses/Udacity/Data Engineering Nanodegree/capstone/project-archive/airflow/data/sas_data/part-00007-b9542815-7a8d-45fc-9c67-c9c5007ad0d4-c000.snappy.parquet
[2019-10-04 14:19:01,843] {load_files_to_s3.py:58} INFO -   Using S3 key part-00007-b9542815-7a8d-45fc-9c67-c9c5007ad0d4-c000.snappy.parquet
[2019-10-04 14:19:03,009] {load_files_to_s3.py:65} INFO -   File already exists in bucket
[2019-10-04 14:19:03,010] {load_files_to_s3.py:55} INFO - Found file /Users/victorialemay/Courses/Udacity/Data Engineering Nanodegree/capstone/project-archive/airflow/data/sas_data/part-00010-b9542815-7a8d-45fc-9c67-c9c5007ad0d4-c000.snappy.parquet
[2019-10-04 14:19:03,010] {load_files_to_s3.py:58} INFO -   Using S3 key part-00010-b9542815-7a8d-45fc-9c67-c9c5007ad0d4-c000.snappy.parquet
[2019-10-04 14:19:04,157] {load_files_to_s3.py:65} INFO -   File already exists in bucket
[2019-10-04 14:19:04,158] {load_files_to_s3.py:55} INFO - Found file /Users/victorialemay/Courses/Udacity/Data Engineering Nanodegree/capstone/project-archive/airflow/data/sas_data/SUCCESS.crc
[2019-10-04 14:19:04,158] {load_files_to_s3.py:58} INFO -   Using S3 key SUCCESS.crc
[2019-10-04 14:19:05,319] {load_files_to_s3.py:65} INFO -   File already exists in bucket
[2019-10-04 14:19:05,319] {load_files_to_s3.py:55} INFO - Found file /Users/victorialemay/Courses/Udacity/Data Engineering Nanodegree/capstone/project-archive/airflow/data/sas_data/part-00000-b9542815-7a8d-45fc-9c67-c9c5007ad0d4-c000.snappy.parquet
[2019-10-04 14:19:05,319] {load_files_to_s3.py:58} INFO -   Using S3 key part-00000-b9542815-7a8d-45fc-9c67-c9c5007ad0d4-c000.snappy.parquet
[2019-10-04 14:19:06,487] {load_files_to_s3.py:65} INFO -   File already exists in bucket
[2019-10-04 14:19:06,487] {load_files_to_s3.py:55} INFO - Found file /Users/victorialemay/Courses/Udacity/Data Engineering Nanodegree/capstone/project-archive/airflow/data/sas_data/part-00001-b9542815-7a8d-45fc-9c67-c9c5007ad0d4-c000.snappy.parquet
[2019-10-04 14:19:06,487] {load_files_to_s3.py:58} INFO -   Using S3 key part-00001-b9542815-7a8d-45fc-9c67-c9c5007ad0d4-c000.snappy.parquet
[2019-10-04 14:19:08,005] {load_files_to_s3.py:65} INFO -   File already exists in bucket
[2019-10-04 14:19:08,005] {load_files_to_s3.py:55} INFO - Found file /Users/victorialemay/Courses/Udacity/Data Engineering Nanodegree/capstone/project-archive/airflow/data/sas_data/_SUCCESS
[2019-10-04 14:19:08,005] {load_files_to_s3.py:58} INFO -   Using S3 key _SUCCESS
[2019-10-04 14:19:09,157] {load_files_to_s3.py:65} INFO -   File already exists in bucket
[2019-10-04 14:19:09,157] {load_files_to_s3.py:55} INFO - Found file /Users/victorialemay/Courses/Udacity/Data Engineering Nanodegree/capstone/project-archive/airflow/data/sas_data/part-00006-b9542815-7a8d-45fc-9c67-c9c5007ad0d4-c000.snappy.parquet
[2019-10-04 14:19:09,157] {load_files_to_s3.py:58} INFO -   Using S3 key part-00006-b9542815-7a8d-45fc-9c67-c9c5007ad0d4-c000.snappy.parquet
[2019-10-04 14:19:10,386] {load_files_to_s3.py:65} INFO -   File already exists in bucket
[2019-10-04 14:19:10,386] {load_files_to_s3.py:55} INFO - Found file /Users/victorialemay/Courses/Udacity/Data Engineering Nanodegree/capstone/project-archive/airflow/data/sas_data/part-00011-b9542815-7a8d-45fc-9c67-c9c5007ad0d4-c000.snappy.parquet
[2019-10-04 14:19:10,386] {load_files_to_s3.py:58} INFO -   Using S3 key part-00011-b9542815-7a8d-45fc-9c67-c9c5007ad0d4-c000.snappy.parquet
[2019-10-04 14:19:11,577] {load_files_to_s3.py:65} INFO -   File already exists in bucket
[2019-10-04 14:19:11,578] {load_files_to_s3.py:67} INFO - S3 file load complete!
[2019-10-04 14:19:14,230] {logging_mixin.py:95} INFO - [[34m2019-10-04 14:19:14,229[0m] {[34mlocal_task_job.py:[0m105} INFO[0m - Task exited with return code 0[0m
