[2019-10-04 11:17:04,281] {taskinstance.py:620} INFO - Dependencies all met for <TaskInstance: capstone_project_dag.Load_travel_modes_dim_table 2019-10-04T16:00:28.512451+00:00 [queued]>
[2019-10-04 11:17:04,304] {taskinstance.py:620} INFO - Dependencies all met for <TaskInstance: capstone_project_dag.Load_travel_modes_dim_table 2019-10-04T16:00:28.512451+00:00 [queued]>
[2019-10-04 11:17:04,304] {taskinstance.py:838} INFO - 
--------------------------------------------------------------------------------
[2019-10-04 11:17:04,304] {taskinstance.py:839} INFO - Starting attempt 2 of 4
[2019-10-04 11:17:04,304] {taskinstance.py:840} INFO - 
--------------------------------------------------------------------------------
[2019-10-04 11:17:04,313] {taskinstance.py:859} INFO - Executing <Task(CopyS3ToRedshiftOperator): Load_travel_modes_dim_table> on 2019-10-04T16:00:28.512451+00:00
[2019-10-04 11:17:04,313] {base_task_runner.py:133} INFO - Running: ['airflow', 'run', 'capstone_project_dag', 'Load_travel_modes_dim_table', '2019-10-04T16:00:28.512451+00:00', '--job_id', '429', '--pool', 'default_pool', '--raw', '-sd', 'DAGS_FOLDER/project_dag.py', '--cfg_path', '/var/folders/dr/9yvjlnm11xv25k2gknf2n3z00000gn/T/tmp_i43bmyr']
[2019-10-04 11:17:04,864] {base_task_runner.py:115} INFO - Job 429: Subtask Load_travel_modes_dim_table /usr/local/lib/python3.7/site-packages/airflow/configuration.py:627: DeprecationWarning: You have two airflow.cfg files: /Users/victorialemay/airflow/airflow.cfg and /Users/victorialemay/Courses/Udacity/Data Engineering Nanodegree/capstone/project-archive/airflow/airflow.cfg. Airflow used to look at ~/airflow/airflow.cfg, even when AIRFLOW_HOME was set to a different value. Airflow will now only read /Users/victorialemay/Courses/Udacity/Data Engineering Nanodegree/capstone/project-archive/airflow/airflow.cfg, and you should remove the other file
[2019-10-04 11:17:04,864] {base_task_runner.py:115} INFO - Job 429: Subtask Load_travel_modes_dim_table   category=DeprecationWarning,
[2019-10-04 11:17:04,960] {base_task_runner.py:115} INFO - Job 429: Subtask Load_travel_modes_dim_table [2019-10-04 11:17:04,960] {settings.py:213} INFO - settings.configure_orm(): Using pool settings. pool_size=5, max_overflow=10, pool_recycle=1800, pid=49877
[2019-10-04 11:17:05,171] {base_task_runner.py:115} INFO - Job 429: Subtask Load_travel_modes_dim_table [2019-10-04 11:17:05,171] {__init__.py:51} INFO - Using executor LocalExecutor
[2019-10-04 11:17:05,579] {base_task_runner.py:115} INFO - Job 429: Subtask Load_travel_modes_dim_table [2019-10-04 11:17:05,578] {dagbag.py:90} INFO - Filling up the DagBag from /Users/victorialemay/Courses/Udacity/Data Engineering Nanodegree/capstone/project-archive/airflow/dags/project_dag.py
[2019-10-04 11:17:05,624] {base_task_runner.py:115} INFO - Job 429: Subtask Load_travel_modes_dim_table [2019-10-04 11:17:05,623] {cli.py:516} INFO - Running <TaskInstance: capstone_project_dag.Load_travel_modes_dim_table 2019-10-04T16:00:28.512451+00:00 [running]> on host 1.0.0.0.0.0.0.0.0.0.0.0.0.0.0.0.0.0.0.0.0.0.0.0.0.0.0.0.0.0.0.0.ip6.arpa
[2019-10-04 11:17:05,659] {copy_s3_to_redshift.py:37} INFO - Using CSV data file travel_modes.json from S3 bucket project-capstone
[2019-10-04 11:17:05,659] {copy_s3_to_redshift.py:38} INFO - Inserting into destination Redshift table travel_modes
[2019-10-04 11:17:05,699] {logging_mixin.py:95} INFO - [[34m2019-10-04 11:17:05,699[0m] {[34mbase_hook.py:[0m84} INFO[0m - Using connection to: [1mid: redshift. Host: redshift-cluster-1.c4i0rfzboubh.us-west-2.redshift.amazonaws.com, Port: 5439, Schema: dev, Login: awsuser, Password: XXXXXXXX, extra: {}[0m[0m
[2019-10-04 11:17:06,306] {logging_mixin.py:95} INFO - [[34m2019-10-04 11:17:06,305[0m] {[34mdbapi_hook.py:[0m171} INFO[0m - TRUNCATE TABLE travel_modes[0m
[2019-10-04 11:17:06,654] {copy_s3_to_redshift.py:47} INFO - Copying data from S3 to Redshift
[2019-10-04 11:17:06,668] {logging_mixin.py:95} INFO - [[34m2019-10-04 11:17:06,668[0m] {[34mbase_hook.py:[0m84} INFO[0m - Using connection to: [1mid: redshift. Host: redshift-cluster-1.c4i0rfzboubh.us-west-2.redshift.amazonaws.com, Port: 5439, Schema: dev, Login: awsuser, Password: XXXXXXXX, extra: {}[0m[0m
[2019-10-04 11:17:07,220] {logging_mixin.py:95} INFO - [[34m2019-10-04 11:17:07,219[0m] {[34mdbapi_hook.py:[0m171} INFO[0m - 
        COPY travel_modes 
        FROM 's3://project-capstone/travel_modes.json'
        ACCESS_KEY_ID 'AKIASZIXFGD4JFXXFSEI'
        SECRET_ACCESS_KEY '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'
        JSON 'auto'
    [0m
[2019-10-04 11:17:07,446] {taskinstance.py:1051} ERROR - The specified S3 prefix 'travel_modes.json' does not exist
DETAIL:  
  -----------------------------------------------
  error:  The specified S3 prefix 'travel_modes.json' does not exist
  code:      8001
  context:   
  query:     161
  location:  s3_utility.cpp:606
  process:   padbmaster [pid=11233]
  -----------------------------------------------

Traceback (most recent call last):
  File "/usr/local/lib/python3.7/site-packages/airflow/models/taskinstance.py", line 926, in _run_raw_task
    result = task_copy.execute(context=context)
  File "/Users/victorialemay/Courses/Udacity/Data Engineering Nanodegree/capstone/project-archive/airflow/plugins/operators/copy_s3_to_redshift.py", line 57, in execute
    redshift.run(formatted_sql)
  File "/usr/local/lib/python3.7/site-packages/airflow/hooks/dbapi_hook.py", line 172, in run
    cur.execute(s)
psycopg2.errors.InternalError_: The specified S3 prefix 'travel_modes.json' does not exist
DETAIL:  
  -----------------------------------------------
  error:  The specified S3 prefix 'travel_modes.json' does not exist
  code:      8001
  context:   
  query:     161
  location:  s3_utility.cpp:606
  process:   padbmaster [pid=11233]
  -----------------------------------------------


[2019-10-04 11:17:07,448] {taskinstance.py:1074} INFO - Marking task as UP_FOR_RETRY
[2019-10-04 11:17:07,477] {base_task_runner.py:115} INFO - Job 429: Subtask Load_travel_modes_dim_table Traceback (most recent call last):
[2019-10-04 11:17:07,477] {base_task_runner.py:115} INFO - Job 429: Subtask Load_travel_modes_dim_table   File "/usr/local/bin/airflow", line 32, in <module>
[2019-10-04 11:17:07,477] {base_task_runner.py:115} INFO - Job 429: Subtask Load_travel_modes_dim_table     args.func(args)
[2019-10-04 11:17:07,477] {base_task_runner.py:115} INFO - Job 429: Subtask Load_travel_modes_dim_table   File "/usr/local/lib/python3.7/site-packages/airflow/utils/cli.py", line 74, in wrapper
[2019-10-04 11:17:07,477] {base_task_runner.py:115} INFO - Job 429: Subtask Load_travel_modes_dim_table     return f(*args, **kwargs)
[2019-10-04 11:17:07,477] {base_task_runner.py:115} INFO - Job 429: Subtask Load_travel_modes_dim_table   File "/usr/local/lib/python3.7/site-packages/airflow/bin/cli.py", line 522, in run
[2019-10-04 11:17:07,478] {base_task_runner.py:115} INFO - Job 429: Subtask Load_travel_modes_dim_table     _run(args, dag, ti)
[2019-10-04 11:17:07,478] {base_task_runner.py:115} INFO - Job 429: Subtask Load_travel_modes_dim_table   File "/usr/local/lib/python3.7/site-packages/airflow/bin/cli.py", line 440, in _run
[2019-10-04 11:17:07,478] {base_task_runner.py:115} INFO - Job 429: Subtask Load_travel_modes_dim_table     pool=args.pool,
[2019-10-04 11:17:07,478] {base_task_runner.py:115} INFO - Job 429: Subtask Load_travel_modes_dim_table   File "/usr/local/lib/python3.7/site-packages/airflow/utils/db.py", line 74, in wrapper
[2019-10-04 11:17:07,478] {base_task_runner.py:115} INFO - Job 429: Subtask Load_travel_modes_dim_table     return func(*args, **kwargs)
[2019-10-04 11:17:07,478] {base_task_runner.py:115} INFO - Job 429: Subtask Load_travel_modes_dim_table   File "/usr/local/lib/python3.7/site-packages/airflow/models/taskinstance.py", line 926, in _run_raw_task
[2019-10-04 11:17:07,478] {base_task_runner.py:115} INFO - Job 429: Subtask Load_travel_modes_dim_table     result = task_copy.execute(context=context)
[2019-10-04 11:17:07,478] {base_task_runner.py:115} INFO - Job 429: Subtask Load_travel_modes_dim_table   File "/Users/victorialemay/Courses/Udacity/Data Engineering Nanodegree/capstone/project-archive/airflow/plugins/operators/copy_s3_to_redshift.py", line 57, in execute
[2019-10-04 11:17:07,478] {base_task_runner.py:115} INFO - Job 429: Subtask Load_travel_modes_dim_table     redshift.run(formatted_sql)
[2019-10-04 11:17:07,478] {base_task_runner.py:115} INFO - Job 429: Subtask Load_travel_modes_dim_table   File "/usr/local/lib/python3.7/site-packages/airflow/hooks/dbapi_hook.py", line 172, in run
[2019-10-04 11:17:07,479] {base_task_runner.py:115} INFO - Job 429: Subtask Load_travel_modes_dim_table     cur.execute(s)
[2019-10-04 11:17:07,479] {base_task_runner.py:115} INFO - Job 429: Subtask Load_travel_modes_dim_table psycopg2.errors.InternalError_: The specified S3 prefix 'travel_modes.json' does not exist
[2019-10-04 11:17:07,479] {base_task_runner.py:115} INFO - Job 429: Subtask Load_travel_modes_dim_table DETAIL:  
[2019-10-04 11:17:07,479] {base_task_runner.py:115} INFO - Job 429: Subtask Load_travel_modes_dim_table   -----------------------------------------------
[2019-10-04 11:17:07,479] {base_task_runner.py:115} INFO - Job 429: Subtask Load_travel_modes_dim_table   error:  The specified S3 prefix 'travel_modes.json' does not exist
[2019-10-04 11:17:07,479] {base_task_runner.py:115} INFO - Job 429: Subtask Load_travel_modes_dim_table   code:      8001
[2019-10-04 11:17:07,480] {base_task_runner.py:115} INFO - Job 429: Subtask Load_travel_modes_dim_table   context:   
[2019-10-04 11:17:07,480] {base_task_runner.py:115} INFO - Job 429: Subtask Load_travel_modes_dim_table   query:     161
[2019-10-04 11:17:07,480] {base_task_runner.py:115} INFO - Job 429: Subtask Load_travel_modes_dim_table   location:  s3_utility.cpp:606
[2019-10-04 11:17:07,481] {base_task_runner.py:115} INFO - Job 429: Subtask Load_travel_modes_dim_table   process:   padbmaster [pid=11233]
[2019-10-04 11:17:07,481] {base_task_runner.py:115} INFO - Job 429: Subtask Load_travel_modes_dim_table   -----------------------------------------------
[2019-10-04 11:17:07,481] {base_task_runner.py:115} INFO - Job 429: Subtask Load_travel_modes_dim_table 
[2019-10-04 11:17:07,481] {base_task_runner.py:115} INFO - Job 429: Subtask Load_travel_modes_dim_table 
[2019-10-04 11:17:09,269] {logging_mixin.py:95} INFO - [[34m2019-10-04 11:17:09,269[0m] {[34mlocal_task_job.py:[0m105} INFO[0m - Task exited with return code 1[0m
