[2019-10-04 18:26:13,231] {taskinstance.py:620} INFO - Dependencies all met for <TaskInstance: capstone_project_dag.create_final_database_tables 2019-10-04T23:25:27.701945+00:00 [queued]>
[2019-10-04 18:26:13,270] {taskinstance.py:620} INFO - Dependencies all met for <TaskInstance: capstone_project_dag.create_final_database_tables 2019-10-04T23:25:27.701945+00:00 [queued]>
[2019-10-04 18:26:13,271] {taskinstance.py:838} INFO - 
--------------------------------------------------------------------------------
[2019-10-04 18:26:13,271] {taskinstance.py:839} INFO - Starting attempt 1 of 4
[2019-10-04 18:26:13,271] {taskinstance.py:840} INFO - 
--------------------------------------------------------------------------------
[2019-10-04 18:26:13,289] {taskinstance.py:859} INFO - Executing <Task(PostgresOperator): create_final_database_tables> on 2019-10-04T23:25:27.701945+00:00
[2019-10-04 18:26:13,289] {base_task_runner.py:133} INFO - Running: ['airflow', 'run', 'capstone_project_dag', 'create_final_database_tables', '2019-10-04T23:25:27.701945+00:00', '--job_id', '919', '--pool', 'default_pool', '--raw', '-sd', 'DAGS_FOLDER/project_dag.py', '--cfg_path', '/var/folders/dr/9yvjlnm11xv25k2gknf2n3z00000gn/T/tmpvkx7k4h6']
[2019-10-04 18:26:13,865] {base_task_runner.py:115} INFO - Job 919: Subtask create_final_database_tables /usr/local/lib/python3.7/site-packages/airflow/configuration.py:627: DeprecationWarning: You have two airflow.cfg files: /Users/victorialemay/airflow/airflow.cfg and /Users/victorialemay/Courses/Udacity/Data Engineering Nanodegree/capstone/project-archive/airflow/airflow.cfg. Airflow used to look at ~/airflow/airflow.cfg, even when AIRFLOW_HOME was set to a different value. Airflow will now only read /Users/victorialemay/Courses/Udacity/Data Engineering Nanodegree/capstone/project-archive/airflow/airflow.cfg, and you should remove the other file
[2019-10-04 18:26:13,866] {base_task_runner.py:115} INFO - Job 919: Subtask create_final_database_tables   category=DeprecationWarning,
[2019-10-04 18:26:13,962] {base_task_runner.py:115} INFO - Job 919: Subtask create_final_database_tables [2019-10-04 18:26:13,962] {settings.py:213} INFO - settings.configure_orm(): Using pool settings. pool_size=5, max_overflow=10, pool_recycle=1800, pid=75283
[2019-10-04 18:26:14,231] {base_task_runner.py:115} INFO - Job 919: Subtask create_final_database_tables [2019-10-04 18:26:14,231] {__init__.py:51} INFO - Using executor LocalExecutor
[2019-10-04 18:26:14,780] {base_task_runner.py:115} INFO - Job 919: Subtask create_final_database_tables [2019-10-04 18:26:14,779] {dagbag.py:90} INFO - Filling up the DagBag from /Users/victorialemay/Courses/Udacity/Data Engineering Nanodegree/capstone/project-archive/airflow/dags/project_dag.py
[2019-10-04 18:26:14,840] {base_task_runner.py:115} INFO - Job 919: Subtask create_final_database_tables [2019-10-04 18:26:14,839] {cli.py:516} INFO - Running <TaskInstance: capstone_project_dag.create_final_database_tables 2019-10-04T23:25:27.701945+00:00 [running]> on host 1.0.0.0.0.0.0.0.0.0.0.0.0.0.0.0.0.0.0.0.0.0.0.0.0.0.0.0.0.0.0.0.ip6.arpa
[2019-10-04 18:26:14,883] {postgres_operator.py:62} INFO - Executing: CREATE TABLE IF NOT EXISTS public.i94_immigration (
    id int4 identity(1,1),
    year int4,
    month int4,
    res_country_code_id int4,
    port_id int4,
    travel_mode_id int4,
    arrival_date timestamp not null,
    departure_date timestamp,
    respondent_age int4,
    visa_type_code_id int4,
    visa_post_code_id int4,
    occupation varchar(256),
    birth_year int4,
    gender char(1),
    visa_type varchar(12),
    CONSTRAINT i94_immigration_pkey PRIMARY KEY (id)
);

CREATE TABLE IF NOT EXISTS public.country_codes (
    id int4 identity(1,1),
    name varchar(256) not null,
    i94_code int4 not null,
    CONSTRAINT country_codes_pkey PRIMARY KEY (id)
);

CREATE TABLE IF NOT EXISTS public.travel_modes (
    id int4 identity(1,1),
    name varchar(256) not null,
    travel_mode_code int4 not null,
    CONSTRAINT travel_modes_pkey PRIMARY KEY (id)
);

CREATE TABLE IF NOT EXISTS public.port_codes (
    id int4 identity(1,1),
    city varchar(512),
    state_id int4,
    i94_port_code varchar(12) not null,
    CONSTRAINT port_codes_pkey PRIMARY KEY (id)
);

CREATE TABLE IF NOT EXISTS public.us_states (
    id int4 identity(1,1),
    name varchar(256) not null,
    state_code varchar(3) not null,
    CONSTRAINT us_states_pkey PRIMARY KEY (id)
);

CREATE TABLE IF NOT EXISTS public.visa_types (
    id int4 identity(1,1),
    name varchar(256) not null,
    visa_type_code int4 not null,
    CONSTRAINT visa_types_pkey PRIMARY KEY (id)
);

CREATE TABLE IF NOT EXISTS public.land_temperatures (
    id int4 identity(1,1),
    date timestamp not null,
    avg_temp numeric(20,16),
    avg_temp_uncertainty numeric(20,16),
    city varchar(256),
    country_code_id int4,
    latitude varchar(12),
    longitude varchar(12),
    CONSTRAINT land_temperatures_pkey PRIMARY KEY (id)
);

CREATE TABLE IF NOT EXISTS public.us_city_demographics (
    id int4 identity(1,1),
    port_code_id int4,
    city varchar(128),
    median_age numeric(5,2),
    male_pop int4,
    female_pop int4,
    total_pop int4,
    num_vets int4,
    foreign_pop int4,
    avg_household_size numeric(3,1),
    race varchar(256),
    race_pop int4,
    CONSTRAINT us_city_demographics_pkey PRIMARY KEY (id)
);
[2019-10-04 18:26:14,900] {logging_mixin.py:95} INFO - [[34m2019-10-04 18:26:14,900[0m] {[34mbase_hook.py:[0m84} INFO[0m - Using connection to: [1mid: redshift. Host: redshift-cluster-1.c4i0rfzboubh.us-west-2.redshift.amazonaws.com, Port: 5439, Schema: dev, Login: awsuser, Password: XXXXXXXX, extra: {}[0m[0m
[2019-10-04 18:26:15,538] {logging_mixin.py:95} INFO - [[34m2019-10-04 18:26:15,538[0m] {[34mdbapi_hook.py:[0m171} INFO[0m - CREATE TABLE IF NOT EXISTS public.i94_immigration (
    id int4 identity(1,1),
    year int4,
    month int4,
    res_country_code_id int4,
    port_id int4,
    travel_mode_id int4,
    arrival_date timestamp not null,
    departure_date timestamp,
    respondent_age int4,
    visa_type_code_id int4,
    visa_post_code_id int4,
    occupation varchar(256),
    birth_year int4,
    gender char(1),
    visa_type varchar(12),
    CONSTRAINT i94_immigration_pkey PRIMARY KEY (id)
);

CREATE TABLE IF NOT EXISTS public.country_codes (
    id int4 identity(1,1),
    name varchar(256) not null,
    i94_code int4 not null,
    CONSTRAINT country_codes_pkey PRIMARY KEY (id)
);

CREATE TABLE IF NOT EXISTS public.travel_modes (
    id int4 identity(1,1),
    name varchar(256) not null,
    travel_mode_code int4 not null,
    CONSTRAINT travel_modes_pkey PRIMARY KEY (id)
);

CREATE TABLE IF NOT EXISTS public.port_codes (
    id int4 identity(1,1),
    city varchar(512),
    state_id int4,
    i94_port_code varchar(12) not null,
    CONSTRAINT port_codes_pkey PRIMARY KEY (id)
);

CREATE TABLE IF NOT EXISTS public.us_states (
    id int4 identity(1,1),
    name varchar(256) not null,
    state_code varchar(3) not null,
    CONSTRAINT us_states_pkey PRIMARY KEY (id)
);

CREATE TABLE IF NOT EXISTS public.visa_types (
    id int4 identity(1,1),
    name varchar(256) not null,
    visa_type_code int4 not null,
    CONSTRAINT visa_types_pkey PRIMARY KEY (id)
);

CREATE TABLE IF NOT EXISTS public.land_temperatures (
    id int4 identity(1,1),
    date timestamp not null,
    avg_temp numeric(20,16),
    avg_temp_uncertainty numeric(20,16),
    city varchar(256),
    country_code_id int4,
    latitude varchar(12),
    longitude varchar(12),
    CONSTRAINT land_temperatures_pkey PRIMARY KEY (id)
);

CREATE TABLE IF NOT EXISTS public.us_city_demographics (
    id int4 identity(1,1),
    port_code_id int4,
    city varchar(128),
    median_age numeric(5,2),
    male_pop int4,
    female_pop int4,
    total_pop int4,
    num_vets int4,
    foreign_pop int4,
    avg_household_size numeric(3,1),
    race varchar(256),
    race_pop int4,
    CONSTRAINT us_city_demographics_pkey PRIMARY KEY (id)
);[0m
[2019-10-04 18:26:18,216] {logging_mixin.py:95} INFO - [[34m2019-10-04 18:26:18,216[0m] {[34mlocal_task_job.py:[0m105} INFO[0m - Task exited with return code 0[0m
