[2019-10-04 17:33:11,160] {taskinstance.py:620} INFO - Dependencies all met for <TaskInstance: capstone_project_dag.Load_temperature_staging_table 2019-10-04T22:32:08.524487+00:00 [queued]>
[2019-10-04 17:33:11,194] {taskinstance.py:620} INFO - Dependencies all met for <TaskInstance: capstone_project_dag.Load_temperature_staging_table 2019-10-04T22:32:08.524487+00:00 [queued]>
[2019-10-04 17:33:11,195] {taskinstance.py:838} INFO - 
--------------------------------------------------------------------------------
[2019-10-04 17:33:11,195] {taskinstance.py:839} INFO - Starting attempt 1 of 4
[2019-10-04 17:33:11,195] {taskinstance.py:840} INFO - 
--------------------------------------------------------------------------------
[2019-10-04 17:33:11,209] {taskinstance.py:859} INFO - Executing <Task(CopyS3ToRedshiftOperator): Load_temperature_staging_table> on 2019-10-04T22:32:08.524487+00:00
[2019-10-04 17:33:11,209] {base_task_runner.py:133} INFO - Running: ['airflow', 'run', 'capstone_project_dag', 'Load_temperature_staging_table', '2019-10-04T22:32:08.524487+00:00', '--job_id', '866', '--pool', 'default_pool', '--raw', '-sd', 'DAGS_FOLDER/project_dag.py', '--cfg_path', '/var/folders/dr/9yvjlnm11xv25k2gknf2n3z00000gn/T/tmp33amrx35']
[2019-10-04 17:33:13,470] {base_task_runner.py:115} INFO - Job 866: Subtask Load_temperature_staging_table /usr/local/lib/python3.7/site-packages/airflow/configuration.py:627: DeprecationWarning: You have two airflow.cfg files: /Users/victorialemay/airflow/airflow.cfg and /Users/victorialemay/Courses/Udacity/Data Engineering Nanodegree/capstone/project-archive/airflow/airflow.cfg. Airflow used to look at ~/airflow/airflow.cfg, even when AIRFLOW_HOME was set to a different value. Airflow will now only read /Users/victorialemay/Courses/Udacity/Data Engineering Nanodegree/capstone/project-archive/airflow/airflow.cfg, and you should remove the other file
[2019-10-04 17:33:13,470] {base_task_runner.py:115} INFO - Job 866: Subtask Load_temperature_staging_table   category=DeprecationWarning,
[2019-10-04 17:33:13,956] {base_task_runner.py:115} INFO - Job 866: Subtask Load_temperature_staging_table [2019-10-04 17:33:13,956] {settings.py:213} INFO - settings.configure_orm(): Using pool settings. pool_size=5, max_overflow=10, pool_recycle=1800, pid=60058
[2019-10-04 17:33:14,925] {base_task_runner.py:115} INFO - Job 866: Subtask Load_temperature_staging_table [2019-10-04 17:33:14,924] {__init__.py:51} INFO - Using executor LocalExecutor
[2019-10-04 17:33:16,655] {base_task_runner.py:115} INFO - Job 866: Subtask Load_temperature_staging_table [2019-10-04 17:33:16,654] {dagbag.py:90} INFO - Filling up the DagBag from /Users/victorialemay/Courses/Udacity/Data Engineering Nanodegree/capstone/project-archive/airflow/dags/project_dag.py
[2019-10-04 17:33:16,814] {base_task_runner.py:115} INFO - Job 866: Subtask Load_temperature_staging_table [2019-10-04 17:33:16,813] {cli.py:516} INFO - Running <TaskInstance: capstone_project_dag.Load_temperature_staging_table 2019-10-04T22:32:08.524487+00:00 [running]> on host 1.0.0.0.0.0.0.0.0.0.0.0.0.0.0.0.0.0.0.0.0.0.0.0.0.0.0.0.0.0.0.0.ip6.arpa
[2019-10-04 17:33:16,916] {copy_s3_to_redshift.py:46} INFO - Using data file GlobalLandTemperaturesByCity.csv from S3 bucket project-capstone
[2019-10-04 17:33:16,916] {copy_s3_to_redshift.py:47} INFO - Inserting into destination Redshift table land_temp_staging
[2019-10-04 17:33:17,004] {logging_mixin.py:95} INFO - [[34m2019-10-04 17:33:17,004[0m] {[34mbase_hook.py:[0m84} INFO[0m - Using connection to: [1mid: redshift. Host: redshift-cluster-1.c4i0rfzboubh.us-west-2.redshift.amazonaws.com, Port: 5439, Schema: dev, Login: awsuser, Password: XXXXXXXX, extra: {}[0m[0m
[2019-10-04 17:33:17,574] {logging_mixin.py:95} INFO - [[34m2019-10-04 17:33:17,574[0m] {[34mdbapi_hook.py:[0m171} INFO[0m - TRUNCATE TABLE land_temp_staging[0m
[2019-10-04 17:33:17,897] {copy_s3_to_redshift.py:56} INFO - Copying data from S3 to Redshift
[2019-10-04 17:33:17,914] {logging_mixin.py:95} INFO - [[34m2019-10-04 17:33:17,913[0m] {[34mbase_hook.py:[0m84} INFO[0m - Using connection to: [1mid: redshift. Host: redshift-cluster-1.c4i0rfzboubh.us-west-2.redshift.amazonaws.com, Port: 5439, Schema: dev, Login: awsuser, Password: XXXXXXXX, extra: {}[0m[0m
[2019-10-04 17:33:18,476] {logging_mixin.py:95} INFO - [[34m2019-10-04 17:33:18,475[0m] {[34mdbapi_hook.py:[0m171} INFO[0m - 
        COPY land_temp_staging 
        FROM 's3://project-capstone/GlobalLandTemperaturesByCity.csv'
        ACCESS_KEY_ID 'AKIASZIXFGD4JFXXFSEI'
        SECRET_ACCESS_KEY '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'
        CSV DELIMITER ',' IGNOREHEADER 1
    [0m
[2019-10-04 17:33:45,442] {copy_s3_to_redshift.py:76} INFO - Data copy complete
[2019-10-04 17:33:46,252] {logging_mixin.py:95} INFO - [[34m2019-10-04 17:33:46,251[0m] {[34mlocal_task_job.py:[0m105} INFO[0m - Task exited with return code 0[0m
