[2019-10-04 12:47:48,137] {taskinstance.py:620} INFO - Dependencies all met for <TaskInstance: capstone_project_dag.Load_i94_immigration_staging_table 2019-10-04T17:41:22.331153+00:00 [queued]>
[2019-10-04 12:47:48,160] {taskinstance.py:620} INFO - Dependencies all met for <TaskInstance: capstone_project_dag.Load_i94_immigration_staging_table 2019-10-04T17:41:22.331153+00:00 [queued]>
[2019-10-04 12:47:48,161] {taskinstance.py:838} INFO - 
--------------------------------------------------------------------------------
[2019-10-04 12:47:48,161] {taskinstance.py:839} INFO - Starting attempt 2 of 4
[2019-10-04 12:47:48,161] {taskinstance.py:840} INFO - 
--------------------------------------------------------------------------------
[2019-10-04 12:47:48,170] {taskinstance.py:859} INFO - Executing <Task(CopyS3ToRedshiftOperator): Load_i94_immigration_staging_table> on 2019-10-04T17:41:22.331153+00:00
[2019-10-04 12:47:48,171] {base_task_runner.py:133} INFO - Running: ['airflow', 'run', 'capstone_project_dag', 'Load_i94_immigration_staging_table', '2019-10-04T17:41:22.331153+00:00', '--job_id', '568', '--pool', 'default_pool', '--raw', '-sd', 'DAGS_FOLDER/project_dag.py', '--cfg_path', '/var/folders/dr/9yvjlnm11xv25k2gknf2n3z00000gn/T/tmplvvjlde9']
[2019-10-04 12:47:48,723] {base_task_runner.py:115} INFO - Job 568: Subtask Load_i94_immigration_staging_table /usr/local/lib/python3.7/site-packages/airflow/configuration.py:627: DeprecationWarning: You have two airflow.cfg files: /Users/victorialemay/airflow/airflow.cfg and /Users/victorialemay/Courses/Udacity/Data Engineering Nanodegree/capstone/project-archive/airflow/airflow.cfg. Airflow used to look at ~/airflow/airflow.cfg, even when AIRFLOW_HOME was set to a different value. Airflow will now only read /Users/victorialemay/Courses/Udacity/Data Engineering Nanodegree/capstone/project-archive/airflow/airflow.cfg, and you should remove the other file
[2019-10-04 12:47:48,724] {base_task_runner.py:115} INFO - Job 568: Subtask Load_i94_immigration_staging_table   category=DeprecationWarning,
[2019-10-04 12:47:48,816] {base_task_runner.py:115} INFO - Job 568: Subtask Load_i94_immigration_staging_table [2019-10-04 12:47:48,816] {settings.py:213} INFO - settings.configure_orm(): Using pool settings. pool_size=5, max_overflow=10, pool_recycle=1800, pid=78029
[2019-10-04 12:47:49,024] {base_task_runner.py:115} INFO - Job 568: Subtask Load_i94_immigration_staging_table [2019-10-04 12:47:49,023] {__init__.py:51} INFO - Using executor LocalExecutor
[2019-10-04 12:47:49,443] {base_task_runner.py:115} INFO - Job 568: Subtask Load_i94_immigration_staging_table [2019-10-04 12:47:49,443] {dagbag.py:90} INFO - Filling up the DagBag from /Users/victorialemay/Courses/Udacity/Data Engineering Nanodegree/capstone/project-archive/airflow/dags/project_dag.py
[2019-10-04 12:47:49,487] {base_task_runner.py:115} INFO - Job 568: Subtask Load_i94_immigration_staging_table [2019-10-04 12:47:49,487] {cli.py:516} INFO - Running <TaskInstance: capstone_project_dag.Load_i94_immigration_staging_table 2019-10-04T17:41:22.331153+00:00 [running]> on host 1.0.0.0.0.0.0.0.0.0.0.0.0.0.0.0.0.0.0.0.0.0.0.0.0.0.0.0.0.0.0.0.ip6.arpa
[2019-10-04 12:47:49,521] {copy_s3_to_redshift.py:44} INFO - Using data file  from S3 bucket project-capstone-parquet
[2019-10-04 12:47:49,522] {copy_s3_to_redshift.py:45} INFO - Inserting into destination Redshift table i94_immigration_staging
[2019-10-04 12:47:49,563] {logging_mixin.py:95} INFO - [[34m2019-10-04 12:47:49,563[0m] {[34mbase_hook.py:[0m84} INFO[0m - Using connection to: [1mid: redshift. Host: redshift-cluster-1.c4i0rfzboubh.us-west-2.redshift.amazonaws.com, Port: 5439, Schema: dev, Login: awsuser, Password: XXXXXXXX, extra: {}[0m[0m
[2019-10-04 12:47:50,167] {logging_mixin.py:95} INFO - [[34m2019-10-04 12:47:50,167[0m] {[34mdbapi_hook.py:[0m171} INFO[0m - TRUNCATE TABLE i94_immigration_staging[0m
[2019-10-04 12:47:50,492] {copy_s3_to_redshift.py:54} INFO - Copying data from S3 to Redshift
[2019-10-04 12:47:50,506] {logging_mixin.py:95} INFO - [[34m2019-10-04 12:47:50,506[0m] {[34mbase_hook.py:[0m84} INFO[0m - Using connection to: [1mid: redshift. Host: redshift-cluster-1.c4i0rfzboubh.us-west-2.redshift.amazonaws.com, Port: 5439, Schema: dev, Login: awsuser, Password: XXXXXXXX, extra: {}[0m[0m
[2019-10-04 12:47:51,073] {logging_mixin.py:95} INFO - [[34m2019-10-04 12:47:51,073[0m] {[34mdbapi_hook.py:[0m171} INFO[0m - 
        COPY i94_immigration_staging 
        FROM 's3://project-capstone-parquet/'
        ACCESS_KEY_ID 'AKIASZIXFGD4JFXXFSEI'
        SECRET_ACCESS_KEY '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'
        FORMAT AS PARQUET
    [0m
[2019-10-04 12:47:51,287] {taskinstance.py:1051} ERROR - COPY from this file format only accepts IAM_ROLE credentials.
DETAIL:  
  -----------------------------------------------
  error:  COPY from this file format only accepts IAM_ROLE credentials.
  code:      8001
  context:   
  query:     0
  location:  xen_copy.cpp:151
  process:   padbmaster [pid=19351]
  -----------------------------------------------

Traceback (most recent call last):
  File "/usr/local/lib/python3.7/site-packages/airflow/models/taskinstance.py", line 926, in _run_raw_task
    result = task_copy.execute(context=context)
  File "/Users/victorialemay/Courses/Udacity/Data Engineering Nanodegree/capstone/project-archive/airflow/plugins/operators/copy_s3_to_redshift.py", line 64, in execute
    redshift.run(formatted_sql)
  File "/usr/local/lib/python3.7/site-packages/airflow/hooks/dbapi_hook.py", line 172, in run
    cur.execute(s)
psycopg2.errors.InternalError_: COPY from this file format only accepts IAM_ROLE credentials.
DETAIL:  
  -----------------------------------------------
  error:  COPY from this file format only accepts IAM_ROLE credentials.
  code:      8001
  context:   
  query:     0
  location:  xen_copy.cpp:151
  process:   padbmaster [pid=19351]
  -----------------------------------------------


[2019-10-04 12:47:51,289] {taskinstance.py:1074} INFO - Marking task as UP_FOR_RETRY
[2019-10-04 12:47:51,314] {base_task_runner.py:115} INFO - Job 568: Subtask Load_i94_immigration_staging_table Traceback (most recent call last):
[2019-10-04 12:47:51,315] {base_task_runner.py:115} INFO - Job 568: Subtask Load_i94_immigration_staging_table   File "/usr/local/bin/airflow", line 32, in <module>
[2019-10-04 12:47:51,315] {base_task_runner.py:115} INFO - Job 568: Subtask Load_i94_immigration_staging_table     args.func(args)
[2019-10-04 12:47:51,315] {base_task_runner.py:115} INFO - Job 568: Subtask Load_i94_immigration_staging_table   File "/usr/local/lib/python3.7/site-packages/airflow/utils/cli.py", line 74, in wrapper
[2019-10-04 12:47:51,315] {base_task_runner.py:115} INFO - Job 568: Subtask Load_i94_immigration_staging_table     return f(*args, **kwargs)
[2019-10-04 12:47:51,315] {base_task_runner.py:115} INFO - Job 568: Subtask Load_i94_immigration_staging_table   File "/usr/local/lib/python3.7/site-packages/airflow/bin/cli.py", line 522, in run
[2019-10-04 12:47:51,315] {base_task_runner.py:115} INFO - Job 568: Subtask Load_i94_immigration_staging_table     _run(args, dag, ti)
[2019-10-04 12:47:51,315] {base_task_runner.py:115} INFO - Job 568: Subtask Load_i94_immigration_staging_table   File "/usr/local/lib/python3.7/site-packages/airflow/bin/cli.py", line 440, in _run
[2019-10-04 12:47:51,315] {base_task_runner.py:115} INFO - Job 568: Subtask Load_i94_immigration_staging_table     pool=args.pool,
[2019-10-04 12:47:51,315] {base_task_runner.py:115} INFO - Job 568: Subtask Load_i94_immigration_staging_table   File "/usr/local/lib/python3.7/site-packages/airflow/utils/db.py", line 74, in wrapper
[2019-10-04 12:47:51,315] {base_task_runner.py:115} INFO - Job 568: Subtask Load_i94_immigration_staging_table     return func(*args, **kwargs)
[2019-10-04 12:47:51,315] {base_task_runner.py:115} INFO - Job 568: Subtask Load_i94_immigration_staging_table   File "/usr/local/lib/python3.7/site-packages/airflow/models/taskinstance.py", line 926, in _run_raw_task
[2019-10-04 12:47:51,316] {base_task_runner.py:115} INFO - Job 568: Subtask Load_i94_immigration_staging_table     result = task_copy.execute(context=context)
[2019-10-04 12:47:51,316] {base_task_runner.py:115} INFO - Job 568: Subtask Load_i94_immigration_staging_table   File "/Users/victorialemay/Courses/Udacity/Data Engineering Nanodegree/capstone/project-archive/airflow/plugins/operators/copy_s3_to_redshift.py", line 64, in execute
[2019-10-04 12:47:51,316] {base_task_runner.py:115} INFO - Job 568: Subtask Load_i94_immigration_staging_table     redshift.run(formatted_sql)
[2019-10-04 12:47:51,316] {base_task_runner.py:115} INFO - Job 568: Subtask Load_i94_immigration_staging_table   File "/usr/local/lib/python3.7/site-packages/airflow/hooks/dbapi_hook.py", line 172, in run
[2019-10-04 12:47:51,316] {base_task_runner.py:115} INFO - Job 568: Subtask Load_i94_immigration_staging_table     cur.execute(s)
[2019-10-04 12:47:51,316] {base_task_runner.py:115} INFO - Job 568: Subtask Load_i94_immigration_staging_table psycopg2.errors.InternalError_: COPY from this file format only accepts IAM_ROLE credentials.
[2019-10-04 12:47:51,316] {base_task_runner.py:115} INFO - Job 568: Subtask Load_i94_immigration_staging_table DETAIL:  
[2019-10-04 12:47:51,316] {base_task_runner.py:115} INFO - Job 568: Subtask Load_i94_immigration_staging_table   -----------------------------------------------
[2019-10-04 12:47:51,316] {base_task_runner.py:115} INFO - Job 568: Subtask Load_i94_immigration_staging_table   error:  COPY from this file format only accepts IAM_ROLE credentials.
[2019-10-04 12:47:51,316] {base_task_runner.py:115} INFO - Job 568: Subtask Load_i94_immigration_staging_table   code:      8001
[2019-10-04 12:47:51,316] {base_task_runner.py:115} INFO - Job 568: Subtask Load_i94_immigration_staging_table   context:   
[2019-10-04 12:47:51,316] {base_task_runner.py:115} INFO - Job 568: Subtask Load_i94_immigration_staging_table   query:     0
[2019-10-04 12:47:51,316] {base_task_runner.py:115} INFO - Job 568: Subtask Load_i94_immigration_staging_table   location:  xen_copy.cpp:151
[2019-10-04 12:47:51,316] {base_task_runner.py:115} INFO - Job 568: Subtask Load_i94_immigration_staging_table   process:   padbmaster [pid=19351]
[2019-10-04 12:47:51,316] {base_task_runner.py:115} INFO - Job 568: Subtask Load_i94_immigration_staging_table   -----------------------------------------------
[2019-10-04 12:47:51,316] {base_task_runner.py:115} INFO - Job 568: Subtask Load_i94_immigration_staging_table 
[2019-10-04 12:47:51,316] {base_task_runner.py:115} INFO - Job 568: Subtask Load_i94_immigration_staging_table 
[2019-10-04 12:47:53,114] {logging_mixin.py:95} INFO - [[34m2019-10-04 12:47:53,113[0m] {[34mlocal_task_job.py:[0m105} INFO[0m - Task exited with return code 1[0m
