[2019-10-04 14:04:17,965] {taskinstance.py:620} INFO - Dependencies all met for <TaskInstance: capstone_project_dag.Load_port_codes_final_table 2019-10-04T18:59:00.806336+00:00 [queued]>
[2019-10-04 14:04:17,972] {taskinstance.py:620} INFO - Dependencies all met for <TaskInstance: capstone_project_dag.Load_port_codes_final_table 2019-10-04T18:59:00.806336+00:00 [queued]>
[2019-10-04 14:04:17,972] {taskinstance.py:838} INFO - 
--------------------------------------------------------------------------------
[2019-10-04 14:04:17,972] {taskinstance.py:839} INFO - Starting attempt 2 of 4
[2019-10-04 14:04:17,972] {taskinstance.py:840} INFO - 
--------------------------------------------------------------------------------
[2019-10-04 14:04:17,992] {taskinstance.py:859} INFO - Executing <Task(LoadFinalTableOperator): Load_port_codes_final_table> on 2019-10-04T18:59:00.806336+00:00
[2019-10-04 14:04:17,992] {base_task_runner.py:133} INFO - Running: ['airflow', 'run', 'capstone_project_dag', 'Load_port_codes_final_table', '2019-10-04T18:59:00.806336+00:00', '--job_id', '686', '--pool', 'default_pool', '--raw', '-sd', 'DAGS_FOLDER/project_dag.py', '--cfg_path', '/var/folders/dr/9yvjlnm11xv25k2gknf2n3z00000gn/T/tmprid204vu']
[2019-10-04 14:04:18,473] {base_task_runner.py:115} INFO - Job 686: Subtask Load_port_codes_final_table /usr/local/lib/python3.7/site-packages/airflow/configuration.py:627: DeprecationWarning: You have two airflow.cfg files: /Users/victorialemay/airflow/airflow.cfg and /Users/victorialemay/Courses/Udacity/Data Engineering Nanodegree/capstone/project-archive/airflow/airflow.cfg. Airflow used to look at ~/airflow/airflow.cfg, even when AIRFLOW_HOME was set to a different value. Airflow will now only read /Users/victorialemay/Courses/Udacity/Data Engineering Nanodegree/capstone/project-archive/airflow/airflow.cfg, and you should remove the other file
[2019-10-04 14:04:18,474] {base_task_runner.py:115} INFO - Job 686: Subtask Load_port_codes_final_table   category=DeprecationWarning,
[2019-10-04 14:04:18,563] {base_task_runner.py:115} INFO - Job 686: Subtask Load_port_codes_final_table [2019-10-04 14:04:18,563] {settings.py:213} INFO - settings.configure_orm(): Using pool settings. pool_size=5, max_overflow=10, pool_recycle=1800, pid=99794
[2019-10-04 14:04:18,803] {base_task_runner.py:115} INFO - Job 686: Subtask Load_port_codes_final_table [2019-10-04 14:04:18,802] {__init__.py:51} INFO - Using executor LocalExecutor
[2019-10-04 14:04:19,161] {base_task_runner.py:115} INFO - Job 686: Subtask Load_port_codes_final_table [2019-10-04 14:04:19,161] {dagbag.py:90} INFO - Filling up the DagBag from /Users/victorialemay/Courses/Udacity/Data Engineering Nanodegree/capstone/project-archive/airflow/dags/project_dag.py
[2019-10-04 14:04:19,207] {base_task_runner.py:115} INFO - Job 686: Subtask Load_port_codes_final_table [2019-10-04 14:04:19,206] {cli.py:516} INFO - Running <TaskInstance: capstone_project_dag.Load_port_codes_final_table 2019-10-04T18:59:00.806336+00:00 [running]> on host 1.0.0.0.0.0.0.0.0.0.0.0.0.0.0.0.0.0.0.0.0.0.0.0.0.0.0.0.0.0.0.0.ip6.arpa
[2019-10-04 14:04:19,241] {load_final_table.py:22} INFO - Loading data into port_codes table
[2019-10-04 14:04:19,255] {logging_mixin.py:95} INFO - [[34m2019-10-04 14:04:19,254[0m] {[34mbase_hook.py:[0m84} INFO[0m - Using connection to: [1mid: redshift. Host: redshift-cluster-1.c4i0rfzboubh.us-west-2.redshift.amazonaws.com, Port: 5439, Schema: dev, Login: awsuser, Password: XXXXXXXX, extra: {}[0m[0m
[2019-10-04 14:04:19,873] {logging_mixin.py:95} INFO - [[34m2019-10-04 14:04:19,873[0m] {[34mdbapi_hook.py:[0m171} INFO[0m - INSERT INTO port_codes 
            SELECT
                port_code_staging.name,
                us_states.id,
                port_code_staging.i94_port_code
            FROM
                port_code_staging
            LEFT JOIN
                us_states ON port_code_staging.state_code = us_states.state_code
        [0m
[2019-10-04 14:04:20,036] {taskinstance.py:1051} ERROR - cannot set an identity column to a value
Traceback (most recent call last):
  File "/usr/local/lib/python3.7/site-packages/airflow/models/taskinstance.py", line 926, in _run_raw_task
    result = task_copy.execute(context=context)
  File "/Users/victorialemay/Courses/Udacity/Data Engineering Nanodegree/capstone/project-archive/airflow/plugins/operators/load_final_table.py", line 29, in execute
    redshift_hook.run("INSERT INTO {} {}".format(self.table, self.select_sql))
  File "/usr/local/lib/python3.7/site-packages/airflow/hooks/dbapi_hook.py", line 172, in run
    cur.execute(s)
psycopg2.errors.FeatureNotSupported: cannot set an identity column to a value

[2019-10-04 14:04:20,040] {taskinstance.py:1074} INFO - Marking task as UP_FOR_RETRY
[2019-10-04 14:04:20,067] {base_task_runner.py:115} INFO - Job 686: Subtask Load_port_codes_final_table Traceback (most recent call last):
[2019-10-04 14:04:20,067] {base_task_runner.py:115} INFO - Job 686: Subtask Load_port_codes_final_table   File "/usr/local/bin/airflow", line 32, in <module>
[2019-10-04 14:04:20,067] {base_task_runner.py:115} INFO - Job 686: Subtask Load_port_codes_final_table     args.func(args)
[2019-10-04 14:04:20,067] {base_task_runner.py:115} INFO - Job 686: Subtask Load_port_codes_final_table   File "/usr/local/lib/python3.7/site-packages/airflow/utils/cli.py", line 74, in wrapper
[2019-10-04 14:04:20,067] {base_task_runner.py:115} INFO - Job 686: Subtask Load_port_codes_final_table     return f(*args, **kwargs)
[2019-10-04 14:04:20,067] {base_task_runner.py:115} INFO - Job 686: Subtask Load_port_codes_final_table   File "/usr/local/lib/python3.7/site-packages/airflow/bin/cli.py", line 522, in run
[2019-10-04 14:04:20,067] {base_task_runner.py:115} INFO - Job 686: Subtask Load_port_codes_final_table     _run(args, dag, ti)
[2019-10-04 14:04:20,067] {base_task_runner.py:115} INFO - Job 686: Subtask Load_port_codes_final_table   File "/usr/local/lib/python3.7/site-packages/airflow/bin/cli.py", line 440, in _run
[2019-10-04 14:04:20,067] {base_task_runner.py:115} INFO - Job 686: Subtask Load_port_codes_final_table     pool=args.pool,
[2019-10-04 14:04:20,068] {base_task_runner.py:115} INFO - Job 686: Subtask Load_port_codes_final_table   File "/usr/local/lib/python3.7/site-packages/airflow/utils/db.py", line 74, in wrapper
[2019-10-04 14:04:20,068] {base_task_runner.py:115} INFO - Job 686: Subtask Load_port_codes_final_table     return func(*args, **kwargs)
[2019-10-04 14:04:20,068] {base_task_runner.py:115} INFO - Job 686: Subtask Load_port_codes_final_table   File "/usr/local/lib/python3.7/site-packages/airflow/models/taskinstance.py", line 926, in _run_raw_task
[2019-10-04 14:04:20,068] {base_task_runner.py:115} INFO - Job 686: Subtask Load_port_codes_final_table     result = task_copy.execute(context=context)
[2019-10-04 14:04:20,068] {base_task_runner.py:115} INFO - Job 686: Subtask Load_port_codes_final_table   File "/Users/victorialemay/Courses/Udacity/Data Engineering Nanodegree/capstone/project-archive/airflow/plugins/operators/load_final_table.py", line 29, in execute
[2019-10-04 14:04:20,068] {base_task_runner.py:115} INFO - Job 686: Subtask Load_port_codes_final_table     redshift_hook.run("INSERT INTO {} {}".format(self.table, self.select_sql))
[2019-10-04 14:04:20,068] {base_task_runner.py:115} INFO - Job 686: Subtask Load_port_codes_final_table   File "/usr/local/lib/python3.7/site-packages/airflow/hooks/dbapi_hook.py", line 172, in run
[2019-10-04 14:04:20,068] {base_task_runner.py:115} INFO - Job 686: Subtask Load_port_codes_final_table     cur.execute(s)
[2019-10-04 14:04:20,068] {base_task_runner.py:115} INFO - Job 686: Subtask Load_port_codes_final_table psycopg2.errors.FeatureNotSupported: cannot set an identity column to a value
[2019-10-04 14:04:20,068] {base_task_runner.py:115} INFO - Job 686: Subtask Load_port_codes_final_table 
[2019-10-04 14:04:22,955] {logging_mixin.py:95} INFO - [[34m2019-10-04 14:04:22,954[0m] {[34mlocal_task_job.py:[0m105} INFO[0m - Task exited with return code 1[0m
