[2019-10-04 19:38:47,849] {taskinstance.py:620} INFO - Dependencies all met for <TaskInstance: capstone_project_dag.Run_staging_tables_quality_checks 2019-10-05T00:36:59.504753+00:00 [queued]>
[2019-10-04 19:38:47,859] {taskinstance.py:620} INFO - Dependencies all met for <TaskInstance: capstone_project_dag.Run_staging_tables_quality_checks 2019-10-05T00:36:59.504753+00:00 [queued]>
[2019-10-04 19:38:47,859] {taskinstance.py:838} INFO - 
--------------------------------------------------------------------------------
[2019-10-04 19:38:47,859] {taskinstance.py:839} INFO - Starting attempt 1 of 4
[2019-10-04 19:38:47,859] {taskinstance.py:840} INFO - 
--------------------------------------------------------------------------------
[2019-10-04 19:38:47,878] {taskinstance.py:859} INFO - Executing <Task(DataQualityCheckOperator): Run_staging_tables_quality_checks> on 2019-10-05T00:36:59.504753+00:00
[2019-10-04 19:38:47,878] {base_task_runner.py:133} INFO - Running: ['airflow', 'run', 'capstone_project_dag', 'Run_staging_tables_quality_checks', '2019-10-05T00:36:59.504753+00:00', '--job_id', '988', '--pool', 'default_pool', '--raw', '-sd', 'DAGS_FOLDER/project_dag.py', '--cfg_path', '/var/folders/dr/9yvjlnm11xv25k2gknf2n3z00000gn/T/tmp_5rwl3ls']
[2019-10-04 19:38:48,354] {base_task_runner.py:115} INFO - Job 988: Subtask Run_staging_tables_quality_checks /usr/local/lib/python3.7/site-packages/airflow/configuration.py:627: DeprecationWarning: You have two airflow.cfg files: /Users/victorialemay/airflow/airflow.cfg and /Users/victorialemay/Courses/Udacity/Data Engineering Nanodegree/capstone/project-archive/airflow/airflow.cfg. Airflow used to look at ~/airflow/airflow.cfg, even when AIRFLOW_HOME was set to a different value. Airflow will now only read /Users/victorialemay/Courses/Udacity/Data Engineering Nanodegree/capstone/project-archive/airflow/airflow.cfg, and you should remove the other file
[2019-10-04 19:38:48,354] {base_task_runner.py:115} INFO - Job 988: Subtask Run_staging_tables_quality_checks   category=DeprecationWarning,
[2019-10-04 19:38:48,446] {base_task_runner.py:115} INFO - Job 988: Subtask Run_staging_tables_quality_checks [2019-10-04 19:38:48,446] {settings.py:213} INFO - settings.configure_orm(): Using pool settings. pool_size=5, max_overflow=10, pool_recycle=1800, pid=95793
[2019-10-04 19:38:48,701] {base_task_runner.py:115} INFO - Job 988: Subtask Run_staging_tables_quality_checks [2019-10-04 19:38:48,700] {__init__.py:51} INFO - Using executor LocalExecutor
[2019-10-04 19:38:49,062] {base_task_runner.py:115} INFO - Job 988: Subtask Run_staging_tables_quality_checks [2019-10-04 19:38:49,062] {dagbag.py:90} INFO - Filling up the DagBag from /Users/victorialemay/Courses/Udacity/Data Engineering Nanodegree/capstone/project-archive/airflow/dags/project_dag.py
[2019-10-04 19:38:49,105] {base_task_runner.py:115} INFO - Job 988: Subtask Run_staging_tables_quality_checks [2019-10-04 19:38:49,104] {cli.py:516} INFO - Running <TaskInstance: capstone_project_dag.Run_staging_tables_quality_checks 2019-10-05T00:36:59.504753+00:00 [running]> on host 1.0.0.0.0.0.0.0.0.0.0.0.0.0.0.0.0.0.0.0.0.0.0.0.0.0.0.0.0.0.0.0.ip6.arpa
[2019-10-04 19:38:49,140] {data_quality_check.py:42} INFO - Checking data in cicid column of i94_immigration_staging table
[2019-10-04 19:38:49,154] {logging_mixin.py:95} INFO - [[34m2019-10-04 19:38:49,153[0m] {[34mbase_hook.py:[0m84} INFO[0m - Using connection to: [1mid: redshift. Host: redshift-cluster-1.c4i0rfzboubh.us-west-2.redshift.amazonaws.com, Port: 5439, Schema: dev, Login: awsuser, Password: XXXXXXXX, extra: {}[0m[0m
[2019-10-04 19:38:49,894] {data_quality_check.py:51} INFO - Found records in i94_immigration_staging
[2019-10-04 19:38:49,895] {data_quality_check.py:42} INFO - Checking data in dt column of land_temp_staging table
[2019-10-04 19:38:49,908] {logging_mixin.py:95} INFO - [[34m2019-10-04 19:38:49,908[0m] {[34mbase_hook.py:[0m84} INFO[0m - Using connection to: [1mid: redshift. Host: redshift-cluster-1.c4i0rfzboubh.us-west-2.redshift.amazonaws.com, Port: 5439, Schema: dev, Login: awsuser, Password: XXXXXXXX, extra: {}[0m[0m
[2019-10-04 19:38:50,704] {data_quality_check.py:51} INFO - Found records in land_temp_staging
[2019-10-04 19:38:50,704] {data_quality_check.py:42} INFO - Checking data in City column of demographic_staging table
[2019-10-04 19:38:50,718] {logging_mixin.py:95} INFO - [[34m2019-10-04 19:38:50,717[0m] {[34mbase_hook.py:[0m84} INFO[0m - Using connection to: [1mid: redshift. Host: redshift-cluster-1.c4i0rfzboubh.us-west-2.redshift.amazonaws.com, Port: 5439, Schema: dev, Login: awsuser, Password: XXXXXXXX, extra: {}[0m[0m
[2019-10-04 19:38:51,463] {data_quality_check.py:51} INFO - Found records in demographic_staging
[2019-10-04 19:38:51,464] {data_quality_check.py:42} INFO - Checking data in name column of port_code_staging table
[2019-10-04 19:38:51,476] {logging_mixin.py:95} INFO - [[34m2019-10-04 19:38:51,475[0m] {[34mbase_hook.py:[0m84} INFO[0m - Using connection to: [1mid: redshift. Host: redshift-cluster-1.c4i0rfzboubh.us-west-2.redshift.amazonaws.com, Port: 5439, Schema: dev, Login: awsuser, Password: XXXXXXXX, extra: {}[0m[0m
[2019-10-04 19:38:52,208] {data_quality_check.py:51} INFO - Found records in port_code_staging
[2019-10-04 19:38:52,208] {data_quality_check.py:42} INFO - Checking data in id column of travel_modes table
[2019-10-04 19:38:52,227] {logging_mixin.py:95} INFO - [[34m2019-10-04 19:38:52,226[0m] {[34mbase_hook.py:[0m84} INFO[0m - Using connection to: [1mid: redshift. Host: redshift-cluster-1.c4i0rfzboubh.us-west-2.redshift.amazonaws.com, Port: 5439, Schema: dev, Login: awsuser, Password: XXXXXXXX, extra: {}[0m[0m
[2019-10-04 19:38:52,981] {data_quality_check.py:51} INFO - Found records in travel_modes
[2019-10-04 19:38:52,981] {data_quality_check.py:42} INFO - Checking data in id column of visa_types table
[2019-10-04 19:38:52,994] {logging_mixin.py:95} INFO - [[34m2019-10-04 19:38:52,994[0m] {[34mbase_hook.py:[0m84} INFO[0m - Using connection to: [1mid: redshift. Host: redshift-cluster-1.c4i0rfzboubh.us-west-2.redshift.amazonaws.com, Port: 5439, Schema: dev, Login: awsuser, Password: XXXXXXXX, extra: {}[0m[0m
[2019-10-04 19:38:53,730] {data_quality_check.py:51} INFO - Found records in visa_types
[2019-10-04 19:38:53,731] {data_quality_check.py:42} INFO - Checking data in id column of us_states table
[2019-10-04 19:38:53,743] {logging_mixin.py:95} INFO - [[34m2019-10-04 19:38:53,743[0m] {[34mbase_hook.py:[0m84} INFO[0m - Using connection to: [1mid: redshift. Host: redshift-cluster-1.c4i0rfzboubh.us-west-2.redshift.amazonaws.com, Port: 5439, Schema: dev, Login: awsuser, Password: XXXXXXXX, extra: {}[0m[0m
[2019-10-04 19:38:54,452] {data_quality_check.py:51} INFO - Found records in us_states
[2019-10-04 19:38:54,452] {data_quality_check.py:42} INFO - Checking data in id column of country_codes table
[2019-10-04 19:38:54,465] {logging_mixin.py:95} INFO - [[34m2019-10-04 19:38:54,465[0m] {[34mbase_hook.py:[0m84} INFO[0m - Using connection to: [1mid: redshift. Host: redshift-cluster-1.c4i0rfzboubh.us-west-2.redshift.amazonaws.com, Port: 5439, Schema: dev, Login: awsuser, Password: XXXXXXXX, extra: {}[0m[0m
[2019-10-04 19:38:55,195] {data_quality_check.py:51} INFO - Found records in country_codes
[2019-10-04 19:38:55,195] {data_quality_check.py:26} INFO - Data quality check complete
[2019-10-04 19:38:57,848] {logging_mixin.py:95} INFO - [[34m2019-10-04 19:38:57,848[0m] {[34mlocal_task_job.py:[0m105} INFO[0m - Task exited with return code 0[0m
