[2019-10-04 17:13:33,301] {taskinstance.py:620} INFO - Dependencies all met for <TaskInstance: capstone_project_dag.Load_temperature_staging_table 2019-10-04T22:11:33.033513+00:00 [queued]>
[2019-10-04 17:13:33,356] {taskinstance.py:620} INFO - Dependencies all met for <TaskInstance: capstone_project_dag.Load_temperature_staging_table 2019-10-04T22:11:33.033513+00:00 [queued]>
[2019-10-04 17:13:33,357] {taskinstance.py:838} INFO - 
--------------------------------------------------------------------------------
[2019-10-04 17:13:33,357] {taskinstance.py:839} INFO - Starting attempt 1 of 4
[2019-10-04 17:13:33,357] {taskinstance.py:840} INFO - 
--------------------------------------------------------------------------------
[2019-10-04 17:13:33,372] {taskinstance.py:859} INFO - Executing <Task(CopyS3ToRedshiftOperator): Load_temperature_staging_table> on 2019-10-04T22:11:33.033513+00:00
[2019-10-04 17:13:33,373] {base_task_runner.py:133} INFO - Running: ['airflow', 'run', 'capstone_project_dag', 'Load_temperature_staging_table', '2019-10-04T22:11:33.033513+00:00', '--job_id', '831', '--pool', 'default_pool', '--raw', '-sd', 'DAGS_FOLDER/project_dag.py', '--cfg_path', '/var/folders/dr/9yvjlnm11xv25k2gknf2n3z00000gn/T/tmpbct3m3ky']
[2019-10-04 17:13:36,079] {base_task_runner.py:115} INFO - Job 831: Subtask Load_temperature_staging_table /usr/local/lib/python3.7/site-packages/airflow/configuration.py:627: DeprecationWarning: You have two airflow.cfg files: /Users/victorialemay/airflow/airflow.cfg and /Users/victorialemay/Courses/Udacity/Data Engineering Nanodegree/capstone/project-archive/airflow/airflow.cfg. Airflow used to look at ~/airflow/airflow.cfg, even when AIRFLOW_HOME was set to a different value. Airflow will now only read /Users/victorialemay/Courses/Udacity/Data Engineering Nanodegree/capstone/project-archive/airflow/airflow.cfg, and you should remove the other file
[2019-10-04 17:13:36,079] {base_task_runner.py:115} INFO - Job 831: Subtask Load_temperature_staging_table   category=DeprecationWarning,
[2019-10-04 17:13:36,513] {base_task_runner.py:115} INFO - Job 831: Subtask Load_temperature_staging_table [2019-10-04 17:13:36,513] {settings.py:213} INFO - settings.configure_orm(): Using pool settings. pool_size=5, max_overflow=10, pool_recycle=1800, pid=53962
[2019-10-04 17:13:37,839] {base_task_runner.py:115} INFO - Job 831: Subtask Load_temperature_staging_table [2019-10-04 17:13:37,838] {__init__.py:51} INFO - Using executor LocalExecutor
[2019-10-04 17:13:39,685] {base_task_runner.py:115} INFO - Job 831: Subtask Load_temperature_staging_table [2019-10-04 17:13:39,684] {dagbag.py:90} INFO - Filling up the DagBag from /Users/victorialemay/Courses/Udacity/Data Engineering Nanodegree/capstone/project-archive/airflow/dags/project_dag.py
[2019-10-04 17:13:39,765] {base_task_runner.py:115} INFO - Job 831: Subtask Load_temperature_staging_table [2019-10-04 17:13:39,764] {cli.py:516} INFO - Running <TaskInstance: capstone_project_dag.Load_temperature_staging_table 2019-10-04T22:11:33.033513+00:00 [running]> on host 1.0.0.0.0.0.0.0.0.0.0.0.0.0.0.0.0.0.0.0.0.0.0.0.0.0.0.0.0.0.0.0.ip6.arpa
[2019-10-04 17:13:39,817] {copy_s3_to_redshift.py:46} INFO - Using data file GlobalLandTemperaturesByCity.csv from S3 bucket project-capstone
[2019-10-04 17:13:39,817] {copy_s3_to_redshift.py:47} INFO - Inserting into destination Redshift table land_temp_staging
[2019-10-04 17:13:39,905] {logging_mixin.py:95} INFO - [[34m2019-10-04 17:13:39,904[0m] {[34mbase_hook.py:[0m84} INFO[0m - Using connection to: [1mid: redshift. Host: redshift-cluster-1.c4i0rfzboubh.us-west-2.redshift.amazonaws.com, Port: 5439, Schema: dev, Login: awsuser, Password: XXXXXXXX, extra: {}[0m[0m
[2019-10-04 17:13:40,463] {logging_mixin.py:95} INFO - [[34m2019-10-04 17:13:40,462[0m] {[34mdbapi_hook.py:[0m171} INFO[0m - TRUNCATE TABLE land_temp_staging[0m
[2019-10-04 17:13:40,791] {copy_s3_to_redshift.py:56} INFO - Copying data from S3 to Redshift
[2019-10-04 17:13:40,804] {logging_mixin.py:95} INFO - [[34m2019-10-04 17:13:40,804[0m] {[34mbase_hook.py:[0m84} INFO[0m - Using connection to: [1mid: redshift. Host: redshift-cluster-1.c4i0rfzboubh.us-west-2.redshift.amazonaws.com, Port: 5439, Schema: dev, Login: awsuser, Password: XXXXXXXX, extra: {}[0m[0m
[2019-10-04 17:13:41,360] {logging_mixin.py:95} INFO - [[34m2019-10-04 17:13:41,360[0m] {[34mdbapi_hook.py:[0m171} INFO[0m - 
        COPY land_temp_staging 
        FROM 's3://project-capstone/GlobalLandTemperaturesByCity.csv'
        ACCESS_KEY_ID 'AKIASZIXFGD4JFXXFSEI'
        SECRET_ACCESS_KEY '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'
        CSV DELIMITER ',' IGNOREHEADER 1
    [0m
[2019-10-04 17:14:11,933] {copy_s3_to_redshift.py:76} INFO - Data copy complete
[2019-10-04 17:14:13,316] {logging_mixin.py:95} INFO - [[34m2019-10-04 17:14:13,315[0m] {[34mlocal_task_job.py:[0m105} INFO[0m - Task exited with return code 0[0m
