[2019-10-04 20:23:12,337] {taskinstance.py:620} INFO - Dependencies all met for <TaskInstance: capstone_project_dag.Load_i94_immigration_rollup_final_table 2019-10-05T01:16:11.794605+00:00 [queued]>
[2019-10-04 20:23:12,358] {taskinstance.py:620} INFO - Dependencies all met for <TaskInstance: capstone_project_dag.Load_i94_immigration_rollup_final_table 2019-10-05T01:16:11.794605+00:00 [queued]>
[2019-10-04 20:23:12,358] {taskinstance.py:838} INFO - 
--------------------------------------------------------------------------------
[2019-10-04 20:23:12,358] {taskinstance.py:839} INFO - Starting attempt 1 of 4
[2019-10-04 20:23:12,358] {taskinstance.py:840} INFO - 
--------------------------------------------------------------------------------
[2019-10-04 20:23:12,367] {taskinstance.py:859} INFO - Executing <Task(LoadFinalTableOperator): Load_i94_immigration_rollup_final_table> on 2019-10-05T01:16:11.794605+00:00
[2019-10-04 20:23:12,367] {base_task_runner.py:133} INFO - Running: ['airflow', 'run', 'capstone_project_dag', 'Load_i94_immigration_rollup_final_table', '2019-10-05T01:16:11.794605+00:00', '--job_id', '1042', '--pool', 'default_pool', '--raw', '-sd', 'DAGS_FOLDER/project_dag.py', '--cfg_path', '/var/folders/dr/9yvjlnm11xv25k2gknf2n3z00000gn/T/tmpn_4b4aai']
[2019-10-04 20:23:12,845] {base_task_runner.py:115} INFO - Job 1042: Subtask Load_i94_immigration_rollup_final_table /usr/local/lib/python3.7/site-packages/airflow/configuration.py:627: DeprecationWarning: You have two airflow.cfg files: /Users/victorialemay/airflow/airflow.cfg and /Users/victorialemay/Courses/Udacity/Data Engineering Nanodegree/capstone/project-archive/airflow/airflow.cfg. Airflow used to look at ~/airflow/airflow.cfg, even when AIRFLOW_HOME was set to a different value. Airflow will now only read /Users/victorialemay/Courses/Udacity/Data Engineering Nanodegree/capstone/project-archive/airflow/airflow.cfg, and you should remove the other file
[2019-10-04 20:23:12,845] {base_task_runner.py:115} INFO - Job 1042: Subtask Load_i94_immigration_rollup_final_table   category=DeprecationWarning,
[2019-10-04 20:23:12,939] {base_task_runner.py:115} INFO - Job 1042: Subtask Load_i94_immigration_rollup_final_table [2019-10-04 20:23:12,938] {settings.py:213} INFO - settings.configure_orm(): Using pool settings. pool_size=5, max_overflow=10, pool_recycle=1800, pid=9509
[2019-10-04 20:23:13,218] {base_task_runner.py:115} INFO - Job 1042: Subtask Load_i94_immigration_rollup_final_table [2019-10-04 20:23:13,218] {__init__.py:51} INFO - Using executor LocalExecutor
[2019-10-04 20:23:13,574] {base_task_runner.py:115} INFO - Job 1042: Subtask Load_i94_immigration_rollup_final_table [2019-10-04 20:23:13,574] {dagbag.py:90} INFO - Filling up the DagBag from /Users/victorialemay/Courses/Udacity/Data Engineering Nanodegree/capstone/project-archive/airflow/dags/project_dag.py
[2019-10-04 20:23:13,618] {base_task_runner.py:115} INFO - Job 1042: Subtask Load_i94_immigration_rollup_final_table [2019-10-04 20:23:13,617] {cli.py:516} INFO - Running <TaskInstance: capstone_project_dag.Load_i94_immigration_rollup_final_table 2019-10-05T01:16:11.794605+00:00 [running]> on host 1.0.0.0.0.0.0.0.0.0.0.0.0.0.0.0.0.0.0.0.0.0.0.0.0.0.0.0.0.0.0.0.ip6.arpa
[2019-10-04 20:23:13,653] {load_final_table.py:24} INFO - Loading data into i94_immigration_by_year_month_port table
[2019-10-04 20:23:13,653] {load_final_table.py:34} INFO - Using columns: year, month, city, state_code, i94_port_code, total, total_men, total_women, avg_age
[2019-10-04 20:23:13,666] {logging_mixin.py:95} INFO - [[34m2019-10-04 20:23:13,666[0m] {[34mbase_hook.py:[0m84} INFO[0m - Using connection to: [1mid: redshift. Host: redshift-cluster-1.c4i0rfzboubh.us-west-2.redshift.amazonaws.com, Port: 5439, Schema: dev, Login: awsuser, Password: XXXXXXXX, extra: {}[0m[0m
[2019-10-04 20:23:14,242] {logging_mixin.py:95} INFO - [[34m2019-10-04 20:23:14,242[0m] {[34mdbapi_hook.py:[0m171} INFO[0m - INSERT INTO i94_immigration_by_year_month_port (year, month, city, state_code, i94_port_code, total, total_men, total_women, avg_age) 
        SELECT 
	        public.i94_immigration.year, 
            public.i94_immigration.month, 
            public.port_codes.city,
            us_states.state_code,
            public.port_codes.i94_port_code,
            COUNT(public.i94_immigration.id) as total, 
            COUNT(CASE WHEN public.i94_immigration.gender = 'M' THEN 1 END) as total_men,
	        COUNT(CASE WHEN public.i94_immigration.gender = 'F' THEN 1 END) as total_women,
	        AVG(public.i94_immigration.respondent_age) as avg_age
        FROM 
	        public.i94_immigration
        LEFT JOIN 
	        port_codes ON public.i94_immigration.port_id = public.port_codes.id
        LEFT JOIN
	        us_states ON port_codes.state_id = us_states.id
        GROUP BY 
	        public.i94_immigration.year, 
            public.i94_immigration.month, 
            port_codes.city,
            us_states.state_code,
            port_codes.i94_port_code;
    [0m
[2019-10-04 20:23:30,682] {load_final_table.py:38} INFO - Data load complete
[2019-10-04 20:23:32,370] {logging_mixin.py:95} INFO - [[34m2019-10-04 20:23:32,369[0m] {[34mlocal_task_job.py:[0m105} INFO[0m - Task exited with return code 0[0m
