[2019-10-04 19:27:09,869] {taskinstance.py:620} INFO - Dependencies all met for <TaskInstance: capstone_project_dag.Run_staging_tables_quality_checks 2019-10-05T00:25:24.611163+00:00 [queued]>
[2019-10-04 19:27:09,878] {taskinstance.py:620} INFO - Dependencies all met for <TaskInstance: capstone_project_dag.Run_staging_tables_quality_checks 2019-10-05T00:25:24.611163+00:00 [queued]>
[2019-10-04 19:27:09,878] {taskinstance.py:838} INFO - 
--------------------------------------------------------------------------------
[2019-10-04 19:27:09,878] {taskinstance.py:839} INFO - Starting attempt 1 of 4
[2019-10-04 19:27:09,878] {taskinstance.py:840} INFO - 
--------------------------------------------------------------------------------
[2019-10-04 19:27:09,897] {taskinstance.py:859} INFO - Executing <Task(DataQualityCheckOperator): Run_staging_tables_quality_checks> on 2019-10-05T00:25:24.611163+00:00
[2019-10-04 19:27:09,898] {base_task_runner.py:133} INFO - Running: ['airflow', 'run', 'capstone_project_dag', 'Run_staging_tables_quality_checks', '2019-10-05T00:25:24.611163+00:00', '--job_id', '949', '--pool', 'default_pool', '--raw', '-sd', 'DAGS_FOLDER/project_dag.py', '--cfg_path', '/var/folders/dr/9yvjlnm11xv25k2gknf2n3z00000gn/T/tmpoq5z04h9']
[2019-10-04 19:27:10,378] {base_task_runner.py:115} INFO - Job 949: Subtask Run_staging_tables_quality_checks /usr/local/lib/python3.7/site-packages/airflow/configuration.py:627: DeprecationWarning: You have two airflow.cfg files: /Users/victorialemay/airflow/airflow.cfg and /Users/victorialemay/Courses/Udacity/Data Engineering Nanodegree/capstone/project-archive/airflow/airflow.cfg. Airflow used to look at ~/airflow/airflow.cfg, even when AIRFLOW_HOME was set to a different value. Airflow will now only read /Users/victorialemay/Courses/Udacity/Data Engineering Nanodegree/capstone/project-archive/airflow/airflow.cfg, and you should remove the other file
[2019-10-04 19:27:10,378] {base_task_runner.py:115} INFO - Job 949: Subtask Run_staging_tables_quality_checks   category=DeprecationWarning,
[2019-10-04 19:27:10,508] {base_task_runner.py:115} INFO - Job 949: Subtask Run_staging_tables_quality_checks [2019-10-04 19:27:10,508] {settings.py:213} INFO - settings.configure_orm(): Using pool settings. pool_size=5, max_overflow=10, pool_recycle=1800, pid=91591
[2019-10-04 19:27:10,729] {base_task_runner.py:115} INFO - Job 949: Subtask Run_staging_tables_quality_checks [2019-10-04 19:27:10,729] {__init__.py:51} INFO - Using executor LocalExecutor
[2019-10-04 19:27:11,081] {base_task_runner.py:115} INFO - Job 949: Subtask Run_staging_tables_quality_checks [2019-10-04 19:27:11,081] {dagbag.py:90} INFO - Filling up the DagBag from /Users/victorialemay/Courses/Udacity/Data Engineering Nanodegree/capstone/project-archive/airflow/dags/project_dag.py
[2019-10-04 19:27:11,124] {base_task_runner.py:115} INFO - Job 949: Subtask Run_staging_tables_quality_checks [2019-10-04 19:27:11,123] {cli.py:516} INFO - Running <TaskInstance: capstone_project_dag.Run_staging_tables_quality_checks 2019-10-05T00:25:24.611163+00:00 [running]> on host 1.0.0.0.0.0.0.0.0.0.0.0.0.0.0.0.0.0.0.0.0.0.0.0.0.0.0.0.0.0.0.0.ip6.arpa
[2019-10-04 19:27:11,159] {taskinstance.py:1051} ERROR - 'DataQualityCheckOperator' object has no attribute 'column'
Traceback (most recent call last):
  File "/usr/local/lib/python3.7/site-packages/airflow/models/taskinstance.py", line 926, in _run_raw_task
    result = task_copy.execute(context=context)
  File "/Users/victorialemay/Courses/Udacity/Data Engineering Nanodegree/capstone/project-archive/airflow/plugins/operators/data_quality_check.py", line 21, in execute
    self.log.info("Checking data in {} column of {} table".format(self.column, self.table))
AttributeError: 'DataQualityCheckOperator' object has no attribute 'column'
[2019-10-04 19:27:11,162] {taskinstance.py:1074} INFO - Marking task as UP_FOR_RETRY
[2019-10-04 19:27:11,188] {base_task_runner.py:115} INFO - Job 949: Subtask Run_staging_tables_quality_checks Traceback (most recent call last):
[2019-10-04 19:27:11,188] {base_task_runner.py:115} INFO - Job 949: Subtask Run_staging_tables_quality_checks   File "/usr/local/bin/airflow", line 32, in <module>
[2019-10-04 19:27:11,188] {base_task_runner.py:115} INFO - Job 949: Subtask Run_staging_tables_quality_checks     args.func(args)
[2019-10-04 19:27:11,188] {base_task_runner.py:115} INFO - Job 949: Subtask Run_staging_tables_quality_checks   File "/usr/local/lib/python3.7/site-packages/airflow/utils/cli.py", line 74, in wrapper
[2019-10-04 19:27:11,188] {base_task_runner.py:115} INFO - Job 949: Subtask Run_staging_tables_quality_checks     return f(*args, **kwargs)
[2019-10-04 19:27:11,188] {base_task_runner.py:115} INFO - Job 949: Subtask Run_staging_tables_quality_checks   File "/usr/local/lib/python3.7/site-packages/airflow/bin/cli.py", line 522, in run
[2019-10-04 19:27:11,188] {base_task_runner.py:115} INFO - Job 949: Subtask Run_staging_tables_quality_checks     _run(args, dag, ti)
[2019-10-04 19:27:11,189] {base_task_runner.py:115} INFO - Job 949: Subtask Run_staging_tables_quality_checks   File "/usr/local/lib/python3.7/site-packages/airflow/bin/cli.py", line 440, in _run
[2019-10-04 19:27:11,189] {base_task_runner.py:115} INFO - Job 949: Subtask Run_staging_tables_quality_checks     pool=args.pool,
[2019-10-04 19:27:11,189] {base_task_runner.py:115} INFO - Job 949: Subtask Run_staging_tables_quality_checks   File "/usr/local/lib/python3.7/site-packages/airflow/utils/db.py", line 74, in wrapper
[2019-10-04 19:27:11,189] {base_task_runner.py:115} INFO - Job 949: Subtask Run_staging_tables_quality_checks     return func(*args, **kwargs)
[2019-10-04 19:27:11,189] {base_task_runner.py:115} INFO - Job 949: Subtask Run_staging_tables_quality_checks   File "/usr/local/lib/python3.7/site-packages/airflow/models/taskinstance.py", line 926, in _run_raw_task
[2019-10-04 19:27:11,189] {base_task_runner.py:115} INFO - Job 949: Subtask Run_staging_tables_quality_checks     result = task_copy.execute(context=context)
[2019-10-04 19:27:11,189] {base_task_runner.py:115} INFO - Job 949: Subtask Run_staging_tables_quality_checks   File "/Users/victorialemay/Courses/Udacity/Data Engineering Nanodegree/capstone/project-archive/airflow/plugins/operators/data_quality_check.py", line 21, in execute
[2019-10-04 19:27:11,189] {base_task_runner.py:115} INFO - Job 949: Subtask Run_staging_tables_quality_checks     self.log.info("Checking data in {} column of {} table".format(self.column, self.table))
[2019-10-04 19:27:11,189] {base_task_runner.py:115} INFO - Job 949: Subtask Run_staging_tables_quality_checks AttributeError: 'DataQualityCheckOperator' object has no attribute 'column'
[2019-10-04 19:27:14,853] {logging_mixin.py:95} INFO - [[34m2019-10-04 19:27:14,852[0m] {[34mlocal_task_job.py:[0m105} INFO[0m - Task exited with return code 1[0m
