[2019-10-04 19:32:22,746] {taskinstance.py:620} INFO - Dependencies all met for <TaskInstance: capstone_project_dag.Run_staging_tables_quality_checks 2019-10-05T00:25:24.611163+00:00 [queued]>
[2019-10-04 19:32:22,771] {taskinstance.py:620} INFO - Dependencies all met for <TaskInstance: capstone_project_dag.Run_staging_tables_quality_checks 2019-10-05T00:25:24.611163+00:00 [queued]>
[2019-10-04 19:32:22,771] {taskinstance.py:838} INFO - 
--------------------------------------------------------------------------------
[2019-10-04 19:32:22,771] {taskinstance.py:839} INFO - Starting attempt 2 of 4
[2019-10-04 19:32:22,772] {taskinstance.py:840} INFO - 
--------------------------------------------------------------------------------
[2019-10-04 19:32:22,780] {taskinstance.py:859} INFO - Executing <Task(DataQualityCheckOperator): Run_staging_tables_quality_checks> on 2019-10-05T00:25:24.611163+00:00
[2019-10-04 19:32:22,781] {base_task_runner.py:133} INFO - Running: ['airflow', 'run', 'capstone_project_dag', 'Run_staging_tables_quality_checks', '2019-10-05T00:25:24.611163+00:00', '--job_id', '969', '--pool', 'default_pool', '--raw', '-sd', 'DAGS_FOLDER/project_dag.py', '--cfg_path', '/var/folders/dr/9yvjlnm11xv25k2gknf2n3z00000gn/T/tmp6unmzzpc']
[2019-10-04 19:32:23,283] {base_task_runner.py:115} INFO - Job 969: Subtask Run_staging_tables_quality_checks /usr/local/lib/python3.7/site-packages/airflow/configuration.py:627: DeprecationWarning: You have two airflow.cfg files: /Users/victorialemay/airflow/airflow.cfg and /Users/victorialemay/Courses/Udacity/Data Engineering Nanodegree/capstone/project-archive/airflow/airflow.cfg. Airflow used to look at ~/airflow/airflow.cfg, even when AIRFLOW_HOME was set to a different value. Airflow will now only read /Users/victorialemay/Courses/Udacity/Data Engineering Nanodegree/capstone/project-archive/airflow/airflow.cfg, and you should remove the other file
[2019-10-04 19:32:23,283] {base_task_runner.py:115} INFO - Job 969: Subtask Run_staging_tables_quality_checks   category=DeprecationWarning,
[2019-10-04 19:32:23,414] {base_task_runner.py:115} INFO - Job 969: Subtask Run_staging_tables_quality_checks [2019-10-04 19:32:23,413] {settings.py:213} INFO - settings.configure_orm(): Using pool settings. pool_size=5, max_overflow=10, pool_recycle=1800, pid=93486
[2019-10-04 19:32:23,669] {base_task_runner.py:115} INFO - Job 969: Subtask Run_staging_tables_quality_checks [2019-10-04 19:32:23,668] {__init__.py:51} INFO - Using executor LocalExecutor
[2019-10-04 19:32:24,104] {base_task_runner.py:115} INFO - Job 969: Subtask Run_staging_tables_quality_checks [2019-10-04 19:32:24,104] {dagbag.py:90} INFO - Filling up the DagBag from /Users/victorialemay/Courses/Udacity/Data Engineering Nanodegree/capstone/project-archive/airflow/dags/project_dag.py
[2019-10-04 19:32:24,153] {base_task_runner.py:115} INFO - Job 969: Subtask Run_staging_tables_quality_checks [2019-10-04 19:32:24,152] {cli.py:516} INFO - Running <TaskInstance: capstone_project_dag.Run_staging_tables_quality_checks 2019-10-05T00:25:24.611163+00:00 [running]> on host 1.0.0.0.0.0.0.0.0.0.0.0.0.0.0.0.0.0.0.0.0.0.0.0.0.0.0.0.0.0.0.0.ip6.arpa
[2019-10-04 19:32:24,190] {data_quality_check.py:42} INFO - Checking data in cicid column of i94_immigration_staging table
[2019-10-04 19:32:24,204] {logging_mixin.py:95} INFO - [[34m2019-10-04 19:32:24,204[0m] {[34mbase_hook.py:[0m84} INFO[0m - Using connection to: [1mid: redshift. Host: redshift-cluster-1.c4i0rfzboubh.us-west-2.redshift.amazonaws.com, Port: 5439, Schema: dev, Login: awsuser, Password: XXXXXXXX, extra: {}[0m[0m
[2019-10-04 19:32:24,929] {data_quality_check.py:51} INFO - Found records in i94_immigration_staging
[2019-10-04 19:32:24,930] {data_quality_check.py:42} INFO - Checking data in dt column of land_temp_staging table
[2019-10-04 19:32:24,943] {logging_mixin.py:95} INFO - [[34m2019-10-04 19:32:24,943[0m] {[34mbase_hook.py:[0m84} INFO[0m - Using connection to: [1mid: redshift. Host: redshift-cluster-1.c4i0rfzboubh.us-west-2.redshift.amazonaws.com, Port: 5439, Schema: dev, Login: awsuser, Password: XXXXXXXX, extra: {}[0m[0m
[2019-10-04 19:32:25,694] {data_quality_check.py:51} INFO - Found records in land_temp_staging
[2019-10-04 19:32:25,694] {data_quality_check.py:42} INFO - Checking data in City column of demographic_staging table
[2019-10-04 19:32:25,710] {logging_mixin.py:95} INFO - [[34m2019-10-04 19:32:25,710[0m] {[34mbase_hook.py:[0m84} INFO[0m - Using connection to: [1mid: redshift. Host: redshift-cluster-1.c4i0rfzboubh.us-west-2.redshift.amazonaws.com, Port: 5439, Schema: dev, Login: awsuser, Password: XXXXXXXX, extra: {}[0m[0m
[2019-10-04 19:32:26,444] {data_quality_check.py:51} INFO - Found records in demographic_staging
[2019-10-04 19:32:26,445] {data_quality_check.py:42} INFO - Checking data in name column of port_code_staging table
[2019-10-04 19:32:26,470] {logging_mixin.py:95} INFO - [[34m2019-10-04 19:32:26,469[0m] {[34mbase_hook.py:[0m84} INFO[0m - Using connection to: [1mid: redshift. Host: redshift-cluster-1.c4i0rfzboubh.us-west-2.redshift.amazonaws.com, Port: 5439, Schema: dev, Login: awsuser, Password: XXXXXXXX, extra: {}[0m[0m
[2019-10-04 19:32:27,194] {data_quality_check.py:51} INFO - Found records in port_code_staging
[2019-10-04 19:32:27,195] {data_quality_check.py:42} INFO - Checking data in id column of travel_modes table
[2019-10-04 19:32:27,210] {logging_mixin.py:95} INFO - [[34m2019-10-04 19:32:27,210[0m] {[34mbase_hook.py:[0m84} INFO[0m - Using connection to: [1mid: redshift. Host: redshift-cluster-1.c4i0rfzboubh.us-west-2.redshift.amazonaws.com, Port: 5439, Schema: dev, Login: awsuser, Password: XXXXXXXX, extra: {}[0m[0m
[2019-10-04 19:32:27,954] {data_quality_check.py:51} INFO - Found records in travel_modes
[2019-10-04 19:32:27,954] {data_quality_check.py:42} INFO - Checking data in id column of visa_types table
[2019-10-04 19:32:27,967] {logging_mixin.py:95} INFO - [[34m2019-10-04 19:32:27,967[0m] {[34mbase_hook.py:[0m84} INFO[0m - Using connection to: [1mid: redshift. Host: redshift-cluster-1.c4i0rfzboubh.us-west-2.redshift.amazonaws.com, Port: 5439, Schema: dev, Login: awsuser, Password: XXXXXXXX, extra: {}[0m[0m
[2019-10-04 19:32:28,690] {data_quality_check.py:51} INFO - Found records in visa_types
[2019-10-04 19:32:28,690] {data_quality_check.py:42} INFO - Checking data in id column of us_states table
[2019-10-04 19:32:28,703] {logging_mixin.py:95} INFO - [[34m2019-10-04 19:32:28,703[0m] {[34mbase_hook.py:[0m84} INFO[0m - Using connection to: [1mid: redshift. Host: redshift-cluster-1.c4i0rfzboubh.us-west-2.redshift.amazonaws.com, Port: 5439, Schema: dev, Login: awsuser, Password: XXXXXXXX, extra: {}[0m[0m
[2019-10-04 19:32:29,416] {data_quality_check.py:51} INFO - Found records in us_states
[2019-10-04 19:32:29,416] {data_quality_check.py:42} INFO - Checking data in id column of country_codes table
[2019-10-04 19:32:29,436] {logging_mixin.py:95} INFO - [[34m2019-10-04 19:32:29,435[0m] {[34mbase_hook.py:[0m84} INFO[0m - Using connection to: [1mid: redshift. Host: redshift-cluster-1.c4i0rfzboubh.us-west-2.redshift.amazonaws.com, Port: 5439, Schema: dev, Login: awsuser, Password: XXXXXXXX, extra: {}[0m[0m
[2019-10-04 19:32:30,146] {data_quality_check.py:51} INFO - Found records in country_codes
[2019-10-04 19:32:30,146] {data_quality_check.py:26} INFO - Data quality check complete
[2019-10-04 19:32:32,749] {logging_mixin.py:95} INFO - [[34m2019-10-04 19:32:32,748[0m] {[34mlocal_task_job.py:[0m105} INFO[0m - Task exited with return code 0[0m
