[2019-10-04 14:28:47,717] {taskinstance.py:620} INFO - Dependencies all met for <TaskInstance: capstone_project_dag.Stage_staging_data_files 2019-10-04T19:28:25.609180+00:00 [queued]>
[2019-10-04 14:28:47,728] {taskinstance.py:620} INFO - Dependencies all met for <TaskInstance: capstone_project_dag.Stage_staging_data_files 2019-10-04T19:28:25.609180+00:00 [queued]>
[2019-10-04 14:28:47,729] {taskinstance.py:838} INFO - 
--------------------------------------------------------------------------------
[2019-10-04 14:28:47,729] {taskinstance.py:839} INFO - Starting attempt 1 of 4
[2019-10-04 14:28:47,729] {taskinstance.py:840} INFO - 
--------------------------------------------------------------------------------
[2019-10-04 14:28:47,766] {taskinstance.py:859} INFO - Executing <Task(LoadLocalFilesToS3Operator): Stage_staging_data_files> on 2019-10-04T19:28:25.609180+00:00
[2019-10-04 14:28:47,767] {base_task_runner.py:133} INFO - Running: ['airflow', 'run', 'capstone_project_dag', 'Stage_staging_data_files', '2019-10-04T19:28:25.609180+00:00', '--job_id', '738', '--pool', 'default_pool', '--raw', '-sd', 'DAGS_FOLDER/project_dag.py', '--cfg_path', '/var/folders/dr/9yvjlnm11xv25k2gknf2n3z00000gn/T/tmptbj2jep4']
[2019-10-04 14:28:48,569] {base_task_runner.py:115} INFO - Job 738: Subtask Stage_staging_data_files /usr/local/lib/python3.7/site-packages/airflow/configuration.py:627: DeprecationWarning: You have two airflow.cfg files: /Users/victorialemay/airflow/airflow.cfg and /Users/victorialemay/Courses/Udacity/Data Engineering Nanodegree/capstone/project-archive/airflow/airflow.cfg. Airflow used to look at ~/airflow/airflow.cfg, even when AIRFLOW_HOME was set to a different value. Airflow will now only read /Users/victorialemay/Courses/Udacity/Data Engineering Nanodegree/capstone/project-archive/airflow/airflow.cfg, and you should remove the other file
[2019-10-04 14:28:48,569] {base_task_runner.py:115} INFO - Job 738: Subtask Stage_staging_data_files   category=DeprecationWarning,
[2019-10-04 14:28:48,707] {base_task_runner.py:115} INFO - Job 738: Subtask Stage_staging_data_files [2019-10-04 14:28:48,707] {settings.py:213} INFO - settings.configure_orm(): Using pool settings. pool_size=5, max_overflow=10, pool_recycle=1800, pid=7930
[2019-10-04 14:28:49,066] {base_task_runner.py:115} INFO - Job 738: Subtask Stage_staging_data_files [2019-10-04 14:28:49,065] {__init__.py:51} INFO - Using executor LocalExecutor
[2019-10-04 14:28:49,645] {base_task_runner.py:115} INFO - Job 738: Subtask Stage_staging_data_files [2019-10-04 14:28:49,644] {dagbag.py:90} INFO - Filling up the DagBag from /Users/victorialemay/Courses/Udacity/Data Engineering Nanodegree/capstone/project-archive/airflow/dags/project_dag.py
[2019-10-04 14:28:49,722] {base_task_runner.py:115} INFO - Job 738: Subtask Stage_staging_data_files [2019-10-04 14:28:49,722] {cli.py:516} INFO - Running <TaskInstance: capstone_project_dag.Stage_staging_data_files 2019-10-04T19:28:25.609180+00:00 [running]> on host 1.0.0.0.0.0.0.0.0.0.0.0.0.0.0.0.0.0.0.0.0.0.0.0.0.0.0.0.0.0.0.0.ip6.arpa
[2019-10-04 14:28:50,883] {load_files_to_s3.py:49} INFO - Loading to S3 bucket project-capstone
[2019-10-04 14:28:50,883] {load_files_to_s3.py:50} INFO - Checking /Users/victorialemay/Courses/Udacity/Data Engineering Nanodegree/capstone/project-archive/airflow/data/staging_data directory for files
[2019-10-04 14:28:50,884] {load_files_to_s3.py:55} INFO - Found file /Users/victorialemay/Courses/Udacity/Data Engineering Nanodegree/capstone/project-archive/airflow/data/staging_data/port_codes.csv
[2019-10-04 14:28:50,884] {load_files_to_s3.py:58} INFO -   Using S3 key port_codes.csv
[2019-10-04 14:28:52,131] {load_files_to_s3.py:65} INFO -   File already exists in bucket
[2019-10-04 14:28:52,131] {load_files_to_s3.py:55} INFO - Found file /Users/victorialemay/Courses/Udacity/Data Engineering Nanodegree/capstone/project-archive/airflow/data/staging_data/us-cities-demographics.csv
[2019-10-04 14:28:52,131] {load_files_to_s3.py:58} INFO -   Using S3 key us-cities-demographics.csv
[2019-10-04 14:28:53,327] {load_files_to_s3.py:65} INFO -   File already exists in bucket
[2019-10-04 14:28:53,327] {load_files_to_s3.py:55} INFO - Found file /Users/victorialemay/Courses/Udacity/Data Engineering Nanodegree/capstone/project-archive/airflow/data/staging_data/GlobalLandTemperaturesByCity.csv
[2019-10-04 14:28:53,327] {load_files_to_s3.py:58} INFO -   Using S3 key GlobalLandTemperaturesByCity.csv
[2019-10-04 14:28:54,507] {load_files_to_s3.py:65} INFO -   File already exists in bucket
[2019-10-04 14:28:54,508] {load_files_to_s3.py:67} INFO - S3 file load complete!
[2019-10-04 14:28:57,711] {logging_mixin.py:95} INFO - [[34m2019-10-04 14:28:57,710[0m] {[34mlocal_task_job.py:[0m105} INFO[0m - Task exited with return code 0[0m
