[2019-10-04 13:06:21,936] {taskinstance.py:620} INFO - Dependencies all met for <TaskInstance: capstone_project_dag.Stage_sas_data_parquet_files 2019-10-04T18:06:03.624069+00:00 [queued]>
[2019-10-04 13:06:21,955] {taskinstance.py:620} INFO - Dependencies all met for <TaskInstance: capstone_project_dag.Stage_sas_data_parquet_files 2019-10-04T18:06:03.624069+00:00 [queued]>
[2019-10-04 13:06:21,955] {taskinstance.py:838} INFO - 
--------------------------------------------------------------------------------
[2019-10-04 13:06:21,955] {taskinstance.py:839} INFO - Starting attempt 1 of 4
[2019-10-04 13:06:21,955] {taskinstance.py:840} INFO - 
--------------------------------------------------------------------------------
[2019-10-04 13:06:21,984] {taskinstance.py:859} INFO - Executing <Task(LoadLocalFilesToS3Operator): Stage_sas_data_parquet_files> on 2019-10-04T18:06:03.624069+00:00
[2019-10-04 13:06:21,984] {base_task_runner.py:133} INFO - Running: ['airflow', 'run', 'capstone_project_dag', 'Stage_sas_data_parquet_files', '2019-10-04T18:06:03.624069+00:00', '--job_id', '617', '--pool', 'default_pool', '--raw', '-sd', 'DAGS_FOLDER/project_dag.py', '--cfg_path', '/var/folders/dr/9yvjlnm11xv25k2gknf2n3z00000gn/T/tmp6v_lxxob']
[2019-10-04 13:06:22,765] {base_task_runner.py:115} INFO - Job 617: Subtask Stage_sas_data_parquet_files /usr/local/lib/python3.7/site-packages/airflow/configuration.py:627: DeprecationWarning: You have two airflow.cfg files: /Users/victorialemay/airflow/airflow.cfg and /Users/victorialemay/Courses/Udacity/Data Engineering Nanodegree/capstone/project-archive/airflow/airflow.cfg. Airflow used to look at ~/airflow/airflow.cfg, even when AIRFLOW_HOME was set to a different value. Airflow will now only read /Users/victorialemay/Courses/Udacity/Data Engineering Nanodegree/capstone/project-archive/airflow/airflow.cfg, and you should remove the other file
[2019-10-04 13:06:22,765] {base_task_runner.py:115} INFO - Job 617: Subtask Stage_sas_data_parquet_files   category=DeprecationWarning,
[2019-10-04 13:06:22,902] {base_task_runner.py:115} INFO - Job 617: Subtask Stage_sas_data_parquet_files [2019-10-04 13:06:22,900] {settings.py:213} INFO - settings.configure_orm(): Using pool settings. pool_size=5, max_overflow=10, pool_recycle=1800, pid=84348
[2019-10-04 13:06:23,262] {base_task_runner.py:115} INFO - Job 617: Subtask Stage_sas_data_parquet_files [2019-10-04 13:06:23,261] {__init__.py:51} INFO - Using executor LocalExecutor
[2019-10-04 13:06:23,815] {base_task_runner.py:115} INFO - Job 617: Subtask Stage_sas_data_parquet_files [2019-10-04 13:06:23,814] {dagbag.py:90} INFO - Filling up the DagBag from /Users/victorialemay/Courses/Udacity/Data Engineering Nanodegree/capstone/project-archive/airflow/dags/project_dag.py
[2019-10-04 13:06:23,878] {base_task_runner.py:115} INFO - Job 617: Subtask Stage_sas_data_parquet_files [2019-10-04 13:06:23,877] {cli.py:516} INFO - Running <TaskInstance: capstone_project_dag.Stage_sas_data_parquet_files 2019-10-04T18:06:03.624069+00:00 [running]> on host 1.0.0.0.0.0.0.0.0.0.0.0.0.0.0.0.0.0.0.0.0.0.0.0.0.0.0.0.0.0.0.0.ip6.arpa
[2019-10-04 13:06:24,952] {load_files_to_s3.py:49} INFO - Loading to S3 bucket project-capstone-parquet
[2019-10-04 13:06:24,953] {load_files_to_s3.py:50} INFO - Checking /Users/victorialemay/Courses/Udacity/Data Engineering Nanodegree/capstone/project-archive/airflow/data/sas_data directory for files
[2019-10-04 13:06:24,954] {load_files_to_s3.py:55} INFO - Found file /Users/victorialemay/Courses/Udacity/Data Engineering Nanodegree/capstone/project-archive/airflow/data/sas_data/part-00003-b9542815-7a8d-45fc-9c67-c9c5007ad0d4-c000.snappy.parquet
[2019-10-04 13:06:24,954] {load_files_to_s3.py:58} INFO -   Using S3 key part-00003-b9542815-7a8d-45fc-9c67-c9c5007ad0d4-c000.snappy.parquet
[2019-10-04 13:06:26,210] {load_files_to_s3.py:65} INFO -   File already exists in bucket
[2019-10-04 13:06:26,210] {load_files_to_s3.py:55} INFO - Found file /Users/victorialemay/Courses/Udacity/Data Engineering Nanodegree/capstone/project-archive/airflow/data/sas_data/part-00008-b9542815-7a8d-45fc-9c67-c9c5007ad0d4-c000.snappy.parquet
[2019-10-04 13:06:26,210] {load_files_to_s3.py:58} INFO -   Using S3 key part-00008-b9542815-7a8d-45fc-9c67-c9c5007ad0d4-c000.snappy.parquet
[2019-10-04 13:06:27,423] {load_files_to_s3.py:65} INFO -   File already exists in bucket
[2019-10-04 13:06:27,423] {load_files_to_s3.py:55} INFO - Found file /Users/victorialemay/Courses/Udacity/Data Engineering Nanodegree/capstone/project-archive/airflow/data/sas_data/part-00004-b9542815-7a8d-45fc-9c67-c9c5007ad0d4-c000.snappy.parquet
[2019-10-04 13:06:27,423] {load_files_to_s3.py:58} INFO -   Using S3 key part-00004-b9542815-7a8d-45fc-9c67-c9c5007ad0d4-c000.snappy.parquet
[2019-10-04 13:06:28,643] {load_files_to_s3.py:65} INFO -   File already exists in bucket
[2019-10-04 13:06:28,643] {load_files_to_s3.py:55} INFO - Found file /Users/victorialemay/Courses/Udacity/Data Engineering Nanodegree/capstone/project-archive/airflow/data/sas_data/part-00013-b9542815-7a8d-45fc-9c67-c9c5007ad0d4-c000.snappy.parquet
[2019-10-04 13:06:28,643] {load_files_to_s3.py:58} INFO -   Using S3 key part-00013-b9542815-7a8d-45fc-9c67-c9c5007ad0d4-c000.snappy.parquet
[2019-10-04 13:06:29,935] {load_files_to_s3.py:65} INFO -   File already exists in bucket
[2019-10-04 13:06:29,936] {load_files_to_s3.py:55} INFO - Found file /Users/victorialemay/Courses/Udacity/Data Engineering Nanodegree/capstone/project-archive/airflow/data/sas_data/part-00005-b9542815-7a8d-45fc-9c67-c9c5007ad0d4-c000.snappy.parquet
[2019-10-04 13:06:29,936] {load_files_to_s3.py:58} INFO -   Using S3 key part-00005-b9542815-7a8d-45fc-9c67-c9c5007ad0d4-c000.snappy.parquet
[2019-10-04 13:06:31,168] {load_files_to_s3.py:65} INFO -   File already exists in bucket
[2019-10-04 13:06:31,168] {load_files_to_s3.py:55} INFO - Found file /Users/victorialemay/Courses/Udacity/Data Engineering Nanodegree/capstone/project-archive/airflow/data/sas_data/part-00012-b9542815-7a8d-45fc-9c67-c9c5007ad0d4-c000.snappy.parquet
[2019-10-04 13:06:31,168] {load_files_to_s3.py:58} INFO -   Using S3 key part-00012-b9542815-7a8d-45fc-9c67-c9c5007ad0d4-c000.snappy.parquet
[2019-10-04 13:06:32,354] {load_files_to_s3.py:65} INFO -   File already exists in bucket
[2019-10-04 13:06:32,355] {load_files_to_s3.py:55} INFO - Found file /Users/victorialemay/Courses/Udacity/Data Engineering Nanodegree/capstone/project-archive/airflow/data/sas_data/part-00002-b9542815-7a8d-45fc-9c67-c9c5007ad0d4-c000.snappy.parquet
[2019-10-04 13:06:32,356] {load_files_to_s3.py:58} INFO -   Using S3 key part-00002-b9542815-7a8d-45fc-9c67-c9c5007ad0d4-c000.snappy.parquet
[2019-10-04 13:06:33,558] {load_files_to_s3.py:65} INFO -   File already exists in bucket
[2019-10-04 13:06:33,558] {load_files_to_s3.py:55} INFO - Found file /Users/victorialemay/Courses/Udacity/Data Engineering Nanodegree/capstone/project-archive/airflow/data/sas_data/part-00009-b9542815-7a8d-45fc-9c67-c9c5007ad0d4-c000.snappy.parquet
[2019-10-04 13:06:33,558] {load_files_to_s3.py:58} INFO -   Using S3 key part-00009-b9542815-7a8d-45fc-9c67-c9c5007ad0d4-c000.snappy.parquet
[2019-10-04 13:06:34,732] {load_files_to_s3.py:65} INFO -   File already exists in bucket
[2019-10-04 13:06:34,732] {load_files_to_s3.py:55} INFO - Found file /Users/victorialemay/Courses/Udacity/Data Engineering Nanodegree/capstone/project-archive/airflow/data/sas_data/part-00007-b9542815-7a8d-45fc-9c67-c9c5007ad0d4-c000.snappy.parquet
[2019-10-04 13:06:34,732] {load_files_to_s3.py:58} INFO -   Using S3 key part-00007-b9542815-7a8d-45fc-9c67-c9c5007ad0d4-c000.snappy.parquet
[2019-10-04 13:06:35,957] {load_files_to_s3.py:65} INFO -   File already exists in bucket
[2019-10-04 13:06:35,958] {load_files_to_s3.py:55} INFO - Found file /Users/victorialemay/Courses/Udacity/Data Engineering Nanodegree/capstone/project-archive/airflow/data/sas_data/part-00010-b9542815-7a8d-45fc-9c67-c9c5007ad0d4-c000.snappy.parquet
[2019-10-04 13:06:35,958] {load_files_to_s3.py:58} INFO -   Using S3 key part-00010-b9542815-7a8d-45fc-9c67-c9c5007ad0d4-c000.snappy.parquet
[2019-10-04 13:06:37,169] {load_files_to_s3.py:65} INFO -   File already exists in bucket
[2019-10-04 13:06:37,169] {load_files_to_s3.py:55} INFO - Found file /Users/victorialemay/Courses/Udacity/Data Engineering Nanodegree/capstone/project-archive/airflow/data/sas_data/SUCCESS.crc
[2019-10-04 13:06:37,169] {load_files_to_s3.py:58} INFO -   Using S3 key SUCCESS.crc
[2019-10-04 13:06:38,389] {load_files_to_s3.py:65} INFO -   File already exists in bucket
[2019-10-04 13:06:38,389] {load_files_to_s3.py:55} INFO - Found file /Users/victorialemay/Courses/Udacity/Data Engineering Nanodegree/capstone/project-archive/airflow/data/sas_data/part-00000-b9542815-7a8d-45fc-9c67-c9c5007ad0d4-c000.snappy.parquet
[2019-10-04 13:06:38,389] {load_files_to_s3.py:58} INFO -   Using S3 key part-00000-b9542815-7a8d-45fc-9c67-c9c5007ad0d4-c000.snappy.parquet
[2019-10-04 13:06:39,578] {load_files_to_s3.py:65} INFO -   File already exists in bucket
[2019-10-04 13:06:39,578] {load_files_to_s3.py:55} INFO - Found file /Users/victorialemay/Courses/Udacity/Data Engineering Nanodegree/capstone/project-archive/airflow/data/sas_data/part-00001-b9542815-7a8d-45fc-9c67-c9c5007ad0d4-c000.snappy.parquet
[2019-10-04 13:06:39,578] {load_files_to_s3.py:58} INFO -   Using S3 key part-00001-b9542815-7a8d-45fc-9c67-c9c5007ad0d4-c000.snappy.parquet
[2019-10-04 13:06:40,820] {load_files_to_s3.py:65} INFO -   File already exists in bucket
[2019-10-04 13:06:40,820] {load_files_to_s3.py:55} INFO - Found file /Users/victorialemay/Courses/Udacity/Data Engineering Nanodegree/capstone/project-archive/airflow/data/sas_data/_SUCCESS
[2019-10-04 13:06:40,820] {load_files_to_s3.py:58} INFO -   Using S3 key _SUCCESS
[2019-10-04 13:06:42,020] {load_files_to_s3.py:65} INFO -   File already exists in bucket
[2019-10-04 13:06:42,020] {load_files_to_s3.py:55} INFO - Found file /Users/victorialemay/Courses/Udacity/Data Engineering Nanodegree/capstone/project-archive/airflow/data/sas_data/part-00006-b9542815-7a8d-45fc-9c67-c9c5007ad0d4-c000.snappy.parquet
[2019-10-04 13:06:42,020] {load_files_to_s3.py:58} INFO -   Using S3 key part-00006-b9542815-7a8d-45fc-9c67-c9c5007ad0d4-c000.snappy.parquet
[2019-10-04 13:06:43,727] {load_files_to_s3.py:65} INFO -   File already exists in bucket
[2019-10-04 13:06:43,727] {load_files_to_s3.py:55} INFO - Found file /Users/victorialemay/Courses/Udacity/Data Engineering Nanodegree/capstone/project-archive/airflow/data/sas_data/part-00011-b9542815-7a8d-45fc-9c67-c9c5007ad0d4-c000.snappy.parquet
[2019-10-04 13:06:43,727] {load_files_to_s3.py:58} INFO -   Using S3 key part-00011-b9542815-7a8d-45fc-9c67-c9c5007ad0d4-c000.snappy.parquet
[2019-10-04 13:06:44,932] {load_files_to_s3.py:65} INFO -   File already exists in bucket
[2019-10-04 13:06:44,932] {load_files_to_s3.py:67} INFO - S3 file load complete!
[2019-10-04 13:06:46,954] {logging_mixin.py:95} INFO - [[34m2019-10-04 13:06:46,954[0m] {[34mlocal_task_job.py:[0m105} INFO[0m - Task exited with return code 0[0m
