[2019-10-02 17:25:05,228] {taskinstance.py:620} INFO - Dependencies all met for <TaskInstance: capstone_project_dag.Stage_dim_data_files 2019-10-02T22:24:44.463260+00:00 [queued]>
[2019-10-02 17:25:05,250] {taskinstance.py:620} INFO - Dependencies all met for <TaskInstance: capstone_project_dag.Stage_dim_data_files 2019-10-02T22:24:44.463260+00:00 [queued]>
[2019-10-02 17:25:05,250] {taskinstance.py:838} INFO - 
--------------------------------------------------------------------------------
[2019-10-02 17:25:05,250] {taskinstance.py:839} INFO - Starting attempt 1 of 4
[2019-10-02 17:25:05,250] {taskinstance.py:840} INFO - 
--------------------------------------------------------------------------------
[2019-10-02 17:25:05,258] {taskinstance.py:859} INFO - Executing <Task(LoadLocalFilesToS3Operator): Stage_dim_data_files> on 2019-10-02T22:24:44.463260+00:00
[2019-10-02 17:25:05,258] {base_task_runner.py:133} INFO - Running: ['airflow', 'run', 'capstone_project_dag', 'Stage_dim_data_files', '2019-10-02T22:24:44.463260+00:00', '--job_id', '118', '--pool', 'default_pool', '--raw', '-sd', 'DAGS_FOLDER/project_dag.py', '--cfg_path', '/var/folders/dr/9yvjlnm11xv25k2gknf2n3z00000gn/T/tmpsfhzp2ch']
[2019-10-02 17:25:05,753] {base_task_runner.py:115} INFO - Job 118: Subtask Stage_dim_data_files /usr/local/lib/python3.7/site-packages/airflow/configuration.py:627: DeprecationWarning: You have two airflow.cfg files: /Users/victorialemay/airflow/airflow.cfg and /Users/victorialemay/Courses/Udacity/Data Engineering Nanodegree/capstone/project-archive/airflow/airflow.cfg. Airflow used to look at ~/airflow/airflow.cfg, even when AIRFLOW_HOME was set to a different value. Airflow will now only read /Users/victorialemay/Courses/Udacity/Data Engineering Nanodegree/capstone/project-archive/airflow/airflow.cfg, and you should remove the other file
[2019-10-02 17:25:05,753] {base_task_runner.py:115} INFO - Job 118: Subtask Stage_dim_data_files   category=DeprecationWarning,
[2019-10-02 17:25:05,884] {base_task_runner.py:115} INFO - Job 118: Subtask Stage_dim_data_files [2019-10-02 17:25:05,883] {settings.py:213} INFO - settings.configure_orm(): Using pool settings. pool_size=5, max_overflow=10, pool_recycle=1800, pid=11484
[2019-10-02 17:25:06,090] {base_task_runner.py:115} INFO - Job 118: Subtask Stage_dim_data_files [2019-10-02 17:25:06,090] {__init__.py:51} INFO - Using executor LocalExecutor
[2019-10-02 17:25:06,467] {base_task_runner.py:115} INFO - Job 118: Subtask Stage_dim_data_files [2019-10-02 17:25:06,466] {dagbag.py:90} INFO - Filling up the DagBag from /Users/victorialemay/Courses/Udacity/Data Engineering Nanodegree/capstone/project-archive/airflow/dags/project_dag.py
[2019-10-02 17:25:06,512] {base_task_runner.py:115} INFO - Job 118: Subtask Stage_dim_data_files [2019-10-02 17:25:06,511] {cli.py:516} INFO - Running <TaskInstance: capstone_project_dag.Stage_dim_data_files 2019-10-02T22:24:44.463260+00:00 [running]> on host 1.0.0.0.0.0.0.0.0.0.0.0.0.0.0.0.0.0.0.0.0.0.0.0.0.0.0.0.0.0.0.0.ip6.arpa
[2019-10-02 17:25:06,548] {load_files_to_s3.py:25} INFO - Checking /Users/victorialemay/Courses/Udacity/Data Engineering Nanodegree/capstone/project-archive/airflow/dim_table_data directory for files
[2019-10-02 17:25:06,548] {load_files_to_s3.py:29} INFO - Found files:
[2019-10-02 17:25:06,549] {load_files_to_s3.py:31} INFO -   /Users/victorialemay/Courses/Udacity/Data Engineering Nanodegree/capstone/project-archive/airflow/dim_table_data/visa_types.json
[2019-10-02 17:25:06,549] {load_files_to_s3.py:33} INFO -     visa_types.json
[2019-10-02 17:25:06,549] {load_files_to_s3.py:31} INFO -   /Users/victorialemay/Courses/Udacity/Data Engineering Nanodegree/capstone/project-archive/airflow/dim_table_data/port_codes.csv
[2019-10-02 17:25:06,549] {load_files_to_s3.py:33} INFO -     port_codes.csv
[2019-10-02 17:25:06,549] {load_files_to_s3.py:31} INFO -   /Users/victorialemay/Courses/Udacity/Data Engineering Nanodegree/capstone/project-archive/airflow/dim_table_data/travel_modes.json
[2019-10-02 17:25:06,549] {load_files_to_s3.py:33} INFO -     travel_modes.json
[2019-10-02 17:25:06,549] {load_files_to_s3.py:31} INFO -   /Users/victorialemay/Courses/Udacity/Data Engineering Nanodegree/capstone/project-archive/airflow/dim_table_data/us_states.csv
[2019-10-02 17:25:06,549] {load_files_to_s3.py:33} INFO -     us_states.csv
[2019-10-02 17:25:06,549] {load_files_to_s3.py:31} INFO -   /Users/victorialemay/Courses/Udacity/Data Engineering Nanodegree/capstone/project-archive/airflow/dim_table_data/country_codes.csv
[2019-10-02 17:25:06,549] {load_files_to_s3.py:33} INFO -     country_codes.csv
[2019-10-02 17:25:10,210] {logging_mixin.py:95} INFO - [[34m2019-10-02 17:25:10,209[0m] {[34mlocal_task_job.py:[0m105} INFO[0m - Task exited with return code 0[0m
