[2019-10-02 14:13:40,406] {taskinstance.py:620} INFO - Dependencies all met for <TaskInstance: capstone_project_dag.Begin_execution 2019-10-02T19:13:28.984345+00:00 [queued]>
[2019-10-02 14:13:40,415] {taskinstance.py:620} INFO - Dependencies all met for <TaskInstance: capstone_project_dag.Begin_execution 2019-10-02T19:13:28.984345+00:00 [queued]>
[2019-10-02 14:13:40,415] {taskinstance.py:838} INFO - 
--------------------------------------------------------------------------------
[2019-10-02 14:13:40,416] {taskinstance.py:839} INFO - Starting attempt 1 of 4
[2019-10-02 14:13:40,416] {taskinstance.py:840} INFO - 
--------------------------------------------------------------------------------
[2019-10-02 14:13:40,434] {taskinstance.py:859} INFO - Executing <Task(DummyOperator): Begin_execution> on 2019-10-02T19:13:28.984345+00:00
[2019-10-02 14:13:40,435] {base_task_runner.py:133} INFO - Running: ['airflow', 'run', 'capstone_project_dag', 'Begin_execution', '2019-10-02T19:13:28.984345+00:00', '--job_id', '73', '--pool', 'default_pool', '--raw', '-sd', 'DAGS_FOLDER/project_dag.py', '--cfg_path', '/var/folders/dr/9yvjlnm11xv25k2gknf2n3z00000gn/T/tmpztavl73e']
[2019-10-02 14:13:41,328] {base_task_runner.py:115} INFO - Job 73: Subtask Begin_execution /usr/local/lib/python3.7/site-packages/airflow/configuration.py:627: DeprecationWarning: You have two airflow.cfg files: /Users/victorialemay/airflow/airflow.cfg and /Users/victorialemay/Courses/Udacity/Data Engineering Nanodegree/capstone/project-archive/airflow/airflow.cfg. Airflow used to look at ~/airflow/airflow.cfg, even when AIRFLOW_HOME was set to a different value. Airflow will now only read /Users/victorialemay/Courses/Udacity/Data Engineering Nanodegree/capstone/project-archive/airflow/airflow.cfg, and you should remove the other file
[2019-10-02 14:13:41,329] {base_task_runner.py:115} INFO - Job 73: Subtask Begin_execution   category=DeprecationWarning,
[2019-10-02 14:13:41,476] {base_task_runner.py:115} INFO - Job 73: Subtask Begin_execution [2019-10-02 14:13:41,475] {settings.py:213} INFO - settings.configure_orm(): Using pool settings. pool_size=5, max_overflow=10, pool_recycle=1800, pid=98028
[2019-10-02 14:13:41,680] {base_task_runner.py:115} INFO - Job 73: Subtask Begin_execution [2019-10-02 14:13:41,679] {plugins_manager.py:148} ERROR - No module named 'plugins'
[2019-10-02 14:13:41,680] {base_task_runner.py:115} INFO - Job 73: Subtask Begin_execution Traceback (most recent call last):
[2019-10-02 14:13:41,681] {base_task_runner.py:115} INFO - Job 73: Subtask Begin_execution   File "/usr/local/lib/python3.7/site-packages/airflow/plugins_manager.py", line 142, in <module>
[2019-10-02 14:13:41,681] {base_task_runner.py:115} INFO - Job 73: Subtask Begin_execution     m = imp.load_source(namespace, filepath)
[2019-10-02 14:13:41,681] {base_task_runner.py:115} INFO - Job 73: Subtask Begin_execution   File "/usr/local/Cellar/python/3.7.3/Frameworks/Python.framework/Versions/3.7/lib/python3.7/imp.py", line 171, in load_source
[2019-10-02 14:13:41,681] {base_task_runner.py:115} INFO - Job 73: Subtask Begin_execution     module = _load(spec)
[2019-10-02 14:13:41,681] {base_task_runner.py:115} INFO - Job 73: Subtask Begin_execution   File "<frozen importlib._bootstrap>", line 696, in _load
[2019-10-02 14:13:41,681] {base_task_runner.py:115} INFO - Job 73: Subtask Begin_execution   File "<frozen importlib._bootstrap>", line 677, in _load_unlocked
[2019-10-02 14:13:41,681] {base_task_runner.py:115} INFO - Job 73: Subtask Begin_execution   File "<frozen importlib._bootstrap_external>", line 728, in exec_module
[2019-10-02 14:13:41,681] {base_task_runner.py:115} INFO - Job 73: Subtask Begin_execution   File "<frozen importlib._bootstrap>", line 219, in _call_with_frames_removed
[2019-10-02 14:13:41,681] {base_task_runner.py:115} INFO - Job 73: Subtask Begin_execution   File "/Users/victorialemay/Courses/Udacity/Data Engineering Nanodegree/capstone/project-archive/airflow/plugins/__init__.py", line 5, in <module>
[2019-10-02 14:13:41,681] {base_task_runner.py:115} INFO - Job 73: Subtask Begin_execution     import plugins.operators
[2019-10-02 14:13:41,681] {base_task_runner.py:115} INFO - Job 73: Subtask Begin_execution ModuleNotFoundError: No module named 'plugins'
[2019-10-02 14:13:41,681] {base_task_runner.py:115} INFO - Job 73: Subtask Begin_execution [2019-10-02 14:13:41,680] {plugins_manager.py:149} ERROR - Failed to import plugin /Users/victorialemay/Courses/Udacity/Data Engineering Nanodegree/capstone/project-archive/airflow/plugins/__init__.py
[2019-10-02 14:13:41,682] {base_task_runner.py:115} INFO - Job 73: Subtask Begin_execution [2019-10-02 14:13:41,681] {plugins_manager.py:148} ERROR - No module named 'plugins'
[2019-10-02 14:13:41,682] {base_task_runner.py:115} INFO - Job 73: Subtask Begin_execution Traceback (most recent call last):
[2019-10-02 14:13:41,682] {base_task_runner.py:115} INFO - Job 73: Subtask Begin_execution   File "/usr/local/lib/python3.7/site-packages/airflow/plugins_manager.py", line 142, in <module>
[2019-10-02 14:13:41,682] {base_task_runner.py:115} INFO - Job 73: Subtask Begin_execution     m = imp.load_source(namespace, filepath)
[2019-10-02 14:13:41,682] {base_task_runner.py:115} INFO - Job 73: Subtask Begin_execution   File "/usr/local/Cellar/python/3.7.3/Frameworks/Python.framework/Versions/3.7/lib/python3.7/imp.py", line 171, in load_source
[2019-10-02 14:13:41,682] {base_task_runner.py:115} INFO - Job 73: Subtask Begin_execution     module = _load(spec)
[2019-10-02 14:13:41,682] {base_task_runner.py:115} INFO - Job 73: Subtask Begin_execution   File "<frozen importlib._bootstrap>", line 696, in _load
[2019-10-02 14:13:41,683] {base_task_runner.py:115} INFO - Job 73: Subtask Begin_execution   File "<frozen importlib._bootstrap>", line 677, in _load_unlocked
[2019-10-02 14:13:41,683] {base_task_runner.py:115} INFO - Job 73: Subtask Begin_execution   File "<frozen importlib._bootstrap_external>", line 728, in exec_module
[2019-10-02 14:13:41,683] {base_task_runner.py:115} INFO - Job 73: Subtask Begin_execution   File "<frozen importlib._bootstrap>", line 219, in _call_with_frames_removed
[2019-10-02 14:13:41,683] {base_task_runner.py:115} INFO - Job 73: Subtask Begin_execution   File "/Users/victorialemay/Courses/Udacity/Data Engineering Nanodegree/capstone/project-archive/airflow/plugins/operators/__init__.py", line 1, in <module>
[2019-10-02 14:13:41,683] {base_task_runner.py:115} INFO - Job 73: Subtask Begin_execution     from plugins.operators.load_files_to_s3 import LoadLocalFilesToS3Operator
[2019-10-02 14:13:41,683] {base_task_runner.py:115} INFO - Job 73: Subtask Begin_execution ModuleNotFoundError: No module named 'plugins'
[2019-10-02 14:13:41,683] {base_task_runner.py:115} INFO - Job 73: Subtask Begin_execution [2019-10-02 14:13:41,682] {plugins_manager.py:149} ERROR - Failed to import plugin /Users/victorialemay/Courses/Udacity/Data Engineering Nanodegree/capstone/project-archive/airflow/plugins/operators/__init__.py
[2019-10-02 14:13:41,767] {base_task_runner.py:115} INFO - Job 73: Subtask Begin_execution [2019-10-02 14:13:41,767] {plugins_manager.py:148} ERROR - No module named 'plugins'
[2019-10-02 14:13:41,768] {base_task_runner.py:115} INFO - Job 73: Subtask Begin_execution Traceback (most recent call last):
[2019-10-02 14:13:41,768] {base_task_runner.py:115} INFO - Job 73: Subtask Begin_execution   File "/usr/local/lib/python3.7/site-packages/airflow/plugins_manager.py", line 142, in <module>
[2019-10-02 14:13:41,768] {base_task_runner.py:115} INFO - Job 73: Subtask Begin_execution     m = imp.load_source(namespace, filepath)
[2019-10-02 14:13:41,768] {base_task_runner.py:115} INFO - Job 73: Subtask Begin_execution   File "/usr/local/Cellar/python/3.7.3/Frameworks/Python.framework/Versions/3.7/lib/python3.7/imp.py", line 171, in load_source
[2019-10-02 14:13:41,768] {base_task_runner.py:115} INFO - Job 73: Subtask Begin_execution     module = _load(spec)
[2019-10-02 14:13:41,768] {base_task_runner.py:115} INFO - Job 73: Subtask Begin_execution   File "<frozen importlib._bootstrap>", line 696, in _load
[2019-10-02 14:13:41,768] {base_task_runner.py:115} INFO - Job 73: Subtask Begin_execution   File "<frozen importlib._bootstrap>", line 677, in _load_unlocked
[2019-10-02 14:13:41,768] {base_task_runner.py:115} INFO - Job 73: Subtask Begin_execution   File "<frozen importlib._bootstrap_external>", line 728, in exec_module
[2019-10-02 14:13:41,768] {base_task_runner.py:115} INFO - Job 73: Subtask Begin_execution   File "<frozen importlib._bootstrap>", line 219, in _call_with_frames_removed
[2019-10-02 14:13:41,768] {base_task_runner.py:115} INFO - Job 73: Subtask Begin_execution   File "/Users/victorialemay/Courses/Udacity/Data Engineering Nanodegree/capstone/project-archive/airflow/plugins/helpers/__init__.py", line 1, in <module>
[2019-10-02 14:13:41,768] {base_task_runner.py:115} INFO - Job 73: Subtask Begin_execution     from plugins.helpers.sql_queries import SqlQueries
[2019-10-02 14:13:41,768] {base_task_runner.py:115} INFO - Job 73: Subtask Begin_execution ModuleNotFoundError: No module named 'plugins'
[2019-10-02 14:13:41,768] {base_task_runner.py:115} INFO - Job 73: Subtask Begin_execution [2019-10-02 14:13:41,767] {plugins_manager.py:149} ERROR - Failed to import plugin /Users/victorialemay/Courses/Udacity/Data Engineering Nanodegree/capstone/project-archive/airflow/plugins/helpers/__init__.py
[2019-10-02 14:13:41,789] {base_task_runner.py:115} INFO - Job 73: Subtask Begin_execution [2019-10-02 14:13:41,788] {__init__.py:51} INFO - Using executor LocalExecutor
[2019-10-02 14:13:42,414] {base_task_runner.py:115} INFO - Job 73: Subtask Begin_execution [2019-10-02 14:13:42,413] {dagbag.py:90} INFO - Filling up the DagBag from /Users/victorialemay/Courses/Udacity/Data Engineering Nanodegree/capstone/project-archive/airflow/dags/project_dag.py
[2019-10-02 14:13:42,463] {base_task_runner.py:115} INFO - Job 73: Subtask Begin_execution [2019-10-02 14:13:42,463] {cli.py:516} INFO - Running <TaskInstance: capstone_project_dag.Begin_execution 2019-10-02T19:13:28.984345+00:00 [running]> on host 1.0.0.0.0.0.0.0.0.0.0.0.0.0.0.0.0.0.0.0.0.0.0.0.0.0.0.0.0.0.0.0.ip6.arpa
[2019-10-02 14:13:45,394] {logging_mixin.py:95} INFO - [[34m2019-10-02 14:13:45,393[0m] {[34mlocal_task_job.py:[0m105} INFO[0m - Task exited with return code 0[0m
