[2019-10-04 20:18:16,804] {taskinstance.py:620} INFO - Dependencies all met for <TaskInstance: capstone_project_dag.Load_port_codes_final_table 2019-10-05T01:16:11.794605+00:00 [queued]>
[2019-10-04 20:18:16,839] {taskinstance.py:620} INFO - Dependencies all met for <TaskInstance: capstone_project_dag.Load_port_codes_final_table 2019-10-05T01:16:11.794605+00:00 [queued]>
[2019-10-04 20:18:16,840] {taskinstance.py:838} INFO - 
--------------------------------------------------------------------------------
[2019-10-04 20:18:16,840] {taskinstance.py:839} INFO - Starting attempt 1 of 4
[2019-10-04 20:18:16,840] {taskinstance.py:840} INFO - 
--------------------------------------------------------------------------------
[2019-10-04 20:18:16,864] {taskinstance.py:859} INFO - Executing <Task(LoadFinalTableOperator): Load_port_codes_final_table> on 2019-10-05T01:16:11.794605+00:00
[2019-10-04 20:18:16,864] {base_task_runner.py:133} INFO - Running: ['airflow', 'run', 'capstone_project_dag', 'Load_port_codes_final_table', '2019-10-05T01:16:11.794605+00:00', '--job_id', '1037', '--pool', 'default_pool', '--raw', '-sd', 'DAGS_FOLDER/project_dag.py', '--cfg_path', '/var/folders/dr/9yvjlnm11xv25k2gknf2n3z00000gn/T/tmpnfkunmjh']
[2019-10-04 20:18:17,879] {base_task_runner.py:115} INFO - Job 1037: Subtask Load_port_codes_final_table /usr/local/lib/python3.7/site-packages/airflow/configuration.py:627: DeprecationWarning: You have two airflow.cfg files: /Users/victorialemay/airflow/airflow.cfg and /Users/victorialemay/Courses/Udacity/Data Engineering Nanodegree/capstone/project-archive/airflow/airflow.cfg. Airflow used to look at ~/airflow/airflow.cfg, even when AIRFLOW_HOME was set to a different value. Airflow will now only read /Users/victorialemay/Courses/Udacity/Data Engineering Nanodegree/capstone/project-archive/airflow/airflow.cfg, and you should remove the other file
[2019-10-04 20:18:17,880] {base_task_runner.py:115} INFO - Job 1037: Subtask Load_port_codes_final_table   category=DeprecationWarning,
[2019-10-04 20:18:18,092] {base_task_runner.py:115} INFO - Job 1037: Subtask Load_port_codes_final_table [2019-10-04 20:18:18,092] {settings.py:213} INFO - settings.configure_orm(): Using pool settings. pool_size=5, max_overflow=10, pool_recycle=1800, pid=7937
[2019-10-04 20:18:18,525] {base_task_runner.py:115} INFO - Job 1037: Subtask Load_port_codes_final_table [2019-10-04 20:18:18,524] {__init__.py:51} INFO - Using executor LocalExecutor
[2019-10-04 20:18:19,357] {base_task_runner.py:115} INFO - Job 1037: Subtask Load_port_codes_final_table [2019-10-04 20:18:19,356] {dagbag.py:90} INFO - Filling up the DagBag from /Users/victorialemay/Courses/Udacity/Data Engineering Nanodegree/capstone/project-archive/airflow/dags/project_dag.py
[2019-10-04 20:18:19,433] {base_task_runner.py:115} INFO - Job 1037: Subtask Load_port_codes_final_table [2019-10-04 20:18:19,432] {cli.py:516} INFO - Running <TaskInstance: capstone_project_dag.Load_port_codes_final_table 2019-10-05T01:16:11.794605+00:00 [running]> on host 1.0.0.0.0.0.0.0.0.0.0.0.0.0.0.0.0.0.0.0.0.0.0.0.0.0.0.0.0.0.0.0.ip6.arpa
[2019-10-04 20:18:19,491] {load_final_table.py:24} INFO - Loading data into port_codes table
[2019-10-04 20:18:19,491] {load_final_table.py:34} INFO - Using columns: city, state_id, i94_port_code
[2019-10-04 20:18:19,509] {logging_mixin.py:95} INFO - [[34m2019-10-04 20:18:19,509[0m] {[34mbase_hook.py:[0m84} INFO[0m - Using connection to: [1mid: redshift. Host: redshift-cluster-1.c4i0rfzboubh.us-west-2.redshift.amazonaws.com, Port: 5439, Schema: dev, Login: awsuser, Password: XXXXXXXX, extra: {}[0m[0m
[2019-10-04 20:18:20,068] {logging_mixin.py:95} INFO - [[34m2019-10-04 20:18:20,068[0m] {[34mdbapi_hook.py:[0m171} INFO[0m - INSERT INTO port_codes (city, state_id, i94_port_code) 
            SELECT
                port_code_staging.name,
                us_states.id,
                port_code_staging.i94_port_code
            FROM
                port_code_staging
            LEFT JOIN
                us_states ON port_code_staging.state_code = us_states.state_code
        [0m
[2019-10-04 20:18:20,984] {load_final_table.py:38} INFO - Data load complete
[2019-10-04 20:18:21,749] {logging_mixin.py:95} INFO - [[34m2019-10-04 20:18:21,748[0m] {[34mlocal_task_job.py:[0m105} INFO[0m - Task exited with return code 0[0m
