[2019-10-04 14:22:12,963] {taskinstance.py:620} INFO - Dependencies all met for <TaskInstance: capstone_project_dag.Load_i94_immigration_staging_table 2019-10-04T19:21:14.889889+00:00 [queued]>
[2019-10-04 14:22:12,980] {taskinstance.py:620} INFO - Dependencies all met for <TaskInstance: capstone_project_dag.Load_i94_immigration_staging_table 2019-10-04T19:21:14.889889+00:00 [queued]>
[2019-10-04 14:22:12,980] {taskinstance.py:838} INFO - 
--------------------------------------------------------------------------------
[2019-10-04 14:22:12,981] {taskinstance.py:839} INFO - Starting attempt 1 of 4
[2019-10-04 14:22:12,981] {taskinstance.py:840} INFO - 
--------------------------------------------------------------------------------
[2019-10-04 14:22:13,094] {taskinstance.py:859} INFO - Executing <Task(CopyS3ToRedshiftOperator): Load_i94_immigration_staging_table> on 2019-10-04T19:21:14.889889+00:00
[2019-10-04 14:22:13,094] {base_task_runner.py:133} INFO - Running: ['airflow', 'run', 'capstone_project_dag', 'Load_i94_immigration_staging_table', '2019-10-04T19:21:14.889889+00:00', '--job_id', '713', '--pool', 'default_pool', '--raw', '-sd', 'DAGS_FOLDER/project_dag.py', '--cfg_path', '/var/folders/dr/9yvjlnm11xv25k2gknf2n3z00000gn/T/tmpk6fhr_s6']
[2019-10-04 14:22:15,501] {base_task_runner.py:115} INFO - Job 713: Subtask Load_i94_immigration_staging_table /usr/local/lib/python3.7/site-packages/airflow/configuration.py:627: DeprecationWarning: You have two airflow.cfg files: /Users/victorialemay/airflow/airflow.cfg and /Users/victorialemay/Courses/Udacity/Data Engineering Nanodegree/capstone/project-archive/airflow/airflow.cfg. Airflow used to look at ~/airflow/airflow.cfg, even when AIRFLOW_HOME was set to a different value. Airflow will now only read /Users/victorialemay/Courses/Udacity/Data Engineering Nanodegree/capstone/project-archive/airflow/airflow.cfg, and you should remove the other file
[2019-10-04 14:22:15,501] {base_task_runner.py:115} INFO - Job 713: Subtask Load_i94_immigration_staging_table   category=DeprecationWarning,
[2019-10-04 14:22:16,057] {base_task_runner.py:115} INFO - Job 713: Subtask Load_i94_immigration_staging_table [2019-10-04 14:22:16,056] {settings.py:213} INFO - settings.configure_orm(): Using pool settings. pool_size=5, max_overflow=10, pool_recycle=1800, pid=5529
[2019-10-04 14:22:17,535] {base_task_runner.py:115} INFO - Job 713: Subtask Load_i94_immigration_staging_table [2019-10-04 14:22:17,534] {__init__.py:51} INFO - Using executor LocalExecutor
[2019-10-04 14:22:20,285] {base_task_runner.py:115} INFO - Job 713: Subtask Load_i94_immigration_staging_table [2019-10-04 14:22:20,284] {dagbag.py:90} INFO - Filling up the DagBag from /Users/victorialemay/Courses/Udacity/Data Engineering Nanodegree/capstone/project-archive/airflow/dags/project_dag.py
[2019-10-04 14:22:20,396] {base_task_runner.py:115} INFO - Job 713: Subtask Load_i94_immigration_staging_table [2019-10-04 14:22:20,396] {cli.py:516} INFO - Running <TaskInstance: capstone_project_dag.Load_i94_immigration_staging_table 2019-10-04T19:21:14.889889+00:00 [running]> on host 1.0.0.0.0.0.0.0.0.0.0.0.0.0.0.0.0.0.0.0.0.0.0.0.0.0.0.0.0.0.0.0.ip6.arpa
[2019-10-04 14:22:20,483] {copy_s3_to_redshift.py:46} INFO - Using data file  from S3 bucket project-capstone-parquet
[2019-10-04 14:22:20,484] {copy_s3_to_redshift.py:47} INFO - Inserting into destination Redshift table i94_immigration_staging
[2019-10-04 14:22:20,573] {logging_mixin.py:95} INFO - [[34m2019-10-04 14:22:20,572[0m] {[34mbase_hook.py:[0m84} INFO[0m - Using connection to: [1mid: redshift. Host: redshift-cluster-1.c4i0rfzboubh.us-west-2.redshift.amazonaws.com, Port: 5439, Schema: dev, Login: awsuser, Password: XXXXXXXX, extra: {}[0m[0m
[2019-10-04 14:22:21,161] {logging_mixin.py:95} INFO - [[34m2019-10-04 14:22:21,161[0m] {[34mdbapi_hook.py:[0m171} INFO[0m - TRUNCATE TABLE i94_immigration_staging[0m
[2019-10-04 14:22:21,477] {copy_s3_to_redshift.py:56} INFO - Copying data from S3 to Redshift
[2019-10-04 14:22:21,494] {logging_mixin.py:95} INFO - [[34m2019-10-04 14:22:21,494[0m] {[34mbase_hook.py:[0m84} INFO[0m - Using connection to: [1mid: redshift. Host: redshift-cluster-1.c4i0rfzboubh.us-west-2.redshift.amazonaws.com, Port: 5439, Schema: dev, Login: awsuser, Password: XXXXXXXX, extra: {}[0m[0m
[2019-10-04 14:22:22,042] {logging_mixin.py:95} INFO - [[34m2019-10-04 14:22:22,042[0m] {[34mdbapi_hook.py:[0m171} INFO[0m - 
        COPY i94_immigration_staging
        FROM 's3://project-capstone-parquet/'
        IAM_ROLE 'arn:aws:iam::191711490296:role/myRedshiftRole'
        FORMAT AS PARQUET
    [0m
[2019-10-04 14:22:31,195] {copy_s3_to_redshift.py:76} INFO - Data copy complete
[2019-10-04 14:22:32,874] {logging_mixin.py:95} INFO - [[34m2019-10-04 14:22:32,873[0m] {[34mlocal_task_job.py:[0m105} INFO[0m - Task exited with return code 0[0m
