[2019-10-04 20:17:07,459] {taskinstance.py:620} INFO - Dependencies all met for <TaskInstance: capstone_project_dag.create_final_database_tables 2019-10-05T01:16:11.794605+00:00 [queued]>
[2019-10-04 20:17:07,483] {taskinstance.py:620} INFO - Dependencies all met for <TaskInstance: capstone_project_dag.create_final_database_tables 2019-10-05T01:16:11.794605+00:00 [queued]>
[2019-10-04 20:17:07,484] {taskinstance.py:838} INFO - 
--------------------------------------------------------------------------------
[2019-10-04 20:17:07,484] {taskinstance.py:839} INFO - Starting attempt 1 of 4
[2019-10-04 20:17:07,484] {taskinstance.py:840} INFO - 
--------------------------------------------------------------------------------
[2019-10-04 20:17:07,492] {taskinstance.py:859} INFO - Executing <Task(PostgresOperator): create_final_database_tables> on 2019-10-05T01:16:11.794605+00:00
[2019-10-04 20:17:07,492] {base_task_runner.py:133} INFO - Running: ['airflow', 'run', 'capstone_project_dag', 'create_final_database_tables', '2019-10-05T01:16:11.794605+00:00', '--job_id', '1026', '--pool', 'default_pool', '--raw', '-sd', 'DAGS_FOLDER/project_dag.py', '--cfg_path', '/var/folders/dr/9yvjlnm11xv25k2gknf2n3z00000gn/T/tmpc45td0tg']
[2019-10-04 20:17:08,060] {base_task_runner.py:115} INFO - Job 1026: Subtask create_final_database_tables /usr/local/lib/python3.7/site-packages/airflow/configuration.py:627: DeprecationWarning: You have two airflow.cfg files: /Users/victorialemay/airflow/airflow.cfg and /Users/victorialemay/Courses/Udacity/Data Engineering Nanodegree/capstone/project-archive/airflow/airflow.cfg. Airflow used to look at ~/airflow/airflow.cfg, even when AIRFLOW_HOME was set to a different value. Airflow will now only read /Users/victorialemay/Courses/Udacity/Data Engineering Nanodegree/capstone/project-archive/airflow/airflow.cfg, and you should remove the other file
[2019-10-04 20:17:08,060] {base_task_runner.py:115} INFO - Job 1026: Subtask create_final_database_tables   category=DeprecationWarning,
[2019-10-04 20:17:08,225] {base_task_runner.py:115} INFO - Job 1026: Subtask create_final_database_tables [2019-10-04 20:17:08,225] {settings.py:213} INFO - settings.configure_orm(): Using pool settings. pool_size=5, max_overflow=10, pool_recycle=1800, pid=7297
[2019-10-04 20:17:08,435] {base_task_runner.py:115} INFO - Job 1026: Subtask create_final_database_tables [2019-10-04 20:17:08,434] {__init__.py:51} INFO - Using executor LocalExecutor
[2019-10-04 20:17:08,840] {base_task_runner.py:115} INFO - Job 1026: Subtask create_final_database_tables [2019-10-04 20:17:08,840] {dagbag.py:90} INFO - Filling up the DagBag from /Users/victorialemay/Courses/Udacity/Data Engineering Nanodegree/capstone/project-archive/airflow/dags/project_dag.py
[2019-10-04 20:17:08,892] {base_task_runner.py:115} INFO - Job 1026: Subtask create_final_database_tables [2019-10-04 20:17:08,891] {cli.py:516} INFO - Running <TaskInstance: capstone_project_dag.create_final_database_tables 2019-10-05T01:16:11.794605+00:00 [running]> on host 1.0.0.0.0.0.0.0.0.0.0.0.0.0.0.0.0.0.0.0.0.0.0.0.0.0.0.0.0.0.0.0.ip6.arpa
[2019-10-04 20:17:08,935] {postgres_operator.py:62} INFO - Executing: CREATE TABLE IF NOT EXISTS public.i94_immigration (
    id int4 identity(1,1),
    year int4,
    month int4,
    res_country_code_id int4,
    port_id int4,
    travel_mode_id int4,
    arrival_date timestamp not null,
    departure_date timestamp,
    respondent_age int4,
    visa_type_code_id int4,
    visa_post_code_id int4,
    occupation varchar(256),
    birth_year int4,
    gender char(1),
    visa_type varchar(12),
    CONSTRAINT i94_immigration_pkey PRIMARY KEY (id)
);

CREATE TABLE IF NOT EXISTS public.country_codes (
    id int4 identity(1,1),
    name varchar(256) not null,
    i94_code int4 not null,
    CONSTRAINT country_codes_pkey PRIMARY KEY (id)
);

CREATE TABLE IF NOT EXISTS public.travel_modes (
    id int4 identity(1,1),
    name varchar(256) not null,
    travel_mode_code int4 not null,
    CONSTRAINT travel_modes_pkey PRIMARY KEY (id)
);

CREATE TABLE IF NOT EXISTS public.port_codes (
    id int4 identity(1,1),
    city varchar(512),
    state_id int4,
    i94_port_code varchar(12) not null,
    CONSTRAINT port_codes_pkey PRIMARY KEY (id)
);

CREATE TABLE IF NOT EXISTS public.us_states (
    id int4 identity(1,1),
    name varchar(256) not null,
    state_code varchar(3) not null,
    CONSTRAINT us_states_pkey PRIMARY KEY (id)
);

CREATE TABLE IF NOT EXISTS public.visa_types (
    id int4 identity(1,1),
    name varchar(256) not null,
    visa_type_code int4 not null,
    CONSTRAINT visa_types_pkey PRIMARY KEY (id)
);

CREATE TABLE IF NOT EXISTS public.land_temperatures (
    id int4 identity(1,1),
    date timestamp not null,
    avg_temp numeric(20,16),
    avg_temp_uncertainty numeric(20,16),
    city varchar(256),
    country_code_id int4,
    latitude varchar(12),
    longitude varchar(12),
    CONSTRAINT land_temperatures_pkey PRIMARY KEY (id)
);

CREATE TABLE IF NOT EXISTS public.us_city_demographics (
    id int4 identity(1,1),
    port_code_id int4,
    city varchar(128),
    median_age numeric(5,2),
    male_pop int4,
    female_pop int4,
    total_pop int4,
    num_vets int4,
    foreign_pop int4,
    avg_household_size numeric(3,1),
    race varchar(256),
    race_pop int4,
    CONSTRAINT us_city_demographics_pkey PRIMARY KEY (id)
);

CREATE TABLE IF NOT EXISTS public.i94_immigration_by_year_month_port (
    id int4 identity(1,1),
    year int4,
    month int4,
    city varchar(128),
    state_code varchar(3),
    i94_port_code varchar(4),
    total int4,
    total_men int4,
	total_women int4,
	avg_age int4
);
[2019-10-04 20:17:08,950] {logging_mixin.py:95} INFO - [[34m2019-10-04 20:17:08,950[0m] {[34mbase_hook.py:[0m84} INFO[0m - Using connection to: [1mid: redshift. Host: redshift-cluster-1.c4i0rfzboubh.us-west-2.redshift.amazonaws.com, Port: 5439, Schema: dev, Login: awsuser, Password: XXXXXXXX, extra: {}[0m[0m
[2019-10-04 20:17:09,572] {logging_mixin.py:95} INFO - [[34m2019-10-04 20:17:09,572[0m] {[34mdbapi_hook.py:[0m171} INFO[0m - CREATE TABLE IF NOT EXISTS public.i94_immigration (
    id int4 identity(1,1),
    year int4,
    month int4,
    res_country_code_id int4,
    port_id int4,
    travel_mode_id int4,
    arrival_date timestamp not null,
    departure_date timestamp,
    respondent_age int4,
    visa_type_code_id int4,
    visa_post_code_id int4,
    occupation varchar(256),
    birth_year int4,
    gender char(1),
    visa_type varchar(12),
    CONSTRAINT i94_immigration_pkey PRIMARY KEY (id)
);

CREATE TABLE IF NOT EXISTS public.country_codes (
    id int4 identity(1,1),
    name varchar(256) not null,
    i94_code int4 not null,
    CONSTRAINT country_codes_pkey PRIMARY KEY (id)
);

CREATE TABLE IF NOT EXISTS public.travel_modes (
    id int4 identity(1,1),
    name varchar(256) not null,
    travel_mode_code int4 not null,
    CONSTRAINT travel_modes_pkey PRIMARY KEY (id)
);

CREATE TABLE IF NOT EXISTS public.port_codes (
    id int4 identity(1,1),
    city varchar(512),
    state_id int4,
    i94_port_code varchar(12) not null,
    CONSTRAINT port_codes_pkey PRIMARY KEY (id)
);

CREATE TABLE IF NOT EXISTS public.us_states (
    id int4 identity(1,1),
    name varchar(256) not null,
    state_code varchar(3) not null,
    CONSTRAINT us_states_pkey PRIMARY KEY (id)
);

CREATE TABLE IF NOT EXISTS public.visa_types (
    id int4 identity(1,1),
    name varchar(256) not null,
    visa_type_code int4 not null,
    CONSTRAINT visa_types_pkey PRIMARY KEY (id)
);

CREATE TABLE IF NOT EXISTS public.land_temperatures (
    id int4 identity(1,1),
    date timestamp not null,
    avg_temp numeric(20,16),
    avg_temp_uncertainty numeric(20,16),
    city varchar(256),
    country_code_id int4,
    latitude varchar(12),
    longitude varchar(12),
    CONSTRAINT land_temperatures_pkey PRIMARY KEY (id)
);

CREATE TABLE IF NOT EXISTS public.us_city_demographics (
    id int4 identity(1,1),
    port_code_id int4,
    city varchar(128),
    median_age numeric(5,2),
    male_pop int4,
    female_pop int4,
    total_pop int4,
    num_vets int4,
    foreign_pop int4,
    avg_household_size numeric(3,1),
    race varchar(256),
    race_pop int4,
    CONSTRAINT us_city_demographics_pkey PRIMARY KEY (id)
);

CREATE TABLE IF NOT EXISTS public.i94_immigration_by_year_month_port (
    id int4 identity(1,1),
    year int4,
    month int4,
    city varchar(128),
    state_code varchar(3),
    i94_port_code varchar(4),
    total int4,
    total_men int4,
	total_women int4,
	avg_age int4
);[0m
[2019-10-04 20:17:09,972] {postgres_operator.py:67} INFO - INFO:  Relation "i94_immigration" already exists and will be skipped

[2019-10-04 20:17:09,972] {postgres_operator.py:67} INFO - INFO:  Relation "country_codes" already exists and will be skipped

[2019-10-04 20:17:09,972] {postgres_operator.py:67} INFO - INFO:  Relation "travel_modes" already exists and will be skipped

[2019-10-04 20:17:09,972] {postgres_operator.py:67} INFO - INFO:  Relation "port_codes" already exists and will be skipped

[2019-10-04 20:17:09,973] {postgres_operator.py:67} INFO - INFO:  Relation "us_states" already exists and will be skipped

[2019-10-04 20:17:09,973] {postgres_operator.py:67} INFO - INFO:  Relation "visa_types" already exists and will be skipped

[2019-10-04 20:17:09,973] {postgres_operator.py:67} INFO - INFO:  Relation "land_temperatures" already exists and will be skipped

[2019-10-04 20:17:09,973] {postgres_operator.py:67} INFO - INFO:  Relation "us_city_demographics" already exists and will be skipped

[2019-10-04 20:17:12,450] {logging_mixin.py:95} INFO - [[34m2019-10-04 20:17:12,450[0m] {[34mlocal_task_job.py:[0m105} INFO[0m - Task exited with return code 0[0m
