[2019-10-04 19:26:31,727] {taskinstance.py:620} INFO - Dependencies all met for <TaskInstance: capstone_project_dag.Load_country_codes_dim_table 2019-10-05T00:25:24.611163+00:00 [queued]>
[2019-10-04 19:26:31,762] {taskinstance.py:620} INFO - Dependencies all met for <TaskInstance: capstone_project_dag.Load_country_codes_dim_table 2019-10-05T00:25:24.611163+00:00 [queued]>
[2019-10-04 19:26:31,762] {taskinstance.py:838} INFO - 
--------------------------------------------------------------------------------
[2019-10-04 19:26:31,763] {taskinstance.py:839} INFO - Starting attempt 1 of 4
[2019-10-04 19:26:31,763] {taskinstance.py:840} INFO - 
--------------------------------------------------------------------------------
[2019-10-04 19:26:31,772] {taskinstance.py:859} INFO - Executing <Task(LoadDimFileDataOperator): Load_country_codes_dim_table> on 2019-10-05T00:25:24.611163+00:00
[2019-10-04 19:26:31,773] {base_task_runner.py:133} INFO - Running: ['airflow', 'run', 'capstone_project_dag', 'Load_country_codes_dim_table', '2019-10-05T00:25:24.611163+00:00', '--job_id', '941', '--pool', 'default_pool', '--raw', '-sd', 'DAGS_FOLDER/project_dag.py', '--cfg_path', '/var/folders/dr/9yvjlnm11xv25k2gknf2n3z00000gn/T/tmpnac0y_bd']
[2019-10-04 19:26:33,856] {base_task_runner.py:115} INFO - Job 941: Subtask Load_country_codes_dim_table /usr/local/lib/python3.7/site-packages/airflow/configuration.py:627: DeprecationWarning: You have two airflow.cfg files: /Users/victorialemay/airflow/airflow.cfg and /Users/victorialemay/Courses/Udacity/Data Engineering Nanodegree/capstone/project-archive/airflow/airflow.cfg. Airflow used to look at ~/airflow/airflow.cfg, even when AIRFLOW_HOME was set to a different value. Airflow will now only read /Users/victorialemay/Courses/Udacity/Data Engineering Nanodegree/capstone/project-archive/airflow/airflow.cfg, and you should remove the other file
[2019-10-04 19:26:33,856] {base_task_runner.py:115} INFO - Job 941: Subtask Load_country_codes_dim_table   category=DeprecationWarning,
[2019-10-04 19:26:34,273] {base_task_runner.py:115} INFO - Job 941: Subtask Load_country_codes_dim_table [2019-10-04 19:26:34,272] {settings.py:213} INFO - settings.configure_orm(): Using pool settings. pool_size=5, max_overflow=10, pool_recycle=1800, pid=91214
[2019-10-04 19:26:35,181] {base_task_runner.py:115} INFO - Job 941: Subtask Load_country_codes_dim_table [2019-10-04 19:26:35,181] {__init__.py:51} INFO - Using executor LocalExecutor
[2019-10-04 19:26:36,783] {base_task_runner.py:115} INFO - Job 941: Subtask Load_country_codes_dim_table [2019-10-04 19:26:36,783] {dagbag.py:90} INFO - Filling up the DagBag from /Users/victorialemay/Courses/Udacity/Data Engineering Nanodegree/capstone/project-archive/airflow/dags/project_dag.py
[2019-10-04 19:26:36,874] {base_task_runner.py:115} INFO - Job 941: Subtask Load_country_codes_dim_table [2019-10-04 19:26:36,874] {cli.py:516} INFO - Running <TaskInstance: capstone_project_dag.Load_country_codes_dim_table 2019-10-05T00:25:24.611163+00:00 [running]> on host 1.0.0.0.0.0.0.0.0.0.0.0.0.0.0.0.0.0.0.0.0.0.0.0.0.0.0.0.0.0.0.0.ip6.arpa
[2019-10-04 19:26:36,937] {load_dim_file_data.py:35} INFO - Using data file country_codes.csv from S3 bucket project-capstone
[2019-10-04 19:26:37,084] {logging_mixin.py:95} INFO - [[34m2019-10-04 19:26:37,084[0m] {[34mbase_hook.py:[0m84} INFO[0m - Using connection to: [1mid: redshift. Host: redshift-cluster-1.c4i0rfzboubh.us-west-2.redshift.amazonaws.com, Port: 5439, Schema: dev, Login: awsuser, Password: XXXXXXXX, extra: {}[0m[0m
[2019-10-04 19:26:37,832] {load_dim_file_data.py:58} INFO - Found 289 records in country_codes
[2019-10-04 19:26:37,832] {load_dim_file_data.py:59} INFO - country_codes table data is already set
[2019-10-04 19:26:37,832] {load_dim_file_data.py:61} INFO - Data copy complete
[2019-10-04 19:26:41,701] {logging_mixin.py:95} INFO - [[34m2019-10-04 19:26:41,700[0m] {[34mlocal_task_job.py:[0m105} INFO[0m - Task exited with return code 0[0m
