[2019-10-04 17:59:15,461] {taskinstance.py:620} INFO - Dependencies all met for <TaskInstance: capstone_project_dag.Load_us_states_dim_table 2019-10-04T22:58:02.565636+00:00 [queued]>
[2019-10-04 17:59:15,495] {taskinstance.py:620} INFO - Dependencies all met for <TaskInstance: capstone_project_dag.Load_us_states_dim_table 2019-10-04T22:58:02.565636+00:00 [queued]>
[2019-10-04 17:59:15,495] {taskinstance.py:838} INFO - 
--------------------------------------------------------------------------------
[2019-10-04 17:59:15,496] {taskinstance.py:839} INFO - Starting attempt 1 of 4
[2019-10-04 17:59:15,496] {taskinstance.py:840} INFO - 
--------------------------------------------------------------------------------
[2019-10-04 17:59:15,508] {taskinstance.py:859} INFO - Executing <Task(LoadDimFileDataOperator): Load_us_states_dim_table> on 2019-10-04T22:58:02.565636+00:00
[2019-10-04 17:59:15,509] {base_task_runner.py:133} INFO - Running: ['airflow', 'run', 'capstone_project_dag', 'Load_us_states_dim_table', '2019-10-04T22:58:02.565636+00:00', '--job_id', '882', '--pool', 'default_pool', '--raw', '-sd', 'DAGS_FOLDER/project_dag.py', '--cfg_path', '/var/folders/dr/9yvjlnm11xv25k2gknf2n3z00000gn/T/tmpgvw5qrot']
[2019-10-04 17:59:17,951] {base_task_runner.py:115} INFO - Job 882: Subtask Load_us_states_dim_table /usr/local/lib/python3.7/site-packages/airflow/configuration.py:627: DeprecationWarning: You have two airflow.cfg files: /Users/victorialemay/airflow/airflow.cfg and /Users/victorialemay/Courses/Udacity/Data Engineering Nanodegree/capstone/project-archive/airflow/airflow.cfg. Airflow used to look at ~/airflow/airflow.cfg, even when AIRFLOW_HOME was set to a different value. Airflow will now only read /Users/victorialemay/Courses/Udacity/Data Engineering Nanodegree/capstone/project-archive/airflow/airflow.cfg, and you should remove the other file
[2019-10-04 17:59:17,952] {base_task_runner.py:115} INFO - Job 882: Subtask Load_us_states_dim_table   category=DeprecationWarning,
[2019-10-04 17:59:18,557] {base_task_runner.py:115} INFO - Job 882: Subtask Load_us_states_dim_table [2019-10-04 17:59:18,556] {settings.py:213} INFO - settings.configure_orm(): Using pool settings. pool_size=5, max_overflow=10, pool_recycle=1800, pid=67200
[2019-10-04 17:59:19,760] {base_task_runner.py:115} INFO - Job 882: Subtask Load_us_states_dim_table [2019-10-04 17:59:19,758] {__init__.py:51} INFO - Using executor LocalExecutor
[2019-10-04 17:59:21,760] {base_task_runner.py:115} INFO - Job 882: Subtask Load_us_states_dim_table [2019-10-04 17:59:21,759] {dagbag.py:90} INFO - Filling up the DagBag from /Users/victorialemay/Courses/Udacity/Data Engineering Nanodegree/capstone/project-archive/airflow/dags/project_dag.py
[2019-10-04 17:59:21,950] {base_task_runner.py:115} INFO - Job 882: Subtask Load_us_states_dim_table [2019-10-04 17:59:21,949] {cli.py:516} INFO - Running <TaskInstance: capstone_project_dag.Load_us_states_dim_table 2019-10-04T22:58:02.565636+00:00 [running]> on host 1.0.0.0.0.0.0.0.0.0.0.0.0.0.0.0.0.0.0.0.0.0.0.0.0.0.0.0.0.0.0.0.ip6.arpa
[2019-10-04 17:59:22,020] {load_dim_file_data.py:35} INFO - Using data file us_states.csv from S3 bucket project-capstone
[2019-10-04 17:59:22,311] {logging_mixin.py:95} INFO - [[34m2019-10-04 17:59:22,311[0m] {[34mbase_hook.py:[0m84} INFO[0m - Using connection to: [1mid: redshift. Host: redshift-cluster-1.c4i0rfzboubh.us-west-2.redshift.amazonaws.com, Port: 5439, Schema: dev, Login: awsuser, Password: XXXXXXXX, extra: {}[0m[0m
[2019-10-04 17:59:23,053] {load_dim_file_data.py:46} INFO - Inserting into destination Redshift table us_states
[2019-10-04 17:59:23,077] {logging_mixin.py:95} INFO - [[34m2019-10-04 17:59:23,077[0m] {[34mbase_hook.py:[0m84} INFO[0m - Using connection to: [1mid: redshift. Host: redshift-cluster-1.c4i0rfzboubh.us-west-2.redshift.amazonaws.com, Port: 5439, Schema: dev, Login: awsuser, Password: XXXXXXXX, extra: {}[0m[0m
[2019-10-04 17:59:23,717] {logging_mixin.py:95} INFO - [[34m2019-10-04 17:59:23,717[0m] {[34mdbapi_hook.py:[0m171} INFO[0m - 
        COPY us_states 
        FROM 's3://project-capstone/us_states.csv'
        ACCESS_KEY_ID 'AKIASZIXFGD4JFXXFSEI'
        SECRET_ACCESS_KEY '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'
        CSV DELIMITER ',' IGNOREHEADER 1
    [0m
[2019-10-04 17:59:24,683] {load_dim_file_data.py:61} INFO - Data copy complete
[2019-10-04 17:59:25,449] {logging_mixin.py:95} INFO - [[34m2019-10-04 17:59:25,449[0m] {[34mlocal_task_job.py:[0m105} INFO[0m - Task exited with return code 0[0m
