[2019-10-04 13:13:11,846] {taskinstance.py:620} INFO - Dependencies all met for <TaskInstance: capstone_project_dag.Load_us_states_dim_table 2019-10-04T18:12:14.680557+00:00 [queued]>
[2019-10-04 13:13:11,863] {taskinstance.py:620} INFO - Dependencies all met for <TaskInstance: capstone_project_dag.Load_us_states_dim_table 2019-10-04T18:12:14.680557+00:00 [queued]>
[2019-10-04 13:13:11,863] {taskinstance.py:838} INFO - 
--------------------------------------------------------------------------------
[2019-10-04 13:13:11,863] {taskinstance.py:839} INFO - Starting attempt 1 of 4
[2019-10-04 13:13:11,864] {taskinstance.py:840} INFO - 
--------------------------------------------------------------------------------
[2019-10-04 13:13:11,934] {taskinstance.py:859} INFO - Executing <Task(LoadDimFileData): Load_us_states_dim_table> on 2019-10-04T18:12:14.680557+00:00
[2019-10-04 13:13:11,934] {base_task_runner.py:133} INFO - Running: ['airflow', 'run', 'capstone_project_dag', 'Load_us_states_dim_table', '2019-10-04T18:12:14.680557+00:00', '--job_id', '641', '--pool', 'default_pool', '--raw', '-sd', 'DAGS_FOLDER/project_dag.py', '--cfg_path', '/var/folders/dr/9yvjlnm11xv25k2gknf2n3z00000gn/T/tmpaflvein6']
[2019-10-04 13:13:14,117] {base_task_runner.py:115} INFO - Job 641: Subtask Load_us_states_dim_table /usr/local/lib/python3.7/site-packages/airflow/configuration.py:627: DeprecationWarning: You have two airflow.cfg files: /Users/victorialemay/airflow/airflow.cfg and /Users/victorialemay/Courses/Udacity/Data Engineering Nanodegree/capstone/project-archive/airflow/airflow.cfg. Airflow used to look at ~/airflow/airflow.cfg, even when AIRFLOW_HOME was set to a different value. Airflow will now only read /Users/victorialemay/Courses/Udacity/Data Engineering Nanodegree/capstone/project-archive/airflow/airflow.cfg, and you should remove the other file
[2019-10-04 13:13:14,118] {base_task_runner.py:115} INFO - Job 641: Subtask Load_us_states_dim_table   category=DeprecationWarning,
[2019-10-04 13:13:14,660] {base_task_runner.py:115} INFO - Job 641: Subtask Load_us_states_dim_table [2019-10-04 13:13:14,660] {settings.py:213} INFO - settings.configure_orm(): Using pool settings. pool_size=5, max_overflow=10, pool_recycle=1800, pid=86867
[2019-10-04 13:13:15,682] {base_task_runner.py:115} INFO - Job 641: Subtask Load_us_states_dim_table [2019-10-04 13:13:15,682] {__init__.py:51} INFO - Using executor LocalExecutor
[2019-10-04 13:13:17,580] {base_task_runner.py:115} INFO - Job 641: Subtask Load_us_states_dim_table [2019-10-04 13:13:17,485] {dagbag.py:90} INFO - Filling up the DagBag from /Users/victorialemay/Courses/Udacity/Data Engineering Nanodegree/capstone/project-archive/airflow/dags/project_dag.py
[2019-10-04 13:13:17,733] {base_task_runner.py:115} INFO - Job 641: Subtask Load_us_states_dim_table [2019-10-04 13:13:17,732] {cli.py:516} INFO - Running <TaskInstance: capstone_project_dag.Load_us_states_dim_table 2019-10-04T18:12:14.680557+00:00 [running]> on host 1.0.0.0.0.0.0.0.0.0.0.0.0.0.0.0.0.0.0.0.0.0.0.0.0.0.0.0.0.0.0.0.ip6.arpa
[2019-10-04 13:13:17,847] {load_dim_file_data.py:35} INFO - Using data file us_states.csv from S3 bucket project-capstone
[2019-10-04 13:13:18,013] {logging_mixin.py:95} INFO - [[34m2019-10-04 13:13:18,011[0m] {[34mbase_hook.py:[0m84} INFO[0m - Using connection to: [1mid: redshift. Host: redshift-cluster-1.c4i0rfzboubh.us-west-2.redshift.amazonaws.com, Port: 5439, Schema: dev, Login: awsuser, Password: XXXXXXXX, extra: {}[0m[0m
[2019-10-04 13:13:18,779] {load_dim_file_data.py:58} INFO - Found 53 records in us_states
[2019-10-04 13:13:18,779] {load_dim_file_data.py:59} INFO - us_states table data is already set
[2019-10-04 13:13:18,779] {load_dim_file_data.py:61} INFO - Data copy complete
[2019-10-04 13:13:21,801] {logging_mixin.py:95} INFO - [[34m2019-10-04 13:13:21,800[0m] {[34mlocal_task_job.py:[0m105} INFO[0m - Task exited with return code 0[0m
