[2019-10-03 13:58:23,891] {taskinstance.py:620} INFO - Dependencies all met for <TaskInstance: capstone_project_dag.Stage_staging_data_files 2019-10-03T18:58:01.889035+00:00 [queued]>
[2019-10-03 13:58:23,929] {taskinstance.py:620} INFO - Dependencies all met for <TaskInstance: capstone_project_dag.Stage_staging_data_files 2019-10-03T18:58:01.889035+00:00 [queued]>
[2019-10-03 13:58:23,929] {taskinstance.py:838} INFO - 
--------------------------------------------------------------------------------
[2019-10-03 13:58:23,929] {taskinstance.py:839} INFO - Starting attempt 1 of 4
[2019-10-03 13:58:23,929] {taskinstance.py:840} INFO - 
--------------------------------------------------------------------------------
[2019-10-03 13:58:23,945] {taskinstance.py:859} INFO - Executing <Task(LoadLocalFilesToS3Operator): Stage_staging_data_files> on 2019-10-03T18:58:01.889035+00:00
[2019-10-03 13:58:23,945] {base_task_runner.py:133} INFO - Running: ['airflow', 'run', 'capstone_project_dag', 'Stage_staging_data_files', '2019-10-03T18:58:01.889035+00:00', '--job_id', '262', '--pool', 'default_pool', '--raw', '-sd', 'DAGS_FOLDER/project_dag.py', '--cfg_path', '/var/folders/dr/9yvjlnm11xv25k2gknf2n3z00000gn/T/tmp3t2a20wz']
[2019-10-03 13:58:24,893] {base_task_runner.py:115} INFO - Job 262: Subtask Stage_staging_data_files /usr/local/lib/python3.7/site-packages/airflow/configuration.py:627: DeprecationWarning: You have two airflow.cfg files: /Users/victorialemay/airflow/airflow.cfg and /Users/victorialemay/Courses/Udacity/Data Engineering Nanodegree/capstone/project-archive/airflow/airflow.cfg. Airflow used to look at ~/airflow/airflow.cfg, even when AIRFLOW_HOME was set to a different value. Airflow will now only read /Users/victorialemay/Courses/Udacity/Data Engineering Nanodegree/capstone/project-archive/airflow/airflow.cfg, and you should remove the other file
[2019-10-03 13:58:24,894] {base_task_runner.py:115} INFO - Job 262: Subtask Stage_staging_data_files   category=DeprecationWarning,
[2019-10-03 13:58:25,097] {base_task_runner.py:115} INFO - Job 262: Subtask Stage_staging_data_files [2019-10-03 13:58:25,097] {settings.py:213} INFO - settings.configure_orm(): Using pool settings. pool_size=5, max_overflow=10, pool_recycle=1800, pid=82813
[2019-10-03 13:58:25,768] {base_task_runner.py:115} INFO - Job 262: Subtask Stage_staging_data_files [2019-10-03 13:58:25,767] {__init__.py:51} INFO - Using executor LocalExecutor
[2019-10-03 13:58:26,635] {base_task_runner.py:115} INFO - Job 262: Subtask Stage_staging_data_files [2019-10-03 13:58:26,635] {dagbag.py:90} INFO - Filling up the DagBag from /Users/victorialemay/Courses/Udacity/Data Engineering Nanodegree/capstone/project-archive/airflow/dags/project_dag.py
[2019-10-03 13:58:26,771] {base_task_runner.py:115} INFO - Job 262: Subtask Stage_staging_data_files [2019-10-03 13:58:26,770] {cli.py:516} INFO - Running <TaskInstance: capstone_project_dag.Stage_staging_data_files 2019-10-03T18:58:01.889035+00:00 [running]> on host 1.0.0.0.0.0.0.0.0.0.0.0.0.0.0.0.0.0.0.0.0.0.0.0.0.0.0.0.0.0.0.0.ip6.arpa
[2019-10-03 13:58:27,231] {logging_mixin.py:95} INFO - [[34m2019-10-03 13:58:27,231[0m] {[34mS3_hook.py:[0m59} INFO[0m - Not Found[0m
[2019-10-03 13:58:28,150] {load_files_to_s3.py:49} INFO - Loading to S3 bucket project-capstone
[2019-10-03 13:58:28,150] {load_files_to_s3.py:50} INFO - Checking /Users/victorialemay/Courses/Udacity/Data Engineering Nanodegree/capstone/project-archive/airflow/data/staging_data directory for files
[2019-10-03 13:58:28,151] {load_files_to_s3.py:55} INFO - Found file /Users/victorialemay/Courses/Udacity/Data Engineering Nanodegree/capstone/project-archive/airflow/data/staging_data/us-cities-demographics.csv
[2019-10-03 13:58:28,151] {load_files_to_s3.py:58} INFO -   Using S3 key us-cities-demographics.csv
[2019-10-03 13:58:28,859] {logging_mixin.py:95} INFO - [[34m2019-10-03 13:58:28,859[0m] {[34mS3_hook.py:[0m201} INFO[0m - Not Found[0m
[2019-10-03 13:58:29,600] {logging_mixin.py:95} INFO - [[34m2019-10-03 13:58:29,600[0m] {[34mS3_hook.py:[0m201} INFO[0m - Not Found[0m
[2019-10-03 13:58:33,704] {load_files_to_s3.py:63} INFO -   Uploaded new S3 key us-cities-demographics.csv to project-capstone bucket
[2019-10-03 13:58:33,704] {load_files_to_s3.py:55} INFO - Found file /Users/victorialemay/Courses/Udacity/Data Engineering Nanodegree/capstone/project-archive/airflow/data/staging_data/GlobalLandTemperaturesByCity.csv
[2019-10-03 13:58:33,704] {load_files_to_s3.py:58} INFO -   Using S3 key GlobalLandTemperaturesByCity.csv
[2019-10-03 13:58:34,325] {logging_mixin.py:95} INFO - [[34m2019-10-03 13:58:34,324[0m] {[34mS3_hook.py:[0m201} INFO[0m - Not Found[0m
[2019-10-03 13:58:34,935] {logging_mixin.py:95} INFO - [[34m2019-10-03 13:58:34,935[0m] {[34mS3_hook.py:[0m201} INFO[0m - Not Found[0m
[2019-10-03 14:05:18,231] {load_files_to_s3.py:63} INFO -   Uploaded new S3 key GlobalLandTemperaturesByCity.csv to project-capstone bucket
[2019-10-03 14:05:18,239] {load_files_to_s3.py:67} INFO - S3 file load complete!
[2019-10-03 14:05:20,196] {logging_mixin.py:95} INFO - [[34m2019-10-03 14:05:20,194[0m] {[34mlocal_task_job.py:[0m105} INFO[0m - Task exited with return code 0[0m
