[2019-10-03 13:58:23,903] {taskinstance.py:620} INFO - Dependencies all met for <TaskInstance: capstone_project_dag.Stage_sas_data_parquet_files 2019-10-03T18:58:01.889035+00:00 [queued]>
[2019-10-03 13:58:23,919] {taskinstance.py:620} INFO - Dependencies all met for <TaskInstance: capstone_project_dag.Stage_sas_data_parquet_files 2019-10-03T18:58:01.889035+00:00 [queued]>
[2019-10-03 13:58:23,919] {taskinstance.py:838} INFO - 
--------------------------------------------------------------------------------
[2019-10-03 13:58:23,919] {taskinstance.py:839} INFO - Starting attempt 1 of 4
[2019-10-03 13:58:23,919] {taskinstance.py:840} INFO - 
--------------------------------------------------------------------------------
[2019-10-03 13:58:23,971] {taskinstance.py:859} INFO - Executing <Task(LoadLocalFilesToS3Operator): Stage_sas_data_parquet_files> on 2019-10-03T18:58:01.889035+00:00
[2019-10-03 13:58:23,972] {base_task_runner.py:133} INFO - Running: ['airflow', 'run', 'capstone_project_dag', 'Stage_sas_data_parquet_files', '2019-10-03T18:58:01.889035+00:00', '--job_id', '263', '--pool', 'default_pool', '--raw', '-sd', 'DAGS_FOLDER/project_dag.py', '--cfg_path', '/var/folders/dr/9yvjlnm11xv25k2gknf2n3z00000gn/T/tmpi90qkenk']
[2019-10-03 13:58:24,907] {base_task_runner.py:115} INFO - Job 263: Subtask Stage_sas_data_parquet_files /usr/local/lib/python3.7/site-packages/airflow/configuration.py:627: DeprecationWarning: You have two airflow.cfg files: /Users/victorialemay/airflow/airflow.cfg and /Users/victorialemay/Courses/Udacity/Data Engineering Nanodegree/capstone/project-archive/airflow/airflow.cfg. Airflow used to look at ~/airflow/airflow.cfg, even when AIRFLOW_HOME was set to a different value. Airflow will now only read /Users/victorialemay/Courses/Udacity/Data Engineering Nanodegree/capstone/project-archive/airflow/airflow.cfg, and you should remove the other file
[2019-10-03 13:58:24,908] {base_task_runner.py:115} INFO - Job 263: Subtask Stage_sas_data_parquet_files   category=DeprecationWarning,
[2019-10-03 13:58:25,073] {base_task_runner.py:115} INFO - Job 263: Subtask Stage_sas_data_parquet_files [2019-10-03 13:58:25,072] {settings.py:213} INFO - settings.configure_orm(): Using pool settings. pool_size=5, max_overflow=10, pool_recycle=1800, pid=82815
[2019-10-03 13:58:25,747] {base_task_runner.py:115} INFO - Job 263: Subtask Stage_sas_data_parquet_files [2019-10-03 13:58:25,746] {__init__.py:51} INFO - Using executor LocalExecutor
[2019-10-03 13:58:26,745] {base_task_runner.py:115} INFO - Job 263: Subtask Stage_sas_data_parquet_files [2019-10-03 13:58:26,744] {dagbag.py:90} INFO - Filling up the DagBag from /Users/victorialemay/Courses/Udacity/Data Engineering Nanodegree/capstone/project-archive/airflow/dags/project_dag.py
[2019-10-03 13:58:26,839] {base_task_runner.py:115} INFO - Job 263: Subtask Stage_sas_data_parquet_files [2019-10-03 13:58:26,839] {cli.py:516} INFO - Running <TaskInstance: capstone_project_dag.Stage_sas_data_parquet_files 2019-10-03T18:58:01.889035+00:00 [running]> on host 1.0.0.0.0.0.0.0.0.0.0.0.0.0.0.0.0.0.0.0.0.0.0.0.0.0.0.0.0.0.0.0.ip6.arpa
[2019-10-03 13:58:27,271] {logging_mixin.py:95} INFO - [[34m2019-10-03 13:58:27,271[0m] {[34mS3_hook.py:[0m59} INFO[0m - Not Found[0m
[2019-10-03 13:58:28,554] {load_files_to_s3.py:49} INFO - Loading to S3 bucket project-capstone-parquet
[2019-10-03 13:58:28,554] {load_files_to_s3.py:50} INFO - Checking /Users/victorialemay/Courses/Udacity/Data Engineering Nanodegree/capstone/project-archive/airflow/data/sas_data directory for files
[2019-10-03 13:58:28,556] {load_files_to_s3.py:55} INFO - Found file /Users/victorialemay/Courses/Udacity/Data Engineering Nanodegree/capstone/project-archive/airflow/data/sas_data/part-00003-b9542815-7a8d-45fc-9c67-c9c5007ad0d4-c000.snappy.parquet
[2019-10-03 13:58:28,556] {load_files_to_s3.py:58} INFO -   Using S3 key part-00003-b9542815-7a8d-45fc-9c67-c9c5007ad0d4-c000.snappy.parquet
[2019-10-03 13:58:29,274] {logging_mixin.py:95} INFO - [[34m2019-10-03 13:58:29,274[0m] {[34mS3_hook.py:[0m201} INFO[0m - Not Found[0m
[2019-10-03 13:58:29,966] {logging_mixin.py:95} INFO - [[34m2019-10-03 13:58:29,966[0m] {[34mS3_hook.py:[0m201} INFO[0m - Not Found[0m
[2019-10-03 13:58:39,177] {load_files_to_s3.py:63} INFO -   Uploaded new S3 key part-00003-b9542815-7a8d-45fc-9c67-c9c5007ad0d4-c000.snappy.parquet to project-capstone-parquet bucket
[2019-10-03 13:58:39,177] {load_files_to_s3.py:55} INFO - Found file /Users/victorialemay/Courses/Udacity/Data Engineering Nanodegree/capstone/project-archive/airflow/data/sas_data/part-00008-b9542815-7a8d-45fc-9c67-c9c5007ad0d4-c000.snappy.parquet
[2019-10-03 13:58:39,177] {load_files_to_s3.py:58} INFO -   Using S3 key part-00008-b9542815-7a8d-45fc-9c67-c9c5007ad0d4-c000.snappy.parquet
[2019-10-03 13:58:39,832] {logging_mixin.py:95} INFO - [[34m2019-10-03 13:58:39,832[0m] {[34mS3_hook.py:[0m201} INFO[0m - Not Found[0m
[2019-10-03 13:58:40,466] {logging_mixin.py:95} INFO - [[34m2019-10-03 13:58:40,466[0m] {[34mS3_hook.py:[0m201} INFO[0m - Not Found[0m
[2019-10-03 13:59:34,673] {load_files_to_s3.py:63} INFO -   Uploaded new S3 key part-00008-b9542815-7a8d-45fc-9c67-c9c5007ad0d4-c000.snappy.parquet to project-capstone-parquet bucket
[2019-10-03 13:59:34,673] {load_files_to_s3.py:55} INFO - Found file /Users/victorialemay/Courses/Udacity/Data Engineering Nanodegree/capstone/project-archive/airflow/data/sas_data/part-00004-b9542815-7a8d-45fc-9c67-c9c5007ad0d4-c000.snappy.parquet
[2019-10-03 13:59:34,674] {load_files_to_s3.py:58} INFO -   Using S3 key part-00004-b9542815-7a8d-45fc-9c67-c9c5007ad0d4-c000.snappy.parquet
[2019-10-03 13:59:37,371] {logging_mixin.py:95} INFO - [[34m2019-10-03 13:59:37,371[0m] {[34mS3_hook.py:[0m201} INFO[0m - Not Found[0m
[2019-10-03 13:59:38,933] {logging_mixin.py:95} INFO - [[34m2019-10-03 13:59:38,933[0m] {[34mS3_hook.py:[0m201} INFO[0m - Not Found[0m
[2019-10-03 13:59:55,484] {load_files_to_s3.py:63} INFO -   Uploaded new S3 key part-00004-b9542815-7a8d-45fc-9c67-c9c5007ad0d4-c000.snappy.parquet to project-capstone-parquet bucket
[2019-10-03 13:59:55,485] {load_files_to_s3.py:55} INFO - Found file /Users/victorialemay/Courses/Udacity/Data Engineering Nanodegree/capstone/project-archive/airflow/data/sas_data/part-00013-b9542815-7a8d-45fc-9c67-c9c5007ad0d4-c000.snappy.parquet
[2019-10-03 13:59:55,485] {load_files_to_s3.py:58} INFO -   Using S3 key part-00013-b9542815-7a8d-45fc-9c67-c9c5007ad0d4-c000.snappy.parquet
[2019-10-03 13:59:56,569] {logging_mixin.py:95} INFO - [[34m2019-10-03 13:59:56,569[0m] {[34mS3_hook.py:[0m201} INFO[0m - Not Found[0m
[2019-10-03 13:59:58,701] {logging_mixin.py:95} INFO - [[34m2019-10-03 13:59:58,701[0m] {[34mS3_hook.py:[0m201} INFO[0m - Not Found[0m
[2019-10-03 14:00:20,248] {load_files_to_s3.py:63} INFO -   Uploaded new S3 key part-00013-b9542815-7a8d-45fc-9c67-c9c5007ad0d4-c000.snappy.parquet to project-capstone-parquet bucket
[2019-10-03 14:00:20,248] {load_files_to_s3.py:55} INFO - Found file /Users/victorialemay/Courses/Udacity/Data Engineering Nanodegree/capstone/project-archive/airflow/data/sas_data/part-00005-b9542815-7a8d-45fc-9c67-c9c5007ad0d4-c000.snappy.parquet
[2019-10-03 14:00:20,248] {load_files_to_s3.py:58} INFO -   Using S3 key part-00005-b9542815-7a8d-45fc-9c67-c9c5007ad0d4-c000.snappy.parquet
[2019-10-03 14:00:21,494] {logging_mixin.py:95} INFO - [[34m2019-10-03 14:00:21,494[0m] {[34mS3_hook.py:[0m201} INFO[0m - Not Found[0m
[2019-10-03 14:00:22,612] {logging_mixin.py:95} INFO - [[34m2019-10-03 14:00:22,611[0m] {[34mS3_hook.py:[0m201} INFO[0m - Not Found[0m
[2019-10-03 14:00:50,985] {load_files_to_s3.py:63} INFO -   Uploaded new S3 key part-00005-b9542815-7a8d-45fc-9c67-c9c5007ad0d4-c000.snappy.parquet to project-capstone-parquet bucket
[2019-10-03 14:00:50,985] {load_files_to_s3.py:55} INFO - Found file /Users/victorialemay/Courses/Udacity/Data Engineering Nanodegree/capstone/project-archive/airflow/data/sas_data/part-00012-b9542815-7a8d-45fc-9c67-c9c5007ad0d4-c000.snappy.parquet
[2019-10-03 14:00:50,985] {load_files_to_s3.py:58} INFO -   Using S3 key part-00012-b9542815-7a8d-45fc-9c67-c9c5007ad0d4-c000.snappy.parquet
[2019-10-03 14:00:52,706] {logging_mixin.py:95} INFO - [[34m2019-10-03 14:00:52,706[0m] {[34mS3_hook.py:[0m201} INFO[0m - Not Found[0m
[2019-10-03 14:00:53,609] {logging_mixin.py:95} INFO - [[34m2019-10-03 14:00:53,609[0m] {[34mS3_hook.py:[0m201} INFO[0m - Not Found[0m
[2019-10-03 14:01:16,421] {load_files_to_s3.py:63} INFO -   Uploaded new S3 key part-00012-b9542815-7a8d-45fc-9c67-c9c5007ad0d4-c000.snappy.parquet to project-capstone-parquet bucket
[2019-10-03 14:01:16,423] {load_files_to_s3.py:55} INFO - Found file /Users/victorialemay/Courses/Udacity/Data Engineering Nanodegree/capstone/project-archive/airflow/data/sas_data/part-00002-b9542815-7a8d-45fc-9c67-c9c5007ad0d4-c000.snappy.parquet
[2019-10-03 14:01:16,424] {load_files_to_s3.py:58} INFO -   Using S3 key part-00002-b9542815-7a8d-45fc-9c67-c9c5007ad0d4-c000.snappy.parquet
[2019-10-03 14:01:17,528] {logging_mixin.py:95} INFO - [[34m2019-10-03 14:01:17,528[0m] {[34mS3_hook.py:[0m201} INFO[0m - Not Found[0m
[2019-10-03 14:01:19,141] {logging_mixin.py:95} INFO - [[34m2019-10-03 14:01:19,141[0m] {[34mS3_hook.py:[0m201} INFO[0m - Not Found[0m
[2019-10-03 14:01:38,866] {load_files_to_s3.py:63} INFO -   Uploaded new S3 key part-00002-b9542815-7a8d-45fc-9c67-c9c5007ad0d4-c000.snappy.parquet to project-capstone-parquet bucket
[2019-10-03 14:01:38,867] {load_files_to_s3.py:55} INFO - Found file /Users/victorialemay/Courses/Udacity/Data Engineering Nanodegree/capstone/project-archive/airflow/data/sas_data/part-00009-b9542815-7a8d-45fc-9c67-c9c5007ad0d4-c000.snappy.parquet
[2019-10-03 14:01:38,867] {load_files_to_s3.py:58} INFO -   Using S3 key part-00009-b9542815-7a8d-45fc-9c67-c9c5007ad0d4-c000.snappy.parquet
[2019-10-03 14:01:39,948] {logging_mixin.py:95} INFO - [[34m2019-10-03 14:01:39,947[0m] {[34mS3_hook.py:[0m201} INFO[0m - Not Found[0m
[2019-10-03 14:01:41,764] {logging_mixin.py:95} INFO - [[34m2019-10-03 14:01:41,764[0m] {[34mS3_hook.py:[0m201} INFO[0m - Not Found[0m
[2019-10-03 14:01:57,687] {load_files_to_s3.py:63} INFO -   Uploaded new S3 key part-00009-b9542815-7a8d-45fc-9c67-c9c5007ad0d4-c000.snappy.parquet to project-capstone-parquet bucket
[2019-10-03 14:01:57,688] {load_files_to_s3.py:55} INFO - Found file /Users/victorialemay/Courses/Udacity/Data Engineering Nanodegree/capstone/project-archive/airflow/data/sas_data/part-00007-b9542815-7a8d-45fc-9c67-c9c5007ad0d4-c000.snappy.parquet
[2019-10-03 14:01:57,688] {load_files_to_s3.py:58} INFO -   Using S3 key part-00007-b9542815-7a8d-45fc-9c67-c9c5007ad0d4-c000.snappy.parquet
[2019-10-03 14:01:58,664] {logging_mixin.py:95} INFO - [[34m2019-10-03 14:01:58,664[0m] {[34mS3_hook.py:[0m201} INFO[0m - Not Found[0m
[2019-10-03 14:01:59,514] {logging_mixin.py:95} INFO - [[34m2019-10-03 14:01:59,514[0m] {[34mS3_hook.py:[0m201} INFO[0m - Not Found[0m
[2019-10-03 14:02:21,760] {load_files_to_s3.py:63} INFO -   Uploaded new S3 key part-00007-b9542815-7a8d-45fc-9c67-c9c5007ad0d4-c000.snappy.parquet to project-capstone-parquet bucket
[2019-10-03 14:02:21,761] {load_files_to_s3.py:55} INFO - Found file /Users/victorialemay/Courses/Udacity/Data Engineering Nanodegree/capstone/project-archive/airflow/data/sas_data/part-00010-b9542815-7a8d-45fc-9c67-c9c5007ad0d4-c000.snappy.parquet
[2019-10-03 14:02:21,761] {load_files_to_s3.py:58} INFO -   Using S3 key part-00010-b9542815-7a8d-45fc-9c67-c9c5007ad0d4-c000.snappy.parquet
[2019-10-03 14:02:22,728] {logging_mixin.py:95} INFO - [[34m2019-10-03 14:02:22,728[0m] {[34mS3_hook.py:[0m201} INFO[0m - Not Found[0m
[2019-10-03 14:02:25,212] {logging_mixin.py:95} INFO - [[34m2019-10-03 14:02:25,212[0m] {[34mS3_hook.py:[0m201} INFO[0m - Not Found[0m
[2019-10-03 14:02:40,170] {load_files_to_s3.py:63} INFO -   Uploaded new S3 key part-00010-b9542815-7a8d-45fc-9c67-c9c5007ad0d4-c000.snappy.parquet to project-capstone-parquet bucket
[2019-10-03 14:02:40,170] {load_files_to_s3.py:55} INFO - Found file /Users/victorialemay/Courses/Udacity/Data Engineering Nanodegree/capstone/project-archive/airflow/data/sas_data/SUCCESS.crc
[2019-10-03 14:02:40,171] {load_files_to_s3.py:58} INFO -   Using S3 key SUCCESS.crc
[2019-10-03 14:02:41,221] {logging_mixin.py:95} INFO - [[34m2019-10-03 14:02:41,221[0m] {[34mS3_hook.py:[0m201} INFO[0m - Not Found[0m
[2019-10-03 14:02:42,097] {logging_mixin.py:95} INFO - [[34m2019-10-03 14:02:42,096[0m] {[34mS3_hook.py:[0m201} INFO[0m - Not Found[0m
[2019-10-03 14:02:42,962] {load_files_to_s3.py:63} INFO -   Uploaded new S3 key SUCCESS.crc to project-capstone-parquet bucket
[2019-10-03 14:02:42,962] {load_files_to_s3.py:55} INFO - Found file /Users/victorialemay/Courses/Udacity/Data Engineering Nanodegree/capstone/project-archive/airflow/data/sas_data/part-00000-b9542815-7a8d-45fc-9c67-c9c5007ad0d4-c000.snappy.parquet
[2019-10-03 14:02:42,962] {load_files_to_s3.py:58} INFO -   Using S3 key part-00000-b9542815-7a8d-45fc-9c67-c9c5007ad0d4-c000.snappy.parquet
[2019-10-03 14:02:44,423] {logging_mixin.py:95} INFO - [[34m2019-10-03 14:02:44,422[0m] {[34mS3_hook.py:[0m201} INFO[0m - Not Found[0m
[2019-10-03 14:02:45,398] {logging_mixin.py:95} INFO - [[34m2019-10-03 14:02:45,398[0m] {[34mS3_hook.py:[0m201} INFO[0m - Not Found[0m
[2019-10-03 14:02:58,258] {load_files_to_s3.py:63} INFO -   Uploaded new S3 key part-00000-b9542815-7a8d-45fc-9c67-c9c5007ad0d4-c000.snappy.parquet to project-capstone-parquet bucket
[2019-10-03 14:02:58,259] {load_files_to_s3.py:55} INFO - Found file /Users/victorialemay/Courses/Udacity/Data Engineering Nanodegree/capstone/project-archive/airflow/data/sas_data/part-00001-b9542815-7a8d-45fc-9c67-c9c5007ad0d4-c000.snappy.parquet
[2019-10-03 14:02:58,259] {load_files_to_s3.py:58} INFO -   Using S3 key part-00001-b9542815-7a8d-45fc-9c67-c9c5007ad0d4-c000.snappy.parquet
[2019-10-03 14:02:59,288] {logging_mixin.py:95} INFO - [[34m2019-10-03 14:02:59,288[0m] {[34mS3_hook.py:[0m201} INFO[0m - Not Found[0m
[2019-10-03 14:03:00,197] {logging_mixin.py:95} INFO - [[34m2019-10-03 14:03:00,196[0m] {[34mS3_hook.py:[0m201} INFO[0m - Not Found[0m
[2019-10-03 14:03:22,546] {load_files_to_s3.py:63} INFO -   Uploaded new S3 key part-00001-b9542815-7a8d-45fc-9c67-c9c5007ad0d4-c000.snappy.parquet to project-capstone-parquet bucket
[2019-10-03 14:03:22,547] {load_files_to_s3.py:55} INFO - Found file /Users/victorialemay/Courses/Udacity/Data Engineering Nanodegree/capstone/project-archive/airflow/data/sas_data/_SUCCESS
[2019-10-03 14:03:22,547] {load_files_to_s3.py:58} INFO -   Using S3 key _SUCCESS
[2019-10-03 14:03:24,968] {logging_mixin.py:95} INFO - [[34m2019-10-03 14:03:24,968[0m] {[34mS3_hook.py:[0m201} INFO[0m - Not Found[0m
[2019-10-03 14:03:26,474] {logging_mixin.py:95} INFO - [[34m2019-10-03 14:03:26,473[0m] {[34mS3_hook.py:[0m201} INFO[0m - Not Found[0m
[2019-10-03 14:03:27,927] {load_files_to_s3.py:63} INFO -   Uploaded new S3 key _SUCCESS to project-capstone-parquet bucket
[2019-10-03 14:03:27,927] {load_files_to_s3.py:55} INFO - Found file /Users/victorialemay/Courses/Udacity/Data Engineering Nanodegree/capstone/project-archive/airflow/data/sas_data/part-00006-b9542815-7a8d-45fc-9c67-c9c5007ad0d4-c000.snappy.parquet
[2019-10-03 14:03:27,927] {load_files_to_s3.py:58} INFO -   Using S3 key part-00006-b9542815-7a8d-45fc-9c67-c9c5007ad0d4-c000.snappy.parquet
[2019-10-03 14:03:28,861] {logging_mixin.py:95} INFO - [[34m2019-10-03 14:03:28,861[0m] {[34mS3_hook.py:[0m201} INFO[0m - Not Found[0m
[2019-10-03 14:03:30,448] {logging_mixin.py:95} INFO - [[34m2019-10-03 14:03:30,448[0m] {[34mS3_hook.py:[0m201} INFO[0m - Not Found[0m
[2019-10-03 14:03:56,833] {load_files_to_s3.py:63} INFO -   Uploaded new S3 key part-00006-b9542815-7a8d-45fc-9c67-c9c5007ad0d4-c000.snappy.parquet to project-capstone-parquet bucket
[2019-10-03 14:03:56,834] {load_files_to_s3.py:55} INFO - Found file /Users/victorialemay/Courses/Udacity/Data Engineering Nanodegree/capstone/project-archive/airflow/data/sas_data/part-00011-b9542815-7a8d-45fc-9c67-c9c5007ad0d4-c000.snappy.parquet
[2019-10-03 14:03:56,834] {load_files_to_s3.py:58} INFO -   Using S3 key part-00011-b9542815-7a8d-45fc-9c67-c9c5007ad0d4-c000.snappy.parquet
[2019-10-03 14:03:57,795] {logging_mixin.py:95} INFO - [[34m2019-10-03 14:03:57,795[0m] {[34mS3_hook.py:[0m201} INFO[0m - Not Found[0m
[2019-10-03 14:03:58,753] {logging_mixin.py:95} INFO - [[34m2019-10-03 14:03:58,752[0m] {[34mS3_hook.py:[0m201} INFO[0m - Not Found[0m
[2019-10-03 14:04:29,296] {load_files_to_s3.py:63} INFO -   Uploaded new S3 key part-00011-b9542815-7a8d-45fc-9c67-c9c5007ad0d4-c000.snappy.parquet to project-capstone-parquet bucket
[2019-10-03 14:04:29,297] {load_files_to_s3.py:67} INFO - S3 file load complete!
[2019-10-03 14:04:30,069] {logging_mixin.py:95} INFO - [[34m2019-10-03 14:04:30,067[0m] {[34mlocal_task_job.py:[0m105} INFO[0m - Task exited with return code 0[0m
