[2019-10-03 14:09:12,847] {taskinstance.py:620} INFO - Dependencies all met for <TaskInstance: capstone_project_dag.Load_demographic_staging_table 2019-10-03T19:08:27.669116+00:00 [queued]>
[2019-10-03 14:09:12,868] {taskinstance.py:620} INFO - Dependencies all met for <TaskInstance: capstone_project_dag.Load_demographic_staging_table 2019-10-03T19:08:27.669116+00:00 [queued]>
[2019-10-03 14:09:12,869] {taskinstance.py:838} INFO - 
--------------------------------------------------------------------------------
[2019-10-03 14:09:12,869] {taskinstance.py:839} INFO - Starting attempt 1 of 4
[2019-10-03 14:09:12,869] {taskinstance.py:840} INFO - 
--------------------------------------------------------------------------------
[2019-10-03 14:09:12,877] {taskinstance.py:859} INFO - Executing <Task(CsvCopyS3ToRedshiftOperator): Load_demographic_staging_table> on 2019-10-03T19:08:27.669116+00:00
[2019-10-03 14:09:12,877] {base_task_runner.py:133} INFO - Running: ['airflow', 'run', 'capstone_project_dag', 'Load_demographic_staging_table', '2019-10-03T19:08:27.669116+00:00', '--job_id', '274', '--pool', 'default_pool', '--raw', '-sd', 'DAGS_FOLDER/project_dag.py', '--cfg_path', '/var/folders/dr/9yvjlnm11xv25k2gknf2n3z00000gn/T/tmp_3yevhiq']
[2019-10-03 14:09:13,364] {base_task_runner.py:115} INFO - Job 274: Subtask Load_demographic_staging_table /usr/local/lib/python3.7/site-packages/airflow/configuration.py:627: DeprecationWarning: You have two airflow.cfg files: /Users/victorialemay/airflow/airflow.cfg and /Users/victorialemay/Courses/Udacity/Data Engineering Nanodegree/capstone/project-archive/airflow/airflow.cfg. Airflow used to look at ~/airflow/airflow.cfg, even when AIRFLOW_HOME was set to a different value. Airflow will now only read /Users/victorialemay/Courses/Udacity/Data Engineering Nanodegree/capstone/project-archive/airflow/airflow.cfg, and you should remove the other file
[2019-10-03 14:09:13,364] {base_task_runner.py:115} INFO - Job 274: Subtask Load_demographic_staging_table   category=DeprecationWarning,
[2019-10-03 14:09:13,455] {base_task_runner.py:115} INFO - Job 274: Subtask Load_demographic_staging_table [2019-10-03 14:09:13,455] {settings.py:213} INFO - settings.configure_orm(): Using pool settings. pool_size=5, max_overflow=10, pool_recycle=1800, pid=86400
[2019-10-03 14:09:13,706] {base_task_runner.py:115} INFO - Job 274: Subtask Load_demographic_staging_table [2019-10-03 14:09:13,705] {__init__.py:51} INFO - Using executor LocalExecutor
[2019-10-03 14:09:14,061] {base_task_runner.py:115} INFO - Job 274: Subtask Load_demographic_staging_table [2019-10-03 14:09:14,060] {dagbag.py:90} INFO - Filling up the DagBag from /Users/victorialemay/Courses/Udacity/Data Engineering Nanodegree/capstone/project-archive/airflow/dags/project_dag.py
[2019-10-03 14:09:14,104] {base_task_runner.py:115} INFO - Job 274: Subtask Load_demographic_staging_table [2019-10-03 14:09:14,104] {cli.py:516} INFO - Running <TaskInstance: capstone_project_dag.Load_demographic_staging_table 2019-10-03T19:08:27.669116+00:00 [running]> on host 1.0.0.0.0.0.0.0.0.0.0.0.0.0.0.0.0.0.0.0.0.0.0.0.0.0.0.0.0.0.0.0.ip6.arpa
[2019-10-03 14:09:14,138] {csv_copy_s3_to_redshift.py:35} INFO - Using CSV data file us-cities-demographics.csv from S3 bucket project-capstone
[2019-10-03 14:09:14,139] {csv_copy_s3_to_redshift.py:36} INFO - Inserting into destination Redshift table demographic_staging
[2019-10-03 14:09:14,167] {csv_copy_s3_to_redshift.py:42} INFO - Copying data from S3 to Redshift
[2019-10-03 14:09:14,180] {logging_mixin.py:95} INFO - [[34m2019-10-03 14:09:14,180[0m] {[34mbase_hook.py:[0m84} INFO[0m - Using connection to: [1mid: redshift. Host: redshift-cluster-1.c4i0rfzboubh.us-west-2.redshift.amazonaws.com, Port: 5439, Schema: dev, Login: awsuser, Password: XXXXXXXX, extra: {}[0m[0m
[2019-10-03 14:09:14,771] {logging_mixin.py:95} INFO - [[34m2019-10-03 14:09:14,771[0m] {[34mdbapi_hook.py:[0m171} INFO[0m - 
        COPY demographic_staging 
        FROM 's3://project-capstone/us-cities-demographics.csv'
        ACCESS_KEY_ID 'AKIASZIXFGD4JFXXFSEI'
        SECRET_ACCESS_KEY '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'
        CSV DELIMITER ';' IGNOREHEADER 1
    [0m
[2019-10-03 14:09:26,005] {csv_copy_s3_to_redshift.py:54} INFO - Data copy complete
[2019-10-03 14:09:27,856] {logging_mixin.py:95} INFO - [[34m2019-10-03 14:09:27,855[0m] {[34mlocal_task_job.py:[0m105} INFO[0m - Task exited with return code 0[0m
