[2019-10-04 19:46:36,571] {taskinstance.py:620} INFO - Dependencies all met for <TaskInstance: capstone_project_dag.Load_us_city_demographics_final_table 2019-10-05T00:44:32.721770+00:00 [queued]>
[2019-10-04 19:46:36,603] {taskinstance.py:620} INFO - Dependencies all met for <TaskInstance: capstone_project_dag.Load_us_city_demographics_final_table 2019-10-05T00:44:32.721770+00:00 [queued]>
[2019-10-04 19:46:36,604] {taskinstance.py:838} INFO - 
--------------------------------------------------------------------------------
[2019-10-04 19:46:36,604] {taskinstance.py:839} INFO - Starting attempt 1 of 4
[2019-10-04 19:46:36,604] {taskinstance.py:840} INFO - 
--------------------------------------------------------------------------------
[2019-10-04 19:46:36,616] {taskinstance.py:859} INFO - Executing <Task(LoadFinalTableOperator): Load_us_city_demographics_final_table> on 2019-10-05T00:44:32.721770+00:00
[2019-10-04 19:46:36,616] {base_task_runner.py:133} INFO - Running: ['airflow', 'run', 'capstone_project_dag', 'Load_us_city_demographics_final_table', '2019-10-05T00:44:32.721770+00:00', '--job_id', '1013', '--pool', 'default_pool', '--raw', '-sd', 'DAGS_FOLDER/project_dag.py', '--cfg_path', '/var/folders/dr/9yvjlnm11xv25k2gknf2n3z00000gn/T/tmpi0n1heft']
[2019-10-04 19:46:37,513] {base_task_runner.py:115} INFO - Job 1013: Subtask Load_us_city_demographics_final_table /usr/local/lib/python3.7/site-packages/airflow/configuration.py:627: DeprecationWarning: You have two airflow.cfg files: /Users/victorialemay/airflow/airflow.cfg and /Users/victorialemay/Courses/Udacity/Data Engineering Nanodegree/capstone/project-archive/airflow/airflow.cfg. Airflow used to look at ~/airflow/airflow.cfg, even when AIRFLOW_HOME was set to a different value. Airflow will now only read /Users/victorialemay/Courses/Udacity/Data Engineering Nanodegree/capstone/project-archive/airflow/airflow.cfg, and you should remove the other file
[2019-10-04 19:46:37,513] {base_task_runner.py:115} INFO - Job 1013: Subtask Load_us_city_demographics_final_table   category=DeprecationWarning,
[2019-10-04 19:46:37,693] {base_task_runner.py:115} INFO - Job 1013: Subtask Load_us_city_demographics_final_table [2019-10-04 19:46:37,692] {settings.py:213} INFO - settings.configure_orm(): Using pool settings. pool_size=5, max_overflow=10, pool_recycle=1800, pid=98528
[2019-10-04 19:46:38,127] {base_task_runner.py:115} INFO - Job 1013: Subtask Load_us_city_demographics_final_table [2019-10-04 19:46:38,126] {__init__.py:51} INFO - Using executor LocalExecutor
[2019-10-04 19:46:38,799] {base_task_runner.py:115} INFO - Job 1013: Subtask Load_us_city_demographics_final_table [2019-10-04 19:46:38,798] {dagbag.py:90} INFO - Filling up the DagBag from /Users/victorialemay/Courses/Udacity/Data Engineering Nanodegree/capstone/project-archive/airflow/dags/project_dag.py
[2019-10-04 19:46:38,843] {base_task_runner.py:115} INFO - Job 1013: Subtask Load_us_city_demographics_final_table [2019-10-04 19:46:38,843] {cli.py:516} INFO - Running <TaskInstance: capstone_project_dag.Load_us_city_demographics_final_table 2019-10-05T00:44:32.721770+00:00 [running]> on host 1.0.0.0.0.0.0.0.0.0.0.0.0.0.0.0.0.0.0.0.0.0.0.0.0.0.0.0.0.0.0.0.ip6.arpa
[2019-10-04 19:46:38,882] {load_final_table.py:24} INFO - Loading data into us_city_demographics table
[2019-10-04 19:46:38,882] {load_final_table.py:34} INFO - Using columns: port_code_id, city, median_age, male_pop, female_pop, total_pop, num_vets, foreign_pop, avg_household_size, race, race_pop
[2019-10-04 19:46:38,903] {logging_mixin.py:95} INFO - [[34m2019-10-04 19:46:38,902[0m] {[34mbase_hook.py:[0m84} INFO[0m - Using connection to: [1mid: redshift. Host: redshift-cluster-1.c4i0rfzboubh.us-west-2.redshift.amazonaws.com, Port: 5439, Schema: dev, Login: awsuser, Password: XXXXXXXX, extra: {}[0m[0m
[2019-10-04 19:46:39,482] {logging_mixin.py:95} INFO - [[34m2019-10-04 19:46:39,481[0m] {[34mdbapi_hook.py:[0m171} INFO[0m - INSERT INTO us_city_demographics (port_code_id, city, median_age, male_pop, female_pop, total_pop, num_vets, foreign_pop, avg_household_size, race, race_pop) 
            SELECT DISTINCT
                port_codes.id,
                demographic_staging.City,
                demographic_staging.MedianAge,
                demographic_staging.MalePopulation,
                demographic_staging.FemalePopulation,
                demographic_staging.TotalPopulation,
                demographic_staging.NumberOfVeterans,
                demographic_staging.ForeignBorn,
                demographic_staging.AverageHouseholdSize,
                demographic_staging.Race,
                demographic_staging.Count
            FROM
                demographic_staging
            LEFT JOIN
                us_states ON demographic_staging.State = us_states.name
            LEFT JOIN
            	port_codes ON port_codes.state_id = us_states.id
            WHERE 
                LOWER(demographic_staging.City) = LOWER(port_codes.city)
        [0m
[2019-10-04 19:46:40,368] {load_final_table.py:38} INFO - Data load complete
[2019-10-04 19:46:41,440] {logging_mixin.py:95} INFO - [[34m2019-10-04 19:46:41,439[0m] {[34mlocal_task_job.py:[0m105} INFO[0m - Task exited with return code 0[0m
