[2019-10-04 12:15:59,073] {taskinstance.py:620} INFO - Dependencies all met for <TaskInstance: capstone_project_dag.Load_travel_modes_dim_table 2019-10-04T17:14:57.373748+00:00 [queued]>
[2019-10-04 12:15:59,089] {taskinstance.py:620} INFO - Dependencies all met for <TaskInstance: capstone_project_dag.Load_travel_modes_dim_table 2019-10-04T17:14:57.373748+00:00 [queued]>
[2019-10-04 12:15:59,089] {taskinstance.py:838} INFO - 
--------------------------------------------------------------------------------
[2019-10-04 12:15:59,089] {taskinstance.py:839} INFO - Starting attempt 1 of 4
[2019-10-04 12:15:59,089] {taskinstance.py:840} INFO - 
--------------------------------------------------------------------------------
[2019-10-04 12:15:59,125] {taskinstance.py:859} INFO - Executing <Task(LoadDimFileData): Load_travel_modes_dim_table> on 2019-10-04T17:14:57.373748+00:00
[2019-10-04 12:15:59,125] {base_task_runner.py:133} INFO - Running: ['airflow', 'run', 'capstone_project_dag', 'Load_travel_modes_dim_table', '2019-10-04T17:14:57.373748+00:00', '--job_id', '509', '--pool', 'default_pool', '--raw', '-sd', 'DAGS_FOLDER/project_dag.py', '--cfg_path', '/var/folders/dr/9yvjlnm11xv25k2gknf2n3z00000gn/T/tmp8smss8xv']
[2019-10-04 12:16:00,951] {base_task_runner.py:115} INFO - Job 509: Subtask Load_travel_modes_dim_table /usr/local/lib/python3.7/site-packages/airflow/configuration.py:627: DeprecationWarning: You have two airflow.cfg files: /Users/victorialemay/airflow/airflow.cfg and /Users/victorialemay/Courses/Udacity/Data Engineering Nanodegree/capstone/project-archive/airflow/airflow.cfg. Airflow used to look at ~/airflow/airflow.cfg, even when AIRFLOW_HOME was set to a different value. Airflow will now only read /Users/victorialemay/Courses/Udacity/Data Engineering Nanodegree/capstone/project-archive/airflow/airflow.cfg, and you should remove the other file
[2019-10-04 12:16:00,952] {base_task_runner.py:115} INFO - Job 509: Subtask Load_travel_modes_dim_table   category=DeprecationWarning,
[2019-10-04 12:16:01,414] {base_task_runner.py:115} INFO - Job 509: Subtask Load_travel_modes_dim_table [2019-10-04 12:16:01,414] {settings.py:213} INFO - settings.configure_orm(): Using pool settings. pool_size=5, max_overflow=10, pool_recycle=1800, pid=67914
[2019-10-04 12:16:02,176] {base_task_runner.py:115} INFO - Job 509: Subtask Load_travel_modes_dim_table [2019-10-04 12:16:02,176] {__init__.py:51} INFO - Using executor LocalExecutor
[2019-10-04 12:16:03,570] {base_task_runner.py:115} INFO - Job 509: Subtask Load_travel_modes_dim_table [2019-10-04 12:16:03,569] {dagbag.py:90} INFO - Filling up the DagBag from /Users/victorialemay/Courses/Udacity/Data Engineering Nanodegree/capstone/project-archive/airflow/dags/project_dag.py
[2019-10-04 12:16:03,694] {base_task_runner.py:115} INFO - Job 509: Subtask Load_travel_modes_dim_table [2019-10-04 12:16:03,694] {cli.py:516} INFO - Running <TaskInstance: capstone_project_dag.Load_travel_modes_dim_table 2019-10-04T17:14:57.373748+00:00 [running]> on host 1.0.0.0.0.0.0.0.0.0.0.0.0.0.0.0.0.0.0.0.0.0.0.0.0.0.0.0.0.0.0.0.ip6.arpa
[2019-10-04 12:16:03,880] {load_dim_file_data.py:35} INFO - Using data file travel_modes.json from S3 bucket project-capstone
[2019-10-04 12:16:03,953] {logging_mixin.py:95} INFO - [[34m2019-10-04 12:16:03,953[0m] {[34mbase_hook.py:[0m84} INFO[0m - Using connection to: [1mid: redshift. Host: redshift-cluster-1.c4i0rfzboubh.us-west-2.redshift.amazonaws.com, Port: 5439, Schema: dev, Login: awsuser, Password: XXXXXXXX, extra: {}[0m[0m
[2019-10-04 12:16:04,693] {load_dim_file_data.py:44} INFO - 8
[2019-10-04 12:16:04,693] {load_dim_file_data.py:47} INFO - Inserting into destination Redshift table travel_modes
[2019-10-04 12:16:04,715] {logging_mixin.py:95} INFO - [[34m2019-10-04 12:16:04,714[0m] {[34mbase_hook.py:[0m84} INFO[0m - Using connection to: [1mid: redshift. Host: redshift-cluster-1.c4i0rfzboubh.us-west-2.redshift.amazonaws.com, Port: 5439, Schema: dev, Login: awsuser, Password: XXXXXXXX, extra: {}[0m[0m
[2019-10-04 12:16:05,279] {logging_mixin.py:95} INFO - [[34m2019-10-04 12:16:05,279[0m] {[34mdbapi_hook.py:[0m171} INFO[0m - 
        COPY travel_modes 
        FROM 's3://project-capstone/travel_modes.json'
        ACCESS_KEY_ID 'AKIASZIXFGD4JFXXFSEI'
        SECRET_ACCESS_KEY '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'
        JSON 'auto'
    [0m
[2019-10-04 12:16:06,052] {load_dim_file_data.py:61} INFO - Data copy complete
[2019-10-04 12:16:09,037] {logging_mixin.py:95} INFO - [[34m2019-10-04 12:16:09,036[0m] {[34mlocal_task_job.py:[0m105} INFO[0m - Task exited with return code 0[0m
