[2019-10-04 20:17:59,705] {taskinstance.py:620} INFO - Dependencies all met for <TaskInstance: capstone_project_dag.Run_staging_tables_quality_checks 2019-10-05T01:16:11.794605+00:00 [queued]>
[2019-10-04 20:17:59,717] {taskinstance.py:620} INFO - Dependencies all met for <TaskInstance: capstone_project_dag.Run_staging_tables_quality_checks 2019-10-05T01:16:11.794605+00:00 [queued]>
[2019-10-04 20:17:59,717] {taskinstance.py:838} INFO - 
--------------------------------------------------------------------------------
[2019-10-04 20:17:59,717] {taskinstance.py:839} INFO - Starting attempt 1 of 4
[2019-10-04 20:17:59,718] {taskinstance.py:840} INFO - 
--------------------------------------------------------------------------------
[2019-10-04 20:17:59,739] {taskinstance.py:859} INFO - Executing <Task(DataQualityCheckOperator): Run_staging_tables_quality_checks> on 2019-10-05T01:16:11.794605+00:00
[2019-10-04 20:17:59,739] {base_task_runner.py:133} INFO - Running: ['airflow', 'run', 'capstone_project_dag', 'Run_staging_tables_quality_checks', '2019-10-05T01:16:11.794605+00:00', '--job_id', '1036', '--pool', 'default_pool', '--raw', '-sd', 'DAGS_FOLDER/project_dag.py', '--cfg_path', '/var/folders/dr/9yvjlnm11xv25k2gknf2n3z00000gn/T/tmpy_e5u86f']
[2019-10-04 20:18:00,295] {base_task_runner.py:115} INFO - Job 1036: Subtask Run_staging_tables_quality_checks /usr/local/lib/python3.7/site-packages/airflow/configuration.py:627: DeprecationWarning: You have two airflow.cfg files: /Users/victorialemay/airflow/airflow.cfg and /Users/victorialemay/Courses/Udacity/Data Engineering Nanodegree/capstone/project-archive/airflow/airflow.cfg. Airflow used to look at ~/airflow/airflow.cfg, even when AIRFLOW_HOME was set to a different value. Airflow will now only read /Users/victorialemay/Courses/Udacity/Data Engineering Nanodegree/capstone/project-archive/airflow/airflow.cfg, and you should remove the other file
[2019-10-04 20:18:00,296] {base_task_runner.py:115} INFO - Job 1036: Subtask Run_staging_tables_quality_checks   category=DeprecationWarning,
[2019-10-04 20:18:00,392] {base_task_runner.py:115} INFO - Job 1036: Subtask Run_staging_tables_quality_checks [2019-10-04 20:18:00,391] {settings.py:213} INFO - settings.configure_orm(): Using pool settings. pool_size=5, max_overflow=10, pool_recycle=1800, pid=7804
[2019-10-04 20:18:00,601] {base_task_runner.py:115} INFO - Job 1036: Subtask Run_staging_tables_quality_checks [2019-10-04 20:18:00,601] {__init__.py:51} INFO - Using executor LocalExecutor
[2019-10-04 20:18:00,981] {base_task_runner.py:115} INFO - Job 1036: Subtask Run_staging_tables_quality_checks [2019-10-04 20:18:00,981] {dagbag.py:90} INFO - Filling up the DagBag from /Users/victorialemay/Courses/Udacity/Data Engineering Nanodegree/capstone/project-archive/airflow/dags/project_dag.py
[2019-10-04 20:18:01,027] {base_task_runner.py:115} INFO - Job 1036: Subtask Run_staging_tables_quality_checks [2019-10-04 20:18:01,026] {cli.py:516} INFO - Running <TaskInstance: capstone_project_dag.Run_staging_tables_quality_checks 2019-10-05T01:16:11.794605+00:00 [running]> on host 1.0.0.0.0.0.0.0.0.0.0.0.0.0.0.0.0.0.0.0.0.0.0.0.0.0.0.0.0.0.0.0.ip6.arpa
[2019-10-04 20:18:01,062] {data_quality_check.py:42} INFO - Checking data in cicid column of i94_immigration_staging table
[2019-10-04 20:18:01,075] {logging_mixin.py:95} INFO - [[34m2019-10-04 20:18:01,075[0m] {[34mbase_hook.py:[0m84} INFO[0m - Using connection to: [1mid: redshift. Host: redshift-cluster-1.c4i0rfzboubh.us-west-2.redshift.amazonaws.com, Port: 5439, Schema: dev, Login: awsuser, Password: XXXXXXXX, extra: {}[0m[0m
[2019-10-04 20:18:01,829] {data_quality_check.py:51} INFO - Found records in i94_immigration_staging
[2019-10-04 20:18:01,830] {data_quality_check.py:42} INFO - Checking data in dt column of land_temp_staging table
[2019-10-04 20:18:01,844] {logging_mixin.py:95} INFO - [[34m2019-10-04 20:18:01,844[0m] {[34mbase_hook.py:[0m84} INFO[0m - Using connection to: [1mid: redshift. Host: redshift-cluster-1.c4i0rfzboubh.us-west-2.redshift.amazonaws.com, Port: 5439, Schema: dev, Login: awsuser, Password: XXXXXXXX, extra: {}[0m[0m
[2019-10-04 20:18:02,649] {data_quality_check.py:51} INFO - Found records in land_temp_staging
[2019-10-04 20:18:02,649] {data_quality_check.py:42} INFO - Checking data in City column of demographic_staging table
[2019-10-04 20:18:02,661] {logging_mixin.py:95} INFO - [[34m2019-10-04 20:18:02,661[0m] {[34mbase_hook.py:[0m84} INFO[0m - Using connection to: [1mid: redshift. Host: redshift-cluster-1.c4i0rfzboubh.us-west-2.redshift.amazonaws.com, Port: 5439, Schema: dev, Login: awsuser, Password: XXXXXXXX, extra: {}[0m[0m
[2019-10-04 20:18:03,398] {data_quality_check.py:51} INFO - Found records in demographic_staging
[2019-10-04 20:18:03,398] {data_quality_check.py:42} INFO - Checking data in name column of port_code_staging table
[2019-10-04 20:18:03,413] {logging_mixin.py:95} INFO - [[34m2019-10-04 20:18:03,413[0m] {[34mbase_hook.py:[0m84} INFO[0m - Using connection to: [1mid: redshift. Host: redshift-cluster-1.c4i0rfzboubh.us-west-2.redshift.amazonaws.com, Port: 5439, Schema: dev, Login: awsuser, Password: XXXXXXXX, extra: {}[0m[0m
[2019-10-04 20:18:04,162] {data_quality_check.py:51} INFO - Found records in port_code_staging
[2019-10-04 20:18:04,162] {data_quality_check.py:42} INFO - Checking data in id column of travel_modes table
[2019-10-04 20:18:04,179] {logging_mixin.py:95} INFO - [[34m2019-10-04 20:18:04,179[0m] {[34mbase_hook.py:[0m84} INFO[0m - Using connection to: [1mid: redshift. Host: redshift-cluster-1.c4i0rfzboubh.us-west-2.redshift.amazonaws.com, Port: 5439, Schema: dev, Login: awsuser, Password: XXXXXXXX, extra: {}[0m[0m
[2019-10-04 20:18:04,906] {data_quality_check.py:51} INFO - Found records in travel_modes
[2019-10-04 20:18:04,906] {data_quality_check.py:42} INFO - Checking data in id column of visa_types table
[2019-10-04 20:18:04,920] {logging_mixin.py:95} INFO - [[34m2019-10-04 20:18:04,920[0m] {[34mbase_hook.py:[0m84} INFO[0m - Using connection to: [1mid: redshift. Host: redshift-cluster-1.c4i0rfzboubh.us-west-2.redshift.amazonaws.com, Port: 5439, Schema: dev, Login: awsuser, Password: XXXXXXXX, extra: {}[0m[0m
[2019-10-04 20:18:05,652] {data_quality_check.py:51} INFO - Found records in visa_types
[2019-10-04 20:18:05,652] {data_quality_check.py:42} INFO - Checking data in id column of us_states table
[2019-10-04 20:18:05,665] {logging_mixin.py:95} INFO - [[34m2019-10-04 20:18:05,665[0m] {[34mbase_hook.py:[0m84} INFO[0m - Using connection to: [1mid: redshift. Host: redshift-cluster-1.c4i0rfzboubh.us-west-2.redshift.amazonaws.com, Port: 5439, Schema: dev, Login: awsuser, Password: XXXXXXXX, extra: {}[0m[0m
[2019-10-04 20:18:06,409] {data_quality_check.py:51} INFO - Found records in us_states
[2019-10-04 20:18:06,409] {data_quality_check.py:42} INFO - Checking data in id column of country_codes table
[2019-10-04 20:18:06,422] {logging_mixin.py:95} INFO - [[34m2019-10-04 20:18:06,422[0m] {[34mbase_hook.py:[0m84} INFO[0m - Using connection to: [1mid: redshift. Host: redshift-cluster-1.c4i0rfzboubh.us-west-2.redshift.amazonaws.com, Port: 5439, Schema: dev, Login: awsuser, Password: XXXXXXXX, extra: {}[0m[0m
[2019-10-04 20:18:07,146] {data_quality_check.py:51} INFO - Found records in country_codes
[2019-10-04 20:18:07,146] {data_quality_check.py:26} INFO - Data quality check complete
[2019-10-04 20:18:09,699] {logging_mixin.py:95} INFO - [[34m2019-10-04 20:18:09,698[0m] {[34mlocal_task_job.py:[0m105} INFO[0m - Task exited with return code 0[0m
