[2019-10-04 14:22:12,889] {taskinstance.py:620} INFO - Dependencies all met for <TaskInstance: capstone_project_dag.Load_temperature_staging_table 2019-10-04T19:21:14.889889+00:00 [queued]>
[2019-10-04 14:22:12,981] {taskinstance.py:620} INFO - Dependencies all met for <TaskInstance: capstone_project_dag.Load_temperature_staging_table 2019-10-04T19:21:14.889889+00:00 [queued]>
[2019-10-04 14:22:12,981] {taskinstance.py:838} INFO - 
--------------------------------------------------------------------------------
[2019-10-04 14:22:12,981] {taskinstance.py:839} INFO - Starting attempt 1 of 4
[2019-10-04 14:22:12,981] {taskinstance.py:840} INFO - 
--------------------------------------------------------------------------------
[2019-10-04 14:22:13,004] {taskinstance.py:859} INFO - Executing <Task(CopyS3ToRedshiftOperator): Load_temperature_staging_table> on 2019-10-04T19:21:14.889889+00:00
[2019-10-04 14:22:13,004] {base_task_runner.py:133} INFO - Running: ['airflow', 'run', 'capstone_project_dag', 'Load_temperature_staging_table', '2019-10-04T19:21:14.889889+00:00', '--job_id', '712', '--pool', 'default_pool', '--raw', '-sd', 'DAGS_FOLDER/project_dag.py', '--cfg_path', '/var/folders/dr/9yvjlnm11xv25k2gknf2n3z00000gn/T/tmpng32loff']
[2019-10-04 14:22:15,437] {base_task_runner.py:115} INFO - Job 712: Subtask Load_temperature_staging_table /usr/local/lib/python3.7/site-packages/airflow/configuration.py:627: DeprecationWarning: You have two airflow.cfg files: /Users/victorialemay/airflow/airflow.cfg and /Users/victorialemay/Courses/Udacity/Data Engineering Nanodegree/capstone/project-archive/airflow/airflow.cfg. Airflow used to look at ~/airflow/airflow.cfg, even when AIRFLOW_HOME was set to a different value. Airflow will now only read /Users/victorialemay/Courses/Udacity/Data Engineering Nanodegree/capstone/project-archive/airflow/airflow.cfg, and you should remove the other file
[2019-10-04 14:22:15,438] {base_task_runner.py:115} INFO - Job 712: Subtask Load_temperature_staging_table   category=DeprecationWarning,
[2019-10-04 14:22:15,894] {base_task_runner.py:115} INFO - Job 712: Subtask Load_temperature_staging_table [2019-10-04 14:22:15,893] {settings.py:213} INFO - settings.configure_orm(): Using pool settings. pool_size=5, max_overflow=10, pool_recycle=1800, pid=5525
[2019-10-04 14:22:17,471] {base_task_runner.py:115} INFO - Job 712: Subtask Load_temperature_staging_table [2019-10-04 14:22:17,460] {__init__.py:51} INFO - Using executor LocalExecutor
[2019-10-04 14:22:20,170] {base_task_runner.py:115} INFO - Job 712: Subtask Load_temperature_staging_table [2019-10-04 14:22:20,169] {dagbag.py:90} INFO - Filling up the DagBag from /Users/victorialemay/Courses/Udacity/Data Engineering Nanodegree/capstone/project-archive/airflow/dags/project_dag.py
[2019-10-04 14:22:20,296] {base_task_runner.py:115} INFO - Job 712: Subtask Load_temperature_staging_table [2019-10-04 14:22:20,296] {cli.py:516} INFO - Running <TaskInstance: capstone_project_dag.Load_temperature_staging_table 2019-10-04T19:21:14.889889+00:00 [running]> on host 1.0.0.0.0.0.0.0.0.0.0.0.0.0.0.0.0.0.0.0.0.0.0.0.0.0.0.0.0.0.0.0.ip6.arpa
[2019-10-04 14:22:20,370] {copy_s3_to_redshift.py:46} INFO - Using data file GlobalLandTemperaturesByCity.csv from S3 bucket project-capstone
[2019-10-04 14:22:20,370] {copy_s3_to_redshift.py:47} INFO - Inserting into destination Redshift table land_temp_staging
[2019-10-04 14:22:20,476] {logging_mixin.py:95} INFO - [[34m2019-10-04 14:22:20,476[0m] {[34mbase_hook.py:[0m84} INFO[0m - Using connection to: [1mid: redshift. Host: redshift-cluster-1.c4i0rfzboubh.us-west-2.redshift.amazonaws.com, Port: 5439, Schema: dev, Login: awsuser, Password: XXXXXXXX, extra: {}[0m[0m
[2019-10-04 14:22:21,052] {logging_mixin.py:95} INFO - [[34m2019-10-04 14:22:21,052[0m] {[34mdbapi_hook.py:[0m171} INFO[0m - TRUNCATE TABLE land_temp_staging[0m
[2019-10-04 14:22:21,371] {copy_s3_to_redshift.py:56} INFO - Copying data from S3 to Redshift
[2019-10-04 14:22:21,391] {logging_mixin.py:95} INFO - [[34m2019-10-04 14:22:21,391[0m] {[34mbase_hook.py:[0m84} INFO[0m - Using connection to: [1mid: redshift. Host: redshift-cluster-1.c4i0rfzboubh.us-west-2.redshift.amazonaws.com, Port: 5439, Schema: dev, Login: awsuser, Password: XXXXXXXX, extra: {}[0m[0m
[2019-10-04 14:22:21,951] {logging_mixin.py:95} INFO - [[34m2019-10-04 14:22:21,951[0m] {[34mdbapi_hook.py:[0m171} INFO[0m - 
        COPY land_temp_staging 
        FROM 's3://project-capstone/GlobalLandTemperaturesByCity.csv'
        ACCESS_KEY_ID 'AKIASZIXFGD4JFXXFSEI'
        SECRET_ACCESS_KEY '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'
        CSV DELIMITER ',' IGNOREHEADER 1
    [0m
[2019-10-04 14:22:47,680] {copy_s3_to_redshift.py:76} INFO - Data copy complete
[2019-10-04 14:22:47,922] {logging_mixin.py:95} INFO - [[34m2019-10-04 14:22:47,921[0m] {[34mlocal_task_job.py:[0m172} [33mWARNING[0m - [33mState of this instance has been externally set to [1msuccess[0m. Taking the poison pill.[0m
[2019-10-04 14:22:47,931] {helpers.py:307} INFO - Sending Signals.SIGTERM to GPID 5525
[2019-10-04 14:22:47,946] {helpers.py:285} INFO - Process psutil.Process(pid=5525, status='terminated') (5525) terminated with exit code -15
[2019-10-04 14:22:47,947] {logging_mixin.py:95} INFO - [[34m2019-10-04 14:22:47,947[0m] {[34mlocal_task_job.py:[0m105} INFO[0m - Task exited with return code 0[0m
