[2019-10-02 18:09:48,726] {taskinstance.py:620} INFO - Dependencies all met for <TaskInstance: capstone_project_dag.Stage_dim_data_files 2019-10-02T23:09:34.745545+00:00 [queued]>
[2019-10-02 18:09:48,749] {taskinstance.py:620} INFO - Dependencies all met for <TaskInstance: capstone_project_dag.Stage_dim_data_files 2019-10-02T23:09:34.745545+00:00 [queued]>
[2019-10-02 18:09:48,749] {taskinstance.py:838} INFO - 
--------------------------------------------------------------------------------
[2019-10-02 18:09:48,750] {taskinstance.py:839} INFO - Starting attempt 1 of 4
[2019-10-02 18:09:48,750] {taskinstance.py:840} INFO - 
--------------------------------------------------------------------------------
[2019-10-02 18:09:48,757] {taskinstance.py:859} INFO - Executing <Task(LoadLocalFilesToS3Operator): Stage_dim_data_files> on 2019-10-02T23:09:34.745545+00:00
[2019-10-02 18:09:48,758] {base_task_runner.py:133} INFO - Running: ['airflow', 'run', 'capstone_project_dag', 'Stage_dim_data_files', '2019-10-02T23:09:34.745545+00:00', '--job_id', '148', '--pool', 'default_pool', '--raw', '-sd', 'DAGS_FOLDER/project_dag.py', '--cfg_path', '/var/folders/dr/9yvjlnm11xv25k2gknf2n3z00000gn/T/tmpgy5kufbb']
[2019-10-02 18:09:49,252] {base_task_runner.py:115} INFO - Job 148: Subtask Stage_dim_data_files /usr/local/lib/python3.7/site-packages/airflow/configuration.py:627: DeprecationWarning: You have two airflow.cfg files: /Users/victorialemay/airflow/airflow.cfg and /Users/victorialemay/Courses/Udacity/Data Engineering Nanodegree/capstone/project-archive/airflow/airflow.cfg. Airflow used to look at ~/airflow/airflow.cfg, even when AIRFLOW_HOME was set to a different value. Airflow will now only read /Users/victorialemay/Courses/Udacity/Data Engineering Nanodegree/capstone/project-archive/airflow/airflow.cfg, and you should remove the other file
[2019-10-02 18:09:49,252] {base_task_runner.py:115} INFO - Job 148: Subtask Stage_dim_data_files   category=DeprecationWarning,
[2019-10-02 18:09:49,349] {base_task_runner.py:115} INFO - Job 148: Subtask Stage_dim_data_files [2019-10-02 18:09:49,348] {settings.py:213} INFO - settings.configure_orm(): Using pool settings. pool_size=5, max_overflow=10, pool_recycle=1800, pid=23855
[2019-10-02 18:09:49,589] {base_task_runner.py:115} INFO - Job 148: Subtask Stage_dim_data_files [2019-10-02 18:09:49,589] {__init__.py:51} INFO - Using executor LocalExecutor
[2019-10-02 18:09:49,943] {base_task_runner.py:115} INFO - Job 148: Subtask Stage_dim_data_files [2019-10-02 18:09:49,942] {dagbag.py:90} INFO - Filling up the DagBag from /Users/victorialemay/Courses/Udacity/Data Engineering Nanodegree/capstone/project-archive/airflow/dags/project_dag.py
[2019-10-02 18:09:49,988] {base_task_runner.py:115} INFO - Job 148: Subtask Stage_dim_data_files [2019-10-02 18:09:49,988] {cli.py:516} INFO - Running <TaskInstance: capstone_project_dag.Stage_dim_data_files 2019-10-02T23:09:34.745545+00:00 [running]> on host 1.0.0.0.0.0.0.0.0.0.0.0.0.0.0.0.0.0.0.0.0.0.0.0.0.0.0.0.0.0.0.0.ip6.arpa
[2019-10-02 18:09:50,475] {logging_mixin.py:95} INFO - [[34m2019-10-02 18:09:50,474[0m] {[34mS3_hook.py:[0m59} INFO[0m - Not Found[0m
[2019-10-02 18:09:51,141] {load_files_to_s3.py:28} INFO - Loading to S3 bucket project-capstone
[2019-10-02 18:09:51,141] {load_files_to_s3.py:29} INFO - Checking /Users/victorialemay/Courses/Udacity/Data Engineering Nanodegree/capstone/project-archive/airflow/dim_table_data directory for files
[2019-10-02 18:09:51,141] {load_files_to_s3.py:34} INFO - Found file /Users/victorialemay/Courses/Udacity/Data Engineering Nanodegree/capstone/project-archive/airflow/dim_table_data/visa_types.json
[2019-10-02 18:09:51,141] {load_files_to_s3.py:37} INFO - Using S3 key visa_types.json
[2019-10-02 18:09:51,449] {logging_mixin.py:95} INFO - [[34m2019-10-02 18:09:51,449[0m] {[34mS3_hook.py:[0m201} INFO[0m - Not Found[0m
[2019-10-02 18:09:51,810] {logging_mixin.py:95} INFO - [[34m2019-10-02 18:09:51,810[0m] {[34mS3_hook.py:[0m201} INFO[0m - Not Found[0m
[2019-10-02 18:09:52,168] {load_files_to_s3.py:41} INFO - Uploaded new S3 key visa_types.json to project-capstone bucket
[2019-10-02 18:09:52,168] {load_files_to_s3.py:34} INFO - Found file /Users/victorialemay/Courses/Udacity/Data Engineering Nanodegree/capstone/project-archive/airflow/dim_table_data/port_codes.csv
[2019-10-02 18:09:52,168] {load_files_to_s3.py:37} INFO - Using S3 key port_codes.csv
[2019-10-02 18:09:52,552] {logging_mixin.py:95} INFO - [[34m2019-10-02 18:09:52,552[0m] {[34mS3_hook.py:[0m201} INFO[0m - Not Found[0m
[2019-10-02 18:09:52,832] {logging_mixin.py:95} INFO - [[34m2019-10-02 18:09:52,832[0m] {[34mS3_hook.py:[0m201} INFO[0m - Not Found[0m
[2019-10-02 18:09:53,552] {load_files_to_s3.py:41} INFO - Uploaded new S3 key port_codes.csv to project-capstone bucket
[2019-10-02 18:09:53,552] {load_files_to_s3.py:34} INFO - Found file /Users/victorialemay/Courses/Udacity/Data Engineering Nanodegree/capstone/project-archive/airflow/dim_table_data/travel_modes.json
[2019-10-02 18:09:53,553] {load_files_to_s3.py:37} INFO - Using S3 key travel_modes.json
[2019-10-02 18:09:53,888] {logging_mixin.py:95} INFO - [[34m2019-10-02 18:09:53,887[0m] {[34mS3_hook.py:[0m201} INFO[0m - Not Found[0m
[2019-10-02 18:09:54,173] {logging_mixin.py:95} INFO - [[34m2019-10-02 18:09:54,172[0m] {[34mS3_hook.py:[0m201} INFO[0m - Not Found[0m
[2019-10-02 18:09:54,531] {load_files_to_s3.py:41} INFO - Uploaded new S3 key travel_modes.json to project-capstone bucket
[2019-10-02 18:09:54,532] {load_files_to_s3.py:34} INFO - Found file /Users/victorialemay/Courses/Udacity/Data Engineering Nanodegree/capstone/project-archive/airflow/dim_table_data/us_states.csv
[2019-10-02 18:09:54,532] {load_files_to_s3.py:37} INFO - Using S3 key us_states.csv
[2019-10-02 18:09:54,805] {logging_mixin.py:95} INFO - [[34m2019-10-02 18:09:54,804[0m] {[34mS3_hook.py:[0m201} INFO[0m - Not Found[0m
[2019-10-02 18:09:55,080] {logging_mixin.py:95} INFO - [[34m2019-10-02 18:09:55,080[0m] {[34mS3_hook.py:[0m201} INFO[0m - Not Found[0m
[2019-10-02 18:09:55,515] {load_files_to_s3.py:41} INFO - Uploaded new S3 key us_states.csv to project-capstone bucket
[2019-10-02 18:09:55,515] {load_files_to_s3.py:34} INFO - Found file /Users/victorialemay/Courses/Udacity/Data Engineering Nanodegree/capstone/project-archive/airflow/dim_table_data/country_codes.csv
[2019-10-02 18:09:55,515] {load_files_to_s3.py:37} INFO - Using S3 key country_codes.csv
[2019-10-02 18:09:55,871] {logging_mixin.py:95} INFO - [[34m2019-10-02 18:09:55,871[0m] {[34mS3_hook.py:[0m201} INFO[0m - Not Found[0m
[2019-10-02 18:09:56,149] {logging_mixin.py:95} INFO - [[34m2019-10-02 18:09:56,149[0m] {[34mS3_hook.py:[0m201} INFO[0m - Not Found[0m
[2019-10-02 18:09:56,550] {load_files_to_s3.py:41} INFO - Uploaded new S3 key country_codes.csv to project-capstone bucket
[2019-10-02 18:09:56,550] {load_files_to_s3.py:43} INFO - S3 file load complete!
[2019-10-02 18:09:58,733] {logging_mixin.py:95} INFO - [[34m2019-10-02 18:09:58,732[0m] {[34mlocal_task_job.py:[0m105} INFO[0m - Task exited with return code 0[0m
