[2019-10-04 17:59:16,581] {taskinstance.py:620} INFO - Dependencies all met for <TaskInstance: capstone_project_dag.Load_travel_modes_dim_table 2019-10-04T22:58:02.565636+00:00 [queued]>
[2019-10-04 17:59:16,597] {taskinstance.py:620} INFO - Dependencies all met for <TaskInstance: capstone_project_dag.Load_travel_modes_dim_table 2019-10-04T22:58:02.565636+00:00 [queued]>
[2019-10-04 17:59:16,597] {taskinstance.py:838} INFO - 
--------------------------------------------------------------------------------
[2019-10-04 17:59:16,597] {taskinstance.py:839} INFO - Starting attempt 1 of 4
[2019-10-04 17:59:16,598] {taskinstance.py:840} INFO - 
--------------------------------------------------------------------------------
[2019-10-04 17:59:16,630] {taskinstance.py:859} INFO - Executing <Task(LoadDimFileDataOperator): Load_travel_modes_dim_table> on 2019-10-04T22:58:02.565636+00:00
[2019-10-04 17:59:16,631] {base_task_runner.py:133} INFO - Running: ['airflow', 'run', 'capstone_project_dag', 'Load_travel_modes_dim_table', '2019-10-04T22:58:02.565636+00:00', '--job_id', '887', '--pool', 'default_pool', '--raw', '-sd', 'DAGS_FOLDER/project_dag.py', '--cfg_path', '/var/folders/dr/9yvjlnm11xv25k2gknf2n3z00000gn/T/tmpwbq6a1of']
[2019-10-04 17:59:19,045] {base_task_runner.py:115} INFO - Job 887: Subtask Load_travel_modes_dim_table /usr/local/lib/python3.7/site-packages/airflow/configuration.py:627: DeprecationWarning: You have two airflow.cfg files: /Users/victorialemay/airflow/airflow.cfg and /Users/victorialemay/Courses/Udacity/Data Engineering Nanodegree/capstone/project-archive/airflow/airflow.cfg. Airflow used to look at ~/airflow/airflow.cfg, even when AIRFLOW_HOME was set to a different value. Airflow will now only read /Users/victorialemay/Courses/Udacity/Data Engineering Nanodegree/capstone/project-archive/airflow/airflow.cfg, and you should remove the other file
[2019-10-04 17:59:19,045] {base_task_runner.py:115} INFO - Job 887: Subtask Load_travel_modes_dim_table   category=DeprecationWarning,
[2019-10-04 17:59:19,768] {base_task_runner.py:115} INFO - Job 887: Subtask Load_travel_modes_dim_table [2019-10-04 17:59:19,767] {settings.py:213} INFO - settings.configure_orm(): Using pool settings. pool_size=5, max_overflow=10, pool_recycle=1800, pid=67255
[2019-10-04 17:59:20,993] {base_task_runner.py:115} INFO - Job 887: Subtask Load_travel_modes_dim_table [2019-10-04 17:59:20,992] {__init__.py:51} INFO - Using executor LocalExecutor
[2019-10-04 17:59:23,599] {base_task_runner.py:115} INFO - Job 887: Subtask Load_travel_modes_dim_table [2019-10-04 17:59:23,598] {dagbag.py:90} INFO - Filling up the DagBag from /Users/victorialemay/Courses/Udacity/Data Engineering Nanodegree/capstone/project-archive/airflow/dags/project_dag.py
[2019-10-04 17:59:23,729] {base_task_runner.py:115} INFO - Job 887: Subtask Load_travel_modes_dim_table [2019-10-04 17:59:23,728] {cli.py:516} INFO - Running <TaskInstance: capstone_project_dag.Load_travel_modes_dim_table 2019-10-04T22:58:02.565636+00:00 [running]> on host 1.0.0.0.0.0.0.0.0.0.0.0.0.0.0.0.0.0.0.0.0.0.0.0.0.0.0.0.0.0.0.0.ip6.arpa
[2019-10-04 17:59:23,793] {load_dim_file_data.py:35} INFO - Using data file travel_modes.json from S3 bucket project-capstone
[2019-10-04 17:59:23,869] {logging_mixin.py:95} INFO - [[34m2019-10-04 17:59:23,868[0m] {[34mbase_hook.py:[0m84} INFO[0m - Using connection to: [1mid: redshift. Host: redshift-cluster-1.c4i0rfzboubh.us-west-2.redshift.amazonaws.com, Port: 5439, Schema: dev, Login: awsuser, Password: XXXXXXXX, extra: {}[0m[0m
[2019-10-04 17:59:24,623] {load_dim_file_data.py:46} INFO - Inserting into destination Redshift table travel_modes
[2019-10-04 17:59:24,641] {logging_mixin.py:95} INFO - [[34m2019-10-04 17:59:24,640[0m] {[34mbase_hook.py:[0m84} INFO[0m - Using connection to: [1mid: redshift. Host: redshift-cluster-1.c4i0rfzboubh.us-west-2.redshift.amazonaws.com, Port: 5439, Schema: dev, Login: awsuser, Password: XXXXXXXX, extra: {}[0m[0m
[2019-10-04 17:59:25,193] {logging_mixin.py:95} INFO - [[34m2019-10-04 17:59:25,192[0m] {[34mdbapi_hook.py:[0m171} INFO[0m - 
        COPY travel_modes 
        FROM 's3://project-capstone/travel_modes.json'
        ACCESS_KEY_ID 'AKIASZIXFGD4JFXXFSEI'
        SECRET_ACCESS_KEY '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'
        JSON 'auto'
    [0m
[2019-10-04 17:59:26,470] {load_dim_file_data.py:61} INFO - Data copy complete
[2019-10-04 17:59:26,575] {logging_mixin.py:95} INFO - [[34m2019-10-04 17:59:26,574[0m] {[34mlocal_task_job.py:[0m172} [33mWARNING[0m - [33mState of this instance has been externally set to [1msuccess[0m. Taking the poison pill.[0m
[2019-10-04 17:59:26,587] {helpers.py:307} INFO - Sending Signals.SIGTERM to GPID 67255
[2019-10-04 17:59:26,607] {helpers.py:285} INFO - Process psutil.Process(pid=67255, status='terminated') (67255) terminated with exit code -15
[2019-10-04 17:59:26,608] {logging_mixin.py:95} INFO - [[34m2019-10-04 17:59:26,607[0m] {[34mlocal_task_job.py:[0m105} INFO[0m - Task exited with return code 0[0m
