[2019-10-04 19:31:02,395] {taskinstance.py:620} INFO - Dependencies all met for <TaskInstance: capstone_project_dag.Run_staging_tables_quality_checks 2019-10-05T00:29:08.496694+00:00 [queued]>
[2019-10-04 19:31:02,416] {taskinstance.py:620} INFO - Dependencies all met for <TaskInstance: capstone_project_dag.Run_staging_tables_quality_checks 2019-10-05T00:29:08.496694+00:00 [queued]>
[2019-10-04 19:31:02,416] {taskinstance.py:838} INFO - 
--------------------------------------------------------------------------------
[2019-10-04 19:31:02,416] {taskinstance.py:839} INFO - Starting attempt 1 of 4
[2019-10-04 19:31:02,416] {taskinstance.py:840} INFO - 
--------------------------------------------------------------------------------
[2019-10-04 19:31:02,424] {taskinstance.py:859} INFO - Executing <Task(DataQualityCheckOperator): Run_staging_tables_quality_checks> on 2019-10-05T00:29:08.496694+00:00
[2019-10-04 19:31:02,424] {base_task_runner.py:133} INFO - Running: ['airflow', 'run', 'capstone_project_dag', 'Run_staging_tables_quality_checks', '2019-10-05T00:29:08.496694+00:00', '--job_id', '964', '--pool', 'default_pool', '--raw', '-sd', 'DAGS_FOLDER/project_dag.py', '--cfg_path', '/var/folders/dr/9yvjlnm11xv25k2gknf2n3z00000gn/T/tmpxycl7__a']
[2019-10-04 19:31:02,906] {base_task_runner.py:115} INFO - Job 964: Subtask Run_staging_tables_quality_checks /usr/local/lib/python3.7/site-packages/airflow/configuration.py:627: DeprecationWarning: You have two airflow.cfg files: /Users/victorialemay/airflow/airflow.cfg and /Users/victorialemay/Courses/Udacity/Data Engineering Nanodegree/capstone/project-archive/airflow/airflow.cfg. Airflow used to look at ~/airflow/airflow.cfg, even when AIRFLOW_HOME was set to a different value. Airflow will now only read /Users/victorialemay/Courses/Udacity/Data Engineering Nanodegree/capstone/project-archive/airflow/airflow.cfg, and you should remove the other file
[2019-10-04 19:31:02,906] {base_task_runner.py:115} INFO - Job 964: Subtask Run_staging_tables_quality_checks   category=DeprecationWarning,
[2019-10-04 19:31:03,001] {base_task_runner.py:115} INFO - Job 964: Subtask Run_staging_tables_quality_checks [2019-10-04 19:31:03,001] {settings.py:213} INFO - settings.configure_orm(): Using pool settings. pool_size=5, max_overflow=10, pool_recycle=1800, pid=93014
[2019-10-04 19:31:03,249] {base_task_runner.py:115} INFO - Job 964: Subtask Run_staging_tables_quality_checks [2019-10-04 19:31:03,248] {__init__.py:51} INFO - Using executor LocalExecutor
[2019-10-04 19:31:03,593] {base_task_runner.py:115} INFO - Job 964: Subtask Run_staging_tables_quality_checks [2019-10-04 19:31:03,593] {dagbag.py:90} INFO - Filling up the DagBag from /Users/victorialemay/Courses/Udacity/Data Engineering Nanodegree/capstone/project-archive/airflow/dags/project_dag.py
[2019-10-04 19:31:03,638] {base_task_runner.py:115} INFO - Job 964: Subtask Run_staging_tables_quality_checks [2019-10-04 19:31:03,638] {cli.py:516} INFO - Running <TaskInstance: capstone_project_dag.Run_staging_tables_quality_checks 2019-10-05T00:29:08.496694+00:00 [running]> on host 1.0.0.0.0.0.0.0.0.0.0.0.0.0.0.0.0.0.0.0.0.0.0.0.0.0.0.0.0.0.0.0.ip6.arpa
[2019-10-04 19:31:03,674] {data_quality_check.py:42} INFO - Checking data in cicid column of i94_immigration_staging table
[2019-10-04 19:31:03,688] {logging_mixin.py:95} INFO - [[34m2019-10-04 19:31:03,688[0m] {[34mbase_hook.py:[0m84} INFO[0m - Using connection to: [1mid: redshift. Host: redshift-cluster-1.c4i0rfzboubh.us-west-2.redshift.amazonaws.com, Port: 5439, Schema: dev, Login: awsuser, Password: XXXXXXXX, extra: {}[0m[0m
[2019-10-04 19:31:06,219] {data_quality_check.py:51} INFO - Found records in i94_immigration_staging
[2019-10-04 19:31:06,219] {data_quality_check.py:42} INFO - Checking data in dt column of land_temp_staging table
[2019-10-04 19:31:06,233] {logging_mixin.py:95} INFO - [[34m2019-10-04 19:31:06,233[0m] {[34mbase_hook.py:[0m84} INFO[0m - Using connection to: [1mid: redshift. Host: redshift-cluster-1.c4i0rfzboubh.us-west-2.redshift.amazonaws.com, Port: 5439, Schema: dev, Login: awsuser, Password: XXXXXXXX, extra: {}[0m[0m
[2019-10-04 19:31:09,374] {data_quality_check.py:51} INFO - Found records in land_temp_staging
[2019-10-04 19:31:09,374] {data_quality_check.py:42} INFO - Checking data in City column of demographic_staging table
[2019-10-04 19:31:09,387] {logging_mixin.py:95} INFO - [[34m2019-10-04 19:31:09,386[0m] {[34mbase_hook.py:[0m84} INFO[0m - Using connection to: [1mid: redshift. Host: redshift-cluster-1.c4i0rfzboubh.us-west-2.redshift.amazonaws.com, Port: 5439, Schema: dev, Login: awsuser, Password: XXXXXXXX, extra: {}[0m[0m
[2019-10-04 19:31:12,568] {data_quality_check.py:51} INFO - Found records in demographic_staging
[2019-10-04 19:31:12,568] {data_quality_check.py:42} INFO - Checking data in name column of port_code_staging table
[2019-10-04 19:31:12,583] {logging_mixin.py:95} INFO - [[34m2019-10-04 19:31:12,582[0m] {[34mbase_hook.py:[0m84} INFO[0m - Using connection to: [1mid: redshift. Host: redshift-cluster-1.c4i0rfzboubh.us-west-2.redshift.amazonaws.com, Port: 5439, Schema: dev, Login: awsuser, Password: XXXXXXXX, extra: {}[0m[0m
[2019-10-04 19:31:15,742] {data_quality_check.py:51} INFO - Found records in port_code_staging
[2019-10-04 19:31:15,742] {data_quality_check.py:42} INFO - Checking data in id column of travel_modes table
[2019-10-04 19:31:15,756] {logging_mixin.py:95} INFO - [[34m2019-10-04 19:31:15,756[0m] {[34mbase_hook.py:[0m84} INFO[0m - Using connection to: [1mid: redshift. Host: redshift-cluster-1.c4i0rfzboubh.us-west-2.redshift.amazonaws.com, Port: 5439, Schema: dev, Login: awsuser, Password: XXXXXXXX, extra: {}[0m[0m
[2019-10-04 19:31:18,813] {data_quality_check.py:51} INFO - Found records in travel_modes
[2019-10-04 19:31:18,813] {data_quality_check.py:42} INFO - Checking data in id column of visa_types table
[2019-10-04 19:31:18,825] {logging_mixin.py:95} INFO - [[34m2019-10-04 19:31:18,825[0m] {[34mbase_hook.py:[0m84} INFO[0m - Using connection to: [1mid: redshift. Host: redshift-cluster-1.c4i0rfzboubh.us-west-2.redshift.amazonaws.com, Port: 5439, Schema: dev, Login: awsuser, Password: XXXXXXXX, extra: {}[0m[0m
[2019-10-04 19:31:19,584] {data_quality_check.py:51} INFO - Found records in visa_types
[2019-10-04 19:31:19,584] {data_quality_check.py:42} INFO - Checking data in id column of us_states table
[2019-10-04 19:31:19,597] {logging_mixin.py:95} INFO - [[34m2019-10-04 19:31:19,597[0m] {[34mbase_hook.py:[0m84} INFO[0m - Using connection to: [1mid: redshift. Host: redshift-cluster-1.c4i0rfzboubh.us-west-2.redshift.amazonaws.com, Port: 5439, Schema: dev, Login: awsuser, Password: XXXXXXXX, extra: {}[0m[0m
[2019-10-04 19:31:20,340] {data_quality_check.py:51} INFO - Found records in us_states
[2019-10-04 19:31:20,341] {data_quality_check.py:42} INFO - Checking data in id column of country_codes table
[2019-10-04 19:31:20,354] {logging_mixin.py:95} INFO - [[34m2019-10-04 19:31:20,354[0m] {[34mbase_hook.py:[0m84} INFO[0m - Using connection to: [1mid: redshift. Host: redshift-cluster-1.c4i0rfzboubh.us-west-2.redshift.amazonaws.com, Port: 5439, Schema: dev, Login: awsuser, Password: XXXXXXXX, extra: {}[0m[0m
[2019-10-04 19:31:21,082] {data_quality_check.py:51} INFO - Found records in country_codes
[2019-10-04 19:31:21,082] {data_quality_check.py:26} INFO - Data quality check complete
[2019-10-04 19:31:22,433] {logging_mixin.py:95} INFO - [[34m2019-10-04 19:31:22,433[0m] {[34mlocal_task_job.py:[0m105} INFO[0m - Task exited with return code 0[0m
