[2019-10-02 19:40:05,888] {taskinstance.py:620} INFO - Dependencies all met for <TaskInstance: capstone_project_dag.Stage_sas_data_parquet_files 2019-10-03T00:39:44.525076+00:00 [queued]>
[2019-10-02 19:40:05,929] {taskinstance.py:620} INFO - Dependencies all met for <TaskInstance: capstone_project_dag.Stage_sas_data_parquet_files 2019-10-03T00:39:44.525076+00:00 [queued]>
[2019-10-02 19:40:05,930] {taskinstance.py:838} INFO - 
--------------------------------------------------------------------------------
[2019-10-02 19:40:05,930] {taskinstance.py:839} INFO - Starting attempt 1 of 4
[2019-10-02 19:40:05,930] {taskinstance.py:840} INFO - 
--------------------------------------------------------------------------------
[2019-10-02 19:40:05,944] {taskinstance.py:859} INFO - Executing <Task(LoadLocalFilesToS3Operator): Stage_sas_data_parquet_files> on 2019-10-03T00:39:44.525076+00:00
[2019-10-02 19:40:05,944] {base_task_runner.py:133} INFO - Running: ['airflow', 'run', 'capstone_project_dag', 'Stage_sas_data_parquet_files', '2019-10-03T00:39:44.525076+00:00', '--job_id', '187', '--pool', 'default_pool', '--raw', '-sd', 'DAGS_FOLDER/project_dag.py', '--cfg_path', '/var/folders/dr/9yvjlnm11xv25k2gknf2n3z00000gn/T/tmpp7wgu9zv']
[2019-10-02 19:40:06,984] {base_task_runner.py:115} INFO - Job 187: Subtask Stage_sas_data_parquet_files /usr/local/lib/python3.7/site-packages/airflow/configuration.py:627: DeprecationWarning: You have two airflow.cfg files: /Users/victorialemay/airflow/airflow.cfg and /Users/victorialemay/Courses/Udacity/Data Engineering Nanodegree/capstone/project-archive/airflow/airflow.cfg. Airflow used to look at ~/airflow/airflow.cfg, even when AIRFLOW_HOME was set to a different value. Airflow will now only read /Users/victorialemay/Courses/Udacity/Data Engineering Nanodegree/capstone/project-archive/airflow/airflow.cfg, and you should remove the other file
[2019-10-02 19:40:06,985] {base_task_runner.py:115} INFO - Job 187: Subtask Stage_sas_data_parquet_files   category=DeprecationWarning,
[2019-10-02 19:40:07,159] {base_task_runner.py:115} INFO - Job 187: Subtask Stage_sas_data_parquet_files [2019-10-02 19:40:07,158] {settings.py:213} INFO - settings.configure_orm(): Using pool settings. pool_size=5, max_overflow=10, pool_recycle=1800, pid=31690
[2019-10-02 19:40:07,508] {base_task_runner.py:115} INFO - Job 187: Subtask Stage_sas_data_parquet_files [2019-10-02 19:40:07,508] {__init__.py:51} INFO - Using executor LocalExecutor
[2019-10-02 19:40:08,237] {base_task_runner.py:115} INFO - Job 187: Subtask Stage_sas_data_parquet_files [2019-10-02 19:40:08,236] {dagbag.py:90} INFO - Filling up the DagBag from /Users/victorialemay/Courses/Udacity/Data Engineering Nanodegree/capstone/project-archive/airflow/dags/project_dag.py
[2019-10-02 19:40:08,326] {base_task_runner.py:115} INFO - Job 187: Subtask Stage_sas_data_parquet_files [2019-10-02 19:40:08,325] {cli.py:516} INFO - Running <TaskInstance: capstone_project_dag.Stage_sas_data_parquet_files 2019-10-03T00:39:44.525076+00:00 [running]> on host 1.0.0.0.0.0.0.0.0.0.0.0.0.0.0.0.0.0.0.0.0.0.0.0.0.0.0.0.0.0.0.0.ip6.arpa
[2019-10-02 19:40:10,295] {load_files_to_s3.py:49} INFO - Loading to S3 bucket project-capstone-parquet
[2019-10-02 19:40:10,295] {load_files_to_s3.py:50} INFO - Checking /Users/victorialemay/Courses/Udacity/Data Engineering Nanodegree/capstone/project-archive/airflow/data/sas_data directory for files
[2019-10-02 19:40:10,296] {load_files_to_s3.py:55} INFO - Found file /Users/victorialemay/Courses/Udacity/Data Engineering Nanodegree/capstone/project-archive/airflow/data/sas_data/part-00003-b9542815-7a8d-45fc-9c67-c9c5007ad0d4-c000.snappy.parquet
[2019-10-02 19:40:10,296] {load_files_to_s3.py:58} INFO -   Using S3 key part-00003-b9542815-7a8d-45fc-9c67-c9c5007ad0d4-c000.snappy.parquet
[2019-10-02 19:40:10,743] {load_files_to_s3.py:65} INFO -   File already exists in bucket
[2019-10-02 19:40:10,744] {load_files_to_s3.py:55} INFO - Found file /Users/victorialemay/Courses/Udacity/Data Engineering Nanodegree/capstone/project-archive/airflow/data/sas_data/part-00008-b9542815-7a8d-45fc-9c67-c9c5007ad0d4-c000.snappy.parquet
[2019-10-02 19:40:10,744] {load_files_to_s3.py:58} INFO -   Using S3 key part-00008-b9542815-7a8d-45fc-9c67-c9c5007ad0d4-c000.snappy.parquet
[2019-10-02 19:40:11,434] {load_files_to_s3.py:65} INFO -   File already exists in bucket
[2019-10-02 19:40:11,434] {load_files_to_s3.py:55} INFO - Found file /Users/victorialemay/Courses/Udacity/Data Engineering Nanodegree/capstone/project-archive/airflow/data/sas_data/part-00004-b9542815-7a8d-45fc-9c67-c9c5007ad0d4-c000.snappy.parquet
[2019-10-02 19:40:11,434] {load_files_to_s3.py:58} INFO -   Using S3 key part-00004-b9542815-7a8d-45fc-9c67-c9c5007ad0d4-c000.snappy.parquet
[2019-10-02 19:40:11,913] {logging_mixin.py:95} INFO - [[34m2019-10-02 19:40:11,913[0m] {[34mS3_hook.py:[0m201} INFO[0m - Not Found[0m
[2019-10-02 19:40:13,499] {logging_mixin.py:95} INFO - [[34m2019-10-02 19:40:13,499[0m] {[34mS3_hook.py:[0m201} INFO[0m - Not Found[0m
[2019-10-02 19:41:11,928] {load_files_to_s3.py:63} INFO -   Uploaded new S3 key part-00004-b9542815-7a8d-45fc-9c67-c9c5007ad0d4-c000.snappy.parquet to project-capstone-parquet bucket
[2019-10-02 19:41:11,928] {load_files_to_s3.py:55} INFO - Found file /Users/victorialemay/Courses/Udacity/Data Engineering Nanodegree/capstone/project-archive/airflow/data/sas_data/part-00013-b9542815-7a8d-45fc-9c67-c9c5007ad0d4-c000.snappy.parquet
[2019-10-02 19:41:11,928] {load_files_to_s3.py:58} INFO -   Using S3 key part-00013-b9542815-7a8d-45fc-9c67-c9c5007ad0d4-c000.snappy.parquet
[2019-10-02 19:41:12,526] {logging_mixin.py:95} INFO - [[34m2019-10-02 19:41:12,526[0m] {[34mS3_hook.py:[0m201} INFO[0m - Not Found[0m
[2019-10-02 19:41:13,475] {logging_mixin.py:95} INFO - [[34m2019-10-02 19:41:13,475[0m] {[34mS3_hook.py:[0m201} INFO[0m - Not Found[0m
[2019-10-02 19:42:36,800] {load_files_to_s3.py:63} INFO -   Uploaded new S3 key part-00013-b9542815-7a8d-45fc-9c67-c9c5007ad0d4-c000.snappy.parquet to project-capstone-parquet bucket
[2019-10-02 19:42:36,801] {load_files_to_s3.py:55} INFO - Found file /Users/victorialemay/Courses/Udacity/Data Engineering Nanodegree/capstone/project-archive/airflow/data/sas_data/part-00005-b9542815-7a8d-45fc-9c67-c9c5007ad0d4-c000.snappy.parquet
[2019-10-02 19:42:36,801] {load_files_to_s3.py:58} INFO -   Using S3 key part-00005-b9542815-7a8d-45fc-9c67-c9c5007ad0d4-c000.snappy.parquet
[2019-10-02 19:42:37,307] {logging_mixin.py:95} INFO - [[34m2019-10-02 19:42:37,307[0m] {[34mS3_hook.py:[0m201} INFO[0m - Not Found[0m
[2019-10-02 19:42:37,733] {logging_mixin.py:95} INFO - [[34m2019-10-02 19:42:37,733[0m] {[34mS3_hook.py:[0m201} INFO[0m - Not Found[0m
[2019-10-02 19:43:03,801] {load_files_to_s3.py:63} INFO -   Uploaded new S3 key part-00005-b9542815-7a8d-45fc-9c67-c9c5007ad0d4-c000.snappy.parquet to project-capstone-parquet bucket
[2019-10-02 19:43:03,802] {load_files_to_s3.py:55} INFO - Found file /Users/victorialemay/Courses/Udacity/Data Engineering Nanodegree/capstone/project-archive/airflow/data/sas_data/part-00012-b9542815-7a8d-45fc-9c67-c9c5007ad0d4-c000.snappy.parquet
[2019-10-02 19:43:03,802] {load_files_to_s3.py:58} INFO -   Using S3 key part-00012-b9542815-7a8d-45fc-9c67-c9c5007ad0d4-c000.snappy.parquet
[2019-10-02 19:43:04,760] {logging_mixin.py:95} INFO - [[34m2019-10-02 19:43:04,759[0m] {[34mS3_hook.py:[0m201} INFO[0m - Not Found[0m
[2019-10-02 19:43:06,191] {logging_mixin.py:95} INFO - [[34m2019-10-02 19:43:06,190[0m] {[34mS3_hook.py:[0m201} INFO[0m - Not Found[0m
[2019-10-02 19:43:59,603] {load_files_to_s3.py:63} INFO -   Uploaded new S3 key part-00012-b9542815-7a8d-45fc-9c67-c9c5007ad0d4-c000.snappy.parquet to project-capstone-parquet bucket
[2019-10-02 19:43:59,603] {load_files_to_s3.py:55} INFO - Found file /Users/victorialemay/Courses/Udacity/Data Engineering Nanodegree/capstone/project-archive/airflow/data/sas_data/part-00002-b9542815-7a8d-45fc-9c67-c9c5007ad0d4-c000.snappy.parquet
[2019-10-02 19:43:59,603] {load_files_to_s3.py:58} INFO -   Using S3 key part-00002-b9542815-7a8d-45fc-9c67-c9c5007ad0d4-c000.snappy.parquet
[2019-10-02 19:44:00,737] {logging_mixin.py:95} INFO - [[34m2019-10-02 19:44:00,737[0m] {[34mS3_hook.py:[0m201} INFO[0m - Not Found[0m
[2019-10-02 19:44:01,251] {logging_mixin.py:95} INFO - [[34m2019-10-02 19:44:01,251[0m] {[34mS3_hook.py:[0m201} INFO[0m - Not Found[0m
[2019-10-02 19:44:50,355] {load_files_to_s3.py:63} INFO -   Uploaded new S3 key part-00002-b9542815-7a8d-45fc-9c67-c9c5007ad0d4-c000.snappy.parquet to project-capstone-parquet bucket
[2019-10-02 19:44:50,356] {load_files_to_s3.py:55} INFO - Found file /Users/victorialemay/Courses/Udacity/Data Engineering Nanodegree/capstone/project-archive/airflow/data/sas_data/part-00009-b9542815-7a8d-45fc-9c67-c9c5007ad0d4-c000.snappy.parquet
[2019-10-02 19:44:50,356] {load_files_to_s3.py:58} INFO -   Using S3 key part-00009-b9542815-7a8d-45fc-9c67-c9c5007ad0d4-c000.snappy.parquet
[2019-10-02 19:44:50,895] {logging_mixin.py:95} INFO - [[34m2019-10-02 19:44:50,895[0m] {[34mS3_hook.py:[0m201} INFO[0m - Not Found[0m
[2019-10-02 19:44:51,894] {logging_mixin.py:95} INFO - [[34m2019-10-02 19:44:51,894[0m] {[34mS3_hook.py:[0m201} INFO[0m - Not Found[0m
[2019-10-02 19:45:44,298] {load_files_to_s3.py:63} INFO -   Uploaded new S3 key part-00009-b9542815-7a8d-45fc-9c67-c9c5007ad0d4-c000.snappy.parquet to project-capstone-parquet bucket
[2019-10-02 19:45:44,298] {load_files_to_s3.py:55} INFO - Found file /Users/victorialemay/Courses/Udacity/Data Engineering Nanodegree/capstone/project-archive/airflow/data/sas_data/part-00007-b9542815-7a8d-45fc-9c67-c9c5007ad0d4-c000.snappy.parquet
[2019-10-02 19:45:44,298] {load_files_to_s3.py:58} INFO -   Using S3 key part-00007-b9542815-7a8d-45fc-9c67-c9c5007ad0d4-c000.snappy.parquet
[2019-10-02 19:45:44,961] {logging_mixin.py:95} INFO - [[34m2019-10-02 19:45:44,961[0m] {[34mS3_hook.py:[0m201} INFO[0m - Not Found[0m
[2019-10-02 19:45:46,184] {logging_mixin.py:95} INFO - [[34m2019-10-02 19:45:46,184[0m] {[34mS3_hook.py:[0m201} INFO[0m - Not Found[0m
[2019-10-02 19:46:42,599] {load_files_to_s3.py:63} INFO -   Uploaded new S3 key part-00007-b9542815-7a8d-45fc-9c67-c9c5007ad0d4-c000.snappy.parquet to project-capstone-parquet bucket
[2019-10-02 19:46:42,599] {load_files_to_s3.py:55} INFO - Found file /Users/victorialemay/Courses/Udacity/Data Engineering Nanodegree/capstone/project-archive/airflow/data/sas_data/part-00010-b9542815-7a8d-45fc-9c67-c9c5007ad0d4-c000.snappy.parquet
[2019-10-02 19:46:42,600] {load_files_to_s3.py:58} INFO -   Using S3 key part-00010-b9542815-7a8d-45fc-9c67-c9c5007ad0d4-c000.snappy.parquet
[2019-10-02 19:46:43,601] {logging_mixin.py:95} INFO - [[34m2019-10-02 19:46:43,600[0m] {[34mS3_hook.py:[0m201} INFO[0m - Not Found[0m
[2019-10-02 19:46:44,040] {logging_mixin.py:95} INFO - [[34m2019-10-02 19:46:44,040[0m] {[34mS3_hook.py:[0m201} INFO[0m - Not Found[0m
[2019-10-02 19:47:34,377] {load_files_to_s3.py:63} INFO -   Uploaded new S3 key part-00010-b9542815-7a8d-45fc-9c67-c9c5007ad0d4-c000.snappy.parquet to project-capstone-parquet bucket
[2019-10-02 19:47:34,378] {load_files_to_s3.py:55} INFO - Found file /Users/victorialemay/Courses/Udacity/Data Engineering Nanodegree/capstone/project-archive/airflow/data/sas_data/SUCCESS.crc
[2019-10-02 19:47:34,378] {load_files_to_s3.py:58} INFO -   Using S3 key SUCCESS.crc
[2019-10-02 19:47:35,497] {load_files_to_s3.py:65} INFO -   File already exists in bucket
[2019-10-02 19:47:35,497] {load_files_to_s3.py:55} INFO - Found file /Users/victorialemay/Courses/Udacity/Data Engineering Nanodegree/capstone/project-archive/airflow/data/sas_data/part-00000-b9542815-7a8d-45fc-9c67-c9c5007ad0d4-c000.snappy.parquet
[2019-10-02 19:47:35,498] {load_files_to_s3.py:58} INFO -   Using S3 key part-00000-b9542815-7a8d-45fc-9c67-c9c5007ad0d4-c000.snappy.parquet
[2019-10-02 19:47:35,965] {logging_mixin.py:95} INFO - [[34m2019-10-02 19:47:35,965[0m] {[34mS3_hook.py:[0m201} INFO[0m - Not Found[0m
[2019-10-02 19:47:36,816] {logging_mixin.py:95} INFO - [[34m2019-10-02 19:47:36,816[0m] {[34mS3_hook.py:[0m201} INFO[0m - Not Found[0m
[2019-10-02 19:49:13,953] {load_files_to_s3.py:63} INFO -   Uploaded new S3 key part-00000-b9542815-7a8d-45fc-9c67-c9c5007ad0d4-c000.snappy.parquet to project-capstone-parquet bucket
[2019-10-02 19:49:13,953] {load_files_to_s3.py:55} INFO - Found file /Users/victorialemay/Courses/Udacity/Data Engineering Nanodegree/capstone/project-archive/airflow/data/sas_data/part-00001-b9542815-7a8d-45fc-9c67-c9c5007ad0d4-c000.snappy.parquet
[2019-10-02 19:49:13,953] {load_files_to_s3.py:58} INFO -   Using S3 key part-00001-b9542815-7a8d-45fc-9c67-c9c5007ad0d4-c000.snappy.parquet
[2019-10-02 19:49:14,481] {load_files_to_s3.py:65} INFO -   File already exists in bucket
[2019-10-02 19:49:14,481] {load_files_to_s3.py:55} INFO - Found file /Users/victorialemay/Courses/Udacity/Data Engineering Nanodegree/capstone/project-archive/airflow/data/sas_data/_SUCCESS
[2019-10-02 19:49:14,481] {load_files_to_s3.py:58} INFO -   Using S3 key _SUCCESS
[2019-10-02 19:49:14,904] {load_files_to_s3.py:65} INFO -   File already exists in bucket
[2019-10-02 19:49:14,904] {load_files_to_s3.py:55} INFO - Found file /Users/victorialemay/Courses/Udacity/Data Engineering Nanodegree/capstone/project-archive/airflow/data/sas_data/part-00006-b9542815-7a8d-45fc-9c67-c9c5007ad0d4-c000.snappy.parquet
[2019-10-02 19:49:14,904] {load_files_to_s3.py:58} INFO -   Using S3 key part-00006-b9542815-7a8d-45fc-9c67-c9c5007ad0d4-c000.snappy.parquet
[2019-10-02 19:49:15,434] {logging_mixin.py:95} INFO - [[34m2019-10-02 19:49:15,434[0m] {[34mS3_hook.py:[0m201} INFO[0m - Not Found[0m
[2019-10-02 19:49:15,914] {logging_mixin.py:95} INFO - [[34m2019-10-02 19:49:15,914[0m] {[34mS3_hook.py:[0m201} INFO[0m - Not Found[0m
[2019-10-02 19:50:20,826] {load_files_to_s3.py:63} INFO -   Uploaded new S3 key part-00006-b9542815-7a8d-45fc-9c67-c9c5007ad0d4-c000.snappy.parquet to project-capstone-parquet bucket
[2019-10-02 19:50:20,827] {load_files_to_s3.py:55} INFO - Found file /Users/victorialemay/Courses/Udacity/Data Engineering Nanodegree/capstone/project-archive/airflow/data/sas_data/part-00011-b9542815-7a8d-45fc-9c67-c9c5007ad0d4-c000.snappy.parquet
[2019-10-02 19:50:20,827] {load_files_to_s3.py:58} INFO -   Using S3 key part-00011-b9542815-7a8d-45fc-9c67-c9c5007ad0d4-c000.snappy.parquet
[2019-10-02 19:50:21,698] {load_files_to_s3.py:65} INFO -   File already exists in bucket
[2019-10-02 19:50:21,698] {load_files_to_s3.py:67} INFO - S3 file load complete!
[2019-10-02 19:50:23,030] {logging_mixin.py:95} INFO - [[34m2019-10-02 19:50:23,028[0m] {[34mlocal_task_job.py:[0m105} INFO[0m - Task exited with return code 0[0m
