[2019-10-02 17:19:19,859] {taskinstance.py:620} INFO - Dependencies all met for <TaskInstance: capstone_project_dag.Stage_dim_data_files 2019-10-02T22:18:58.535750+00:00 [queued]>
[2019-10-02 17:19:19,881] {taskinstance.py:620} INFO - Dependencies all met for <TaskInstance: capstone_project_dag.Stage_dim_data_files 2019-10-02T22:18:58.535750+00:00 [queued]>
[2019-10-02 17:19:19,881] {taskinstance.py:838} INFO - 
--------------------------------------------------------------------------------
[2019-10-02 17:19:19,881] {taskinstance.py:839} INFO - Starting attempt 1 of 4
[2019-10-02 17:19:19,882] {taskinstance.py:840} INFO - 
--------------------------------------------------------------------------------
[2019-10-02 17:19:19,889] {taskinstance.py:859} INFO - Executing <Task(LoadLocalFilesToS3Operator): Stage_dim_data_files> on 2019-10-02T22:18:58.535750+00:00
[2019-10-02 17:19:19,889] {base_task_runner.py:133} INFO - Running: ['airflow', 'run', 'capstone_project_dag', 'Stage_dim_data_files', '2019-10-02T22:18:58.535750+00:00', '--job_id', '113', '--pool', 'default_pool', '--raw', '-sd', 'DAGS_FOLDER/project_dag.py', '--cfg_path', '/var/folders/dr/9yvjlnm11xv25k2gknf2n3z00000gn/T/tmp5ihmhlm8']
[2019-10-02 17:19:20,386] {base_task_runner.py:115} INFO - Job 113: Subtask Stage_dim_data_files /usr/local/lib/python3.7/site-packages/airflow/configuration.py:627: DeprecationWarning: You have two airflow.cfg files: /Users/victorialemay/airflow/airflow.cfg and /Users/victorialemay/Courses/Udacity/Data Engineering Nanodegree/capstone/project-archive/airflow/airflow.cfg. Airflow used to look at ~/airflow/airflow.cfg, even when AIRFLOW_HOME was set to a different value. Airflow will now only read /Users/victorialemay/Courses/Udacity/Data Engineering Nanodegree/capstone/project-archive/airflow/airflow.cfg, and you should remove the other file
[2019-10-02 17:19:20,386] {base_task_runner.py:115} INFO - Job 113: Subtask Stage_dim_data_files   category=DeprecationWarning,
[2019-10-02 17:19:20,479] {base_task_runner.py:115} INFO - Job 113: Subtask Stage_dim_data_files [2019-10-02 17:19:20,479] {settings.py:213} INFO - settings.configure_orm(): Using pool settings. pool_size=5, max_overflow=10, pool_recycle=1800, pid=9895
[2019-10-02 17:19:20,729] {base_task_runner.py:115} INFO - Job 113: Subtask Stage_dim_data_files [2019-10-02 17:19:20,728] {__init__.py:51} INFO - Using executor LocalExecutor
[2019-10-02 17:19:21,094] {base_task_runner.py:115} INFO - Job 113: Subtask Stage_dim_data_files [2019-10-02 17:19:21,093] {dagbag.py:90} INFO - Filling up the DagBag from /Users/victorialemay/Courses/Udacity/Data Engineering Nanodegree/capstone/project-archive/airflow/dags/project_dag.py
[2019-10-02 17:19:21,136] {base_task_runner.py:115} INFO - Job 113: Subtask Stage_dim_data_files [2019-10-02 17:19:21,136] {cli.py:516} INFO - Running <TaskInstance: capstone_project_dag.Stage_dim_data_files 2019-10-02T22:18:58.535750+00:00 [running]> on host 1.0.0.0.0.0.0.0.0.0.0.0.0.0.0.0.0.0.0.0.0.0.0.0.0.0.0.0.0.0.0.0.ip6.arpa
[2019-10-02 17:19:21,169] {load_files_to_s3.py:25} INFO - Checking /Users/victorialemay/Courses/Udacity/Data Engineering Nanodegree/capstone/project-archive/airflow/dim_table_data directory for files
[2019-10-02 17:19:21,170] {load_files_to_s3.py:29} INFO - Found files:
[2019-10-02 17:19:21,170] {load_files_to_s3.py:31} INFO -   /Users/victorialemay/Courses/Udacity/Data Engineering Nanodegree/capstone/project-archive/airflow/dim_table_data/visa_types.csv
[2019-10-02 17:19:21,170] {load_files_to_s3.py:33} INFO -     visa_types.csv
[2019-10-02 17:19:21,170] {load_files_to_s3.py:31} INFO -   /Users/victorialemay/Courses/Udacity/Data Engineering Nanodegree/capstone/project-archive/airflow/dim_table_data/port_codes.csv
[2019-10-02 17:19:21,170] {load_files_to_s3.py:33} INFO -     port_codes.csv
[2019-10-02 17:19:21,170] {load_files_to_s3.py:31} INFO -   /Users/victorialemay/Courses/Udacity/Data Engineering Nanodegree/capstone/project-archive/airflow/dim_table_data/travel_modes.csv
[2019-10-02 17:19:21,170] {load_files_to_s3.py:33} INFO -     travel_modes.csv
[2019-10-02 17:19:21,171] {load_files_to_s3.py:31} INFO -   /Users/victorialemay/Courses/Udacity/Data Engineering Nanodegree/capstone/project-archive/airflow/dim_table_data/us_states.csv
[2019-10-02 17:19:21,171] {load_files_to_s3.py:33} INFO -     us_states.csv
[2019-10-02 17:19:21,171] {load_files_to_s3.py:31} INFO -   /Users/victorialemay/Courses/Udacity/Data Engineering Nanodegree/capstone/project-archive/airflow/dim_table_data/country_codes.csv
[2019-10-02 17:19:21,171] {load_files_to_s3.py:33} INFO -     country_codes.csv
[2019-10-02 17:19:24,848] {logging_mixin.py:95} INFO - [[34m2019-10-02 17:19:24,847[0m] {[34mlocal_task_job.py:[0m105} INFO[0m - Task exited with return code 0[0m
