[2019-10-04 11:48:00,898] {taskinstance.py:620} INFO - Dependencies all met for <TaskInstance: capstone_project_dag.create_staging_database_tables 2019-10-04T16:47:07.398765+00:00 [queued]>
[2019-10-04 11:48:00,909] {taskinstance.py:620} INFO - Dependencies all met for <TaskInstance: capstone_project_dag.create_staging_database_tables 2019-10-04T16:47:07.398765+00:00 [queued]>
[2019-10-04 11:48:00,910] {taskinstance.py:838} INFO - 
--------------------------------------------------------------------------------
[2019-10-04 11:48:00,910] {taskinstance.py:839} INFO - Starting attempt 1 of 4
[2019-10-04 11:48:00,910] {taskinstance.py:840} INFO - 
--------------------------------------------------------------------------------
[2019-10-04 11:48:00,931] {taskinstance.py:859} INFO - Executing <Task(PostgresOperator): create_staging_database_tables> on 2019-10-04T16:47:07.398765+00:00
[2019-10-04 11:48:00,931] {base_task_runner.py:133} INFO - Running: ['airflow', 'run', 'capstone_project_dag', 'create_staging_database_tables', '2019-10-04T16:47:07.398765+00:00', '--job_id', '449', '--pool', 'default_pool', '--raw', '-sd', 'DAGS_FOLDER/project_dag.py', '--cfg_path', '/var/folders/dr/9yvjlnm11xv25k2gknf2n3z00000gn/T/tmpd6zkr3p4']
[2019-10-04 11:48:01,475] {base_task_runner.py:115} INFO - Job 449: Subtask create_staging_database_tables /usr/local/lib/python3.7/site-packages/airflow/configuration.py:627: DeprecationWarning: You have two airflow.cfg files: /Users/victorialemay/airflow/airflow.cfg and /Users/victorialemay/Courses/Udacity/Data Engineering Nanodegree/capstone/project-archive/airflow/airflow.cfg. Airflow used to look at ~/airflow/airflow.cfg, even when AIRFLOW_HOME was set to a different value. Airflow will now only read /Users/victorialemay/Courses/Udacity/Data Engineering Nanodegree/capstone/project-archive/airflow/airflow.cfg, and you should remove the other file
[2019-10-04 11:48:01,476] {base_task_runner.py:115} INFO - Job 449: Subtask create_staging_database_tables   category=DeprecationWarning,
[2019-10-04 11:48:01,615] {base_task_runner.py:115} INFO - Job 449: Subtask create_staging_database_tables [2019-10-04 11:48:01,614] {settings.py:213} INFO - settings.configure_orm(): Using pool settings. pool_size=5, max_overflow=10, pool_recycle=1800, pid=58663
[2019-10-04 11:48:01,848] {base_task_runner.py:115} INFO - Job 449: Subtask create_staging_database_tables [2019-10-04 11:48:01,846] {__init__.py:51} INFO - Using executor LocalExecutor
[2019-10-04 11:48:02,279] {base_task_runner.py:115} INFO - Job 449: Subtask create_staging_database_tables [2019-10-04 11:48:02,279] {dagbag.py:90} INFO - Filling up the DagBag from /Users/victorialemay/Courses/Udacity/Data Engineering Nanodegree/capstone/project-archive/airflow/dags/project_dag.py
[2019-10-04 11:48:02,338] {base_task_runner.py:115} INFO - Job 449: Subtask create_staging_database_tables [2019-10-04 11:48:02,337] {cli.py:516} INFO - Running <TaskInstance: capstone_project_dag.create_staging_database_tables 2019-10-04T16:47:07.398765+00:00 [running]> on host 1.0.0.0.0.0.0.0.0.0.0.0.0.0.0.0.0.0.0.0.0.0.0.0.0.0.0.0.0.0.0.0.ip6.arpa
[2019-10-04 11:48:02,383] {postgres_operator.py:62} INFO - Executing: CREATE TABLE IF NOT EXISTS public.i94_immigration_staging (
    id int4,
    cicid int4,
    i94yr int4,
    i94mon int4,
    i94cit int4,
    i94res int4,
    i94port int4,
    arrdate int4,
    i94mode int4,
    i94addr varchar,
    depdate int4,
    i94bir int4,
    i94visa int4,
    "count" int4,
    dtadfile varchar,
    visapost varchar,
    occup varchar,
    entdepa varchar,
    entdepd varchar,
    entdepu varchar,
    matflag varchar,
    biryear int4,
    dtaddto varchar,
    gender varchar,
    insnum int4,
    airline varchar,
    admnum int4,
    fltno varchar,
    visa_type varchar
);

CREATE TABLE IF NOT EXISTS public.land_temp_staging (
    dt varchar,
    AverageTemperature numeric(20,16),
    AverageTemperatureUncertainty numeric(20,16),
    City varchar,
    Country varchar,
    Latitude varchar,
    Longitude varchar
);

CREATE TABLE IF NOT EXISTS public.demographic_staging (
    City varchar,
    State varchar,
    MedianAge numeric(5,2),
    MalePopulation int4,
    FemalePopulation int4,
    TotalPopulation int4,
    NumberOfVeterans int4,
    ForeignBorn int4,
    AverageHouseholdSize numeric(3,1),
    StateCode varchar,
    Race varchar,
    Count int4
);

CREATE TABLE IF NOT EXISTS public.port_code_staging (
    name varchar,
    state_code varchar,
    country_name varchar,
    i94_port_code varchar
);
[2019-10-04 11:48:02,397] {logging_mixin.py:95} INFO - [[34m2019-10-04 11:48:02,396[0m] {[34mbase_hook.py:[0m84} INFO[0m - Using connection to: [1mid: redshift. Host: redshift-cluster-1.c4i0rfzboubh.us-west-2.redshift.amazonaws.com, Port: 5439, Schema: dev, Login: awsuser, Password: XXXXXXXX, extra: {}[0m[0m
[2019-10-04 11:48:03,015] {logging_mixin.py:95} INFO - [[34m2019-10-04 11:48:03,015[0m] {[34mdbapi_hook.py:[0m171} INFO[0m - CREATE TABLE IF NOT EXISTS public.i94_immigration_staging (
    id int4,
    cicid int4,
    i94yr int4,
    i94mon int4,
    i94cit int4,
    i94res int4,
    i94port int4,
    arrdate int4,
    i94mode int4,
    i94addr varchar,
    depdate int4,
    i94bir int4,
    i94visa int4,
    "count" int4,
    dtadfile varchar,
    visapost varchar,
    occup varchar,
    entdepa varchar,
    entdepd varchar,
    entdepu varchar,
    matflag varchar,
    biryear int4,
    dtaddto varchar,
    gender varchar,
    insnum int4,
    airline varchar,
    admnum int4,
    fltno varchar,
    visa_type varchar
);

CREATE TABLE IF NOT EXISTS public.land_temp_staging (
    dt varchar,
    AverageTemperature numeric(20,16),
    AverageTemperatureUncertainty numeric(20,16),
    City varchar,
    Country varchar,
    Latitude varchar,
    Longitude varchar
);

CREATE TABLE IF NOT EXISTS public.demographic_staging (
    City varchar,
    State varchar,
    MedianAge numeric(5,2),
    MalePopulation int4,
    FemalePopulation int4,
    TotalPopulation int4,
    NumberOfVeterans int4,
    ForeignBorn int4,
    AverageHouseholdSize numeric(3,1),
    StateCode varchar,
    Race varchar,
    Count int4
);

CREATE TABLE IF NOT EXISTS public.port_code_staging (
    name varchar,
    state_code varchar,
    country_name varchar,
    i94_port_code varchar
);[0m
[2019-10-04 11:48:03,424] {postgres_operator.py:67} INFO - INFO:  Relation "i94_immigration_staging" already exists and will be skipped

[2019-10-04 11:48:03,425] {postgres_operator.py:67} INFO - INFO:  Relation "land_temp_staging" already exists and will be skipped

[2019-10-04 11:48:03,425] {postgres_operator.py:67} INFO - INFO:  Relation "demographic_staging" already exists and will be skipped

[2019-10-04 11:48:03,425] {postgres_operator.py:67} INFO - INFO:  Relation "port_code_staging" already exists and will be skipped

[2019-10-04 11:48:05,878] {logging_mixin.py:95} INFO - [[34m2019-10-04 11:48:05,878[0m] {[34mlocal_task_job.py:[0m105} INFO[0m - Task exited with return code 0[0m
