[2019-10-04 17:59:16,569] {taskinstance.py:620} INFO - Dependencies all met for <TaskInstance: capstone_project_dag.Load_visa_types_dim_table 2019-10-04T22:58:02.565636+00:00 [queued]>
[2019-10-04 17:59:16,604] {taskinstance.py:620} INFO - Dependencies all met for <TaskInstance: capstone_project_dag.Load_visa_types_dim_table 2019-10-04T22:58:02.565636+00:00 [queued]>
[2019-10-04 17:59:16,604] {taskinstance.py:838} INFO - 
--------------------------------------------------------------------------------
[2019-10-04 17:59:16,604] {taskinstance.py:839} INFO - Starting attempt 1 of 4
[2019-10-04 17:59:16,604] {taskinstance.py:840} INFO - 
--------------------------------------------------------------------------------
[2019-10-04 17:59:16,618] {taskinstance.py:859} INFO - Executing <Task(LoadDimFileDataOperator): Load_visa_types_dim_table> on 2019-10-04T22:58:02.565636+00:00
[2019-10-04 17:59:16,620] {base_task_runner.py:133} INFO - Running: ['airflow', 'run', 'capstone_project_dag', 'Load_visa_types_dim_table', '2019-10-04T22:58:02.565636+00:00', '--job_id', '886', '--pool', 'default_pool', '--raw', '-sd', 'DAGS_FOLDER/project_dag.py', '--cfg_path', '/var/folders/dr/9yvjlnm11xv25k2gknf2n3z00000gn/T/tmpmye_9drk']
[2019-10-04 17:59:19,084] {base_task_runner.py:115} INFO - Job 886: Subtask Load_visa_types_dim_table /usr/local/lib/python3.7/site-packages/airflow/configuration.py:627: DeprecationWarning: You have two airflow.cfg files: /Users/victorialemay/airflow/airflow.cfg and /Users/victorialemay/Courses/Udacity/Data Engineering Nanodegree/capstone/project-archive/airflow/airflow.cfg. Airflow used to look at ~/airflow/airflow.cfg, even when AIRFLOW_HOME was set to a different value. Airflow will now only read /Users/victorialemay/Courses/Udacity/Data Engineering Nanodegree/capstone/project-archive/airflow/airflow.cfg, and you should remove the other file
[2019-10-04 17:59:19,085] {base_task_runner.py:115} INFO - Job 886: Subtask Load_visa_types_dim_table   category=DeprecationWarning,
[2019-10-04 17:59:19,775] {base_task_runner.py:115} INFO - Job 886: Subtask Load_visa_types_dim_table [2019-10-04 17:59:19,774] {settings.py:213} INFO - settings.configure_orm(): Using pool settings. pool_size=5, max_overflow=10, pool_recycle=1800, pid=67254
[2019-10-04 17:59:20,983] {base_task_runner.py:115} INFO - Job 886: Subtask Load_visa_types_dim_table [2019-10-04 17:59:20,982] {__init__.py:51} INFO - Using executor LocalExecutor
[2019-10-04 17:59:23,593] {base_task_runner.py:115} INFO - Job 886: Subtask Load_visa_types_dim_table [2019-10-04 17:59:23,592] {dagbag.py:90} INFO - Filling up the DagBag from /Users/victorialemay/Courses/Udacity/Data Engineering Nanodegree/capstone/project-archive/airflow/dags/project_dag.py
[2019-10-04 17:59:23,707] {base_task_runner.py:115} INFO - Job 886: Subtask Load_visa_types_dim_table [2019-10-04 17:59:23,702] {cli.py:516} INFO - Running <TaskInstance: capstone_project_dag.Load_visa_types_dim_table 2019-10-04T22:58:02.565636+00:00 [running]> on host 1.0.0.0.0.0.0.0.0.0.0.0.0.0.0.0.0.0.0.0.0.0.0.0.0.0.0.0.0.0.0.0.ip6.arpa
[2019-10-04 17:59:23,774] {load_dim_file_data.py:35} INFO - Using data file visa_types.json from S3 bucket project-capstone
[2019-10-04 17:59:23,864] {logging_mixin.py:95} INFO - [[34m2019-10-04 17:59:23,864[0m] {[34mbase_hook.py:[0m84} INFO[0m - Using connection to: [1mid: redshift. Host: redshift-cluster-1.c4i0rfzboubh.us-west-2.redshift.amazonaws.com, Port: 5439, Schema: dev, Login: awsuser, Password: XXXXXXXX, extra: {}[0m[0m
[2019-10-04 17:59:24,615] {load_dim_file_data.py:46} INFO - Inserting into destination Redshift table visa_types
[2019-10-04 17:59:24,634] {logging_mixin.py:95} INFO - [[34m2019-10-04 17:59:24,633[0m] {[34mbase_hook.py:[0m84} INFO[0m - Using connection to: [1mid: redshift. Host: redshift-cluster-1.c4i0rfzboubh.us-west-2.redshift.amazonaws.com, Port: 5439, Schema: dev, Login: awsuser, Password: XXXXXXXX, extra: {}[0m[0m
[2019-10-04 17:59:25,198] {logging_mixin.py:95} INFO - [[34m2019-10-04 17:59:25,198[0m] {[34mdbapi_hook.py:[0m171} INFO[0m - 
        COPY visa_types 
        FROM 's3://project-capstone/visa_types.json'
        ACCESS_KEY_ID 'AKIASZIXFGD4JFXXFSEI'
        SECRET_ACCESS_KEY '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'
        JSON 'auto'
    [0m
[2019-10-04 17:59:26,181] {load_dim_file_data.py:61} INFO - Data copy complete
[2019-10-04 17:59:26,575] {logging_mixin.py:95} INFO - [[34m2019-10-04 17:59:26,575[0m] {[34mlocal_task_job.py:[0m172} [33mWARNING[0m - [33mState of this instance has been externally set to [1msuccess[0m. Taking the poison pill.[0m
[2019-10-04 17:59:26,587] {helpers.py:307} INFO - Sending Signals.SIGTERM to GPID 67254
[2019-10-04 17:59:26,609] {helpers.py:285} INFO - Process psutil.Process(pid=67254, status='terminated') (67254) terminated with exit code -15
[2019-10-04 17:59:26,610] {logging_mixin.py:95} INFO - [[34m2019-10-04 17:59:26,609[0m] {[34mlocal_task_job.py:[0m105} INFO[0m - Task exited with return code 0[0m
