[2019-10-04 14:26:34,761] {taskinstance.py:620} INFO - Dependencies all met for <TaskInstance: capstone_project_dag.Load_port_codes_final_table 2019-10-04T19:21:14.889889+00:00 [queued]>
[2019-10-04 14:26:34,790] {taskinstance.py:620} INFO - Dependencies all met for <TaskInstance: capstone_project_dag.Load_port_codes_final_table 2019-10-04T19:21:14.889889+00:00 [queued]>
[2019-10-04 14:26:34,790] {taskinstance.py:838} INFO - 
--------------------------------------------------------------------------------
[2019-10-04 14:26:34,790] {taskinstance.py:839} INFO - Starting attempt 2 of 4
[2019-10-04 14:26:34,790] {taskinstance.py:840} INFO - 
--------------------------------------------------------------------------------
[2019-10-04 14:26:34,802] {taskinstance.py:859} INFO - Executing <Task(LoadFinalTableOperator): Load_port_codes_final_table> on 2019-10-04T19:21:14.889889+00:00
[2019-10-04 14:26:34,803] {base_task_runner.py:133} INFO - Running: ['airflow', 'run', 'capstone_project_dag', 'Load_port_codes_final_table', '2019-10-04T19:21:14.889889+00:00', '--job_id', '733', '--pool', 'default_pool', '--raw', '-sd', 'DAGS_FOLDER/project_dag.py', '--cfg_path', '/var/folders/dr/9yvjlnm11xv25k2gknf2n3z00000gn/T/tmpi61_uk9q']
[2019-10-04 14:26:36,140] {base_task_runner.py:115} INFO - Job 733: Subtask Load_port_codes_final_table /usr/local/lib/python3.7/site-packages/airflow/configuration.py:627: DeprecationWarning: You have two airflow.cfg files: /Users/victorialemay/airflow/airflow.cfg and /Users/victorialemay/Courses/Udacity/Data Engineering Nanodegree/capstone/project-archive/airflow/airflow.cfg. Airflow used to look at ~/airflow/airflow.cfg, even when AIRFLOW_HOME was set to a different value. Airflow will now only read /Users/victorialemay/Courses/Udacity/Data Engineering Nanodegree/capstone/project-archive/airflow/airflow.cfg, and you should remove the other file
[2019-10-04 14:26:36,140] {base_task_runner.py:115} INFO - Job 733: Subtask Load_port_codes_final_table   category=DeprecationWarning,
[2019-10-04 14:26:36,406] {base_task_runner.py:115} INFO - Job 733: Subtask Load_port_codes_final_table [2019-10-04 14:26:36,406] {settings.py:213} INFO - settings.configure_orm(): Using pool settings. pool_size=5, max_overflow=10, pool_recycle=1800, pid=7248
[2019-10-04 14:26:36,721] {base_task_runner.py:115} INFO - Job 733: Subtask Load_port_codes_final_table [2019-10-04 14:26:36,720] {__init__.py:51} INFO - Using executor LocalExecutor
[2019-10-04 14:26:37,182] {base_task_runner.py:115} INFO - Job 733: Subtask Load_port_codes_final_table [2019-10-04 14:26:37,181] {dagbag.py:90} INFO - Filling up the DagBag from /Users/victorialemay/Courses/Udacity/Data Engineering Nanodegree/capstone/project-archive/airflow/dags/project_dag.py
[2019-10-04 14:26:37,238] {base_task_runner.py:115} INFO - Job 733: Subtask Load_port_codes_final_table [2019-10-04 14:26:37,237] {cli.py:516} INFO - Running <TaskInstance: capstone_project_dag.Load_port_codes_final_table 2019-10-04T19:21:14.889889+00:00 [running]> on host 1.0.0.0.0.0.0.0.0.0.0.0.0.0.0.0.0.0.0.0.0.0.0.0.0.0.0.0.0.0.0.0.ip6.arpa
[2019-10-04 14:26:37,276] {load_final_table.py:24} INFO - Loading data into port_codes table
[2019-10-04 14:26:37,277] {load_final_table.py:34} INFO - Using columns: city, state_id, i94_port_code
[2019-10-04 14:26:37,312] {logging_mixin.py:95} INFO - [[34m2019-10-04 14:26:37,310[0m] {[34mbase_hook.py:[0m84} INFO[0m - Using connection to: [1mid: redshift. Host: redshift-cluster-1.c4i0rfzboubh.us-west-2.redshift.amazonaws.com, Port: 5439, Schema: dev, Login: awsuser, Password: XXXXXXXX, extra: {}[0m[0m
[2019-10-04 14:26:37,953] {logging_mixin.py:95} INFO - [[34m2019-10-04 14:26:37,952[0m] {[34mdbapi_hook.py:[0m171} INFO[0m - INSERT INTO port_codes (city, state_id, i94_port_code) 
            SELECT
                port_code_staging.name,
                us_states.id,
                port_code_staging.i94_port_code
            FROM
                port_code_staging
            LEFT JOIN
                us_states ON port_code_staging.state_code = us_states.state_code
        [0m
[2019-10-04 14:26:38,228] {taskinstance.py:1051} ERROR - Value too long for character type
DETAIL:  
  -----------------------------------------------
  error:  Value too long for character type
  code:      8001
  context:   Value too long for type character varying(3)
  query:     1771
  location:  funcs_string.hpp:138
  process:   query1_119_1771 [pid=23487]
  -----------------------------------------------

Traceback (most recent call last):
  File "/usr/local/lib/python3.7/site-packages/airflow/models/taskinstance.py", line 926, in _run_raw_task
    result = task_copy.execute(context=context)
  File "/Users/victorialemay/Courses/Udacity/Data Engineering Nanodegree/capstone/project-archive/airflow/plugins/operators/load_final_table.py", line 36, in execute
    redshift_hook.run("INSERT INTO {} {} {}".format(self.table, columns, self.select_sql))
  File "/usr/local/lib/python3.7/site-packages/airflow/hooks/dbapi_hook.py", line 172, in run
    cur.execute(s)
psycopg2.errors.InternalError_: Value too long for character type
DETAIL:  
  -----------------------------------------------
  error:  Value too long for character type
  code:      8001
  context:   Value too long for type character varying(3)
  query:     1771
  location:  funcs_string.hpp:138
  process:   query1_119_1771 [pid=23487]
  -----------------------------------------------


[2019-10-04 14:26:38,231] {taskinstance.py:1074} INFO - Marking task as UP_FOR_RETRY
[2019-10-04 14:26:38,257] {base_task_runner.py:115} INFO - Job 733: Subtask Load_port_codes_final_table Traceback (most recent call last):
[2019-10-04 14:26:38,257] {base_task_runner.py:115} INFO - Job 733: Subtask Load_port_codes_final_table   File "/usr/local/bin/airflow", line 32, in <module>
[2019-10-04 14:26:38,257] {base_task_runner.py:115} INFO - Job 733: Subtask Load_port_codes_final_table     args.func(args)
[2019-10-04 14:26:38,257] {base_task_runner.py:115} INFO - Job 733: Subtask Load_port_codes_final_table   File "/usr/local/lib/python3.7/site-packages/airflow/utils/cli.py", line 74, in wrapper
[2019-10-04 14:26:38,257] {base_task_runner.py:115} INFO - Job 733: Subtask Load_port_codes_final_table     return f(*args, **kwargs)
[2019-10-04 14:26:38,257] {base_task_runner.py:115} INFO - Job 733: Subtask Load_port_codes_final_table   File "/usr/local/lib/python3.7/site-packages/airflow/bin/cli.py", line 522, in run
[2019-10-04 14:26:38,257] {base_task_runner.py:115} INFO - Job 733: Subtask Load_port_codes_final_table     _run(args, dag, ti)
[2019-10-04 14:26:38,257] {base_task_runner.py:115} INFO - Job 733: Subtask Load_port_codes_final_table   File "/usr/local/lib/python3.7/site-packages/airflow/bin/cli.py", line 440, in _run
[2019-10-04 14:26:38,257] {base_task_runner.py:115} INFO - Job 733: Subtask Load_port_codes_final_table     pool=args.pool,
[2019-10-04 14:26:38,257] {base_task_runner.py:115} INFO - Job 733: Subtask Load_port_codes_final_table   File "/usr/local/lib/python3.7/site-packages/airflow/utils/db.py", line 74, in wrapper
[2019-10-04 14:26:38,258] {base_task_runner.py:115} INFO - Job 733: Subtask Load_port_codes_final_table     return func(*args, **kwargs)
[2019-10-04 14:26:38,258] {base_task_runner.py:115} INFO - Job 733: Subtask Load_port_codes_final_table   File "/usr/local/lib/python3.7/site-packages/airflow/models/taskinstance.py", line 926, in _run_raw_task
[2019-10-04 14:26:38,258] {base_task_runner.py:115} INFO - Job 733: Subtask Load_port_codes_final_table     result = task_copy.execute(context=context)
[2019-10-04 14:26:38,258] {base_task_runner.py:115} INFO - Job 733: Subtask Load_port_codes_final_table   File "/Users/victorialemay/Courses/Udacity/Data Engineering Nanodegree/capstone/project-archive/airflow/plugins/operators/load_final_table.py", line 36, in execute
[2019-10-04 14:26:38,258] {base_task_runner.py:115} INFO - Job 733: Subtask Load_port_codes_final_table     redshift_hook.run("INSERT INTO {} {} {}".format(self.table, columns, self.select_sql))
[2019-10-04 14:26:38,258] {base_task_runner.py:115} INFO - Job 733: Subtask Load_port_codes_final_table   File "/usr/local/lib/python3.7/site-packages/airflow/hooks/dbapi_hook.py", line 172, in run
[2019-10-04 14:26:38,258] {base_task_runner.py:115} INFO - Job 733: Subtask Load_port_codes_final_table     cur.execute(s)
[2019-10-04 14:26:38,258] {base_task_runner.py:115} INFO - Job 733: Subtask Load_port_codes_final_table psycopg2.errors.InternalError_: Value too long for character type
[2019-10-04 14:26:38,258] {base_task_runner.py:115} INFO - Job 733: Subtask Load_port_codes_final_table DETAIL:  
[2019-10-04 14:26:38,258] {base_task_runner.py:115} INFO - Job 733: Subtask Load_port_codes_final_table   -----------------------------------------------
[2019-10-04 14:26:38,258] {base_task_runner.py:115} INFO - Job 733: Subtask Load_port_codes_final_table   error:  Value too long for character type
[2019-10-04 14:26:38,259] {base_task_runner.py:115} INFO - Job 733: Subtask Load_port_codes_final_table   code:      8001
[2019-10-04 14:26:38,259] {base_task_runner.py:115} INFO - Job 733: Subtask Load_port_codes_final_table   context:   Value too long for type character varying(3)
[2019-10-04 14:26:38,259] {base_task_runner.py:115} INFO - Job 733: Subtask Load_port_codes_final_table   query:     1771
[2019-10-04 14:26:38,259] {base_task_runner.py:115} INFO - Job 733: Subtask Load_port_codes_final_table   location:  funcs_string.hpp:138
[2019-10-04 14:26:38,259] {base_task_runner.py:115} INFO - Job 733: Subtask Load_port_codes_final_table   process:   query1_119_1771 [pid=23487]
[2019-10-04 14:26:38,259] {base_task_runner.py:115} INFO - Job 733: Subtask Load_port_codes_final_table   -----------------------------------------------
[2019-10-04 14:26:38,259] {base_task_runner.py:115} INFO - Job 733: Subtask Load_port_codes_final_table 
[2019-10-04 14:26:38,259] {base_task_runner.py:115} INFO - Job 733: Subtask Load_port_codes_final_table 
[2019-10-04 14:26:39,724] {logging_mixin.py:95} INFO - [[34m2019-10-04 14:26:39,723[0m] {[34mlocal_task_job.py:[0m105} INFO[0m - Task exited with return code 1[0m
