[2019-10-04 18:25:45,191] {taskinstance.py:620} INFO - Dependencies all met for <TaskInstance: capstone_project_dag.Stage_sas_data_parquet_files 2019-10-04T23:25:27.701945+00:00 [queued]>
[2019-10-04 18:25:45,248] {taskinstance.py:620} INFO - Dependencies all met for <TaskInstance: capstone_project_dag.Stage_sas_data_parquet_files 2019-10-04T23:25:27.701945+00:00 [queued]>
[2019-10-04 18:25:45,248] {taskinstance.py:838} INFO - 
--------------------------------------------------------------------------------
[2019-10-04 18:25:45,248] {taskinstance.py:839} INFO - Starting attempt 1 of 4
[2019-10-04 18:25:45,250] {taskinstance.py:840} INFO - 
--------------------------------------------------------------------------------
[2019-10-04 18:25:45,310] {taskinstance.py:859} INFO - Executing <Task(LoadLocalFilesToS3Operator): Stage_sas_data_parquet_files> on 2019-10-04T23:25:27.701945+00:00
[2019-10-04 18:25:45,310] {base_task_runner.py:133} INFO - Running: ['airflow', 'run', 'capstone_project_dag', 'Stage_sas_data_parquet_files', '2019-10-04T23:25:27.701945+00:00', '--job_id', '916', '--pool', 'default_pool', '--raw', '-sd', 'DAGS_FOLDER/project_dag.py', '--cfg_path', '/var/folders/dr/9yvjlnm11xv25k2gknf2n3z00000gn/T/tmp0b24swpb']
[2019-10-04 18:25:46,089] {base_task_runner.py:115} INFO - Job 916: Subtask Stage_sas_data_parquet_files /usr/local/lib/python3.7/site-packages/airflow/configuration.py:627: DeprecationWarning: You have two airflow.cfg files: /Users/victorialemay/airflow/airflow.cfg and /Users/victorialemay/Courses/Udacity/Data Engineering Nanodegree/capstone/project-archive/airflow/airflow.cfg. Airflow used to look at ~/airflow/airflow.cfg, even when AIRFLOW_HOME was set to a different value. Airflow will now only read /Users/victorialemay/Courses/Udacity/Data Engineering Nanodegree/capstone/project-archive/airflow/airflow.cfg, and you should remove the other file
[2019-10-04 18:25:46,089] {base_task_runner.py:115} INFO - Job 916: Subtask Stage_sas_data_parquet_files   category=DeprecationWarning,
[2019-10-04 18:25:46,318] {base_task_runner.py:115} INFO - Job 916: Subtask Stage_sas_data_parquet_files [2019-10-04 18:25:46,318] {settings.py:213} INFO - settings.configure_orm(): Using pool settings. pool_size=5, max_overflow=10, pool_recycle=1800, pid=75063
[2019-10-04 18:25:46,643] {base_task_runner.py:115} INFO - Job 916: Subtask Stage_sas_data_parquet_files [2019-10-04 18:25:46,642] {__init__.py:51} INFO - Using executor LocalExecutor
[2019-10-04 18:25:47,327] {base_task_runner.py:115} INFO - Job 916: Subtask Stage_sas_data_parquet_files [2019-10-04 18:25:47,326] {dagbag.py:90} INFO - Filling up the DagBag from /Users/victorialemay/Courses/Udacity/Data Engineering Nanodegree/capstone/project-archive/airflow/dags/project_dag.py
[2019-10-04 18:25:47,395] {base_task_runner.py:115} INFO - Job 916: Subtask Stage_sas_data_parquet_files [2019-10-04 18:25:47,394] {cli.py:516} INFO - Running <TaskInstance: capstone_project_dag.Stage_sas_data_parquet_files 2019-10-04T23:25:27.701945+00:00 [running]> on host 1.0.0.0.0.0.0.0.0.0.0.0.0.0.0.0.0.0.0.0.0.0.0.0.0.0.0.0.0.0.0.0.ip6.arpa
[2019-10-04 18:25:48,454] {load_files_to_s3.py:49} INFO - Loading to S3 bucket project-capstone-parquet
[2019-10-04 18:25:48,455] {load_files_to_s3.py:50} INFO - Checking /Users/victorialemay/Courses/Udacity/Data Engineering Nanodegree/capstone/project-archive/airflow/data/sas_data directory for files
[2019-10-04 18:25:48,456] {load_files_to_s3.py:55} INFO - Found file /Users/victorialemay/Courses/Udacity/Data Engineering Nanodegree/capstone/project-archive/airflow/data/sas_data/part-00003-b9542815-7a8d-45fc-9c67-c9c5007ad0d4-c000.snappy.parquet
[2019-10-04 18:25:48,456] {load_files_to_s3.py:58} INFO -   Using S3 key part-00003-b9542815-7a8d-45fc-9c67-c9c5007ad0d4-c000.snappy.parquet
[2019-10-04 18:25:49,729] {load_files_to_s3.py:65} INFO -   File already exists in bucket
[2019-10-04 18:25:49,729] {load_files_to_s3.py:55} INFO - Found file /Users/victorialemay/Courses/Udacity/Data Engineering Nanodegree/capstone/project-archive/airflow/data/sas_data/part-00008-b9542815-7a8d-45fc-9c67-c9c5007ad0d4-c000.snappy.parquet
[2019-10-04 18:25:49,729] {load_files_to_s3.py:58} INFO -   Using S3 key part-00008-b9542815-7a8d-45fc-9c67-c9c5007ad0d4-c000.snappy.parquet
[2019-10-04 18:25:50,943] {load_files_to_s3.py:65} INFO -   File already exists in bucket
[2019-10-04 18:25:50,944] {load_files_to_s3.py:55} INFO - Found file /Users/victorialemay/Courses/Udacity/Data Engineering Nanodegree/capstone/project-archive/airflow/data/sas_data/part-00004-b9542815-7a8d-45fc-9c67-c9c5007ad0d4-c000.snappy.parquet
[2019-10-04 18:25:50,944] {load_files_to_s3.py:58} INFO -   Using S3 key part-00004-b9542815-7a8d-45fc-9c67-c9c5007ad0d4-c000.snappy.parquet
[2019-10-04 18:25:52,143] {load_files_to_s3.py:65} INFO -   File already exists in bucket
[2019-10-04 18:25:52,143] {load_files_to_s3.py:55} INFO - Found file /Users/victorialemay/Courses/Udacity/Data Engineering Nanodegree/capstone/project-archive/airflow/data/sas_data/part-00013-b9542815-7a8d-45fc-9c67-c9c5007ad0d4-c000.snappy.parquet
[2019-10-04 18:25:52,143] {load_files_to_s3.py:58} INFO -   Using S3 key part-00013-b9542815-7a8d-45fc-9c67-c9c5007ad0d4-c000.snappy.parquet
[2019-10-04 18:25:53,499] {load_files_to_s3.py:65} INFO -   File already exists in bucket
[2019-10-04 18:25:53,499] {load_files_to_s3.py:55} INFO - Found file /Users/victorialemay/Courses/Udacity/Data Engineering Nanodegree/capstone/project-archive/airflow/data/sas_data/part-00005-b9542815-7a8d-45fc-9c67-c9c5007ad0d4-c000.snappy.parquet
[2019-10-04 18:25:53,499] {load_files_to_s3.py:58} INFO -   Using S3 key part-00005-b9542815-7a8d-45fc-9c67-c9c5007ad0d4-c000.snappy.parquet
[2019-10-04 18:25:54,709] {load_files_to_s3.py:65} INFO -   File already exists in bucket
[2019-10-04 18:25:54,709] {load_files_to_s3.py:55} INFO - Found file /Users/victorialemay/Courses/Udacity/Data Engineering Nanodegree/capstone/project-archive/airflow/data/sas_data/part-00012-b9542815-7a8d-45fc-9c67-c9c5007ad0d4-c000.snappy.parquet
[2019-10-04 18:25:54,709] {load_files_to_s3.py:58} INFO -   Using S3 key part-00012-b9542815-7a8d-45fc-9c67-c9c5007ad0d4-c000.snappy.parquet
[2019-10-04 18:25:55,922] {load_files_to_s3.py:65} INFO -   File already exists in bucket
[2019-10-04 18:25:55,922] {load_files_to_s3.py:55} INFO - Found file /Users/victorialemay/Courses/Udacity/Data Engineering Nanodegree/capstone/project-archive/airflow/data/sas_data/part-00002-b9542815-7a8d-45fc-9c67-c9c5007ad0d4-c000.snappy.parquet
[2019-10-04 18:25:55,922] {load_files_to_s3.py:58} INFO -   Using S3 key part-00002-b9542815-7a8d-45fc-9c67-c9c5007ad0d4-c000.snappy.parquet
[2019-10-04 18:25:57,125] {load_files_to_s3.py:65} INFO -   File already exists in bucket
[2019-10-04 18:25:57,125] {load_files_to_s3.py:55} INFO - Found file /Users/victorialemay/Courses/Udacity/Data Engineering Nanodegree/capstone/project-archive/airflow/data/sas_data/part-00009-b9542815-7a8d-45fc-9c67-c9c5007ad0d4-c000.snappy.parquet
[2019-10-04 18:25:57,125] {load_files_to_s3.py:58} INFO -   Using S3 key part-00009-b9542815-7a8d-45fc-9c67-c9c5007ad0d4-c000.snappy.parquet
[2019-10-04 18:25:58,359] {load_files_to_s3.py:65} INFO -   File already exists in bucket
[2019-10-04 18:25:58,360] {load_files_to_s3.py:55} INFO - Found file /Users/victorialemay/Courses/Udacity/Data Engineering Nanodegree/capstone/project-archive/airflow/data/sas_data/part-00007-b9542815-7a8d-45fc-9c67-c9c5007ad0d4-c000.snappy.parquet
[2019-10-04 18:25:58,360] {load_files_to_s3.py:58} INFO -   Using S3 key part-00007-b9542815-7a8d-45fc-9c67-c9c5007ad0d4-c000.snappy.parquet
[2019-10-04 18:25:59,589] {load_files_to_s3.py:65} INFO -   File already exists in bucket
[2019-10-04 18:25:59,590] {load_files_to_s3.py:55} INFO - Found file /Users/victorialemay/Courses/Udacity/Data Engineering Nanodegree/capstone/project-archive/airflow/data/sas_data/part-00010-b9542815-7a8d-45fc-9c67-c9c5007ad0d4-c000.snappy.parquet
[2019-10-04 18:25:59,590] {load_files_to_s3.py:58} INFO -   Using S3 key part-00010-b9542815-7a8d-45fc-9c67-c9c5007ad0d4-c000.snappy.parquet
[2019-10-04 18:26:00,795] {load_files_to_s3.py:65} INFO -   File already exists in bucket
[2019-10-04 18:26:00,796] {load_files_to_s3.py:55} INFO - Found file /Users/victorialemay/Courses/Udacity/Data Engineering Nanodegree/capstone/project-archive/airflow/data/sas_data/SUCCESS.crc
[2019-10-04 18:26:00,796] {load_files_to_s3.py:58} INFO -   Using S3 key SUCCESS.crc
[2019-10-04 18:26:02,000] {load_files_to_s3.py:65} INFO -   File already exists in bucket
[2019-10-04 18:26:02,000] {load_files_to_s3.py:55} INFO - Found file /Users/victorialemay/Courses/Udacity/Data Engineering Nanodegree/capstone/project-archive/airflow/data/sas_data/part-00000-b9542815-7a8d-45fc-9c67-c9c5007ad0d4-c000.snappy.parquet
[2019-10-04 18:26:02,000] {load_files_to_s3.py:58} INFO -   Using S3 key part-00000-b9542815-7a8d-45fc-9c67-c9c5007ad0d4-c000.snappy.parquet
[2019-10-04 18:26:03,177] {load_files_to_s3.py:65} INFO -   File already exists in bucket
[2019-10-04 18:26:03,179] {load_files_to_s3.py:55} INFO - Found file /Users/victorialemay/Courses/Udacity/Data Engineering Nanodegree/capstone/project-archive/airflow/data/sas_data/part-00001-b9542815-7a8d-45fc-9c67-c9c5007ad0d4-c000.snappy.parquet
[2019-10-04 18:26:03,179] {load_files_to_s3.py:58} INFO -   Using S3 key part-00001-b9542815-7a8d-45fc-9c67-c9c5007ad0d4-c000.snappy.parquet
[2019-10-04 18:26:04,487] {load_files_to_s3.py:65} INFO -   File already exists in bucket
[2019-10-04 18:26:04,488] {load_files_to_s3.py:55} INFO - Found file /Users/victorialemay/Courses/Udacity/Data Engineering Nanodegree/capstone/project-archive/airflow/data/sas_data/_SUCCESS
[2019-10-04 18:26:04,488] {load_files_to_s3.py:58} INFO -   Using S3 key _SUCCESS
[2019-10-04 18:26:05,696] {load_files_to_s3.py:65} INFO -   File already exists in bucket
[2019-10-04 18:26:05,696] {load_files_to_s3.py:55} INFO - Found file /Users/victorialemay/Courses/Udacity/Data Engineering Nanodegree/capstone/project-archive/airflow/data/sas_data/part-00006-b9542815-7a8d-45fc-9c67-c9c5007ad0d4-c000.snappy.parquet
[2019-10-04 18:26:05,696] {load_files_to_s3.py:58} INFO -   Using S3 key part-00006-b9542815-7a8d-45fc-9c67-c9c5007ad0d4-c000.snappy.parquet
[2019-10-04 18:26:07,025] {load_files_to_s3.py:65} INFO -   File already exists in bucket
[2019-10-04 18:26:07,025] {load_files_to_s3.py:55} INFO - Found file /Users/victorialemay/Courses/Udacity/Data Engineering Nanodegree/capstone/project-archive/airflow/data/sas_data/part-00011-b9542815-7a8d-45fc-9c67-c9c5007ad0d4-c000.snappy.parquet
[2019-10-04 18:26:07,025] {load_files_to_s3.py:58} INFO -   Using S3 key part-00011-b9542815-7a8d-45fc-9c67-c9c5007ad0d4-c000.snappy.parquet
[2019-10-04 18:26:08,209] {load_files_to_s3.py:65} INFO -   File already exists in bucket
[2019-10-04 18:26:08,209] {load_files_to_s3.py:67} INFO - S3 file load complete!
[2019-10-04 18:26:10,199] {logging_mixin.py:95} INFO - [[34m2019-10-04 18:26:10,198[0m] {[34mlocal_task_job.py:[0m105} INFO[0m - Task exited with return code 0[0m
