[2019-10-04 13:07:00,974] {taskinstance.py:620} INFO - Dependencies all met for <TaskInstance: capstone_project_dag.Load_visa_types_dim_table 2019-10-04T18:06:03.624069+00:00 [queued]>
[2019-10-04 13:07:01,043] {taskinstance.py:620} INFO - Dependencies all met for <TaskInstance: capstone_project_dag.Load_visa_types_dim_table 2019-10-04T18:06:03.624069+00:00 [queued]>
[2019-10-04 13:07:01,043] {taskinstance.py:838} INFO - 
--------------------------------------------------------------------------------
[2019-10-04 13:07:01,043] {taskinstance.py:839} INFO - Starting attempt 1 of 4
[2019-10-04 13:07:01,043] {taskinstance.py:840} INFO - 
--------------------------------------------------------------------------------
[2019-10-04 13:07:01,103] {taskinstance.py:859} INFO - Executing <Task(LoadDimFileData): Load_visa_types_dim_table> on 2019-10-04T18:06:03.624069+00:00
[2019-10-04 13:07:01,103] {base_task_runner.py:133} INFO - Running: ['airflow', 'run', 'capstone_project_dag', 'Load_visa_types_dim_table', '2019-10-04T18:06:03.624069+00:00', '--job_id', '622', '--pool', 'default_pool', '--raw', '-sd', 'DAGS_FOLDER/project_dag.py', '--cfg_path', '/var/folders/dr/9yvjlnm11xv25k2gknf2n3z00000gn/T/tmpqaawh5uh']
[2019-10-04 13:07:03,455] {base_task_runner.py:115} INFO - Job 622: Subtask Load_visa_types_dim_table /usr/local/lib/python3.7/site-packages/airflow/configuration.py:627: DeprecationWarning: You have two airflow.cfg files: /Users/victorialemay/airflow/airflow.cfg and /Users/victorialemay/Courses/Udacity/Data Engineering Nanodegree/capstone/project-archive/airflow/airflow.cfg. Airflow used to look at ~/airflow/airflow.cfg, even when AIRFLOW_HOME was set to a different value. Airflow will now only read /Users/victorialemay/Courses/Udacity/Data Engineering Nanodegree/capstone/project-archive/airflow/airflow.cfg, and you should remove the other file
[2019-10-04 13:07:03,456] {base_task_runner.py:115} INFO - Job 622: Subtask Load_visa_types_dim_table   category=DeprecationWarning,
[2019-10-04 13:07:03,857] {base_task_runner.py:115} INFO - Job 622: Subtask Load_visa_types_dim_table [2019-10-04 13:07:03,857] {settings.py:213} INFO - settings.configure_orm(): Using pool settings. pool_size=5, max_overflow=10, pool_recycle=1800, pid=84692
[2019-10-04 13:07:04,769] {base_task_runner.py:115} INFO - Job 622: Subtask Load_visa_types_dim_table [2019-10-04 13:07:04,768] {__init__.py:51} INFO - Using executor LocalExecutor
[2019-10-04 13:07:06,494] {base_task_runner.py:115} INFO - Job 622: Subtask Load_visa_types_dim_table [2019-10-04 13:07:06,493] {dagbag.py:90} INFO - Filling up the DagBag from /Users/victorialemay/Courses/Udacity/Data Engineering Nanodegree/capstone/project-archive/airflow/dags/project_dag.py
[2019-10-04 13:07:06,582] {base_task_runner.py:115} INFO - Job 622: Subtask Load_visa_types_dim_table [2019-10-04 13:07:06,582] {cli.py:516} INFO - Running <TaskInstance: capstone_project_dag.Load_visa_types_dim_table 2019-10-04T18:06:03.624069+00:00 [running]> on host 1.0.0.0.0.0.0.0.0.0.0.0.0.0.0.0.0.0.0.0.0.0.0.0.0.0.0.0.0.0.0.0.ip6.arpa
[2019-10-04 13:07:06,641] {load_dim_file_data.py:35} INFO - Using data file visa_types.json from S3 bucket project-capstone
[2019-10-04 13:07:06,724] {logging_mixin.py:95} INFO - [[34m2019-10-04 13:07:06,724[0m] {[34mbase_hook.py:[0m84} INFO[0m - Using connection to: [1mid: redshift. Host: redshift-cluster-1.c4i0rfzboubh.us-west-2.redshift.amazonaws.com, Port: 5439, Schema: dev, Login: awsuser, Password: XXXXXXXX, extra: {}[0m[0m
[2019-10-04 13:07:07,457] {load_dim_file_data.py:58} INFO - Found 3 records in visa_types
[2019-10-04 13:07:07,457] {load_dim_file_data.py:59} INFO - visa_types table data is already set
[2019-10-04 13:07:07,457] {load_dim_file_data.py:61} INFO - Data copy complete
[2019-10-04 13:07:10,933] {logging_mixin.py:95} INFO - [[34m2019-10-04 13:07:10,933[0m] {[34mlocal_task_job.py:[0m105} INFO[0m - Task exited with return code 0[0m
