[2019-10-04 11:01:11,847] {taskinstance.py:620} INFO - Dependencies all met for <TaskInstance: capstone_project_dag.create_final_database_tables 2019-10-04T16:00:28.512451+00:00 [queued]>
[2019-10-04 11:01:11,860] {taskinstance.py:620} INFO - Dependencies all met for <TaskInstance: capstone_project_dag.create_final_database_tables 2019-10-04T16:00:28.512451+00:00 [queued]>
[2019-10-04 11:01:11,861] {taskinstance.py:838} INFO - 
--------------------------------------------------------------------------------
[2019-10-04 11:01:11,861] {taskinstance.py:839} INFO - Starting attempt 1 of 4
[2019-10-04 11:01:11,861] {taskinstance.py:840} INFO - 
--------------------------------------------------------------------------------
[2019-10-04 11:01:11,889] {taskinstance.py:859} INFO - Executing <Task(PostgresOperator): create_final_database_tables> on 2019-10-04T16:00:28.512451+00:00
[2019-10-04 11:01:11,889] {base_task_runner.py:133} INFO - Running: ['airflow', 'run', 'capstone_project_dag', 'create_final_database_tables', '2019-10-04T16:00:28.512451+00:00', '--job_id', '412', '--pool', 'default_pool', '--raw', '-sd', 'DAGS_FOLDER/project_dag.py', '--cfg_path', '/var/folders/dr/9yvjlnm11xv25k2gknf2n3z00000gn/T/tmpi06be51s']
[2019-10-04 11:01:12,567] {base_task_runner.py:115} INFO - Job 412: Subtask create_final_database_tables /usr/local/lib/python3.7/site-packages/airflow/configuration.py:627: DeprecationWarning: You have two airflow.cfg files: /Users/victorialemay/airflow/airflow.cfg and /Users/victorialemay/Courses/Udacity/Data Engineering Nanodegree/capstone/project-archive/airflow/airflow.cfg. Airflow used to look at ~/airflow/airflow.cfg, even when AIRFLOW_HOME was set to a different value. Airflow will now only read /Users/victorialemay/Courses/Udacity/Data Engineering Nanodegree/capstone/project-archive/airflow/airflow.cfg, and you should remove the other file
[2019-10-04 11:01:12,568] {base_task_runner.py:115} INFO - Job 412: Subtask create_final_database_tables   category=DeprecationWarning,
[2019-10-04 11:01:12,695] {base_task_runner.py:115} INFO - Job 412: Subtask create_final_database_tables [2019-10-04 11:01:12,694] {settings.py:213} INFO - settings.configure_orm(): Using pool settings. pool_size=5, max_overflow=10, pool_recycle=1800, pid=45232
[2019-10-04 11:01:13,035] {base_task_runner.py:115} INFO - Job 412: Subtask create_final_database_tables [2019-10-04 11:01:13,034] {__init__.py:51} INFO - Using executor LocalExecutor
[2019-10-04 11:01:13,475] {base_task_runner.py:115} INFO - Job 412: Subtask create_final_database_tables [2019-10-04 11:01:13,475] {dagbag.py:90} INFO - Filling up the DagBag from /Users/victorialemay/Courses/Udacity/Data Engineering Nanodegree/capstone/project-archive/airflow/dags/project_dag.py
[2019-10-04 11:01:13,529] {base_task_runner.py:115} INFO - Job 412: Subtask create_final_database_tables [2019-10-04 11:01:13,528] {cli.py:516} INFO - Running <TaskInstance: capstone_project_dag.create_final_database_tables 2019-10-04T16:00:28.512451+00:00 [running]> on host 1.0.0.0.0.0.0.0.0.0.0.0.0.0.0.0.0.0.0.0.0.0.0.0.0.0.0.0.0.0.0.0.ip6.arpa
[2019-10-04 11:01:13,575] {postgres_operator.py:62} INFO - Executing: CREATE TABLE IF NOT EXISTS public.i94_immigration (
    id SERIAL,
    year int4,
    month int4,
    dest_country_code_id int4,
    res_country_code_id int4,
    port_id int4,
    travel_mode_id int4,
    state_code_id int4,
    arrival_date timestamp NOT NULL,
    departure_date timestamp NOT NULL,
    respondent_age int4,
    visa_type_code_id int4,
    visa_post_code_id int4,
    occupation varchar(256),
    birth_year int4,
    admitted_until_date timestamp NOT NULL,
    gender char(1),
    visa_type varchar(12),
    CONSTRAINT i94_immigration_pkey PRIMARY KEY (id)
);

CREATE TABLE IF NOT EXISTS public.country_codes (
    id SERIAL,
    name varchar(256),
    i94_code varchar(256),
    CONSTRAINT country_codes_pkey PRIMARY KEY (id)
);

CREATE TABLE IF NOT EXISTS public.travel_modes (
    id SERIAL,
    name varchar(256),
    travel_mode_code varchar(256),
    CONSTRAINT travel_modes_pkey PRIMARY KEY (id)
);

CREATE TABLE IF NOT EXISTS public.port_codes (
    id SERIAL,
    city varchar(256),
    state_id int4,
    i94_port_code varchar(3),
    CONSTRAINT city_state_codes_pkey PRIMARY KEY (id)
);

CREATE TABLE IF NOT EXISTS public.us_states (
    id SERIAL,
    name varchar(256),
    state_code varchar(2),
    CONSTRAINT us_states_pkey PRIMARY KEY (id)
);

CREATE TABLE IF NOT EXISTS public.visa_types (
    id SERIAL,
    name varchar(256),
    visa_type_code varchar(256),
    CONSTRAINT visa_types_pkey PRIMARY KEY (id)
);

CREATE TABLE IF NOT EXISTS public.land_temperatures (
    id SERIAL,
    date timestamp NOT NULL,
    avg_temp numeric(20,16),
    avg_temp_uncertainty numeric(20,16),
    city varchar(256),
    country_code_id int4,
    latitude varchar(12),
    longitude varchar(12),
    CONSTRAINT land_temperatures_pkey PRIMARY KEY (id)
);

CREATE TABLE IF NOT EXISTS public.us_city_demographics (
    id SERIAL,
    port_code_id int4,
    median_age numeric(5,2),
    male_pop int4,
    female_pop int4,
    total_pop int4,
    num_vets int4,
    foreign_pop int4,
    avg_household_size numeric(3,1),
    race varchar(256),
    race_pop int4,
    CONSTRAINT us_city_demographics_pkey PRIMARY KEY (id)
);
[2019-10-04 11:01:13,592] {logging_mixin.py:95} INFO - [[34m2019-10-04 11:01:13,591[0m] {[34mbase_hook.py:[0m84} INFO[0m - Using connection to: [1mid: redshift. Host: redshift-cluster-1.c4i0rfzboubh.us-west-2.redshift.amazonaws.com, Port: 5439, Schema: dev, Login: awsuser, Password: XXXXXXXX, extra: {}[0m[0m
[2019-10-04 11:01:14,224] {logging_mixin.py:95} INFO - [[34m2019-10-04 11:01:14,223[0m] {[34mdbapi_hook.py:[0m171} INFO[0m - CREATE TABLE IF NOT EXISTS public.i94_immigration (
    id SERIAL,
    year int4,
    month int4,
    dest_country_code_id int4,
    res_country_code_id int4,
    port_id int4,
    travel_mode_id int4,
    state_code_id int4,
    arrival_date timestamp NOT NULL,
    departure_date timestamp NOT NULL,
    respondent_age int4,
    visa_type_code_id int4,
    visa_post_code_id int4,
    occupation varchar(256),
    birth_year int4,
    admitted_until_date timestamp NOT NULL,
    gender char(1),
    visa_type varchar(12),
    CONSTRAINT i94_immigration_pkey PRIMARY KEY (id)
);

CREATE TABLE IF NOT EXISTS public.country_codes (
    id SERIAL,
    name varchar(256),
    i94_code varchar(256),
    CONSTRAINT country_codes_pkey PRIMARY KEY (id)
);

CREATE TABLE IF NOT EXISTS public.travel_modes (
    id SERIAL,
    name varchar(256),
    travel_mode_code varchar(256),
    CONSTRAINT travel_modes_pkey PRIMARY KEY (id)
);

CREATE TABLE IF NOT EXISTS public.port_codes (
    id SERIAL,
    city varchar(256),
    state_id int4,
    i94_port_code varchar(3),
    CONSTRAINT city_state_codes_pkey PRIMARY KEY (id)
);

CREATE TABLE IF NOT EXISTS public.us_states (
    id SERIAL,
    name varchar(256),
    state_code varchar(2),
    CONSTRAINT us_states_pkey PRIMARY KEY (id)
);

CREATE TABLE IF NOT EXISTS public.visa_types (
    id SERIAL,
    name varchar(256),
    visa_type_code varchar(256),
    CONSTRAINT visa_types_pkey PRIMARY KEY (id)
);

CREATE TABLE IF NOT EXISTS public.land_temperatures (
    id SERIAL,
    date timestamp NOT NULL,
    avg_temp numeric(20,16),
    avg_temp_uncertainty numeric(20,16),
    city varchar(256),
    country_code_id int4,
    latitude varchar(12),
    longitude varchar(12),
    CONSTRAINT land_temperatures_pkey PRIMARY KEY (id)
);

CREATE TABLE IF NOT EXISTS public.us_city_demographics (
    id SERIAL,
    port_code_id int4,
    median_age numeric(5,2),
    male_pop int4,
    female_pop int4,
    total_pop int4,
    num_vets int4,
    foreign_pop int4,
    avg_household_size numeric(3,1),
    race varchar(256),
    race_pop int4,
    CONSTRAINT us_city_demographics_pkey PRIMARY KEY (id)
);[0m
[2019-10-04 11:01:14,384] {taskinstance.py:1051} ERROR - Column "i94_immigration.id" has unsupported type "serial".
Traceback (most recent call last):
  File "/usr/local/lib/python3.7/site-packages/airflow/models/taskinstance.py", line 926, in _run_raw_task
    result = task_copy.execute(context=context)
  File "/usr/local/lib/python3.7/site-packages/airflow/operators/postgres_operator.py", line 65, in execute
    self.hook.run(self.sql, self.autocommit, parameters=self.parameters)
  File "/usr/local/lib/python3.7/site-packages/airflow/hooks/dbapi_hook.py", line 172, in run
    cur.execute(s)
psycopg2.errors.FeatureNotSupported: Column "i94_immigration.id" has unsupported type "serial".

[2019-10-04 11:01:14,388] {taskinstance.py:1074} INFO - Marking task as UP_FOR_RETRY
[2019-10-04 11:01:14,413] {base_task_runner.py:115} INFO - Job 412: Subtask create_final_database_tables Traceback (most recent call last):
[2019-10-04 11:01:14,413] {base_task_runner.py:115} INFO - Job 412: Subtask create_final_database_tables   File "/usr/local/bin/airflow", line 32, in <module>
[2019-10-04 11:01:14,413] {base_task_runner.py:115} INFO - Job 412: Subtask create_final_database_tables     args.func(args)
[2019-10-04 11:01:14,413] {base_task_runner.py:115} INFO - Job 412: Subtask create_final_database_tables   File "/usr/local/lib/python3.7/site-packages/airflow/utils/cli.py", line 74, in wrapper
[2019-10-04 11:01:14,414] {base_task_runner.py:115} INFO - Job 412: Subtask create_final_database_tables     return f(*args, **kwargs)
[2019-10-04 11:01:14,414] {base_task_runner.py:115} INFO - Job 412: Subtask create_final_database_tables   File "/usr/local/lib/python3.7/site-packages/airflow/bin/cli.py", line 522, in run
[2019-10-04 11:01:14,414] {base_task_runner.py:115} INFO - Job 412: Subtask create_final_database_tables     _run(args, dag, ti)
[2019-10-04 11:01:14,414] {base_task_runner.py:115} INFO - Job 412: Subtask create_final_database_tables   File "/usr/local/lib/python3.7/site-packages/airflow/bin/cli.py", line 440, in _run
[2019-10-04 11:01:14,414] {base_task_runner.py:115} INFO - Job 412: Subtask create_final_database_tables     pool=args.pool,
[2019-10-04 11:01:14,414] {base_task_runner.py:115} INFO - Job 412: Subtask create_final_database_tables   File "/usr/local/lib/python3.7/site-packages/airflow/utils/db.py", line 74, in wrapper
[2019-10-04 11:01:14,414] {base_task_runner.py:115} INFO - Job 412: Subtask create_final_database_tables     return func(*args, **kwargs)
[2019-10-04 11:01:14,414] {base_task_runner.py:115} INFO - Job 412: Subtask create_final_database_tables   File "/usr/local/lib/python3.7/site-packages/airflow/models/taskinstance.py", line 926, in _run_raw_task
[2019-10-04 11:01:14,414] {base_task_runner.py:115} INFO - Job 412: Subtask create_final_database_tables     result = task_copy.execute(context=context)
[2019-10-04 11:01:14,414] {base_task_runner.py:115} INFO - Job 412: Subtask create_final_database_tables   File "/usr/local/lib/python3.7/site-packages/airflow/operators/postgres_operator.py", line 65, in execute
[2019-10-04 11:01:14,415] {base_task_runner.py:115} INFO - Job 412: Subtask create_final_database_tables     self.hook.run(self.sql, self.autocommit, parameters=self.parameters)
[2019-10-04 11:01:14,415] {base_task_runner.py:115} INFO - Job 412: Subtask create_final_database_tables   File "/usr/local/lib/python3.7/site-packages/airflow/hooks/dbapi_hook.py", line 172, in run
[2019-10-04 11:01:14,415] {base_task_runner.py:115} INFO - Job 412: Subtask create_final_database_tables     cur.execute(s)
[2019-10-04 11:01:14,415] {base_task_runner.py:115} INFO - Job 412: Subtask create_final_database_tables psycopg2.errors.FeatureNotSupported: Column "i94_immigration.id" has unsupported type "serial".
[2019-10-04 11:01:14,415] {base_task_runner.py:115} INFO - Job 412: Subtask create_final_database_tables 
[2019-10-04 11:01:16,825] {logging_mixin.py:95} INFO - [[34m2019-10-04 11:01:16,824[0m] {[34mlocal_task_job.py:[0m105} INFO[0m - Task exited with return code 1[0m
