[2019-10-02 17:49:00,594] {taskinstance.py:620} INFO - Dependencies all met for <TaskInstance: capstone_project_dag.Stage_dim_data_files 2019-10-02T22:48:51.596965+00:00 [queued]>
[2019-10-02 17:49:00,604] {taskinstance.py:620} INFO - Dependencies all met for <TaskInstance: capstone_project_dag.Stage_dim_data_files 2019-10-02T22:48:51.596965+00:00 [queued]>
[2019-10-02 17:49:00,604] {taskinstance.py:838} INFO - 
--------------------------------------------------------------------------------
[2019-10-02 17:49:00,604] {taskinstance.py:839} INFO - Starting attempt 1 of 4
[2019-10-02 17:49:00,605] {taskinstance.py:840} INFO - 
--------------------------------------------------------------------------------
[2019-10-02 17:49:00,624] {taskinstance.py:859} INFO - Executing <Task(LoadLocalFilesToS3Operator): Stage_dim_data_files> on 2019-10-02T22:48:51.596965+00:00
[2019-10-02 17:49:00,624] {base_task_runner.py:133} INFO - Running: ['airflow', 'run', 'capstone_project_dag', 'Stage_dim_data_files', '2019-10-02T22:48:51.596965+00:00', '--job_id', '133', '--pool', 'default_pool', '--raw', '-sd', 'DAGS_FOLDER/project_dag.py', '--cfg_path', '/var/folders/dr/9yvjlnm11xv25k2gknf2n3z00000gn/T/tmppre9yj7q']
[2019-10-02 17:49:01,202] {base_task_runner.py:115} INFO - Job 133: Subtask Stage_dim_data_files /usr/local/lib/python3.7/site-packages/airflow/configuration.py:627: DeprecationWarning: You have two airflow.cfg files: /Users/victorialemay/airflow/airflow.cfg and /Users/victorialemay/Courses/Udacity/Data Engineering Nanodegree/capstone/project-archive/airflow/airflow.cfg. Airflow used to look at ~/airflow/airflow.cfg, even when AIRFLOW_HOME was set to a different value. Airflow will now only read /Users/victorialemay/Courses/Udacity/Data Engineering Nanodegree/capstone/project-archive/airflow/airflow.cfg, and you should remove the other file
[2019-10-02 17:49:01,203] {base_task_runner.py:115} INFO - Job 133: Subtask Stage_dim_data_files   category=DeprecationWarning,
[2019-10-02 17:49:01,302] {base_task_runner.py:115} INFO - Job 133: Subtask Stage_dim_data_files [2019-10-02 17:49:01,301] {settings.py:213} INFO - settings.configure_orm(): Using pool settings. pool_size=5, max_overflow=10, pool_recycle=1800, pid=17950
[2019-10-02 17:49:01,510] {base_task_runner.py:115} INFO - Job 133: Subtask Stage_dim_data_files [2019-10-02 17:49:01,510] {__init__.py:51} INFO - Using executor LocalExecutor
[2019-10-02 17:49:01,883] {base_task_runner.py:115} INFO - Job 133: Subtask Stage_dim_data_files [2019-10-02 17:49:01,883] {dagbag.py:90} INFO - Filling up the DagBag from /Users/victorialemay/Courses/Udacity/Data Engineering Nanodegree/capstone/project-archive/airflow/dags/project_dag.py
[2019-10-02 17:49:01,929] {base_task_runner.py:115} INFO - Job 133: Subtask Stage_dim_data_files [2019-10-02 17:49:01,929] {cli.py:516} INFO - Running <TaskInstance: capstone_project_dag.Stage_dim_data_files 2019-10-02T22:48:51.596965+00:00 [running]> on host 1.0.0.0.0.0.0.0.0.0.0.0.0.0.0.0.0.0.0.0.0.0.0.0.0.0.0.0.0.0.0.0.ip6.arpa
[2019-10-02 17:49:01,993] {load_files_to_s3.py:29} INFO - Checking /Users/victorialemay/Courses/Udacity/Data Engineering Nanodegree/capstone/project-archive/airflow/dim_table_data directory for files
[2019-10-02 17:49:01,994] {load_files_to_s3.py:33} INFO - Found files:
[2019-10-02 17:49:01,995] {load_files_to_s3.py:35} INFO -   /Users/victorialemay/Courses/Udacity/Data Engineering Nanodegree/capstone/project-archive/airflow/dim_table_data/visa_types.json
[2019-10-02 17:49:01,995] {load_files_to_s3.py:37} INFO -     visa_types.json
[2019-10-02 17:49:03,442] {logging_mixin.py:95} INFO - [[34m2019-10-02 17:49:03,441[0m] {[34mS3_hook.py:[0m201} INFO[0m - Not Found[0m
[2019-10-02 17:49:04,343] {load_files_to_s3.py:35} INFO -   /Users/victorialemay/Courses/Udacity/Data Engineering Nanodegree/capstone/project-archive/airflow/dim_table_data/port_codes.csv
[2019-10-02 17:49:04,343] {load_files_to_s3.py:37} INFO -     port_codes.csv
[2019-10-02 17:49:05,514] {logging_mixin.py:95} INFO - [[34m2019-10-02 17:49:05,514[0m] {[34mS3_hook.py:[0m201} INFO[0m - Not Found[0m
[2019-10-02 17:49:06,838] {load_files_to_s3.py:35} INFO -   /Users/victorialemay/Courses/Udacity/Data Engineering Nanodegree/capstone/project-archive/airflow/dim_table_data/travel_modes.json
[2019-10-02 17:49:06,838] {load_files_to_s3.py:37} INFO -     travel_modes.json
[2019-10-02 17:49:08,030] {logging_mixin.py:95} INFO - [[34m2019-10-02 17:49:08,030[0m] {[34mS3_hook.py:[0m201} INFO[0m - Not Found[0m
[2019-10-02 17:49:08,883] {load_files_to_s3.py:35} INFO -   /Users/victorialemay/Courses/Udacity/Data Engineering Nanodegree/capstone/project-archive/airflow/dim_table_data/us_states.csv
[2019-10-02 17:49:08,884] {load_files_to_s3.py:37} INFO -     us_states.csv
[2019-10-02 17:49:10,066] {logging_mixin.py:95} INFO - [[34m2019-10-02 17:49:10,066[0m] {[34mS3_hook.py:[0m201} INFO[0m - Not Found[0m
[2019-10-02 17:49:10,953] {load_files_to_s3.py:35} INFO -   /Users/victorialemay/Courses/Udacity/Data Engineering Nanodegree/capstone/project-archive/airflow/dim_table_data/country_codes.csv
[2019-10-02 17:49:10,953] {load_files_to_s3.py:37} INFO -     country_codes.csv
[2019-10-02 17:49:12,108] {logging_mixin.py:95} INFO - [[34m2019-10-02 17:49:12,107[0m] {[34mS3_hook.py:[0m201} INFO[0m - Not Found[0m
[2019-10-02 17:49:15,614] {logging_mixin.py:95} INFO - [[34m2019-10-02 17:49:15,613[0m] {[34mlocal_task_job.py:[0m105} INFO[0m - Task exited with return code 0[0m
