[2019-10-04 12:34:16,972] {taskinstance.py:620} INFO - Dependencies all met for <TaskInstance: capstone_project_dag.Load_country_codes_dim_table 2019-10-04T17:33:08.767649+00:00 [queued]>
[2019-10-04 12:34:17,004] {taskinstance.py:620} INFO - Dependencies all met for <TaskInstance: capstone_project_dag.Load_country_codes_dim_table 2019-10-04T17:33:08.767649+00:00 [queued]>
[2019-10-04 12:34:17,005] {taskinstance.py:838} INFO - 
--------------------------------------------------------------------------------
[2019-10-04 12:34:17,005] {taskinstance.py:839} INFO - Starting attempt 1 of 4
[2019-10-04 12:34:17,005] {taskinstance.py:840} INFO - 
--------------------------------------------------------------------------------
[2019-10-04 12:34:17,016] {taskinstance.py:859} INFO - Executing <Task(LoadDimFileData): Load_country_codes_dim_table> on 2019-10-04T17:33:08.767649+00:00
[2019-10-04 12:34:17,017] {base_task_runner.py:133} INFO - Running: ['airflow', 'run', 'capstone_project_dag', 'Load_country_codes_dim_table', '2019-10-04T17:33:08.767649+00:00', '--job_id', '552', '--pool', 'default_pool', '--raw', '-sd', 'DAGS_FOLDER/project_dag.py', '--cfg_path', '/var/folders/dr/9yvjlnm11xv25k2gknf2n3z00000gn/T/tmp45smrpxr']
[2019-10-04 12:34:18,785] {base_task_runner.py:115} INFO - Job 552: Subtask Load_country_codes_dim_table /usr/local/lib/python3.7/site-packages/airflow/configuration.py:627: DeprecationWarning: You have two airflow.cfg files: /Users/victorialemay/airflow/airflow.cfg and /Users/victorialemay/Courses/Udacity/Data Engineering Nanodegree/capstone/project-archive/airflow/airflow.cfg. Airflow used to look at ~/airflow/airflow.cfg, even when AIRFLOW_HOME was set to a different value. Airflow will now only read /Users/victorialemay/Courses/Udacity/Data Engineering Nanodegree/capstone/project-archive/airflow/airflow.cfg, and you should remove the other file
[2019-10-04 12:34:18,785] {base_task_runner.py:115} INFO - Job 552: Subtask Load_country_codes_dim_table   category=DeprecationWarning,
[2019-10-04 12:34:19,201] {base_task_runner.py:115} INFO - Job 552: Subtask Load_country_codes_dim_table [2019-10-04 12:34:19,201] {settings.py:213} INFO - settings.configure_orm(): Using pool settings. pool_size=5, max_overflow=10, pool_recycle=1800, pid=73820
[2019-10-04 12:34:19,989] {base_task_runner.py:115} INFO - Job 552: Subtask Load_country_codes_dim_table [2019-10-04 12:34:19,988] {__init__.py:51} INFO - Using executor LocalExecutor
[2019-10-04 12:34:21,637] {base_task_runner.py:115} INFO - Job 552: Subtask Load_country_codes_dim_table [2019-10-04 12:34:21,637] {dagbag.py:90} INFO - Filling up the DagBag from /Users/victorialemay/Courses/Udacity/Data Engineering Nanodegree/capstone/project-archive/airflow/dags/project_dag.py
[2019-10-04 12:34:21,745] {base_task_runner.py:115} INFO - Job 552: Subtask Load_country_codes_dim_table [2019-10-04 12:34:21,745] {cli.py:516} INFO - Running <TaskInstance: capstone_project_dag.Load_country_codes_dim_table 2019-10-04T17:33:08.767649+00:00 [running]> on host 1.0.0.0.0.0.0.0.0.0.0.0.0.0.0.0.0.0.0.0.0.0.0.0.0.0.0.0.0.0.0.0.ip6.arpa
[2019-10-04 12:34:21,833] {load_dim_file_data.py:35} INFO - Using data file country_codes.csv from S3 bucket project-capstone
[2019-10-04 12:34:21,916] {logging_mixin.py:95} INFO - [[34m2019-10-04 12:34:21,916[0m] {[34mbase_hook.py:[0m84} INFO[0m - Using connection to: [1mid: redshift. Host: redshift-cluster-1.c4i0rfzboubh.us-west-2.redshift.amazonaws.com, Port: 5439, Schema: dev, Login: awsuser, Password: XXXXXXXX, extra: {}[0m[0m
[2019-10-04 12:34:22,659] {load_dim_file_data.py:46} INFO - Inserting into destination Redshift table country_codes
[2019-10-04 12:34:22,676] {logging_mixin.py:95} INFO - [[34m2019-10-04 12:34:22,676[0m] {[34mbase_hook.py:[0m84} INFO[0m - Using connection to: [1mid: redshift. Host: redshift-cluster-1.c4i0rfzboubh.us-west-2.redshift.amazonaws.com, Port: 5439, Schema: dev, Login: awsuser, Password: XXXXXXXX, extra: {}[0m[0m
[2019-10-04 12:34:23,247] {logging_mixin.py:95} INFO - [[34m2019-10-04 12:34:23,247[0m] {[34mdbapi_hook.py:[0m171} INFO[0m - 
        COPY country_codes 
        FROM 's3://project-capstone/country_codes.csv'
        ACCESS_KEY_ID 'AKIASZIXFGD4JFXXFSEI'
        SECRET_ACCESS_KEY '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'
        CSV DELIMITER ',' IGNOREHEADER 1
    [0m
[2019-10-04 12:34:26,567] {load_dim_file_data.py:61} INFO - Data copy complete
[2019-10-04 12:34:26,859] {logging_mixin.py:95} INFO - [[34m2019-10-04 12:34:26,859[0m] {[34mlocal_task_job.py:[0m172} [33mWARNING[0m - [33mState of this instance has been externally set to [1msuccess[0m. Taking the poison pill.[0m
[2019-10-04 12:34:26,868] {helpers.py:307} INFO - Sending Signals.SIGTERM to GPID 73820
[2019-10-04 12:34:26,894] {helpers.py:285} INFO - Process psutil.Process(pid=73820, status='terminated') (73820) terminated with exit code -15
[2019-10-04 12:34:26,896] {logging_mixin.py:95} INFO - [[34m2019-10-04 12:34:26,895[0m] {[34mlocal_task_job.py:[0m105} INFO[0m - Task exited with return code 0[0m
