[2019-10-02 21:16:10,570] {taskinstance.py:620} INFO - Dependencies all met for <TaskInstance: capstone_project_dag.Stage_dim_data_files 2019-10-03T02:15:50.346262+00:00 [queued]>
[2019-10-02 21:16:10,601] {taskinstance.py:620} INFO - Dependencies all met for <TaskInstance: capstone_project_dag.Stage_dim_data_files 2019-10-03T02:15:50.346262+00:00 [queued]>
[2019-10-02 21:16:10,602] {taskinstance.py:838} INFO - 
--------------------------------------------------------------------------------
[2019-10-02 21:16:10,602] {taskinstance.py:839} INFO - Starting attempt 1 of 4
[2019-10-02 21:16:10,602] {taskinstance.py:840} INFO - 
--------------------------------------------------------------------------------
[2019-10-02 21:16:10,648] {taskinstance.py:859} INFO - Executing <Task(LoadLocalFilesToS3Operator): Stage_dim_data_files> on 2019-10-03T02:15:50.346262+00:00
[2019-10-02 21:16:10,651] {base_task_runner.py:133} INFO - Running: ['airflow', 'run', 'capstone_project_dag', 'Stage_dim_data_files', '2019-10-03T02:15:50.346262+00:00', '--job_id', '238', '--pool', 'default_pool', '--raw', '-sd', 'DAGS_FOLDER/project_dag.py', '--cfg_path', '/var/folders/dr/9yvjlnm11xv25k2gknf2n3z00000gn/T/tmps1bepswg']
[2019-10-02 21:16:11,505] {base_task_runner.py:115} INFO - Job 238: Subtask Stage_dim_data_files /usr/local/lib/python3.7/site-packages/airflow/configuration.py:627: DeprecationWarning: You have two airflow.cfg files: /Users/victorialemay/airflow/airflow.cfg and /Users/victorialemay/Courses/Udacity/Data Engineering Nanodegree/capstone/project-archive/airflow/airflow.cfg. Airflow used to look at ~/airflow/airflow.cfg, even when AIRFLOW_HOME was set to a different value. Airflow will now only read /Users/victorialemay/Courses/Udacity/Data Engineering Nanodegree/capstone/project-archive/airflow/airflow.cfg, and you should remove the other file
[2019-10-02 21:16:11,505] {base_task_runner.py:115} INFO - Job 238: Subtask Stage_dim_data_files   category=DeprecationWarning,
[2019-10-02 21:16:11,736] {base_task_runner.py:115} INFO - Job 238: Subtask Stage_dim_data_files [2019-10-02 21:16:11,736] {settings.py:213} INFO - settings.configure_orm(): Using pool settings. pool_size=5, max_overflow=10, pool_recycle=1800, pid=59124
[2019-10-02 21:16:12,072] {base_task_runner.py:115} INFO - Job 238: Subtask Stage_dim_data_files [2019-10-02 21:16:12,071] {__init__.py:51} INFO - Using executor LocalExecutor
[2019-10-02 21:16:12,683] {base_task_runner.py:115} INFO - Job 238: Subtask Stage_dim_data_files [2019-10-02 21:16:12,682] {dagbag.py:90} INFO - Filling up the DagBag from /Users/victorialemay/Courses/Udacity/Data Engineering Nanodegree/capstone/project-archive/airflow/dags/project_dag.py
[2019-10-02 21:16:12,768] {base_task_runner.py:115} INFO - Job 238: Subtask Stage_dim_data_files [2019-10-02 21:16:12,767] {cli.py:516} INFO - Running <TaskInstance: capstone_project_dag.Stage_dim_data_files 2019-10-03T02:15:50.346262+00:00 [running]> on host 1.0.0.0.0.0.0.0.0.0.0.0.0.0.0.0.0.0.0.0.0.0.0.0.0.0.0.0.0.0.0.0.ip6.arpa
[2019-10-02 21:16:13,262] {load_files_to_s3.py:49} INFO - Loading to S3 bucket project-capstone
[2019-10-02 21:16:13,262] {load_files_to_s3.py:50} INFO - Checking /Users/victorialemay/Courses/Udacity/Data Engineering Nanodegree/capstone/project-archive/airflow/data/dim_table_data directory for files
[2019-10-02 21:16:13,263] {load_files_to_s3.py:55} INFO - Found file /Users/victorialemay/Courses/Udacity/Data Engineering Nanodegree/capstone/project-archive/airflow/data/dim_table_data/visa_types.json
[2019-10-02 21:16:13,263] {load_files_to_s3.py:58} INFO -   Using S3 key visa_types.json
[2019-10-02 21:16:13,726] {load_files_to_s3.py:65} INFO -   File already exists in bucket
[2019-10-02 21:16:13,726] {load_files_to_s3.py:55} INFO - Found file /Users/victorialemay/Courses/Udacity/Data Engineering Nanodegree/capstone/project-archive/airflow/data/dim_table_data/port_codes.csv
[2019-10-02 21:16:13,726] {load_files_to_s3.py:58} INFO -   Using S3 key port_codes.csv
[2019-10-02 21:16:14,125] {load_files_to_s3.py:65} INFO -   File already exists in bucket
[2019-10-02 21:16:14,126] {load_files_to_s3.py:55} INFO - Found file /Users/victorialemay/Courses/Udacity/Data Engineering Nanodegree/capstone/project-archive/airflow/data/dim_table_data/travel_modes.json
[2019-10-02 21:16:14,126] {load_files_to_s3.py:58} INFO -   Using S3 key travel_modes.json
[2019-10-02 21:16:14,502] {load_files_to_s3.py:65} INFO -   File already exists in bucket
[2019-10-02 21:16:14,502] {load_files_to_s3.py:55} INFO - Found file /Users/victorialemay/Courses/Udacity/Data Engineering Nanodegree/capstone/project-archive/airflow/data/dim_table_data/us_states.csv
[2019-10-02 21:16:14,502] {load_files_to_s3.py:58} INFO -   Using S3 key us_states.csv
[2019-10-02 21:16:14,896] {load_files_to_s3.py:65} INFO -   File already exists in bucket
[2019-10-02 21:16:14,896] {load_files_to_s3.py:55} INFO - Found file /Users/victorialemay/Courses/Udacity/Data Engineering Nanodegree/capstone/project-archive/airflow/data/dim_table_data/country_codes.csv
[2019-10-02 21:16:14,896] {load_files_to_s3.py:58} INFO -   Using S3 key country_codes.csv
[2019-10-02 21:16:15,175] {load_files_to_s3.py:65} INFO -   File already exists in bucket
[2019-10-02 21:16:15,175] {load_files_to_s3.py:67} INFO - S3 file load complete!
[2019-10-02 21:16:15,543] {logging_mixin.py:95} INFO - [[34m2019-10-02 21:16:15,543[0m] {[34mlocal_task_job.py:[0m105} INFO[0m - Task exited with return code 0[0m
