[2019-10-01 22:21:45,566] {taskinstance.py:620} INFO - Dependencies all met for <TaskInstance: capstone_project_dag.load_staging_database_tables 2019-10-02T03:21:04.351152+00:00 [queued]>
[2019-10-01 22:21:45,589] {taskinstance.py:620} INFO - Dependencies all met for <TaskInstance: capstone_project_dag.load_staging_database_tables 2019-10-02T03:21:04.351152+00:00 [queued]>
[2019-10-01 22:21:45,589] {taskinstance.py:838} INFO - 
--------------------------------------------------------------------------------
[2019-10-01 22:21:45,589] {taskinstance.py:839} INFO - Starting attempt 1 of 4
[2019-10-01 22:21:45,589] {taskinstance.py:840} INFO - 
--------------------------------------------------------------------------------
[2019-10-01 22:21:45,600] {taskinstance.py:859} INFO - Executing <Task(PostgresOperator): load_staging_database_tables> on 2019-10-02T03:21:04.351152+00:00
[2019-10-01 22:21:45,600] {base_task_runner.py:133} INFO - Running: ['airflow', 'run', 'capstone_project_dag', 'load_staging_database_tables', '2019-10-02T03:21:04.351152+00:00', '--job_id', '64', '--pool', 'default_pool', '--raw', '-sd', 'DAGS_FOLDER/project_dag.py', '--cfg_path', '/var/folders/dr/9yvjlnm11xv25k2gknf2n3z00000gn/T/tmpix3lnq8_']
[2019-10-01 22:21:46,183] {base_task_runner.py:115} INFO - Job 64: Subtask load_staging_database_tables /usr/local/lib/python3.7/site-packages/airflow/configuration.py:627: DeprecationWarning: You have two airflow.cfg files: /Users/victorialemay/airflow/airflow.cfg and /Users/victorialemay/Courses/Udacity/Data Engineering Nanodegree/capstone/project-archive/airflow/airflow.cfg. Airflow used to look at ~/airflow/airflow.cfg, even when AIRFLOW_HOME was set to a different value. Airflow will now only read /Users/victorialemay/Courses/Udacity/Data Engineering Nanodegree/capstone/project-archive/airflow/airflow.cfg, and you should remove the other file
[2019-10-01 22:21:46,184] {base_task_runner.py:115} INFO - Job 64: Subtask load_staging_database_tables   category=DeprecationWarning,
[2019-10-01 22:21:46,398] {base_task_runner.py:115} INFO - Job 64: Subtask load_staging_database_tables [2019-10-01 22:21:46,397] {settings.py:213} INFO - settings.configure_orm(): Using pool settings. pool_size=5, max_overflow=10, pool_recycle=1800, pid=59447
[2019-10-01 22:21:46,558] {base_task_runner.py:115} INFO - Job 64: Subtask load_staging_database_tables [2019-10-01 22:21:46,558] {__init__.py:51} INFO - Using executor LocalExecutor
[2019-10-01 22:21:47,045] {base_task_runner.py:115} INFO - Job 64: Subtask load_staging_database_tables [2019-10-01 22:21:47,045] {dagbag.py:90} INFO - Filling up the DagBag from /Users/victorialemay/Courses/Udacity/Data Engineering Nanodegree/capstone/project-archive/airflow/dags/project_dag.py
[2019-10-01 22:21:47,105] {base_task_runner.py:115} INFO - Job 64: Subtask load_staging_database_tables [2019-10-01 22:21:47,105] {cli.py:516} INFO - Running <TaskInstance: capstone_project_dag.load_staging_database_tables 2019-10-02T03:21:04.351152+00:00 [running]> on host 1.0.0.0.0.0.0.0.0.0.0.0.0.0.0.0.0.0.0.0.0.0.0.0.0.0.0.0.0.0.0.0.ip6.arpa
[2019-10-01 22:21:47,237] {postgres_operator.py:62} INFO - Executing: CREATE TABLE IF NOT EXISTS public.i94_immigration_staging (
    id int4,
    cicid int4,
    i94yr int4,
    i94mon int4,
    i94cit int4,
    i94res int4,
    i94port int4,
    arrdate int4,
    i94mode int4,
    i94addr varchar(12),
    depdate int4,
    i94bir int4,
    i94visa int4,
    "count" int4,
    dtadfile varchar(16),
    visapost varchar(16),
    occup varchar(256),
    entdepa char(1),
    entdepd char(1),
    entdepu char(1),
    matflag char(1),
    biryear int4,
    dtaddto varchar(16),
    gender char(1),
    insnum int4,
    airline varchar(32),
    admnum int4,
    fltno varchar(12),
    visa_type varchar(12)
);

CREATE TABLE IF NOT EXISTS public.land_temp_staging (
    dt varchar(12),
    AverageTemperature numeric(18,0),
    AverageTemperatureUncertainty numeric(18,0),
    City varchar(256),
    Country varchar(256),
    Latitude varchar(64),
    Longitude varchar(64)
);

CREATE TABLE IF NOT EXISTS public.demographic_staging (
    City varchar(256),
    State varchar(128),
    MedianAge numeric(18,0),
    MalePopulation int4,
    FemalePopulation int4,
    TotalPopulation int4,
    NumberOfVeterans int4,
    ForeignBorn int4,
    AverageHouseholdSize numeric(18,0),
    StateCode char(2),
    Race varchar(128),
    Count int4
);
[2019-10-01 22:21:47,287] {logging_mixin.py:95} INFO - [[34m2019-10-01 22:21:47,287[0m] {[34mbase_hook.py:[0m84} INFO[0m - Using connection to: [1mid: redshift. Host: redshift-cluster-1.c4i0rfzboubh.us-west-2.redshift.amazonaws.com, Port: 5439, Schema: dev, Login: awsuser, Password: XXXXXXXX, extra: {}[0m[0m
[2019-10-01 22:21:48,069] {logging_mixin.py:95} INFO - [[34m2019-10-01 22:21:48,069[0m] {[34mdbapi_hook.py:[0m171} INFO[0m - CREATE TABLE IF NOT EXISTS public.i94_immigration_staging (
    id int4,
    cicid int4,
    i94yr int4,
    i94mon int4,
    i94cit int4,
    i94res int4,
    i94port int4,
    arrdate int4,
    i94mode int4,
    i94addr varchar(12),
    depdate int4,
    i94bir int4,
    i94visa int4,
    "count" int4,
    dtadfile varchar(16),
    visapost varchar(16),
    occup varchar(256),
    entdepa char(1),
    entdepd char(1),
    entdepu char(1),
    matflag char(1),
    biryear int4,
    dtaddto varchar(16),
    gender char(1),
    insnum int4,
    airline varchar(32),
    admnum int4,
    fltno varchar(12),
    visa_type varchar(12)
);

CREATE TABLE IF NOT EXISTS public.land_temp_staging (
    dt varchar(12),
    AverageTemperature numeric(18,0),
    AverageTemperatureUncertainty numeric(18,0),
    City varchar(256),
    Country varchar(256),
    Latitude varchar(64),
    Longitude varchar(64)
);

CREATE TABLE IF NOT EXISTS public.demographic_staging (
    City varchar(256),
    State varchar(128),
    MedianAge numeric(18,0),
    MalePopulation int4,
    FemalePopulation int4,
    TotalPopulation int4,
    NumberOfVeterans int4,
    ForeignBorn int4,
    AverageHouseholdSize numeric(18,0),
    StateCode char(2),
    Race varchar(128),
    Count int4
);[0m
[2019-10-01 22:21:50,553] {logging_mixin.py:95} INFO - [[34m2019-10-01 22:21:50,552[0m] {[34mlocal_task_job.py:[0m105} INFO[0m - Task exited with return code 0[0m
