[2019-10-04 20:23:03,004] {taskinstance.py:620} INFO - Dependencies all met for <TaskInstance: capstone_project_dag.Run_final_tables_quality_checks 2019-10-05T01:16:11.794605+00:00 [queued]>
[2019-10-04 20:23:03,018] {taskinstance.py:620} INFO - Dependencies all met for <TaskInstance: capstone_project_dag.Run_final_tables_quality_checks 2019-10-05T01:16:11.794605+00:00 [queued]>
[2019-10-04 20:23:03,018] {taskinstance.py:838} INFO - 
--------------------------------------------------------------------------------
[2019-10-04 20:23:03,018] {taskinstance.py:839} INFO - Starting attempt 1 of 4
[2019-10-04 20:23:03,018] {taskinstance.py:840} INFO - 
--------------------------------------------------------------------------------
[2019-10-04 20:23:03,046] {taskinstance.py:859} INFO - Executing <Task(DataQualityCheckOperator): Run_final_tables_quality_checks> on 2019-10-05T01:16:11.794605+00:00
[2019-10-04 20:23:03,047] {base_task_runner.py:133} INFO - Running: ['airflow', 'run', 'capstone_project_dag', 'Run_final_tables_quality_checks', '2019-10-05T01:16:11.794605+00:00', '--job_id', '1041', '--pool', 'default_pool', '--raw', '-sd', 'DAGS_FOLDER/project_dag.py', '--cfg_path', '/var/folders/dr/9yvjlnm11xv25k2gknf2n3z00000gn/T/tmphj3b0szs']
[2019-10-04 20:23:03,553] {base_task_runner.py:115} INFO - Job 1041: Subtask Run_final_tables_quality_checks /usr/local/lib/python3.7/site-packages/airflow/configuration.py:627: DeprecationWarning: You have two airflow.cfg files: /Users/victorialemay/airflow/airflow.cfg and /Users/victorialemay/Courses/Udacity/Data Engineering Nanodegree/capstone/project-archive/airflow/airflow.cfg. Airflow used to look at ~/airflow/airflow.cfg, even when AIRFLOW_HOME was set to a different value. Airflow will now only read /Users/victorialemay/Courses/Udacity/Data Engineering Nanodegree/capstone/project-archive/airflow/airflow.cfg, and you should remove the other file
[2019-10-04 20:23:03,554] {base_task_runner.py:115} INFO - Job 1041: Subtask Run_final_tables_quality_checks   category=DeprecationWarning,
[2019-10-04 20:23:03,646] {base_task_runner.py:115} INFO - Job 1041: Subtask Run_final_tables_quality_checks [2019-10-04 20:23:03,646] {settings.py:213} INFO - settings.configure_orm(): Using pool settings. pool_size=5, max_overflow=10, pool_recycle=1800, pid=9448
[2019-10-04 20:23:03,850] {base_task_runner.py:115} INFO - Job 1041: Subtask Run_final_tables_quality_checks [2019-10-04 20:23:03,849] {__init__.py:51} INFO - Using executor LocalExecutor
[2019-10-04 20:23:04,228] {base_task_runner.py:115} INFO - Job 1041: Subtask Run_final_tables_quality_checks [2019-10-04 20:23:04,227] {dagbag.py:90} INFO - Filling up the DagBag from /Users/victorialemay/Courses/Udacity/Data Engineering Nanodegree/capstone/project-archive/airflow/dags/project_dag.py
[2019-10-04 20:23:04,272] {base_task_runner.py:115} INFO - Job 1041: Subtask Run_final_tables_quality_checks [2019-10-04 20:23:04,272] {cli.py:516} INFO - Running <TaskInstance: capstone_project_dag.Run_final_tables_quality_checks 2019-10-05T01:16:11.794605+00:00 [running]> on host 1.0.0.0.0.0.0.0.0.0.0.0.0.0.0.0.0.0.0.0.0.0.0.0.0.0.0.0.0.0.0.0.ip6.arpa
[2019-10-04 20:23:04,305] {data_quality_check.py:42} INFO - Checking data in port_id column of i94_immigration table
[2019-10-04 20:23:04,320] {logging_mixin.py:95} INFO - [[34m2019-10-04 20:23:04,319[0m] {[34mbase_hook.py:[0m84} INFO[0m - Using connection to: [1mid: redshift. Host: redshift-cluster-1.c4i0rfzboubh.us-west-2.redshift.amazonaws.com, Port: 5439, Schema: dev, Login: awsuser, Password: XXXXXXXX, extra: {}[0m[0m
[2019-10-04 20:23:05,810] {data_quality_check.py:51} INFO - Found records in i94_immigration
[2019-10-04 20:23:05,810] {data_quality_check.py:42} INFO - Checking data in i94_port_code column of port_codes table
[2019-10-04 20:23:05,824] {logging_mixin.py:95} INFO - [[34m2019-10-04 20:23:05,823[0m] {[34mbase_hook.py:[0m84} INFO[0m - Using connection to: [1mid: redshift. Host: redshift-cluster-1.c4i0rfzboubh.us-west-2.redshift.amazonaws.com, Port: 5439, Schema: dev, Login: awsuser, Password: XXXXXXXX, extra: {}[0m[0m
[2019-10-04 20:23:06,557] {data_quality_check.py:51} INFO - Found records in port_codes
[2019-10-04 20:23:06,557] {data_quality_check.py:42} INFO - Checking data in date column of land_temperatures table
[2019-10-04 20:23:06,571] {logging_mixin.py:95} INFO - [[34m2019-10-04 20:23:06,570[0m] {[34mbase_hook.py:[0m84} INFO[0m - Using connection to: [1mid: redshift. Host: redshift-cluster-1.c4i0rfzboubh.us-west-2.redshift.amazonaws.com, Port: 5439, Schema: dev, Login: awsuser, Password: XXXXXXXX, extra: {}[0m[0m
[2019-10-04 20:23:07,498] {data_quality_check.py:51} INFO - Found records in land_temperatures
[2019-10-04 20:23:07,499] {data_quality_check.py:42} INFO - Checking data in port_code_id column of us_city_demographics table
[2019-10-04 20:23:07,511] {logging_mixin.py:95} INFO - [[34m2019-10-04 20:23:07,511[0m] {[34mbase_hook.py:[0m84} INFO[0m - Using connection to: [1mid: redshift. Host: redshift-cluster-1.c4i0rfzboubh.us-west-2.redshift.amazonaws.com, Port: 5439, Schema: dev, Login: awsuser, Password: XXXXXXXX, extra: {}[0m[0m
[2019-10-04 20:23:08,257] {data_quality_check.py:51} INFO - Found records in us_city_demographics
[2019-10-04 20:23:08,257] {data_quality_check.py:26} INFO - Data quality check complete
[2019-10-04 20:23:12,999] {logging_mixin.py:95} INFO - [[34m2019-10-04 20:23:12,998[0m] {[34mlocal_task_job.py:[0m105} INFO[0m - Task exited with return code 0[0m
