[2019-10-04 17:33:53,870] {taskinstance.py:620} INFO - Dependencies all met for <TaskInstance: capstone_project_dag.Load_land_temperatures_final_table 2019-10-04T22:32:08.524487+00:00 [queued]>
[2019-10-04 17:33:53,891] {taskinstance.py:620} INFO - Dependencies all met for <TaskInstance: capstone_project_dag.Load_land_temperatures_final_table 2019-10-04T22:32:08.524487+00:00 [queued]>
[2019-10-04 17:33:53,891] {taskinstance.py:838} INFO - 
--------------------------------------------------------------------------------
[2019-10-04 17:33:53,891] {taskinstance.py:839} INFO - Starting attempt 1 of 4
[2019-10-04 17:33:53,891] {taskinstance.py:840} INFO - 
--------------------------------------------------------------------------------
[2019-10-04 17:33:53,899] {taskinstance.py:859} INFO - Executing <Task(LoadFinalTableOperator): Load_land_temperatures_final_table> on 2019-10-04T22:32:08.524487+00:00
[2019-10-04 17:33:53,899] {base_task_runner.py:133} INFO - Running: ['airflow', 'run', 'capstone_project_dag', 'Load_land_temperatures_final_table', '2019-10-04T22:32:08.524487+00:00', '--job_id', '875', '--pool', 'default_pool', '--raw', '-sd', 'DAGS_FOLDER/project_dag.py', '--cfg_path', '/var/folders/dr/9yvjlnm11xv25k2gknf2n3z00000gn/T/tmphjep332o']
[2019-10-04 17:33:54,388] {base_task_runner.py:115} INFO - Job 875: Subtask Load_land_temperatures_final_table /usr/local/lib/python3.7/site-packages/airflow/configuration.py:627: DeprecationWarning: You have two airflow.cfg files: /Users/victorialemay/airflow/airflow.cfg and /Users/victorialemay/Courses/Udacity/Data Engineering Nanodegree/capstone/project-archive/airflow/airflow.cfg. Airflow used to look at ~/airflow/airflow.cfg, even when AIRFLOW_HOME was set to a different value. Airflow will now only read /Users/victorialemay/Courses/Udacity/Data Engineering Nanodegree/capstone/project-archive/airflow/airflow.cfg, and you should remove the other file
[2019-10-04 17:33:54,389] {base_task_runner.py:115} INFO - Job 875: Subtask Load_land_temperatures_final_table   category=DeprecationWarning,
[2019-10-04 17:33:54,488] {base_task_runner.py:115} INFO - Job 875: Subtask Load_land_temperatures_final_table [2019-10-04 17:33:54,488] {settings.py:213} INFO - settings.configure_orm(): Using pool settings. pool_size=5, max_overflow=10, pool_recycle=1800, pid=60502
[2019-10-04 17:33:54,739] {base_task_runner.py:115} INFO - Job 875: Subtask Load_land_temperatures_final_table [2019-10-04 17:33:54,739] {__init__.py:51} INFO - Using executor LocalExecutor
[2019-10-04 17:33:55,088] {base_task_runner.py:115} INFO - Job 875: Subtask Load_land_temperatures_final_table [2019-10-04 17:33:55,088] {dagbag.py:90} INFO - Filling up the DagBag from /Users/victorialemay/Courses/Udacity/Data Engineering Nanodegree/capstone/project-archive/airflow/dags/project_dag.py
[2019-10-04 17:33:55,134] {base_task_runner.py:115} INFO - Job 875: Subtask Load_land_temperatures_final_table [2019-10-04 17:33:55,133] {cli.py:516} INFO - Running <TaskInstance: capstone_project_dag.Load_land_temperatures_final_table 2019-10-04T22:32:08.524487+00:00 [running]> on host 1.0.0.0.0.0.0.0.0.0.0.0.0.0.0.0.0.0.0.0.0.0.0.0.0.0.0.0.0.0.0.0.ip6.arpa
[2019-10-04 17:33:55,168] {load_final_table.py:24} INFO - Loading data into land_temperatures table
[2019-10-04 17:33:55,169] {load_final_table.py:34} INFO - Using columns: date, avg_temp, avg_temp_uncertainty, city, country_code_id, latitude, longitude
[2019-10-04 17:33:55,182] {logging_mixin.py:95} INFO - [[34m2019-10-04 17:33:55,182[0m] {[34mbase_hook.py:[0m84} INFO[0m - Using connection to: [1mid: redshift. Host: redshift-cluster-1.c4i0rfzboubh.us-west-2.redshift.amazonaws.com, Port: 5439, Schema: dev, Login: awsuser, Password: XXXXXXXX, extra: {}[0m[0m
[2019-10-04 17:33:55,754] {logging_mixin.py:95} INFO - [[34m2019-10-04 17:33:55,754[0m] {[34mdbapi_hook.py:[0m171} INFO[0m - INSERT INTO land_temperatures (date, avg_temp, avg_temp_uncertainty, city, country_code_id, latitude, longitude) 
        SELECT
            to_timestamp(land_temp_staging.dt, 'YYYY-MM-DD'),
            land_temp_staging.AverageTemperature,
            land_temp_staging.AverageTemperatureUncertainty,
            land_temp_staging.City,
            country_codes.id,
            land_temp_staging.Latitude,
            land_temp_staging.Longitude
        FROM
            land_temp_staging
        LEFT JOIN
            country_codes ON LOWER(land_temp_staging.Country) = LOWER(country_codes.name)
    [0m
[2019-10-04 17:34:02,635] {load_final_table.py:38} INFO - Data load complete
[2019-10-04 17:34:03,876] {logging_mixin.py:95} INFO - [[34m2019-10-04 17:34:03,875[0m] {[34mlocal_task_job.py:[0m105} INFO[0m - Task exited with return code 0[0m
