[2019-10-02 17:57:34,300] {taskinstance.py:620} INFO - Dependencies all met for <TaskInstance: capstone_project_dag.Stage_dim_data_files 2019-10-02T22:57:13.288543+00:00 [queued]>
[2019-10-02 17:57:34,322] {taskinstance.py:620} INFO - Dependencies all met for <TaskInstance: capstone_project_dag.Stage_dim_data_files 2019-10-02T22:57:13.288543+00:00 [queued]>
[2019-10-02 17:57:34,322] {taskinstance.py:838} INFO - 
--------------------------------------------------------------------------------
[2019-10-02 17:57:34,323] {taskinstance.py:839} INFO - Starting attempt 1 of 4
[2019-10-02 17:57:34,323] {taskinstance.py:840} INFO - 
--------------------------------------------------------------------------------
[2019-10-02 17:57:34,330] {taskinstance.py:859} INFO - Executing <Task(LoadLocalFilesToS3Operator): Stage_dim_data_files> on 2019-10-02T22:57:13.288543+00:00
[2019-10-02 17:57:34,331] {base_task_runner.py:133} INFO - Running: ['airflow', 'run', 'capstone_project_dag', 'Stage_dim_data_files', '2019-10-02T22:57:13.288543+00:00', '--job_id', '137', '--pool', 'default_pool', '--raw', '-sd', 'DAGS_FOLDER/project_dag.py', '--cfg_path', '/var/folders/dr/9yvjlnm11xv25k2gknf2n3z00000gn/T/tmpmlqcbxjo']
[2019-10-02 17:57:34,838] {base_task_runner.py:115} INFO - Job 137: Subtask Stage_dim_data_files /usr/local/lib/python3.7/site-packages/airflow/configuration.py:627: DeprecationWarning: You have two airflow.cfg files: /Users/victorialemay/airflow/airflow.cfg and /Users/victorialemay/Courses/Udacity/Data Engineering Nanodegree/capstone/project-archive/airflow/airflow.cfg. Airflow used to look at ~/airflow/airflow.cfg, even when AIRFLOW_HOME was set to a different value. Airflow will now only read /Users/victorialemay/Courses/Udacity/Data Engineering Nanodegree/capstone/project-archive/airflow/airflow.cfg, and you should remove the other file
[2019-10-02 17:57:34,838] {base_task_runner.py:115} INFO - Job 137: Subtask Stage_dim_data_files   category=DeprecationWarning,
[2019-10-02 17:57:34,970] {base_task_runner.py:115} INFO - Job 137: Subtask Stage_dim_data_files [2019-10-02 17:57:34,970] {settings.py:213} INFO - settings.configure_orm(): Using pool settings. pool_size=5, max_overflow=10, pool_recycle=1800, pid=20296
[2019-10-02 17:57:35,194] {base_task_runner.py:115} INFO - Job 137: Subtask Stage_dim_data_files [2019-10-02 17:57:35,194] {__init__.py:51} INFO - Using executor LocalExecutor
[2019-10-02 17:57:35,565] {base_task_runner.py:115} INFO - Job 137: Subtask Stage_dim_data_files [2019-10-02 17:57:35,565] {dagbag.py:90} INFO - Filling up the DagBag from /Users/victorialemay/Courses/Udacity/Data Engineering Nanodegree/capstone/project-archive/airflow/dags/project_dag.py
[2019-10-02 17:57:35,610] {base_task_runner.py:115} INFO - Job 137: Subtask Stage_dim_data_files [2019-10-02 17:57:35,610] {cli.py:516} INFO - Running <TaskInstance: capstone_project_dag.Stage_dim_data_files 2019-10-02T22:57:13.288543+00:00 [running]> on host 1.0.0.0.0.0.0.0.0.0.0.0.0.0.0.0.0.0.0.0.0.0.0.0.0.0.0.0.0.0.0.0.ip6.arpa
[2019-10-02 17:57:35,675] {load_files_to_s3.py:31} INFO - Checking /Users/victorialemay/Courses/Udacity/Data Engineering Nanodegree/capstone/project-archive/airflow/dim_table_data directory for files
[2019-10-02 17:57:35,675] {load_files_to_s3.py:35} INFO - Found files:
[2019-10-02 17:57:35,676] {load_files_to_s3.py:37} INFO -   /Users/victorialemay/Courses/Udacity/Data Engineering Nanodegree/capstone/project-archive/airflow/dim_table_data/visa_types.json
[2019-10-02 17:57:35,676] {load_files_to_s3.py:40} INFO -     visa_types.json
[2019-10-02 17:57:37,059] {load_files_to_s3.py:37} INFO -   /Users/victorialemay/Courses/Udacity/Data Engineering Nanodegree/capstone/project-archive/airflow/dim_table_data/port_codes.csv
[2019-10-02 17:57:37,060] {load_files_to_s3.py:40} INFO -     port_codes.csv
[2019-10-02 17:57:38,498] {load_files_to_s3.py:37} INFO -   /Users/victorialemay/Courses/Udacity/Data Engineering Nanodegree/capstone/project-archive/airflow/dim_table_data/travel_modes.json
[2019-10-02 17:57:38,498] {load_files_to_s3.py:40} INFO -     travel_modes.json
[2019-10-02 17:57:39,666] {load_files_to_s3.py:37} INFO -   /Users/victorialemay/Courses/Udacity/Data Engineering Nanodegree/capstone/project-archive/airflow/dim_table_data/us_states.csv
[2019-10-02 17:57:39,666] {load_files_to_s3.py:40} INFO -     us_states.csv
[2019-10-02 17:57:40,833] {load_files_to_s3.py:37} INFO -   /Users/victorialemay/Courses/Udacity/Data Engineering Nanodegree/capstone/project-archive/airflow/dim_table_data/country_codes.csv
[2019-10-02 17:57:40,833] {load_files_to_s3.py:40} INFO -     country_codes.csv
[2019-10-02 17:57:44,303] {logging_mixin.py:95} INFO - [[34m2019-10-02 17:57:44,302[0m] {[34mlocal_task_job.py:[0m105} INFO[0m - Task exited with return code 0[0m
