[2019-10-04 17:58:23,590] {taskinstance.py:620} INFO - Dependencies all met for <TaskInstance: capstone_project_dag.Stage_staging_data_files 2019-10-04T22:58:02.565636+00:00 [queued]>
[2019-10-04 17:58:23,622] {taskinstance.py:620} INFO - Dependencies all met for <TaskInstance: capstone_project_dag.Stage_staging_data_files 2019-10-04T22:58:02.565636+00:00 [queued]>
[2019-10-04 17:58:23,622] {taskinstance.py:838} INFO - 
--------------------------------------------------------------------------------
[2019-10-04 17:58:23,622] {taskinstance.py:839} INFO - Starting attempt 1 of 4
[2019-10-04 17:58:23,623] {taskinstance.py:840} INFO - 
--------------------------------------------------------------------------------
[2019-10-04 17:58:23,636] {taskinstance.py:859} INFO - Executing <Task(LoadLocalFilesToS3Operator): Stage_staging_data_files> on 2019-10-04T22:58:02.565636+00:00
[2019-10-04 17:58:23,636] {base_task_runner.py:133} INFO - Running: ['airflow', 'run', 'capstone_project_dag', 'Stage_staging_data_files', '2019-10-04T22:58:02.565636+00:00', '--job_id', '878', '--pool', 'default_pool', '--raw', '-sd', 'DAGS_FOLDER/project_dag.py', '--cfg_path', '/var/folders/dr/9yvjlnm11xv25k2gknf2n3z00000gn/T/tmpq6rmt4h6']
[2019-10-04 17:58:25,264] {base_task_runner.py:115} INFO - Job 878: Subtask Stage_staging_data_files /usr/local/lib/python3.7/site-packages/airflow/configuration.py:627: DeprecationWarning: You have two airflow.cfg files: /Users/victorialemay/airflow/airflow.cfg and /Users/victorialemay/Courses/Udacity/Data Engineering Nanodegree/capstone/project-archive/airflow/airflow.cfg. Airflow used to look at ~/airflow/airflow.cfg, even when AIRFLOW_HOME was set to a different value. Airflow will now only read /Users/victorialemay/Courses/Udacity/Data Engineering Nanodegree/capstone/project-archive/airflow/airflow.cfg, and you should remove the other file
[2019-10-04 17:58:25,264] {base_task_runner.py:115} INFO - Job 878: Subtask Stage_staging_data_files   category=DeprecationWarning,
[2019-10-04 17:58:25,613] {base_task_runner.py:115} INFO - Job 878: Subtask Stage_staging_data_files [2019-10-04 17:58:25,607] {settings.py:213} INFO - settings.configure_orm(): Using pool settings. pool_size=5, max_overflow=10, pool_recycle=1800, pid=66829
[2019-10-04 17:58:26,206] {base_task_runner.py:115} INFO - Job 878: Subtask Stage_staging_data_files [2019-10-04 17:58:26,205] {__init__.py:51} INFO - Using executor LocalExecutor
[2019-10-04 17:58:26,794] {base_task_runner.py:115} INFO - Job 878: Subtask Stage_staging_data_files [2019-10-04 17:58:26,793] {dagbag.py:90} INFO - Filling up the DagBag from /Users/victorialemay/Courses/Udacity/Data Engineering Nanodegree/capstone/project-archive/airflow/dags/project_dag.py
[2019-10-04 17:58:26,852] {base_task_runner.py:115} INFO - Job 878: Subtask Stage_staging_data_files [2019-10-04 17:58:26,852] {cli.py:516} INFO - Running <TaskInstance: capstone_project_dag.Stage_staging_data_files 2019-10-04T22:58:02.565636+00:00 [running]> on host 1.0.0.0.0.0.0.0.0.0.0.0.0.0.0.0.0.0.0.0.0.0.0.0.0.0.0.0.0.0.0.0.ip6.arpa
[2019-10-04 17:58:27,971] {load_files_to_s3.py:49} INFO - Loading to S3 bucket project-capstone
[2019-10-04 17:58:27,972] {load_files_to_s3.py:50} INFO - Checking /Users/victorialemay/Courses/Udacity/Data Engineering Nanodegree/capstone/project-archive/airflow/data/staging_data directory for files
[2019-10-04 17:58:27,973] {load_files_to_s3.py:55} INFO - Found file /Users/victorialemay/Courses/Udacity/Data Engineering Nanodegree/capstone/project-archive/airflow/data/staging_data/port_codes.csv
[2019-10-04 17:58:27,973] {load_files_to_s3.py:58} INFO -   Using S3 key port_codes.csv
[2019-10-04 17:58:29,360] {load_files_to_s3.py:65} INFO -   File already exists in bucket
[2019-10-04 17:58:29,360] {load_files_to_s3.py:55} INFO - Found file /Users/victorialemay/Courses/Udacity/Data Engineering Nanodegree/capstone/project-archive/airflow/data/staging_data/us-cities-demographics.csv
[2019-10-04 17:58:29,360] {load_files_to_s3.py:58} INFO -   Using S3 key us-cities-demographics.csv
[2019-10-04 17:58:30,603] {load_files_to_s3.py:65} INFO -   File already exists in bucket
[2019-10-04 17:58:30,603] {load_files_to_s3.py:55} INFO - Found file /Users/victorialemay/Courses/Udacity/Data Engineering Nanodegree/capstone/project-archive/airflow/data/staging_data/GlobalLandTemperaturesByCity.csv
[2019-10-04 17:58:30,603] {load_files_to_s3.py:58} INFO -   Using S3 key GlobalLandTemperaturesByCity.csv
[2019-10-04 17:58:31,849] {load_files_to_s3.py:65} INFO -   File already exists in bucket
[2019-10-04 17:58:31,849] {load_files_to_s3.py:67} INFO - S3 file load complete!
[2019-10-04 17:58:33,616] {logging_mixin.py:95} INFO - [[34m2019-10-04 17:58:33,613[0m] {[34mlocal_task_job.py:[0m105} INFO[0m - Task exited with return code 0[0m
