[2019-10-02 14:31:19,080] {taskinstance.py:620} INFO - Dependencies all met for <TaskInstance: capstone_project_dag.print_the_context 2019-10-02T19:30:46.622497+00:00 [queued]>
[2019-10-02 14:31:19,108] {taskinstance.py:620} INFO - Dependencies all met for <TaskInstance: capstone_project_dag.print_the_context 2019-10-02T19:30:46.622497+00:00 [queued]>
[2019-10-02 14:31:19,108] {taskinstance.py:838} INFO - 
--------------------------------------------------------------------------------
[2019-10-02 14:31:19,108] {taskinstance.py:839} INFO - Starting attempt 1 of 4
[2019-10-02 14:31:19,108] {taskinstance.py:840} INFO - 
--------------------------------------------------------------------------------
[2019-10-02 14:31:19,119] {taskinstance.py:859} INFO - Executing <Task(PythonOperator): print_the_context> on 2019-10-02T19:30:46.622497+00:00
[2019-10-02 14:31:19,119] {base_task_runner.py:133} INFO - Running: ['airflow', 'run', 'capstone_project_dag', 'print_the_context', '2019-10-02T19:30:46.622497+00:00', '--job_id', '90', '--pool', 'default_pool', '--raw', '-sd', 'DAGS_FOLDER/project_dag.py', '--cfg_path', '/var/folders/dr/9yvjlnm11xv25k2gknf2n3z00000gn/T/tmpuwiwzkl0']
[2019-10-02 14:31:19,875] {base_task_runner.py:115} INFO - Job 90: Subtask print_the_context /usr/local/lib/python3.7/site-packages/airflow/configuration.py:627: DeprecationWarning: You have two airflow.cfg files: /Users/victorialemay/airflow/airflow.cfg and /Users/victorialemay/Courses/Udacity/Data Engineering Nanodegree/capstone/project-archive/airflow/airflow.cfg. Airflow used to look at ~/airflow/airflow.cfg, even when AIRFLOW_HOME was set to a different value. Airflow will now only read /Users/victorialemay/Courses/Udacity/Data Engineering Nanodegree/capstone/project-archive/airflow/airflow.cfg, and you should remove the other file
[2019-10-02 14:31:19,875] {base_task_runner.py:115} INFO - Job 90: Subtask print_the_context   category=DeprecationWarning,
[2019-10-02 14:31:20,003] {base_task_runner.py:115} INFO - Job 90: Subtask print_the_context [2019-10-02 14:31:20,002] {settings.py:213} INFO - settings.configure_orm(): Using pool settings. pool_size=5, max_overflow=10, pool_recycle=1800, pid=3003
[2019-10-02 14:31:20,284] {base_task_runner.py:115} INFO - Job 90: Subtask print_the_context [2019-10-02 14:31:20,284] {__init__.py:51} INFO - Using executor LocalExecutor
[2019-10-02 14:31:20,829] {base_task_runner.py:115} INFO - Job 90: Subtask print_the_context [2019-10-02 14:31:20,829] {dagbag.py:90} INFO - Filling up the DagBag from /Users/victorialemay/Courses/Udacity/Data Engineering Nanodegree/capstone/project-archive/airflow/dags/project_dag.py
[2019-10-02 14:31:20,873] {base_task_runner.py:115} INFO - Job 90: Subtask print_the_context [2019-10-02 14:31:20,873] {cli.py:516} INFO - Running <TaskInstance: capstone_project_dag.print_the_context 2019-10-02T19:30:46.622497+00:00 [running]> on host 1.0.0.0.0.0.0.0.0.0.0.0.0.0.0.0.0.0.0.0.0.0.0.0.0.0.0.0.0.0.0.0.ip6.arpa
[2019-10-02 14:31:20,901] {python_operator.py:105} INFO - Exporting the following env vars:
AIRFLOW_CTX_DAG_ID=capstone_project_dag
AIRFLOW_CTX_TASK_ID=print_the_context
AIRFLOW_CTX_EXECUTION_DATE=2019-10-02T19:30:46.622497+00:00
AIRFLOW_CTX_DAG_RUN_ID=manual__2019-10-02T19:30:46.622497+00:00
[2019-10-02 14:31:20,901] {logging_mixin.py:95} INFO - ['/usr/local/bin', '/usr/local/Cellar/python/3.7.3/Frameworks/Python.framework/Versions/3.7/lib/python37.zip', '/usr/local/Cellar/python/3.7.3/Frameworks/Python.framework/Versions/3.7/lib/python3.7', '/usr/local/Cellar/python/3.7.3/Frameworks/Python.framework/Versions/3.7/lib/python3.7/lib-dynload', '/usr/local/lib/python3.7/site-packages', '/Users/victorialemay/Courses/Udacity/Data Engineering Nanodegree/capstone/project-archive/airflow/dags', '/Users/victorialemay/Courses/Udacity/Data Engineering Nanodegree/capstone/project-archive/airflow/config', '/Users/victorialemay/Courses/Udacity/Data Engineering Nanodegree/capstone/project-archive/airflow/plugins']
[2019-10-02 14:31:20,901] {python_operator.py:114} INFO - Done. Returned value was: ['/usr/local/bin', '/usr/local/Cellar/python/3.7.3/Frameworks/Python.framework/Versions/3.7/lib/python37.zip', '/usr/local/Cellar/python/3.7.3/Frameworks/Python.framework/Versions/3.7/lib/python3.7', '/usr/local/Cellar/python/3.7.3/Frameworks/Python.framework/Versions/3.7/lib/python3.7/lib-dynload', '/usr/local/lib/python3.7/site-packages', '/Users/victorialemay/Courses/Udacity/Data Engineering Nanodegree/capstone/project-archive/airflow/dags', '/Users/victorialemay/Courses/Udacity/Data Engineering Nanodegree/capstone/project-archive/airflow/config', '/Users/victorialemay/Courses/Udacity/Data Engineering Nanodegree/capstone/project-archive/airflow/plugins']
[2019-10-02 14:31:24,057] {logging_mixin.py:95} INFO - [[34m2019-10-02 14:31:24,057[0m] {[34mlocal_task_job.py:[0m105} INFO[0m - Task exited with return code 0[0m
