[2019-10-04 17:25:24,775] {taskinstance.py:620} INFO - Dependencies all met for <TaskInstance: capstone_project_dag.Load_temperature_staging_table 2019-10-04T22:24:21.481732+00:00 [queued]>
[2019-10-04 17:25:24,885] {taskinstance.py:620} INFO - Dependencies all met for <TaskInstance: capstone_project_dag.Load_temperature_staging_table 2019-10-04T22:24:21.481732+00:00 [queued]>
[2019-10-04 17:25:24,885] {taskinstance.py:838} INFO - 
--------------------------------------------------------------------------------
[2019-10-04 17:25:24,885] {taskinstance.py:839} INFO - Starting attempt 1 of 4
[2019-10-04 17:25:24,886] {taskinstance.py:840} INFO - 
--------------------------------------------------------------------------------
[2019-10-04 17:25:24,902] {taskinstance.py:859} INFO - Executing <Task(CopyS3ToRedshiftOperator): Load_temperature_staging_table> on 2019-10-04T22:24:21.481732+00:00
[2019-10-04 17:25:24,903] {base_task_runner.py:133} INFO - Running: ['airflow', 'run', 'capstone_project_dag', 'Load_temperature_staging_table', '2019-10-04T22:24:21.481732+00:00', '--job_id', '850', '--pool', 'default_pool', '--raw', '-sd', 'DAGS_FOLDER/project_dag.py', '--cfg_path', '/var/folders/dr/9yvjlnm11xv25k2gknf2n3z00000gn/T/tmpws8yisyg']
[2019-10-04 17:25:28,332] {base_task_runner.py:115} INFO - Job 850: Subtask Load_temperature_staging_table /usr/local/lib/python3.7/site-packages/airflow/configuration.py:627: DeprecationWarning: You have two airflow.cfg files: /Users/victorialemay/airflow/airflow.cfg and /Users/victorialemay/Courses/Udacity/Data Engineering Nanodegree/capstone/project-archive/airflow/airflow.cfg. Airflow used to look at ~/airflow/airflow.cfg, even when AIRFLOW_HOME was set to a different value. Airflow will now only read /Users/victorialemay/Courses/Udacity/Data Engineering Nanodegree/capstone/project-archive/airflow/airflow.cfg, and you should remove the other file
[2019-10-04 17:25:28,333] {base_task_runner.py:115} INFO - Job 850: Subtask Load_temperature_staging_table   category=DeprecationWarning,
[2019-10-04 17:25:29,050] {base_task_runner.py:115} INFO - Job 850: Subtask Load_temperature_staging_table [2019-10-04 17:25:29,050] {settings.py:213} INFO - settings.configure_orm(): Using pool settings. pool_size=5, max_overflow=10, pool_recycle=1800, pid=57608
[2019-10-04 17:25:30,384] {base_task_runner.py:115} INFO - Job 850: Subtask Load_temperature_staging_table [2019-10-04 17:25:30,383] {__init__.py:51} INFO - Using executor LocalExecutor
[2019-10-04 17:25:32,657] {base_task_runner.py:115} INFO - Job 850: Subtask Load_temperature_staging_table [2019-10-04 17:25:32,656] {dagbag.py:90} INFO - Filling up the DagBag from /Users/victorialemay/Courses/Udacity/Data Engineering Nanodegree/capstone/project-archive/airflow/dags/project_dag.py
[2019-10-04 17:25:32,805] {base_task_runner.py:115} INFO - Job 850: Subtask Load_temperature_staging_table [2019-10-04 17:25:32,803] {cli.py:516} INFO - Running <TaskInstance: capstone_project_dag.Load_temperature_staging_table 2019-10-04T22:24:21.481732+00:00 [running]> on host 1.0.0.0.0.0.0.0.0.0.0.0.0.0.0.0.0.0.0.0.0.0.0.0.0.0.0.0.0.0.0.0.ip6.arpa
[2019-10-04 17:25:33,038] {copy_s3_to_redshift.py:46} INFO - Using data file GlobalLandTemperaturesByCity.csv from S3 bucket project-capstone
[2019-10-04 17:25:33,038] {copy_s3_to_redshift.py:47} INFO - Inserting into destination Redshift table land_temp_staging
[2019-10-04 17:25:33,248] {logging_mixin.py:95} INFO - [[34m2019-10-04 17:25:33,247[0m] {[34mbase_hook.py:[0m84} INFO[0m - Using connection to: [1mid: redshift. Host: redshift-cluster-1.c4i0rfzboubh.us-west-2.redshift.amazonaws.com, Port: 5439, Schema: dev, Login: awsuser, Password: XXXXXXXX, extra: {}[0m[0m
[2019-10-04 17:25:33,854] {logging_mixin.py:95} INFO - [[34m2019-10-04 17:25:33,854[0m] {[34mdbapi_hook.py:[0m171} INFO[0m - TRUNCATE TABLE land_temp_staging[0m
[2019-10-04 17:25:34,179] {copy_s3_to_redshift.py:56} INFO - Copying data from S3 to Redshift
[2019-10-04 17:25:34,203] {logging_mixin.py:95} INFO - [[34m2019-10-04 17:25:34,203[0m] {[34mbase_hook.py:[0m84} INFO[0m - Using connection to: [1mid: redshift. Host: redshift-cluster-1.c4i0rfzboubh.us-west-2.redshift.amazonaws.com, Port: 5439, Schema: dev, Login: awsuser, Password: XXXXXXXX, extra: {}[0m[0m
[2019-10-04 17:25:34,763] {logging_mixin.py:95} INFO - [[34m2019-10-04 17:25:34,763[0m] {[34mdbapi_hook.py:[0m171} INFO[0m - 
        COPY land_temp_staging 
        FROM 's3://project-capstone/GlobalLandTemperaturesByCity.csv'
        ACCESS_KEY_ID 'AKIASZIXFGD4JFXXFSEI'
        SECRET_ACCESS_KEY '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'
        CSV DELIMITER ',' IGNOREHEADER 1
    [0m
[2019-10-04 17:26:02,171] {copy_s3_to_redshift.py:76} INFO - Data copy complete
[2019-10-04 17:26:04,841] {logging_mixin.py:95} INFO - [[34m2019-10-04 17:26:04,840[0m] {[34mlocal_task_job.py:[0m105} INFO[0m - Task exited with return code 0[0m
